#
# There is insufficient memory for the Java Runtime Environment to continue.
# Native memory allocation (malloc) failed to allocate 952336 bytes for Chunk::new
# Possible reasons:
#   The system is out of physical RAM or swap space
#   The process is running with CompressedOops enabled, and the Java Heap may be blocking the growth of the native heap
# Possible solutions:
#   Reduce memory load on the system
#   Increase physical memory or swap space
#   Check if swap backing store is full
#   Decrease Java heap size (-Xmx/-Xms)
#   Decrease number of Java threads
#   Decrease Java thread stack sizes (-Xss)
#   Set larger code cache with -XX:ReservedCodeCacheSize=
#   JVM is running with Unscaled Compressed Oops mode in which the Java heap is
#     placed in the first 4GB address space. The Java Heap base address is the
#     maximum limit for the native heap growth. Please use -XX:HeapBaseMinAddress
#     to set the Java Heap base and to place the Java Heap above 4GB virtual address.
# This output file may be truncated or incomplete.
#
#  Out of Memory Error (arena.cpp:184), pid=16648, tid=16600
#
# JRE version: Java(TM) SE Runtime Environment (20.0.1+9) (build 20.0.1+9-29)
# Java VM: Java HotSpot(TM) 64-Bit Server VM (20.0.1+9-29, mixed mode, sharing, tiered, compressed oops, compressed class ptrs, g1 gc, windows-amd64)
# No core dump will be written. Minidumps are not enabled by default on client versions of Windows
#

---------------  S U M M A R Y ------------

Command Line: -Dfile.encoding=UTF-8 --module-path=C:\Users\DELL\Documents\NetBeansProjects\Hotel Management System\build\classes hotel.management.system.Department

Host: Intel(R) Core(TM) i3-3217U CPU @ 1.80GHz, 4 cores, 7G,  Windows 10 , 64 bit Build 19041 (10.0.19041.2788)
Time: Sat Sep 23 23:37:21 2023 Pacific Daylight Time elapsed time: 1.838179 seconds (0d 0h 0m 1s)

---------------  T H R E A D  ---------------

Current thread (0x0000016a387f9740):  JavaThread "C2 CompilerThread1" daemon [_thread_in_native, id=16600, stack(0x0000001897900000,0x0000001897a00000)]


Current CompileTask:
C2:   1838 1283       4       sun.security.ec.ECOperations::setDouble (463 bytes)

Stack: [0x0000001897900000,0x0000001897a00000]
Native frames: (J=compiled Java code, j=interpreted, Vv=VM code, C=native code)
V  [jvm.dll+0x6bb95a]
V  [jvm.dll+0x8485fa]
V  [jvm.dll+0x84a1f5]
V  [jvm.dll+0x84a8f3]
V  [jvm.dll+0x280b0f]
V  [jvm.dll+0xc2b11]
V  [jvm.dll+0xc2e35]
V  [jvm.dll+0x2f5dbf]
V  [jvm.dll+0x5e32eb]
V  [jvm.dll+0x2543b4]
V  [jvm.dll+0x25477f]
V  [jvm.dll+0x24cf6d]
V  [jvm.dll+0x24a549]
V  [jvm.dll+0x1ce491]
V  [jvm.dll+0x259e1b]
V  [jvm.dll+0x2584f0]
V  [jvm.dll+0x3f2895]
V  [jvm.dll+0x7f4b56]
V  [jvm.dll+0x6ba5cb]
C  [ucrtbase.dll+0x21bb2]
C  [KERNEL32.DLL+0x17604]
C  [ntdll.dll+0x526a1]


---------------  P R O C E S S  ---------------

Threads class SMR info:
_java_thread_list=0x0000016a3873adc0, length=16, elements={
0x0000016a3390d5e0, 0x0000016a339163a0, 0x0000016a339193d0, 0x0000016a3391aec0,
0x0000016a3391bdb0, 0x0000016a3391d700, 0x0000016a33921bb0, 0x0000016a33922530,
0x0000016a37cb9660, 0x0000016a37d3b990, 0x0000016a37f36420, 0x0000016a37f75f40,
0x0000016a387f9740, 0x0000016a177f7ab0, 0x0000016a37cc1150, 0x0000016a37cc1d50
}

Java Threads: ( => current thread )
  0x0000016a3390d5e0 JavaThread "Reference Handler" daemon [_thread_blocked, id=11200, stack(0x0000001896a00000,0x0000001896b00000)]
  0x0000016a339163a0 JavaThread "Finalizer" daemon [_thread_blocked, id=14956, stack(0x0000001896b00000,0x0000001896c00000)]
  0x0000016a339193d0 JavaThread "Signal Dispatcher" daemon [_thread_blocked, id=6336, stack(0x0000001896c00000,0x0000001896d00000)]
  0x0000016a3391aec0 JavaThread "Attach Listener" daemon [_thread_blocked, id=14768, stack(0x0000001896d00000,0x0000001896e00000)]
  0x0000016a3391bdb0 JavaThread "Service Thread" daemon [_thread_blocked, id=16000, stack(0x0000001896e00000,0x0000001896f00000)]
  0x0000016a3391d700 JavaThread "Monitor Deflation Thread" daemon [_thread_blocked, id=15968, stack(0x0000001896f00000,0x0000001897000000)]
  0x0000016a33921bb0 JavaThread "C2 CompilerThread0" daemon [_thread_in_native, id=1896, stack(0x0000001897000000,0x0000001897100000)]
  0x0000016a33922530 JavaThread "C1 CompilerThread0" daemon [_thread_blocked, id=15584, stack(0x0000001897100000,0x0000001897200000)]
  0x0000016a37cb9660 JavaThread "Common-Cleaner" daemon [_thread_blocked, id=15260, stack(0x0000001897200000,0x0000001897300000)]
  0x0000016a37d3b990 JavaThread "Notification Thread" daemon [_thread_blocked, id=5096, stack(0x0000001897300000,0x0000001897400000)]
  0x0000016a37f36420 JavaThread "Java2D Disposer" daemon [_thread_blocked, id=9844, stack(0x0000001897600000,0x0000001897700000)]
  0x0000016a37f75f40 JavaThread "mysql-cj-abandoned-connection-cleanup" daemon [_thread_blocked, id=14628, stack(0x0000001897500000,0x0000001897600000)]
=>0x0000016a387f9740 JavaThread "C2 CompilerThread1" daemon [_thread_in_native, id=16600, stack(0x0000001897900000,0x0000001897a00000)]
  0x0000016a177f7ab0 JavaThread "DestroyJavaVM" [_thread_blocked, id=6988, stack(0x0000001896300000,0x0000001896400000)]
  0x0000016a37cc1150 JavaThread "ToolkitShutdown" daemon [_thread_in_native, id=4156, stack(0x0000001897700000,0x0000001897800000)]
  0x0000016a37cc1d50 JavaThread "AWT-Shutdown" [_thread_blocked, id=2508, stack(0x0000001897d00000,0x0000001897e00000)]

Other Threads:
  0x0000016a338f2d10 VMThread "VM Thread" [stack: 0x0000001896900000,0x0000001896a00000] [id=9376]
  0x0000016a37d3c700 WatcherThread "VM Periodic Task Thread" [stack: 0x0000001897400000,0x0000001897500000] [id=17216]
  0x0000016a17858bc0 WorkerThread "GC Thread#0" [stack: 0x0000001896400000,0x0000001896500000] [id=6436]
  0x0000016a389e5840 WorkerThread "GC Thread#1" [stack: 0x0000001897a00000,0x0000001897b00000] [id=9668]
  0x0000016a389e5b10 WorkerThread "GC Thread#2" [stack: 0x0000001897b00000,0x0000001897c00000] [id=16820]
  0x0000016a389e5de0 WorkerThread "GC Thread#3" [stack: 0x0000001897c00000,0x0000001897d00000] [id=5768]
  0x0000016a178697c0 ConcurrentGCThread "G1 Main Marker" [stack: 0x0000001896500000,0x0000001896600000] [id=17172]
  0x0000016a1786a8a0 WorkerThread "G1 Conc#0" [stack: 0x0000001896600000,0x0000001896700000] [id=16616]
  0x0000016a337a20b0 ConcurrentGCThread "G1 Refine#0" [stack: 0x0000001896700000,0x0000001896800000] [id=6332]
  0x0000016a337a2960 ConcurrentGCThread "G1 Service" [stack: 0x0000001896800000,0x0000001896900000] [id=3252]

Threads with active compile tasks:
C2 CompilerThread0     1892 1376 %     4       java.lang.StringLatin1::inflate @ 3 (34 bytes)
C2 CompilerThread1     1892 1283       4       sun.security.ec.ECOperations::setDouble (463 bytes)

VM state: not at safepoint (normal execution)

VM Mutex/Monitor currently owned by a thread: None

OutOfMemory and StackOverflow Exception counts:
OutOfMemoryError java_heap_errors=1
LinkageErrors=12

Heap address: 0x0000000081e00000, size: 2018 MB, Compressed Oops mode: 32-bit

CDS archive(s) mapped at: [0x0000000800000000-0x0000000800c60000-0x0000000800c60000), size 12976128, SharedBaseAddress: 0x0000000800000000, ArchiveRelocationMode: 0.
Compressed class space mapped at: 0x0000000801000000-0x0000000841000000, reserved size: 1073741824
Narrow klass base: 0x0000000800000000, Narrow klass shift: 0, Narrow klass range: 0x100000000

GC Precious Log:
 CardTable entry size: 512
 Card Set container configuration: InlinePtr #cards 5 size 8 Array Of Cards #cards 12 size 40 Howl #buckets 4 coarsen threshold 1843 Howl Bitmap #cards 512 size 80 coarsen threshold 460 Card regions per heap region 1 cards per card region 2048
 CPUs: 4 total, 4 available
 Memory: 8067M
 Large Page Support: Disabled
 NUMA Support: Disabled
 Compressed Oops: Enabled (32-bit)
 Heap Region Size: 1M
 Heap Min Capacity: 8M
 Heap Initial Capacity: 128M
 Heap Max Capacity: 2018M
 Pre-touch: Disabled
 Parallel Workers: 4
 Concurrent Workers: 1
 Concurrent Refinement Workers: 4
 Periodic GC: Disabled

Heap:
 garbage-first heap   total 131072K, used 7524K [0x0000000081e00000, 0x0000000100000000)
  region size 1024K, 7 young (7168K), 2 survivors (2048K)
 Metaspace       used 13409K, committed 13632K, reserved 1114112K
  class space    used 1467K, committed 1536K, reserved 1048576K

Heap Regions: E=young(eden), S=young(survivor), O=old, HS=humongous(starts), HC=humongous(continues), CS=collection set, F=free, OA=open archive, CA=closed archive, TAMS=top-at-mark-start, PB=parsable bottom
|   0|0x0000000081e00000, 0x0000000081f00000, 0x0000000081f00000|100%| O|  |TAMS 0x0000000081e00000| PB 0x0000000081e00000| Untracked 
|   1|0x0000000081f00000, 0x0000000081f59200, 0x0000000082000000| 34%| O|  |TAMS 0x0000000081f00000| PB 0x0000000081f00000| Untracked 
|   2|0x0000000082000000, 0x0000000082000000, 0x0000000082100000|  0%| F|  |TAMS 0x0000000082000000| PB 0x0000000082000000| Untracked 
|   3|0x0000000082100000, 0x0000000082100000, 0x0000000082200000|  0%| F|  |TAMS 0x0000000082100000| PB 0x0000000082100000| Untracked 
|   4|0x0000000082200000, 0x0000000082200000, 0x0000000082300000|  0%| F|  |TAMS 0x0000000082200000| PB 0x0000000082200000| Untracked 
|   5|0x0000000082300000, 0x0000000082300000, 0x0000000082400000|  0%| F|  |TAMS 0x0000000082300000| PB 0x0000000082300000| Untracked 
|   6|0x0000000082400000, 0x0000000082400000, 0x0000000082500000|  0%| F|  |TAMS 0x0000000082400000| PB 0x0000000082400000| Untracked 
|   7|0x0000000082500000, 0x0000000082500000, 0x0000000082600000|  0%| F|  |TAMS 0x0000000082500000| PB 0x0000000082500000| Untracked 
|   8|0x0000000082600000, 0x0000000082600000, 0x0000000082700000|  0%| F|  |TAMS 0x0000000082600000| PB 0x0000000082600000| Untracked 
|   9|0x0000000082700000, 0x0000000082700000, 0x0000000082800000|  0%| F|  |TAMS 0x0000000082700000| PB 0x0000000082700000| Untracked 
|  10|0x0000000082800000, 0x0000000082800000, 0x0000000082900000|  0%| F|  |TAMS 0x0000000082800000| PB 0x0000000082800000| Untracked 
|  11|0x0000000082900000, 0x0000000082900000, 0x0000000082a00000|  0%| F|  |TAMS 0x0000000082900000| PB 0x0000000082900000| Untracked 
|  12|0x0000000082a00000, 0x0000000082a00000, 0x0000000082b00000|  0%| F|  |TAMS 0x0000000082a00000| PB 0x0000000082a00000| Untracked 
|  13|0x0000000082b00000, 0x0000000082b00000, 0x0000000082c00000|  0%| F|  |TAMS 0x0000000082b00000| PB 0x0000000082b00000| Untracked 
|  14|0x0000000082c00000, 0x0000000082c00000, 0x0000000082d00000|  0%| F|  |TAMS 0x0000000082c00000| PB 0x0000000082c00000| Untracked 
|  15|0x0000000082d00000, 0x0000000082d00000, 0x0000000082e00000|  0%| F|  |TAMS 0x0000000082d00000| PB 0x0000000082d00000| Untracked 
|  16|0x0000000082e00000, 0x0000000082e00000, 0x0000000082f00000|  0%| F|  |TAMS 0x0000000082e00000| PB 0x0000000082e00000| Untracked 
|  17|0x0000000082f00000, 0x0000000082f00000, 0x0000000083000000|  0%| F|  |TAMS 0x0000000082f00000| PB 0x0000000082f00000| Untracked 
|  18|0x0000000083000000, 0x0000000083000000, 0x0000000083100000|  0%| F|  |TAMS 0x0000000083000000| PB 0x0000000083000000| Untracked 
|  19|0x0000000083100000, 0x0000000083100000, 0x0000000083200000|  0%| F|  |TAMS 0x0000000083100000| PB 0x0000000083100000| Untracked 
|  20|0x0000000083200000, 0x0000000083200000, 0x0000000083300000|  0%| F|  |TAMS 0x0000000083200000| PB 0x0000000083200000| Untracked 
|  21|0x0000000083300000, 0x0000000083300000, 0x0000000083400000|  0%| F|  |TAMS 0x0000000083300000| PB 0x0000000083300000| Untracked 
|  22|0x0000000083400000, 0x0000000083400000, 0x0000000083500000|  0%| F|  |TAMS 0x0000000083400000| PB 0x0000000083400000| Untracked 
|  23|0x0000000083500000, 0x0000000083500000, 0x0000000083600000|  0%| F|  |TAMS 0x0000000083500000| PB 0x0000000083500000| Untracked 
|  24|0x0000000083600000, 0x0000000083600000, 0x0000000083700000|  0%| F|  |TAMS 0x0000000083600000| PB 0x0000000083600000| Untracked 
|  25|0x0000000083700000, 0x0000000083700000, 0x0000000083800000|  0%| F|  |TAMS 0x0000000083700000| PB 0x0000000083700000| Untracked 
|  26|0x0000000083800000, 0x0000000083800000, 0x0000000083900000|  0%| F|  |TAMS 0x0000000083800000| PB 0x0000000083800000| Untracked 
|  27|0x0000000083900000, 0x0000000083900000, 0x0000000083a00000|  0%| F|  |TAMS 0x0000000083900000| PB 0x0000000083900000| Untracked 
|  28|0x0000000083a00000, 0x0000000083a00000, 0x0000000083b00000|  0%| F|  |TAMS 0x0000000083a00000| PB 0x0000000083a00000| Untracked 
|  29|0x0000000083b00000, 0x0000000083b00000, 0x0000000083c00000|  0%| F|  |TAMS 0x0000000083b00000| PB 0x0000000083b00000| Untracked 
|  30|0x0000000083c00000, 0x0000000083c00000, 0x0000000083d00000|  0%| F|  |TAMS 0x0000000083c00000| PB 0x0000000083c00000| Untracked 
|  31|0x0000000083d00000, 0x0000000083d00000, 0x0000000083e00000|  0%| F|  |TAMS 0x0000000083d00000| PB 0x0000000083d00000| Untracked 
|  32|0x0000000083e00000, 0x0000000083e00000, 0x0000000083f00000|  0%| F|  |TAMS 0x0000000083e00000| PB 0x0000000083e00000| Untracked 
|  33|0x0000000083f00000, 0x0000000083f00000, 0x0000000084000000|  0%| F|  |TAMS 0x0000000083f00000| PB 0x0000000083f00000| Untracked 
|  34|0x0000000084000000, 0x0000000084000000, 0x0000000084100000|  0%| F|  |TAMS 0x0000000084000000| PB 0x0000000084000000| Untracked 
|  35|0x0000000084100000, 0x0000000084100000, 0x0000000084200000|  0%| F|  |TAMS 0x0000000084100000| PB 0x0000000084100000| Untracked 
|  36|0x0000000084200000, 0x0000000084200000, 0x0000000084300000|  0%| F|  |TAMS 0x0000000084200000| PB 0x0000000084200000| Untracked 
|  37|0x0000000084300000, 0x0000000084300000, 0x0000000084400000|  0%| F|  |TAMS 0x0000000084300000| PB 0x0000000084300000| Untracked 
|  38|0x0000000084400000, 0x0000000084400000, 0x0000000084500000|  0%| F|  |TAMS 0x0000000084400000| PB 0x0000000084400000| Untracked 
|  39|0x0000000084500000, 0x0000000084500000, 0x0000000084600000|  0%| F|  |TAMS 0x0000000084500000| PB 0x0000000084500000| Untracked 
|  40|0x0000000084600000, 0x0000000084600000, 0x0000000084700000|  0%| F|  |TAMS 0x0000000084600000| PB 0x0000000084600000| Untracked 
|  41|0x0000000084700000, 0x0000000084700000, 0x0000000084800000|  0%| F|  |TAMS 0x0000000084700000| PB 0x0000000084700000| Untracked 
|  42|0x0000000084800000, 0x0000000084800000, 0x0000000084900000|  0%| F|  |TAMS 0x0000000084800000| PB 0x0000000084800000| Untracked 
|  43|0x0000000084900000, 0x0000000084900000, 0x0000000084a00000|  0%| F|  |TAMS 0x0000000084900000| PB 0x0000000084900000| Untracked 
|  44|0x0000000084a00000, 0x0000000084a00000, 0x0000000084b00000|  0%| F|  |TAMS 0x0000000084a00000| PB 0x0000000084a00000| Untracked 
|  45|0x0000000084b00000, 0x0000000084b00000, 0x0000000084c00000|  0%| F|  |TAMS 0x0000000084b00000| PB 0x0000000084b00000| Untracked 
|  46|0x0000000084c00000, 0x0000000084c00000, 0x0000000084d00000|  0%| F|  |TAMS 0x0000000084c00000| PB 0x0000000084c00000| Untracked 
|  47|0x0000000084d00000, 0x0000000084d00000, 0x0000000084e00000|  0%| F|  |TAMS 0x0000000084d00000| PB 0x0000000084d00000| Untracked 
|  48|0x0000000084e00000, 0x0000000084e00000, 0x0000000084f00000|  0%| F|  |TAMS 0x0000000084e00000| PB 0x0000000084e00000| Untracked 
|  49|0x0000000084f00000, 0x0000000084f00000, 0x0000000085000000|  0%| F|  |TAMS 0x0000000084f00000| PB 0x0000000084f00000| Untracked 
|  50|0x0000000085000000, 0x0000000085000000, 0x0000000085100000|  0%| F|  |TAMS 0x0000000085000000| PB 0x0000000085000000| Untracked 
|  51|0x0000000085100000, 0x0000000085100000, 0x0000000085200000|  0%| F|  |TAMS 0x0000000085100000| PB 0x0000000085100000| Untracked 
|  52|0x0000000085200000, 0x0000000085200000, 0x0000000085300000|  0%| F|  |TAMS 0x0000000085200000| PB 0x0000000085200000| Untracked 
|  53|0x0000000085300000, 0x0000000085300000, 0x0000000085400000|  0%| F|  |TAMS 0x0000000085300000| PB 0x0000000085300000| Untracked 
|  54|0x0000000085400000, 0x0000000085400000, 0x0000000085500000|  0%| F|  |TAMS 0x0000000085400000| PB 0x0000000085400000| Untracked 
|  55|0x0000000085500000, 0x0000000085500000, 0x0000000085600000|  0%| F|  |TAMS 0x0000000085500000| PB 0x0000000085500000| Untracked 
|  56|0x0000000085600000, 0x0000000085600000, 0x0000000085700000|  0%| F|  |TAMS 0x0000000085600000| PB 0x0000000085600000| Untracked 
|  57|0x0000000085700000, 0x0000000085700000, 0x0000000085800000|  0%| F|  |TAMS 0x0000000085700000| PB 0x0000000085700000| Untracked 
|  58|0x0000000085800000, 0x0000000085800000, 0x0000000085900000|  0%| F|  |TAMS 0x0000000085800000| PB 0x0000000085800000| Untracked 
|  59|0x0000000085900000, 0x0000000085900000, 0x0000000085a00000|  0%| F|  |TAMS 0x0000000085900000| PB 0x0000000085900000| Untracked 
|  60|0x0000000085a00000, 0x0000000085a00000, 0x0000000085b00000|  0%| F|  |TAMS 0x0000000085a00000| PB 0x0000000085a00000| Untracked 
|  61|0x0000000085b00000, 0x0000000085b00000, 0x0000000085c00000|  0%| F|  |TAMS 0x0000000085b00000| PB 0x0000000085b00000| Untracked 
|  62|0x0000000085c00000, 0x0000000085c00000, 0x0000000085d00000|  0%| F|  |TAMS 0x0000000085c00000| PB 0x0000000085c00000| Untracked 
|  63|0x0000000085d00000, 0x0000000085d00000, 0x0000000085e00000|  0%| F|  |TAMS 0x0000000085d00000| PB 0x0000000085d00000| Untracked 
|  64|0x0000000085e00000, 0x0000000085e00000, 0x0000000085f00000|  0%| F|  |TAMS 0x0000000085e00000| PB 0x0000000085e00000| Untracked 
|  65|0x0000000085f00000, 0x0000000085f00000, 0x0000000086000000|  0%| F|  |TAMS 0x0000000085f00000| PB 0x0000000085f00000| Untracked 
|  66|0x0000000086000000, 0x0000000086000000, 0x0000000086100000|  0%| F|  |TAMS 0x0000000086000000| PB 0x0000000086000000| Untracked 
|  67|0x0000000086100000, 0x0000000086100000, 0x0000000086200000|  0%| F|  |TAMS 0x0000000086100000| PB 0x0000000086100000| Untracked 
|  68|0x0000000086200000, 0x0000000086200000, 0x0000000086300000|  0%| F|  |TAMS 0x0000000086200000| PB 0x0000000086200000| Untracked 
|  69|0x0000000086300000, 0x0000000086300000, 0x0000000086400000|  0%| F|  |TAMS 0x0000000086300000| PB 0x0000000086300000| Untracked 
|  70|0x0000000086400000, 0x0000000086400000, 0x0000000086500000|  0%| F|  |TAMS 0x0000000086400000| PB 0x0000000086400000| Untracked 
|  71|0x0000000086500000, 0x0000000086500000, 0x0000000086600000|  0%| F|  |TAMS 0x0000000086500000| PB 0x0000000086500000| Untracked 
|  72|0x0000000086600000, 0x0000000086600000, 0x0000000086700000|  0%| F|  |TAMS 0x0000000086600000| PB 0x0000000086600000| Untracked 
|  73|0x0000000086700000, 0x0000000086700000, 0x0000000086800000|  0%| F|  |TAMS 0x0000000086700000| PB 0x0000000086700000| Untracked 
|  74|0x0000000086800000, 0x0000000086800000, 0x0000000086900000|  0%| F|  |TAMS 0x0000000086800000| PB 0x0000000086800000| Untracked 
|  75|0x0000000086900000, 0x0000000086900000, 0x0000000086a00000|  0%| F|  |TAMS 0x0000000086900000| PB 0x0000000086900000| Untracked 
|  76|0x0000000086a00000, 0x0000000086a00000, 0x0000000086b00000|  0%| F|  |TAMS 0x0000000086a00000| PB 0x0000000086a00000| Untracked 
|  77|0x0000000086b00000, 0x0000000086b00000, 0x0000000086c00000|  0%| F|  |TAMS 0x0000000086b00000| PB 0x0000000086b00000| Untracked 
|  78|0x0000000086c00000, 0x0000000086c00000, 0x0000000086d00000|  0%| F|  |TAMS 0x0000000086c00000| PB 0x0000000086c00000| Untracked 
|  79|0x0000000086d00000, 0x0000000086d00000, 0x0000000086e00000|  0%| F|  |TAMS 0x0000000086d00000| PB 0x0000000086d00000| Untracked 
|  80|0x0000000086e00000, 0x0000000086e00000, 0x0000000086f00000|  0%| F|  |TAMS 0x0000000086e00000| PB 0x0000000086e00000| Untracked 
|  81|0x0000000086f00000, 0x0000000086f00000, 0x0000000087000000|  0%| F|  |TAMS 0x0000000086f00000| PB 0x0000000086f00000| Untracked 
|  82|0x0000000087000000, 0x0000000087000000, 0x0000000087100000|  0%| F|  |TAMS 0x0000000087000000| PB 0x0000000087000000| Untracked 
|  83|0x0000000087100000, 0x0000000087100000, 0x0000000087200000|  0%| F|  |TAMS 0x0000000087100000| PB 0x0000000087100000| Untracked 
|  84|0x0000000087200000, 0x0000000087200000, 0x0000000087300000|  0%| F|  |TAMS 0x0000000087200000| PB 0x0000000087200000| Untracked 
|  85|0x0000000087300000, 0x0000000087300000, 0x0000000087400000|  0%| F|  |TAMS 0x0000000087300000| PB 0x0000000087300000| Untracked 
|  86|0x0000000087400000, 0x0000000087400000, 0x0000000087500000|  0%| F|  |TAMS 0x0000000087400000| PB 0x0000000087400000| Untracked 
|  87|0x0000000087500000, 0x0000000087500000, 0x0000000087600000|  0%| F|  |TAMS 0x0000000087500000| PB 0x0000000087500000| Untracked 
|  88|0x0000000087600000, 0x0000000087600000, 0x0000000087700000|  0%| F|  |TAMS 0x0000000087600000| PB 0x0000000087600000| Untracked 
|  89|0x0000000087700000, 0x0000000087700000, 0x0000000087800000|  0%| F|  |TAMS 0x0000000087700000| PB 0x0000000087700000| Untracked 
|  90|0x0000000087800000, 0x0000000087800000, 0x0000000087900000|  0%| F|  |TAMS 0x0000000087800000| PB 0x0000000087800000| Untracked 
|  91|0x0000000087900000, 0x0000000087900000, 0x0000000087a00000|  0%| F|  |TAMS 0x0000000087900000| PB 0x0000000087900000| Untracked 
|  92|0x0000000087a00000, 0x0000000087a00000, 0x0000000087b00000|  0%| F|  |TAMS 0x0000000087a00000| PB 0x0000000087a00000| Untracked 
|  93|0x0000000087b00000, 0x0000000087b00000, 0x0000000087c00000|  0%| F|  |TAMS 0x0000000087b00000| PB 0x0000000087b00000| Untracked 
|  94|0x0000000087c00000, 0x0000000087c00000, 0x0000000087d00000|  0%| F|  |TAMS 0x0000000087c00000| PB 0x0000000087c00000| Untracked 
|  95|0x0000000087d00000, 0x0000000087d00000, 0x0000000087e00000|  0%| F|  |TAMS 0x0000000087d00000| PB 0x0000000087d00000| Untracked 
|  96|0x0000000087e00000, 0x0000000087e00000, 0x0000000087f00000|  0%| F|  |TAMS 0x0000000087e00000| PB 0x0000000087e00000| Untracked 
|  97|0x0000000087f00000, 0x0000000087f00000, 0x0000000088000000|  0%| F|  |TAMS 0x0000000087f00000| PB 0x0000000087f00000| Untracked 
|  98|0x0000000088000000, 0x0000000088000000, 0x0000000088100000|  0%| F|  |TAMS 0x0000000088000000| PB 0x0000000088000000| Untracked 
|  99|0x0000000088100000, 0x0000000088100000, 0x0000000088200000|  0%| F|  |TAMS 0x0000000088100000| PB 0x0000000088100000| Untracked 
| 100|0x0000000088200000, 0x0000000088200000, 0x0000000088300000|  0%| F|  |TAMS 0x0000000088200000| PB 0x0000000088200000| Untracked 
| 101|0x0000000088300000, 0x0000000088300000, 0x0000000088400000|  0%| F|  |TAMS 0x0000000088300000| PB 0x0000000088300000| Untracked 
| 102|0x0000000088400000, 0x0000000088400000, 0x0000000088500000|  0%| F|  |TAMS 0x0000000088400000| PB 0x0000000088400000| Untracked 
| 103|0x0000000088500000, 0x0000000088500000, 0x0000000088600000|  0%| F|  |TAMS 0x0000000088500000| PB 0x0000000088500000| Untracked 
| 104|0x0000000088600000, 0x0000000088600000, 0x0000000088700000|  0%| F|  |TAMS 0x0000000088600000| PB 0x0000000088600000| Untracked 
| 105|0x0000000088700000, 0x0000000088700000, 0x0000000088800000|  0%| F|  |TAMS 0x0000000088700000| PB 0x0000000088700000| Untracked 
| 106|0x0000000088800000, 0x0000000088800000, 0x0000000088900000|  0%| F|  |TAMS 0x0000000088800000| PB 0x0000000088800000| Untracked 
| 107|0x0000000088900000, 0x0000000088900000, 0x0000000088a00000|  0%| F|  |TAMS 0x0000000088900000| PB 0x0000000088900000| Untracked 
| 108|0x0000000088a00000, 0x0000000088a00000, 0x0000000088b00000|  0%| F|  |TAMS 0x0000000088a00000| PB 0x0000000088a00000| Untracked 
| 109|0x0000000088b00000, 0x0000000088b00000, 0x0000000088c00000|  0%| F|  |TAMS 0x0000000088b00000| PB 0x0000000088b00000| Untracked 
| 110|0x0000000088c00000, 0x0000000088c00000, 0x0000000088d00000|  0%| F|  |TAMS 0x0000000088c00000| PB 0x0000000088c00000| Untracked 
| 111|0x0000000088d00000, 0x0000000088d00000, 0x0000000088e00000|  0%| F|  |TAMS 0x0000000088d00000| PB 0x0000000088d00000| Untracked 
| 112|0x0000000088e00000, 0x0000000088e00000, 0x0000000088f00000|  0%| F|  |TAMS 0x0000000088e00000| PB 0x0000000088e00000| Untracked 
| 113|0x0000000088f00000, 0x0000000089000000, 0x0000000089000000|100%| S|CS|TAMS 0x0000000088f00000| PB 0x0000000088f00000| Complete 
| 114|0x0000000089000000, 0x0000000089100000, 0x0000000089100000|100%| S|CS|TAMS 0x0000000089000000| PB 0x0000000089000000| Complete 
| 115|0x0000000089100000, 0x0000000089100000, 0x0000000089200000|  0%| F|  |TAMS 0x0000000089100000| PB 0x0000000089100000| Untracked 
| 116|0x0000000089200000, 0x0000000089200000, 0x0000000089300000|  0%| F|  |TAMS 0x0000000089200000| PB 0x0000000089200000| Untracked 
| 117|0x0000000089300000, 0x0000000089300000, 0x0000000089400000|  0%| F|  |TAMS 0x0000000089300000| PB 0x0000000089300000| Untracked 
| 118|0x0000000089400000, 0x0000000089400000, 0x0000000089500000|  0%| F|  |TAMS 0x0000000089400000| PB 0x0000000089400000| Untracked 
| 119|0x0000000089500000, 0x0000000089500000, 0x0000000089600000|  0%| F|  |TAMS 0x0000000089500000| PB 0x0000000089500000| Untracked 
| 120|0x0000000089600000, 0x0000000089600000, 0x0000000089700000|  0%| F|  |TAMS 0x0000000089600000| PB 0x0000000089600000| Untracked 
| 121|0x0000000089700000, 0x0000000089700000, 0x0000000089800000|  0%| F|  |TAMS 0x0000000089700000| PB 0x0000000089700000| Untracked 
| 122|0x0000000089800000, 0x0000000089800000, 0x0000000089900000|  0%| F|  |TAMS 0x0000000089800000| PB 0x0000000089800000| Untracked 
| 123|0x0000000089900000, 0x00000000899395e0, 0x0000000089a00000| 22%| E|  |TAMS 0x0000000089900000| PB 0x0000000089900000| Complete 
| 124|0x0000000089a00000, 0x0000000089b00000, 0x0000000089b00000|100%| E|CS|TAMS 0x0000000089a00000| PB 0x0000000089a00000| Complete 
| 125|0x0000000089b00000, 0x0000000089c00000, 0x0000000089c00000|100%| E|CS|TAMS 0x0000000089b00000| PB 0x0000000089b00000| Complete 
| 126|0x0000000089c00000, 0x0000000089d00000, 0x0000000089d00000|100%| E|CS|TAMS 0x0000000089c00000| PB 0x0000000089c00000| Complete 
| 127|0x0000000089d00000, 0x0000000089e00000, 0x0000000089e00000|100%| E|CS|TAMS 0x0000000089d00000| PB 0x0000000089d00000| Complete 

Card table byte_map: [0x0000016a2ecc0000,0x0000016a2f0c0000] _byte_map_base: 0x0000016a2e8b1000

Marking Bits: (CMBitMap*) 0x0000016a17859100
 Bits: [0x0000016a2f4c0000, 0x0000016a31448000)

Polling page: 0x0000016a156c0000

Metaspace:

Usage:
  Non-class:     11.66 MB used.
      Class:      1.43 MB used.
       Both:     13.10 MB used.

Virtual space:
  Non-class space:       64.00 MB reserved,      11.81 MB ( 18%) committed,  1 nodes.
      Class space:        1.00 GB reserved,       1.50 MB ( <1%) committed,  1 nodes.
             Both:        1.06 GB reserved,      13.31 MB (  1%) committed. 

Chunk freelists:
   Non-Class:  32.00 KB
       Class:  2.50 MB
        Both:  2.53 MB

MaxMetaspaceSize: unlimited
CompressedClassSpaceSize: 1.00 GB
Initial GC threshold: 21.00 MB
Current GC threshold: 21.00 MB
CDS: on
MetaspaceReclaimPolicy: balanced
 - commit_granule_bytes: 65536.
 - commit_granule_words: 8192.
 - virtual_space_node_default_size: 8388608.
 - enlarge_chunks_in_place: 1.
 - new_chunks_are_fully_committed: 0.
 - uncommit_free_chunks: 1.
 - use_allocation_guard: 0.


Internal statistics:

num_allocs_failed_limit: 0.
num_arena_births: 156.
num_arena_deaths: 0.
num_vsnodes_births: 2.
num_vsnodes_deaths: 0.
num_space_committed: 213.
num_space_uncommitted: 0.
num_chunks_returned_to_freelist: 0.
num_chunks_taken_from_freelist: 318.
num_chunk_merges: 0.
num_chunk_splits: 191.
num_chunks_enlarged: 113.
num_inconsistent_stats: 0.

CodeHeap 'non-profiled nmethods': size=120000Kb used=484Kb max_used=484Kb free=119515Kb
 bounds [0x0000016a27390000, 0x0000016a27600000, 0x0000016a2e8c0000]
CodeHeap 'profiled nmethods': size=120000Kb used=2239Kb max_used=2239Kb free=117760Kb
 bounds [0x0000016a1f8c0000, 0x0000016a1fb30000, 0x0000016a26df0000]
CodeHeap 'non-nmethods': size=5760Kb used=1613Kb max_used=1630Kb free=4146Kb
 bounds [0x0000016a26df0000, 0x0000016a27060000, 0x0000016a27390000]
 total_blobs=1993 nmethods=1377 adapters=527
 compilation: enabled
              stopped_count=0, restarted_count=0
 full_count=0

Compilation events (20 events):
Event: 1.809 Thread 0x0000016a33922530 1338       3       java.util.stream.AbstractPipeline::<init> (91 bytes)
Event: 1.810 Thread 0x0000016a33922530 nmethod 1338 0x0000016a1fada490 code [0x0000016a1fada680, 0x0000016a1fadace8]
Event: 1.810 Thread 0x0000016a33922530 1339       3       java.util.stream.ReferencePipeline$StatelessOp::<init> (29 bytes)
Event: 1.810 Thread 0x0000016a33922530 nmethod 1339 0x0000016a1fadaf10 code [0x0000016a1fadb0a0, 0x0000016a1fadb258]
Event: 1.811 Thread 0x0000016a33922530 1340       3       java.util.stream.Sink$ChainedReference::<init> (16 bytes)
Event: 1.811 Thread 0x0000016a33922530 nmethod 1340 0x0000016a1fadb390 code [0x0000016a1fadb540, 0x0000016a1fadb970]
Event: 1.812 Thread 0x0000016a33922530 1341       3       java.util.stream.Sink$ChainedReference::end (10 bytes)
Event: 1.813 Thread 0x0000016a33922530 nmethod 1341 0x0000016a1fadba90 code [0x0000016a1fadbc20, 0x0000016a1fadbdf0]
Event: 1.815 Thread 0x0000016a33922530 1343       3       java.lang.invoke.VarHandleGuards::guard_LIJ_V (135 bytes)
Event: 1.820 Thread 0x0000016a33922530 nmethod 1343 0x0000016a1fadbe90 code [0x0000016a1fadc280, 0x0000016a1fade788]
Event: 1.820 Thread 0x0000016a33922530 1344       3       java.lang.invoke.VarHandleByteArrayAsLongs$ArrayHandle::set (39 bytes)
Event: 1.821 Thread 0x0000016a33922530 nmethod 1344 0x0000016a1fadf290 code [0x0000016a1fadf440, 0x0000016a1fadf868]
Event: 1.821 Thread 0x0000016a33922530 1346  s    3       java.io.ByteArrayOutputStream::write (32 bytes)
Event: 1.821 Thread 0x0000016a33922530 nmethod 1346 0x0000016a1fadfa10 code [0x0000016a1fadfba0, 0x0000016a1fadfde8]
Event: 1.824 Thread 0x0000016a33922530 1349       3       java.util.ArrayDeque::poll (5 bytes)
Event: 1.824 Thread 0x0000016a33922530 nmethod 1349 0x0000016a1fadff10 code [0x0000016a1fae00a0, 0x0000016a1fae01f0]
Event: 1.826 Thread 0x0000016a33922530 1350       3       java.util.WeakHashMap::remove (131 bytes)
Event: 1.828 Thread 0x0000016a33922530 nmethod 1350 0x0000016a1fae0290 code [0x0000016a1fae04c0, 0x0000016a1fae1018]
Event: 1.830 Thread 0x0000016a33921bb0 nmethod 1323 0x0000016a27404390 code [0x0000016a27404540, 0x0000016a27405b20]
Event: 1.831 Thread 0x0000016a33921bb0 1330       4       java.math.BigInteger::implMulAdd (81 bytes)

GC Heap History (2 events):
Event: 1.182 GC heap before
{Heap before GC invocations=0 (full 0):
 garbage-first heap   total 131072K, used 13312K [0x0000000081e00000, 0x0000000100000000)
  region size 1024K, 13 young (13312K), 0 survivors (0K)
 Metaspace       used 8903K, committed 9088K, reserved 1114112K
  class space    used 952K, committed 1024K, reserved 1048576K
}
Event: 1.194 GC heap after
{Heap after GC invocations=1 (full 0):
 garbage-first heap   total 131072K, used 3428K [0x0000000081e00000, 0x0000000100000000)
  region size 1024K, 2 young (2048K), 2 survivors (2048K)
 Metaspace       used 8903K, committed 9088K, reserved 1114112K
  class space    used 952K, committed 1024K, reserved 1048576K
}

Dll operation events (9 events):
Event: 0.011 Loaded shared library C:\Program Files\Java\jdk-20\bin\java.dll
Event: 0.026 Loaded shared library C:\Program Files\Java\jdk-20\bin\jsvml.dll
Event: 0.130 Loaded shared library C:\Program Files\Java\jdk-20\bin\net.dll
Event: 0.134 Loaded shared library C:\Program Files\Java\jdk-20\bin\nio.dll
Event: 0.182 Loaded shared library C:\Program Files\Java\jdk-20\bin\zip.dll
Event: 0.210 Loaded shared library C:\Program Files\Java\jdk-20\bin\jimage.dll
Event: 0.240 Loaded shared library C:\Program Files\Java\jdk-20\bin\awt.dll
Event: 0.932 Loaded shared library C:\Program Files\Java\jdk-20\bin\extnet.dll
Event: 1.411 Loaded shared library C:\Program Files\Java\jdk-20\bin\sunmscapi.dll

Deoptimization events (20 events):
Event: 1.254 Thread 0x0000016a177f7ab0 DEOPT PACKING pc=0x0000016a273e5f88 sp=0x00000018963fc3b0
Event: 1.254 Thread 0x0000016a177f7ab0 DEOPT UNPACKING pc=0x0000016a26e59d22 sp=0x00000018963fc320 mode 2
Event: 1.353 Thread 0x0000016a177f7ab0 DEOPT PACKING pc=0x0000016a1f9a8cc7 sp=0x00000018963fd2d0
Event: 1.353 Thread 0x0000016a177f7ab0 DEOPT UNPACKING pc=0x0000016a26e5a4c2 sp=0x00000018963fc768 mode 0
Event: 1.397 Thread 0x0000016a177f7ab0 Uncommon trap: trap_request=0xffffffc6 fr.pc=0x0000016a273e5f88 relative=0x00000000000002c8
Event: 1.397 Thread 0x0000016a177f7ab0 Uncommon trap: reason=bimorphic_or_optimized_type_check action=maybe_recompile pc=0x0000016a273e5f88 method=java.util.concurrent.ConcurrentHashMap.get(Ljava/lang/Object;)Ljava/lang/Object; @ 149 c2
Event: 1.397 Thread 0x0000016a177f7ab0 DEOPT PACKING pc=0x0000016a273e5f88 sp=0x00000018963fde20
Event: 1.397 Thread 0x0000016a177f7ab0 DEOPT UNPACKING pc=0x0000016a26e59d22 sp=0x00000018963fdd90 mode 2
Event: 1.422 Thread 0x0000016a177f7ab0 Uncommon trap: trap_request=0xffffff45 fr.pc=0x0000016a273e8804 relative=0x0000000000000264
Event: 1.422 Thread 0x0000016a177f7ab0 Uncommon trap: reason=unstable_if action=reinterpret pc=0x0000016a273e8804 method=java.util.HashMap.putVal(ILjava/lang/Object;Ljava/lang/Object;ZZ)Ljava/lang/Object; @ 162 c2
Event: 1.422 Thread 0x0000016a177f7ab0 DEOPT PACKING pc=0x0000016a273e8804 sp=0x00000018963fc220
Event: 1.422 Thread 0x0000016a177f7ab0 DEOPT UNPACKING pc=0x0000016a26e59d22 sp=0x00000018963fc158 mode 2
Event: 1.426 Thread 0x0000016a177f7ab0 Uncommon trap: trap_request=0xffffffc6 fr.pc=0x0000016a273e5f88 relative=0x00000000000002c8
Event: 1.426 Thread 0x0000016a177f7ab0 Uncommon trap: reason=bimorphic_or_optimized_type_check action=maybe_recompile pc=0x0000016a273e5f88 method=java.util.concurrent.ConcurrentHashMap.get(Ljava/lang/Object;)Ljava/lang/Object; @ 149 c2
Event: 1.426 Thread 0x0000016a177f7ab0 DEOPT PACKING pc=0x0000016a273e5f88 sp=0x00000018963fd090
Event: 1.426 Thread 0x0000016a177f7ab0 DEOPT UNPACKING pc=0x0000016a26e59d22 sp=0x00000018963fcff0 mode 2
Event: 1.748 Thread 0x0000016a177f7ab0 Uncommon trap: trap_request=0xffffff45 fr.pc=0x0000016a273e305c relative=0x000000000000015c
Event: 1.748 Thread 0x0000016a177f7ab0 Uncommon trap: reason=unstable_if action=reinterpret pc=0x0000016a273e305c method=java.util.concurrent.locks.ReentrantLock$NonfairSync.initialTryLock()Z @ 25 c2
Event: 1.748 Thread 0x0000016a177f7ab0 DEOPT PACKING pc=0x0000016a273e305c sp=0x00000018963fe1c0
Event: 1.748 Thread 0x0000016a177f7ab0 DEOPT UNPACKING pc=0x0000016a26e59d22 sp=0x00000018963fe160 mode 2

Classes loaded (20 events):
Event: 1.812 Loading class sun/security/ssl/SSLAuthentication done
Event: 1.812 Loading class sun/security/ssl/X509Authentication done
Event: 1.813 Loading class com/sun/crypto/provider/GaloisCounterMode$GCMEncrypt
Event: 1.813 Loading class com/sun/crypto/provider/GaloisCounterMode$GCMEncrypt done
Event: 1.813 Loading class com/sun/crypto/provider/GaloisCounterMode$EncryptOp
Event: 1.814 Loading class com/sun/crypto/provider/GaloisCounterMode$EncryptOp done
Event: 1.814 Loading class sun/security/ssl/X509Authentication$X509Possession
Event: 1.814 Loading class sun/security/ssl/X509Authentication$X509Possession done
Event: 1.820 Loading class javax/net/ssl/SSLEngineResult$HandshakeStatus
Event: 1.820 Loading class javax/net/ssl/SSLEngineResult$HandshakeStatus done
Event: 1.821 Loading class jdk/internal/event/TLSHandshakeEvent
Event: 1.821 Loading class jdk/internal/event/TLSHandshakeEvent done
Event: 1.827 Loading class java/security/DigestException
Event: 1.827 Loading class java/security/DigestException done
Event: 1.833 Loading class javax/security/sasl/SaslException
Event: 1.833 Loading class javax/security/sasl/SaslException done
Event: 1.834 Loading class javax/security/auth/callback/UnsupportedCallbackException
Event: 1.834 Loading class javax/security/auth/callback/UnsupportedCallbackException done
Event: 1.834 Loading class javax/security/auth/login/Configuration
Event: 1.834 Loading class javax/security/auth/login/Configuration done

Classes unloaded (0 events):
No events

Classes redefined (0 events):
No events

Internal exceptions (20 events):
Event: 0.141 Thread 0x0000016a177f7ab0 Exception <a 'sun/nio/fs/WindowsException'{0x0000000089c42c70}> (0x0000000089c42c70) 
thrown [s\open\src\hotspot\share\prims\jni.cpp, line 519]
Event: 0.141 Thread 0x0000016a177f7ab0 Exception <a 'sun/nio/fs/WindowsException'{0x0000000089c86438}> (0x0000000089c86438) 
thrown [s\open\src\hotspot\share\prims\jni.cpp, line 519]
Event: 0.221 Thread 0x0000016a177f7ab0 Exception <a 'java/lang/ClassNotFoundException'{0x0000000089b49a60}: sun/awt/resources/spi/awtProvider> (0x0000000089b49a60) 
thrown [s\open\src\hotspot\share\classfile\systemDictionary.cpp, line 305]
Event: 0.263 Thread 0x0000016a177f7ab0 Exception <a 'java/io/FileNotFoundException'{0x0000000089ba0670}> (0x0000000089ba0670) 
thrown [s\open\src\hotspot\share\prims\jni.cpp, line 519]
Event: 0.275 Thread 0x0000016a177f7ab0 Exception <a 'java/io/FileNotFoundException'{0x0000000089bca840}> (0x0000000089bca840) 
thrown [s\open\src\hotspot\share\prims\jni.cpp, line 519]
Event: 0.461 Thread 0x0000016a177f7ab0 Exception <a 'java/lang/NoSuchMethodError'{0x0000000089ae4e40}: 'void java.lang.invoke.DirectMethodHandle$Holder.invokeSpecial(java.lang.Object, java.lang.Object, java.lang.Object)'> (0x0000000089ae4e40) 
thrown [s\open\src\hotspot\share\interpreter\linkResolver.cpp, line 773]
Event: 0.481 Thread 0x0000016a177f7ab0 Exception <a 'java/lang/NoSuchMethodError'{0x000000008990fa98}: 'java.lang.Object java.lang.invoke.DirectMethodHandle$Holder.newInvokeSpecial(java.lang.Object, java.lang.Object, java.lang.Object, java.lang.Object, java.lang.Object)'> (0x000000008990fa98) 
thrown [s\open\src\hotspot\share\interpreter\linkResolver.cpp, line 773]
Event: 0.496 Thread 0x0000016a177f7ab0 Exception <a 'java/lang/NoSuchMethodError'{0x0000000089940340}: 'java.lang.Object java.lang.invoke.DirectMethodHandle$Holder.invokeStatic(java.lang.Object, int, java.lang.Object)'> (0x0000000089940340) 
thrown [s\open\src\hotspot\share\interpreter\linkResolver.cpp, line 773]
Event: 0.569 Thread 0x0000016a177f7ab0 Exception <a 'java/lang/ClassNotFoundException'{0x00000000899fbaf8}: com/sun/swing/internal/plaf/metal/resources/spi/metalProvider> (0x00000000899fbaf8) 
thrown [s\open\src\hotspot\share\classfile\systemDictionary.cpp, line 305]
Event: 0.571 Thread 0x0000016a177f7ab0 Exception <a 'java/lang/ClassNotFoundException'{0x00000000899ffaa8}: com/sun/swing/internal/plaf/basic/resources/spi/basicProvider> (0x00000000899ffaa8) 
thrown [s\open\src\hotspot\share\classfile\systemDictionary.cpp, line 305]
Event: 0.592 Thread 0x0000016a177f7ab0 Exception <a 'java/lang/NoSuchMethodError'{0x000000008981f628}: 'int java.lang.invoke.Invokers$Holder.invokeExact_MT(java.lang.Object, java.lang.Object)'> (0x000000008981f628) 
thrown [s\open\src\hotspot\share\interpreter\linkResolver.cpp, line 773]
Event: 0.701 Thread 0x0000016a177f7ab0 Exception <a 'java/lang/NoSuchMethodError'{0x0000000089763e48}: 'java.lang.Object java.lang.invoke.DirectMethodHandle$Holder.invokeInterface(java.lang.Object, java.lang.Object)'> (0x0000000089763e48) 
thrown [s\open\src\hotspot\share\interpreter\linkResolver.cpp, line 773]
Event: 0.762 Thread 0x0000016a177f7ab0 Exception <a 'java/lang/NoSuchMethodError'{0x00000000897dc4b8}: 'void java.lang.invoke.DirectMethodHandle$Holder.invokeStatic(java.lang.Object, java.lang.Object, java.lang.Object)'> (0x00000000897dc4b8) 
thrown [s\open\src\hotspot\share\interpreter\linkResolver.cpp, line 773]
Event: 0.765 Thread 0x0000016a177f7ab0 Exception <a 'java/lang/NoSuchMethodError'{0x00000000897e5fc8}: 'java.lang.Object java.lang.invoke.DirectMethodHandle$Holder.invokeVirtual(java.lang.Object, java.lang.Object, java.lang.Object)'> (0x00000000897e5fc8) 
thrown [s\open\src\hotspot\share\interpreter\linkResolver.cpp, line 773]
Event: 0.935 Thread 0x0000016a177f7ab0 Exception <a 'java/lang/NoSuchMethodError'{0x000000008931ebd0}: 'void java.lang.invoke.DirectMethodHandle$Holder.invokeStatic(java.lang.Object, java.lang.Object)'> (0x000000008931ebd0) 
thrown [s\open\src\hotspot\share\interpreter\linkResolver.cpp, line 773]
Event: 1.070 Thread 0x0000016a177f7ab0 Exception <a 'java/lang/NoSuchMethodError'{0x00000000892de2d0}: 'void java.lang.invoke.DirectMethodHandle$Holder.invokeStaticInit(java.lang.Object, java.lang.Object)'> (0x00000000892de2d0) 
thrown [s\open\src\hotspot\share\interpreter\linkResolver.cpp, line 773]
Event: 1.202 Thread 0x0000016a177f7ab0 Exception <a 'sun/nio/fs/WindowsException'{0x0000000089d126c0}> (0x0000000089d126c0) 
thrown [s\open\src\hotspot\share\prims\jni.cpp, line 519]
Event: 1.289 Thread 0x0000016a177f7ab0 Exception <a 'java/lang/NoSuchMethodError'{0x0000000089dfdf48}: 'java.lang.Object java.lang.invoke.DirectMethodHandle$Holder.invokeStaticInit(java.lang.Object, int, int, int, int)'> (0x0000000089dfdf48) 
thrown [s\open\src\hotspot\share\interpreter\linkResolver.cpp, line 773]
Event: 1.375 Thread 0x0000016a177f7ab0 Exception <a 'java/lang/NoSuchMethodError'{0x0000000089c79250}: 'java.lang.Object java.lang.invoke.DirectMethodHandle$Holder.invokeStaticInit(java.lang.Object, java.lang.Object, int, int, int, int)'> (0x0000000089c79250) 
thrown [s\open\src\hotspot\share\interpreter\linkResolver.cpp, line 773]
Event: 1.732 Thread 0x0000016a177f7ab0 Exception <a 'java/lang/NoSuchMethodError'{0x0000000089a2de18}: 'void java.lang.invoke.DirectMethodHandle$Holder.invokeVirtual(java.lang.Object, java.lang.Object)'> (0x0000000089a2de18) 
thrown [s\open\src\hotspot\share\interpreter\linkResolver.cpp, line 773]

VM Operations (14 events):
Event: 0.143 Executing VM operation: HandshakeAllThreads
Event: 0.143 Executing VM operation: HandshakeAllThreads done
Event: 0.289 Executing VM operation: HandshakeAllThreads
Event: 0.289 Executing VM operation: HandshakeAllThreads done
Event: 0.616 Executing VM operation: HandshakeAllThreads
Event: 0.616 Executing VM operation: HandshakeAllThreads done
Event: 0.671 Executing VM operation: HandshakeAllThreads
Event: 0.671 Executing VM operation: HandshakeAllThreads done
Event: 0.911 Executing VM operation: HandshakeAllThreads
Event: 0.911 Executing VM operation: HandshakeAllThreads done
Event: 1.182 Executing VM operation: G1CollectForAllocation
Event: 1.194 Executing VM operation: G1CollectForAllocation done
Event: 1.762 Executing VM operation: HandshakeAllThreads
Event: 1.762 Executing VM operation: HandshakeAllThreads done

Events (20 events):
Event: 0.055 Thread 0x0000016a3390d5e0 Thread added: 0x0000016a3390d5e0
Event: 0.055 Thread 0x0000016a339163a0 Thread added: 0x0000016a339163a0
Event: 0.056 Thread 0x0000016a339193d0 Thread added: 0x0000016a339193d0
Event: 0.056 Thread 0x0000016a3391aec0 Thread added: 0x0000016a3391aec0
Event: 0.056 Thread 0x0000016a3391bdb0 Thread added: 0x0000016a3391bdb0
Event: 0.056 Thread 0x0000016a3391d700 Thread added: 0x0000016a3391d700
Event: 0.057 Thread 0x0000016a33921bb0 Thread added: 0x0000016a33921bb0
Event: 0.057 Thread 0x0000016a33922530 Thread added: 0x0000016a33922530
Event: 0.106 Thread 0x0000016a37cb9660 Thread added: 0x0000016a37cb9660
Event: 0.168 Thread 0x0000016a37d3b990 Thread added: 0x0000016a37d3b990
Event: 0.179 Thread 0x0000016a37dbf110 Thread added: 0x0000016a37dbf110
Event: 0.370 Thread 0x0000016a37f36420 Thread added: 0x0000016a37f36420
Event: 0.374 Thread 0x0000016a37f3a050 Thread added: 0x0000016a37f3a050
Event: 0.377 Thread 0x0000016a37f42ac0 Thread added: 0x0000016a37f42ac0
Event: 0.377 Thread 0x0000016a37dbf110 Thread exited: 0x0000016a37dbf110
Event: 0.646 Thread 0x0000016a37f75f40 Thread added: 0x0000016a37f75f40
Event: 0.735 Thread 0x0000016a37ffe4a0 Thread added: 0x0000016a37ffe4a0
Event: 0.947 Thread 0x0000016a37ffe4a0 Thread exited: 0x0000016a37ffe4a0
Event: 1.134 Thread 0x0000016a387f9740 Thread added: 0x0000016a387f9740
Event: 1.409 Thread 0x0000016a37f3a050 Thread exited: 0x0000016a37f3a050


Dynamic libraries:
0x00007ff79cc30000 - 0x00007ff79cc40000 	C:\Program Files\Java\jdk-20\bin\java.exe
0x00007ffb2ba30000 - 0x00007ffb2bc28000 	C:\Windows\SYSTEM32\ntdll.dll
0x00007ffb2a4d0000 - 0x00007ffb2a58f000 	C:\Windows\System32\KERNEL32.DLL
0x00007ffb297b0000 - 0x00007ffb29a8a000 	C:\Windows\System32\KERNELBASE.dll
0x00007ffb292f0000 - 0x00007ffb293f0000 	C:\Windows\System32\ucrtbase.dll
0x00007ffb13900000 - 0x00007ffb13919000 	C:\Program Files\Java\jdk-20\bin\jli.dll
0x00007ffb02530000 - 0x00007ffb0254b000 	C:\Program Files\Java\jdk-20\bin\VCRUNTIME140.dll
0x00007ffb2b0f0000 - 0x00007ffb2b19e000 	C:\Windows\System32\ADVAPI32.dll
0x00007ffb29c20000 - 0x00007ffb29cbe000 	C:\Windows\System32\msvcrt.dll
0x00007ffb2b1a0000 - 0x00007ffb2b23c000 	C:\Windows\System32\sechost.dll
0x00007ffb2b4d0000 - 0x00007ffb2b5f6000 	C:\Windows\System32\RPCRT4.dll
0x00007ffb2a890000 - 0x00007ffb2aa2d000 	C:\Windows\System32\USER32.dll
0x00007ffb293f0000 - 0x00007ffb29412000 	C:\Windows\System32\win32u.dll
0x00007ffb16740000 - 0x00007ffb169da000 	C:\Windows\WinSxS\amd64_microsoft.windows.common-controls_6595b64144ccf1df_6.0.19041.1110_none_60b5254171f9507e\COMCTL32.dll
0x00007ffb29bd0000 - 0x00007ffb29bfb000 	C:\Windows\System32\GDI32.dll
0x00007ffb291e0000 - 0x00007ffb292f0000 	C:\Windows\System32\gdi32full.dll
0x00007ffb29140000 - 0x00007ffb291dd000 	C:\Windows\System32\msvcp_win.dll
0x00007ffb18b40000 - 0x00007ffb18b4a000 	C:\Windows\SYSTEM32\VERSION.dll
0x00007ffb2b9c0000 - 0x00007ffb2b9f0000 	C:\Windows\System32\IMM32.DLL
0x00007ffb18be0000 - 0x00007ffb18bec000 	C:\Program Files\Java\jdk-20\bin\vcruntime140_1.dll
0x00007ffb01270000 - 0x00007ffb012fe000 	C:\Program Files\Java\jdk-20\bin\msvcp140.dll
0x00007ffafd0a0000 - 0x00007ffafdd37000 	C:\Program Files\Java\jdk-20\bin\server\jvm.dll
0x00007ffb1a680000 - 0x00007ffb1a689000 	C:\Windows\SYSTEM32\WSOCK32.dll
0x00007ffb14b00000 - 0x00007ffb14b27000 	C:\Windows\SYSTEM32\WINMM.dll
0x00007ffb2b2d0000 - 0x00007ffb2b33b000 	C:\Windows\System32\WS2_32.dll
0x00007ffb27000000 - 0x00007ffb27012000 	C:\Windows\SYSTEM32\kernel.appcore.dll
0x00007ffb17850000 - 0x00007ffb1785a000 	C:\Program Files\Java\jdk-20\bin\jimage.dll
0x00007ffb17fc0000 - 0x00007ffb181a4000 	C:\Windows\SYSTEM32\DBGHELP.DLL
0x00007ffb17ed0000 - 0x00007ffb17f04000 	C:\Windows\SYSTEM32\dbgcore.DLL
0x00007ffb296f0000 - 0x00007ffb29772000 	C:\Windows\System32\bcryptPrimitives.dll
0x00007ffb02500000 - 0x00007ffb02526000 	C:\Program Files\Java\jdk-20\bin\java.dll
0x00007ffb01530000 - 0x00007ffb01607000 	C:\Program Files\Java\jdk-20\bin\jsvml.dll
0x00007ffb29cc0000 - 0x00007ffb2a404000 	C:\Windows\System32\SHELL32.dll
0x00007ffb27200000 - 0x00007ffb27993000 	C:\Windows\SYSTEM32\windows.storage.dll
0x00007ffb2b600000 - 0x00007ffb2b954000 	C:\Windows\System32\combase.dll
0x00007ffb28ac0000 - 0x00007ffb28aee000 	C:\Windows\SYSTEM32\Wldp.dll
0x00007ffb2b340000 - 0x00007ffb2b3ed000 	C:\Windows\System32\SHCORE.dll
0x00007ffb2a410000 - 0x00007ffb2a465000 	C:\Windows\System32\shlwapi.dll
0x00007ffb29080000 - 0x00007ffb2909f000 	C:\Windows\SYSTEM32\profapi.dll
0x00007ffb02120000 - 0x00007ffb02133000 	C:\Program Files\Java\jdk-20\bin\net.dll
0x00007ffb1bf20000 - 0x00007ffb1c02a000 	C:\Windows\SYSTEM32\WINHTTP.dll
0x00007ffb28820000 - 0x00007ffb2888a000 	C:\Windows\system32\mswsock.dll
0x00007ffb014c0000 - 0x00007ffb014d6000 	C:\Program Files\Java\jdk-20\bin\nio.dll
0x00007ffb014a0000 - 0x00007ffb014b8000 	C:\Program Files\Java\jdk-20\bin\zip.dll
0x00007ffb01300000 - 0x00007ffb01491000 	C:\Program Files\Java\jdk-20\bin\awt.dll
0x00007ffb2a590000 - 0x00007ffb2a65d000 	C:\Windows\System32\OLEAUT32.dll
0x00007ffb26940000 - 0x00007ffb269d0000 	C:\Windows\SYSTEM32\apphelp.dll
0x00007ffb26d10000 - 0x00007ffb26d3f000 	C:\Windows\system32\DWMAPI.DLL
0x00007ffb26af0000 - 0x00007ffb26b8e000 	C:\Windows\system32\uxtheme.dll
0x00007ffb0cd20000 - 0x00007ffb0ce45000 	C:\Windows\system32\opengl32.dll
0x00007ffb13bd0000 - 0x00007ffb13bfc000 	C:\Windows\SYSTEM32\GLU32.dll
0x00007ffb2a6c0000 - 0x00007ffb2a7d4000 	C:\Windows\System32\MSCTF.dll
0x00007ffb29a90000 - 0x00007ffb29bba000 	C:\Windows\System32\ole32.dll
0x00007ffb28550000 - 0x00007ffb2861b000 	C:\Windows\SYSTEM32\DNSAPI.dll
0x00007ffb28510000 - 0x00007ffb2854c000 	C:\Windows\SYSTEM32\IPHLPAPI.DLL
0x00007ffb2b0e0000 - 0x00007ffb2b0e8000 	C:\Windows\System32\NSI.dll
0x00007ffb1a320000 - 0x00007ffb1a32a000 	C:\Windows\System32\rasadhlp.dll
0x00007ffb1ac80000 - 0x00007ffb1ad00000 	C:\Windows\System32\fwpuclnt.dll
0x00007ffb29780000 - 0x00007ffb297a7000 	C:\Windows\System32\bcrypt.dll
0x00007ffb16340000 - 0x00007ffb16347000 	C:\Program Files\Java\jdk-20\bin\extnet.dll
0x00007ffb28a10000 - 0x00007ffb28a28000 	C:\Windows\SYSTEM32\CRYPTSP.dll
0x00007ffb28140000 - 0x00007ffb28174000 	C:\Windows\system32\rsaenh.dll
0x00007ffb29040000 - 0x00007ffb2906e000 	C:\Windows\SYSTEM32\USERENV.dll
0x00007ffb28a30000 - 0x00007ffb28a3c000 	C:\Windows\SYSTEM32\CRYPTBASE.dll
0x00007ffb1c560000 - 0x00007ffb1c577000 	C:\Windows\SYSTEM32\dhcpcsvc6.DLL
0x00007ffb1dc40000 - 0x00007ffb1dc5d000 	C:\Windows\SYSTEM32\dhcpcsvc.DLL
0x00007ffb23460000 - 0x00007ffb2346e000 	C:\Program Files\Java\jdk-20\bin\sunmscapi.dll
0x00007ffb29540000 - 0x00007ffb29696000 	C:\Windows\System32\CRYPT32.dll
0x00007ffb28b30000 - 0x00007ffb28b58000 	C:\Windows\SYSTEM32\ncrypt.dll
0x00007ffb28af0000 - 0x00007ffb28b2b000 	C:\Windows\SYSTEM32\NTASN1.dll

dbghelp: loaded successfully - version: 4.0.5 - missing functions: none
symbol engine: initialized successfully - sym options: 0x614 - pdb path: .;C:\Program Files\Java\jdk-20\bin;C:\Windows\SYSTEM32;C:\Windows\WinSxS\amd64_microsoft.windows.common-controls_6595b64144ccf1df_6.0.19041.1110_none_60b5254171f9507e;C:\Program Files\Java\jdk-20\bin\server

VM Arguments:
jvm_args: -Dfile.encoding=UTF-8 --module-path=C:\Users\DELL\Documents\NetBeansProjects\Hotel Management System\build\classes 
java_command: hotel.management.system.Department
java_class_path (initial): C:\Users\DELL\Downloads\mysql-connector-java-8.0.28.jar;C:\Users\DELL\Downloads\rs2xml.jar;C:\Users\DELL\Documents\NetBeansProjects\Hotel Management System\build\classes
Launcher Type: SUN_STANDARD

[Global flags]
     intx CICompilerCount                          = 3                                         {product} {ergonomic}
     uint ConcGCThreads                            = 1                                         {product} {ergonomic}
     uint G1ConcRefinementThreads                  = 4                                         {product} {ergonomic}
   size_t G1HeapRegionSize                         = 1048576                                   {product} {ergonomic}
    uintx GCDrainStackTargetSize                   = 64                                        {product} {ergonomic}
   size_t InitialHeapSize                          = 134217728                                 {product} {ergonomic}
   size_t MarkStackSize                            = 4194304                                   {product} {ergonomic}
   size_t MaxHeapSize                              = 2116026368                                {product} {ergonomic}
   size_t MaxNewSize                               = 1268776960                                {product} {ergonomic}
   size_t MinHeapDeltaBytes                        = 1048576                                   {product} {ergonomic}
   size_t MinHeapSize                              = 8388608                                   {product} {ergonomic}
    uintx NonNMethodCodeHeapSize                   = 5832780                                {pd product} {ergonomic}
    uintx NonProfiledCodeHeapSize                  = 122912730                              {pd product} {ergonomic}
    uintx ProfiledCodeHeapSize                     = 122912730                              {pd product} {ergonomic}
    uintx ReservedCodeCacheSize                    = 251658240                              {pd product} {ergonomic}
     bool SegmentedCodeCache                       = true                                      {product} {ergonomic}
   size_t SoftMaxHeapSize                          = 2116026368                             {manageable} {ergonomic}
     bool UseCompressedClassPointers               = true                           {product lp64_product} {ergonomic}
     bool UseCompressedOops                        = true                           {product lp64_product} {ergonomic}
     bool UseG1GC                                  = true                                      {product} {ergonomic}
     bool UseLargePagesIndividualAllocation        = false                                  {pd product} {ergonomic}

Logging:
Log output configuration:
 #0: stdout all=warning uptime,level,tags foldmultilines=false
 #1: stderr all=off uptime,level,tags foldmultilines=false

Environment Variables:
PATH=C:\Program Files\Common Files\Oracle\Java\javapath;C:\Windows\system32;C:\Windows;C:\Windows\System32\Wbem;C:\Windows\System32\WindowsPowerShell\v1.0\;C:\Windows\System32\OpenSSH\;C:\Program Files\Java\jdk-20\bin;C:\Users\DELL\AppData\Local\Microsoft\WindowsApps;C:\Program Files\Bandizip\;D:\IntelliJ IDEA 2023.2\bin;
USERNAME=DELL
OS=Windows_NT
PROCESSOR_IDENTIFIER=Intel64 Family 6 Model 58 Stepping 9, GenuineIntel
TMP=C:\Users\DELL\AppData\Local\Temp
TEMP=C:\Users\DELL\AppData\Local\Temp




---------------  S Y S T E M  ---------------

OS:
 Windows 10 , 64 bit Build 19041 (10.0.19041.2788)
OS uptime: 0 days 23:59 hours

CPU: total 4 (initial active 4) (2 cores per cpu, 2 threads per core) family 6 model 58 stepping 9 microcode 0x21, cx8, cmov, fxsr, ht, mmx, sse, sse2, sse3, ssse3, sse4.1, sse4.2, popcnt, tsc, tscinvbit, avx, erms, clmul, vzeroupper, clflush, rdtscp, f16c

Memory: 4k page, system-wide physical 8067M (1207M free)
TotalPageFile size 20926M (AvailPageFile size 3M)
current process WorkingSet (physical memory assigned to process): 88M, peak: 88M
current process commit charge ("private bytes"): 231M, peak: 232M

vm_info: Java HotSpot(TM) 64-Bit Server VM (20.0.1+9-29) for windows-amd64 JRE (20.0.1+9-29), built on 2023-03-07T13:56:11Z by "mach5one" with MS VC++ 17.1 (VS2022)

END.
