#
# There is insufficient memory for the Java Runtime Environment to continue.
# Native memory allocation (mmap) failed to map 65536 bytes for Failed to commit metaspace.
# Possible reasons:
#   The system is out of physical RAM or swap space
#   The process is running with CompressedOops enabled, and the Java Heap may be blocking the growth of the native heap
# Possible solutions:
#   Reduce memory load on the system
#   Increase physical memory or swap space
#   Check if swap backing store is full
#   Decrease Java heap size (-Xmx/-Xms)
#   Decrease number of Java threads
#   Decrease Java thread stack sizes (-Xss)
#   Set larger code cache with -XX:ReservedCodeCacheSize=
#   JVM is running with Unscaled Compressed Oops mode in which the Java heap is
#     placed in the first 4GB address space. The Java Heap base address is the
#     maximum limit for the native heap growth. Please use -XX:HeapBaseMinAddress
#     to set the Java Heap base and to place the Java Heap above 4GB virtual address.
# This output file may be truncated or incomplete.
#
#  Out of Memory Error (virtualSpaceNode.cpp:110), pid=17788, tid=17860
#
# JRE version: Java(TM) SE Runtime Environment (20.0.1+9) (build 20.0.1+9-29)
# Java VM: Java HotSpot(TM) 64-Bit Server VM (20.0.1+9-29, mixed mode, sharing, tiered, compressed oops, compressed class ptrs, g1 gc, windows-amd64)
# No core dump will be written. Minidumps are not enabled by default on client versions of Windows
#

---------------  S U M M A R Y ------------

Command Line: -Dfile.encoding=UTF-8 --module-path=C:\Users\DELL\Documents\NetBeansProjects\Hotel Management System\build\classes hotel.management.system.Department

Host: Intel(R) Core(TM) i3-3217U CPU @ 1.80GHz, 4 cores, 7G,  Windows 10 , 64 bit Build 19041 (10.0.19041.2788)
Time: Sat Sep 23 23:38:12 2023 Pacific Daylight Time elapsed time: 1.726775 seconds (0d 0h 0m 1s)

---------------  T H R E A D  ---------------

Current thread (0x0000026a95c76080):  JavaThread "main" [_thread_in_vm, id=17860, stack(0x000000f241700000,0x000000f241800000)]

Stack: [0x000000f241700000,0x000000f241800000]
Native frames: (J=compiled Java code, j=interpreted, Vv=VM code, C=native code)
V  [jvm.dll+0x6bb95a]
V  [jvm.dll+0x8485fa]
V  [jvm.dll+0x84a1f5]
V  [jvm.dll+0x84a8f3]
V  [jvm.dll+0x280b0f]
V  [jvm.dll+0x84453b]
V  [jvm.dll+0x65fd86]
V  [jvm.dll+0x65fdea]
V  [jvm.dll+0x6626c3]
V  [jvm.dll+0x66258e]
V  [jvm.dll+0x66079e]
V  [jvm.dll+0x26da71]
V  [jvm.dll+0x21bea7]
V  [jvm.dll+0x211780]
V  [jvm.dll+0x59c26c]
V  [jvm.dll+0x222d6a]
V  [jvm.dll+0x7c2cb4]
V  [jvm.dll+0x7c3dff]
V  [jvm.dll+0x7c43af]
V  [jvm.dll+0x7c4058]
V  [jvm.dll+0x27024b]
V  [jvm.dll+0x3d84fe]
C  0x0000026aa529f7f4

Java frames: (J=compiled Java code, j=interpreted, Vv=VM code)
j  sun.security.ssl.AlpnExtension.<clinit>()V+30 java.base@20.0.1
v  ~StubRoutines::call_stub 0x0000026aa527100d
j  sun.security.ssl.SSLExtension.<clinit>()V+719 java.base@20.0.1
v  ~StubRoutines::call_stub 0x0000026aa527100d
j  sun.security.ssl.SSLConfiguration.getEnabledExtensions(Lsun/security/ssl/SSLHandshake;Ljava/util/List;)[Lsun/security/ssl/SSLExtension;+8 java.base@20.0.1
j  sun.security.ssl.ClientHello$ClientHelloKickstartProducer.produce(Lsun/security/ssl/ConnectionContext;)[B+949 java.base@20.0.1
j  sun.security.ssl.SSLHandshake.kickstart(Lsun/security/ssl/HandshakeContext;)V+47 java.base@20.0.1
j  sun.security.ssl.ClientHandshakeContext.kickstart()V+9 java.base@20.0.1
j  sun.security.ssl.TransportContext.kickstart()V+234 java.base@20.0.1
j  sun.security.ssl.SSLSocketImpl.startHandshake(Z)V+108 java.base@20.0.1
j  sun.security.ssl.SSLSocketImpl.startHandshake()V+2 java.base@20.0.1
j  com.mysql.cj.protocol.ExportControlled.performTlsHandshake(Ljava/net/Socket;Lcom/mysql/cj/protocol/SocketConnection;Lcom/mysql/cj/ServerVersion;Lcom/mysql/cj/log/Log;)Ljava/net/Socket;+235
j  com.mysql.cj.protocol.StandardSocketFactory.performTlsHandshake(Lcom/mysql/cj/protocol/SocketConnection;Lcom/mysql/cj/protocol/ServerSession;Lcom/mysql/cj/log/Log;)Ljava/io/Closeable;+21
j  com.mysql.cj.protocol.a.NativeSocketConnection.performTlsHandshake(Lcom/mysql/cj/protocol/ServerSession;Lcom/mysql/cj/log/Log;)V+8
j  com.mysql.cj.protocol.a.NativeProtocol.negotiateSSLConnection()V+116
j  com.mysql.cj.protocol.a.NativeAuthenticationProvider.connect(Ljava/lang/String;Ljava/lang/String;Ljava/lang/String;)V+765
j  com.mysql.cj.protocol.a.NativeProtocol.connect(Ljava/lang/String;Ljava/lang/String;Ljava/lang/String;)V+11
j  com.mysql.cj.NativeSession.connect(Lcom/mysql/cj/conf/HostInfo;Ljava/lang/String;Ljava/lang/String;Ljava/lang/String;ILcom/mysql/cj/TransactionEventHandler;)V+110
j  com.mysql.cj.jdbc.ConnectionImpl.connectOneTryOnly(Z)V+32
j  com.mysql.cj.jdbc.ConnectionImpl.createNewIO(Z)V+27
j  com.mysql.cj.jdbc.ConnectionImpl.<init>(Lcom/mysql/cj/conf/HostInfo;)V+753
j  com.mysql.cj.jdbc.ConnectionImpl.getInstance(Lcom/mysql/cj/conf/HostInfo;)Lcom/mysql/cj/jdbc/JdbcConnection;+5
j  com.mysql.cj.jdbc.NonRegisteringDriver.connect(Ljava/lang/String;Ljava/util/Properties;)Ljava/sql/Connection;+72
j  java.sql.DriverManager.getConnection(Ljava/lang/String;Ljava/util/Properties;Ljava/lang/Class;)Ljava/sql/Connection;+133 java.sql@20.0.1
j  java.sql.DriverManager.getConnection(Ljava/lang/String;Ljava/lang/String;Ljava/lang/String;)Ljava/sql/Connection;+37 java.sql@20.0.1
j  hotel.management.system.Conn.<init>()V+17
j  hotel.management.system.Department.<init>()V+117
j  hotel.management.system.Department.main([Ljava/lang/String;)V+4
v  ~StubRoutines::call_stub 0x0000026aa527100d

---------------  P R O C E S S  ---------------

Threads class SMR info:
_java_thread_list=0x0000026ab6ec6710, length=15, elements={
0x0000026a95c76080, 0x0000026ab1d88030, 0x0000026ab1d8f5f0, 0x0000026ab1d928f0,
0x0000026ab1d913b0, 0x0000026ab1d93e30, 0x0000026ab1d91900, 0x0000026ab1da60f0,
0x0000026ab1da7210, 0x0000026ab1d93390, 0x0000026ab1d92e40, 0x0000026ab1d938e0,
0x0000026ab1d94380, 0x0000026ab1d90e60, 0x0000026ab63c08b0
}

Java Threads: ( => current thread )
=>0x0000026a95c76080 JavaThread "main" [_thread_in_vm, id=17860, stack(0x000000f241700000,0x000000f241800000)]
  0x0000026ab1d88030 JavaThread "Reference Handler" daemon [_thread_blocked, id=17888, stack(0x000000f241e00000,0x000000f241f00000)]
  0x0000026ab1d8f5f0 JavaThread "Finalizer" daemon [_thread_blocked, id=17892, stack(0x000000f241f00000,0x000000f242000000)]
  0x0000026ab1d928f0 JavaThread "Signal Dispatcher" daemon [_thread_blocked, id=17896, stack(0x000000f242000000,0x000000f242100000)]
  0x0000026ab1d913b0 JavaThread "Attach Listener" daemon [_thread_blocked, id=17900, stack(0x000000f242100000,0x000000f242200000)]
  0x0000026ab1d93e30 JavaThread "Service Thread" daemon [_thread_blocked, id=17904, stack(0x000000f242200000,0x000000f242300000)]
  0x0000026ab1d91900 JavaThread "Monitor Deflation Thread" daemon [_thread_blocked, id=17908, stack(0x000000f242300000,0x000000f242400000)]
  0x0000026ab1da60f0 JavaThread "C2 CompilerThread0" daemon [_thread_blocked, id=17912, stack(0x000000f242400000,0x000000f242500000)]
  0x0000026ab1da7210 JavaThread "C1 CompilerThread0" daemon [_thread_blocked, id=17916, stack(0x000000f242500000,0x000000f242600000)]
  0x0000026ab1d93390 JavaThread "Common-Cleaner" daemon [_thread_blocked, id=17920, stack(0x000000f242600000,0x000000f242700000)]
  0x0000026ab1d92e40 JavaThread "Notification Thread" daemon [_thread_blocked, id=17924, stack(0x000000f242700000,0x000000f242800000)]
  0x0000026ab1d938e0 JavaThread "Java2D Disposer" daemon [_thread_blocked, id=17952, stack(0x000000f242900000,0x000000f242a00000)]
  0x0000026ab1d94380 JavaThread "AWT-Windows" daemon [_thread_in_native, id=17964, stack(0x000000f242b00000,0x000000f242c00000)]
  0x0000026ab1d90e60 JavaThread "mysql-cj-abandoned-connection-cleanup" daemon [_thread_blocked, id=17984, stack(0x000000f242c00000,0x000000f242d00000)]
  0x0000026ab63c08b0 JavaThread "C2 CompilerThread1" daemon [_thread_blocked, id=17996, stack(0x000000f242d00000,0x000000f242e00000)]

Other Threads:
  0x0000026ab1d6be90 VMThread "VM Thread" [stack: 0x000000f241d00000,0x000000f241e00000] [id=17884]
  0x0000026ab61530d0 WatcherThread "VM Periodic Task Thread" [stack: 0x000000f242800000,0x000000f242900000] [id=17928]
  0x0000026a95cd92f0 WorkerThread "GC Thread#0" [stack: 0x000000f241800000,0x000000f241900000] [id=17864]
  0x0000026ab6cb6e40 WorkerThread "GC Thread#1" [stack: 0x000000f242e00000,0x000000f242f00000] [id=18000]
  0x0000026ab6aeed30 WorkerThread "GC Thread#2" [stack: 0x000000f242f00000,0x000000f243000000] [id=18004]
  0x0000026ab6aef000 WorkerThread "GC Thread#3" [stack: 0x000000f243000000,0x000000f243100000] [id=18008]
  0x0000026a95ce9ef0 ConcurrentGCThread "G1 Main Marker" [stack: 0x000000f241900000,0x000000f241a00000] [id=17868]
  0x0000026a95ceafd0 WorkerThread "G1 Conc#0" [stack: 0x000000f241a00000,0x000000f241b00000] [id=17872]
  0x0000026ab1c220b0 ConcurrentGCThread "G1 Refine#0" [stack: 0x000000f241b00000,0x000000f241c00000] [id=17876]
  0x0000026ab1c22a60 ConcurrentGCThread "G1 Service" [stack: 0x000000f241c00000,0x000000f241d00000] [id=17880]

Threads with active compile tasks:

VM state: not at safepoint (normal execution)

VM Mutex/Monitor currently owned by a thread:  ([mutex/lock_event])
[0x0000026a95c70730] Metaspace_lock - owner thread: 0x0000026a95c76080

Heap address: 0x0000000081e00000, size: 2018 MB, Compressed Oops mode: 32-bit

CDS archive(s) mapped at: [0x0000000800000000-0x0000000800c60000-0x0000000800c60000), size 12976128, SharedBaseAddress: 0x0000000800000000, ArchiveRelocationMode: 0.
Compressed class space mapped at: 0x0000000801000000-0x0000000841000000, reserved size: 1073741824
Narrow klass base: 0x0000000800000000, Narrow klass shift: 0, Narrow klass range: 0x100000000

GC Precious Log:
 CardTable entry size: 512
 Card Set container configuration: InlinePtr #cards 5 size 8 Array Of Cards #cards 12 size 40 Howl #buckets 4 coarsen threshold 1843 Howl Bitmap #cards 512 size 80 coarsen threshold 460 Card regions per heap region 1 cards per card region 2048
 CPUs: 4 total, 4 available
 Memory: 8067M
 Large Page Support: Disabled
 NUMA Support: Disabled
 Compressed Oops: Enabled (32-bit)
 Heap Region Size: 1M
 Heap Min Capacity: 8M
 Heap Initial Capacity: 128M
 Heap Max Capacity: 2018M
 Pre-touch: Disabled
 Parallel Workers: 4
 Concurrent Workers: 1
 Concurrent Refinement Workers: 4
 Periodic GC: Disabled

Heap:
 garbage-first heap   total 131072K, used 5648K [0x0000000081e00000, 0x0000000100000000)
  region size 1024K, 5 young (5120K), 2 survivors (2048K)
 Metaspace       used 11597K, committed 11776K, reserved 1114112K
  class space    used 1246K, committed 1344K, reserved 1048576K

Heap Regions: E=young(eden), S=young(survivor), O=old, HS=humongous(starts), HC=humongous(continues), CS=collection set, F=free, OA=open archive, CA=closed archive, TAMS=top-at-mark-start, PB=parsable bottom
|   0|0x0000000081e00000, 0x0000000081f00000, 0x0000000081f00000|100%| O|  |TAMS 0x0000000081e00000| PB 0x0000000081e00000| Untracked 
|   1|0x0000000081f00000, 0x0000000081f84000, 0x0000000082000000| 51%| O|  |TAMS 0x0000000081f00000| PB 0x0000000081f00000| Untracked 
|   2|0x0000000082000000, 0x0000000082000000, 0x0000000082100000|  0%| F|  |TAMS 0x0000000082000000| PB 0x0000000082000000| Untracked 
|   3|0x0000000082100000, 0x0000000082100000, 0x0000000082200000|  0%| F|  |TAMS 0x0000000082100000| PB 0x0000000082100000| Untracked 
|   4|0x0000000082200000, 0x0000000082200000, 0x0000000082300000|  0%| F|  |TAMS 0x0000000082200000| PB 0x0000000082200000| Untracked 
|   5|0x0000000082300000, 0x0000000082300000, 0x0000000082400000|  0%| F|  |TAMS 0x0000000082300000| PB 0x0000000082300000| Untracked 
|   6|0x0000000082400000, 0x0000000082400000, 0x0000000082500000|  0%| F|  |TAMS 0x0000000082400000| PB 0x0000000082400000| Untracked 
|   7|0x0000000082500000, 0x0000000082500000, 0x0000000082600000|  0%| F|  |TAMS 0x0000000082500000| PB 0x0000000082500000| Untracked 
|   8|0x0000000082600000, 0x0000000082600000, 0x0000000082700000|  0%| F|  |TAMS 0x0000000082600000| PB 0x0000000082600000| Untracked 
|   9|0x0000000082700000, 0x0000000082700000, 0x0000000082800000|  0%| F|  |TAMS 0x0000000082700000| PB 0x0000000082700000| Untracked 
|  10|0x0000000082800000, 0x0000000082800000, 0x0000000082900000|  0%| F|  |TAMS 0x0000000082800000| PB 0x0000000082800000| Untracked 
|  11|0x0000000082900000, 0x0000000082900000, 0x0000000082a00000|  0%| F|  |TAMS 0x0000000082900000| PB 0x0000000082900000| Untracked 
|  12|0x0000000082a00000, 0x0000000082a00000, 0x0000000082b00000|  0%| F|  |TAMS 0x0000000082a00000| PB 0x0000000082a00000| Untracked 
|  13|0x0000000082b00000, 0x0000000082b00000, 0x0000000082c00000|  0%| F|  |TAMS 0x0000000082b00000| PB 0x0000000082b00000| Untracked 
|  14|0x0000000082c00000, 0x0000000082c00000, 0x0000000082d00000|  0%| F|  |TAMS 0x0000000082c00000| PB 0x0000000082c00000| Untracked 
|  15|0x0000000082d00000, 0x0000000082d00000, 0x0000000082e00000|  0%| F|  |TAMS 0x0000000082d00000| PB 0x0000000082d00000| Untracked 
|  16|0x0000000082e00000, 0x0000000082e00000, 0x0000000082f00000|  0%| F|  |TAMS 0x0000000082e00000| PB 0x0000000082e00000| Untracked 
|  17|0x0000000082f00000, 0x0000000082f00000, 0x0000000083000000|  0%| F|  |TAMS 0x0000000082f00000| PB 0x0000000082f00000| Untracked 
|  18|0x0000000083000000, 0x0000000083000000, 0x0000000083100000|  0%| F|  |TAMS 0x0000000083000000| PB 0x0000000083000000| Untracked 
|  19|0x0000000083100000, 0x0000000083100000, 0x0000000083200000|  0%| F|  |TAMS 0x0000000083100000| PB 0x0000000083100000| Untracked 
|  20|0x0000000083200000, 0x0000000083200000, 0x0000000083300000|  0%| F|  |TAMS 0x0000000083200000| PB 0x0000000083200000| Untracked 
|  21|0x0000000083300000, 0x0000000083300000, 0x0000000083400000|  0%| F|  |TAMS 0x0000000083300000| PB 0x0000000083300000| Untracked 
|  22|0x0000000083400000, 0x0000000083400000, 0x0000000083500000|  0%| F|  |TAMS 0x0000000083400000| PB 0x0000000083400000| Untracked 
|  23|0x0000000083500000, 0x0000000083500000, 0x0000000083600000|  0%| F|  |TAMS 0x0000000083500000| PB 0x0000000083500000| Untracked 
|  24|0x0000000083600000, 0x0000000083600000, 0x0000000083700000|  0%| F|  |TAMS 0x0000000083600000| PB 0x0000000083600000| Untracked 
|  25|0x0000000083700000, 0x0000000083700000, 0x0000000083800000|  0%| F|  |TAMS 0x0000000083700000| PB 0x0000000083700000| Untracked 
|  26|0x0000000083800000, 0x0000000083800000, 0x0000000083900000|  0%| F|  |TAMS 0x0000000083800000| PB 0x0000000083800000| Untracked 
|  27|0x0000000083900000, 0x0000000083900000, 0x0000000083a00000|  0%| F|  |TAMS 0x0000000083900000| PB 0x0000000083900000| Untracked 
|  28|0x0000000083a00000, 0x0000000083a00000, 0x0000000083b00000|  0%| F|  |TAMS 0x0000000083a00000| PB 0x0000000083a00000| Untracked 
|  29|0x0000000083b00000, 0x0000000083b00000, 0x0000000083c00000|  0%| F|  |TAMS 0x0000000083b00000| PB 0x0000000083b00000| Untracked 
|  30|0x0000000083c00000, 0x0000000083c00000, 0x0000000083d00000|  0%| F|  |TAMS 0x0000000083c00000| PB 0x0000000083c00000| Untracked 
|  31|0x0000000083d00000, 0x0000000083d00000, 0x0000000083e00000|  0%| F|  |TAMS 0x0000000083d00000| PB 0x0000000083d00000| Untracked 
|  32|0x0000000083e00000, 0x0000000083e00000, 0x0000000083f00000|  0%| F|  |TAMS 0x0000000083e00000| PB 0x0000000083e00000| Untracked 
|  33|0x0000000083f00000, 0x0000000083f00000, 0x0000000084000000|  0%| F|  |TAMS 0x0000000083f00000| PB 0x0000000083f00000| Untracked 
|  34|0x0000000084000000, 0x0000000084000000, 0x0000000084100000|  0%| F|  |TAMS 0x0000000084000000| PB 0x0000000084000000| Untracked 
|  35|0x0000000084100000, 0x0000000084100000, 0x0000000084200000|  0%| F|  |TAMS 0x0000000084100000| PB 0x0000000084100000| Untracked 
|  36|0x0000000084200000, 0x0000000084200000, 0x0000000084300000|  0%| F|  |TAMS 0x0000000084200000| PB 0x0000000084200000| Untracked 
|  37|0x0000000084300000, 0x0000000084300000, 0x0000000084400000|  0%| F|  |TAMS 0x0000000084300000| PB 0x0000000084300000| Untracked 
|  38|0x0000000084400000, 0x0000000084400000, 0x0000000084500000|  0%| F|  |TAMS 0x0000000084400000| PB 0x0000000084400000| Untracked 
|  39|0x0000000084500000, 0x0000000084500000, 0x0000000084600000|  0%| F|  |TAMS 0x0000000084500000| PB 0x0000000084500000| Untracked 
|  40|0x0000000084600000, 0x0000000084600000, 0x0000000084700000|  0%| F|  |TAMS 0x0000000084600000| PB 0x0000000084600000| Untracked 
|  41|0x0000000084700000, 0x0000000084700000, 0x0000000084800000|  0%| F|  |TAMS 0x0000000084700000| PB 0x0000000084700000| Untracked 
|  42|0x0000000084800000, 0x0000000084800000, 0x0000000084900000|  0%| F|  |TAMS 0x0000000084800000| PB 0x0000000084800000| Untracked 
|  43|0x0000000084900000, 0x0000000084900000, 0x0000000084a00000|  0%| F|  |TAMS 0x0000000084900000| PB 0x0000000084900000| Untracked 
|  44|0x0000000084a00000, 0x0000000084a00000, 0x0000000084b00000|  0%| F|  |TAMS 0x0000000084a00000| PB 0x0000000084a00000| Untracked 
|  45|0x0000000084b00000, 0x0000000084b00000, 0x0000000084c00000|  0%| F|  |TAMS 0x0000000084b00000| PB 0x0000000084b00000| Untracked 
|  46|0x0000000084c00000, 0x0000000084c00000, 0x0000000084d00000|  0%| F|  |TAMS 0x0000000084c00000| PB 0x0000000084c00000| Untracked 
|  47|0x0000000084d00000, 0x0000000084d00000, 0x0000000084e00000|  0%| F|  |TAMS 0x0000000084d00000| PB 0x0000000084d00000| Untracked 
|  48|0x0000000084e00000, 0x0000000084e00000, 0x0000000084f00000|  0%| F|  |TAMS 0x0000000084e00000| PB 0x0000000084e00000| Untracked 
|  49|0x0000000084f00000, 0x0000000084f00000, 0x0000000085000000|  0%| F|  |TAMS 0x0000000084f00000| PB 0x0000000084f00000| Untracked 
|  50|0x0000000085000000, 0x0000000085000000, 0x0000000085100000|  0%| F|  |TAMS 0x0000000085000000| PB 0x0000000085000000| Untracked 
|  51|0x0000000085100000, 0x0000000085100000, 0x0000000085200000|  0%| F|  |TAMS 0x0000000085100000| PB 0x0000000085100000| Untracked 
|  52|0x0000000085200000, 0x0000000085200000, 0x0000000085300000|  0%| F|  |TAMS 0x0000000085200000| PB 0x0000000085200000| Untracked 
|  53|0x0000000085300000, 0x0000000085300000, 0x0000000085400000|  0%| F|  |TAMS 0x0000000085300000| PB 0x0000000085300000| Untracked 
|  54|0x0000000085400000, 0x0000000085400000, 0x0000000085500000|  0%| F|  |TAMS 0x0000000085400000| PB 0x0000000085400000| Untracked 
|  55|0x0000000085500000, 0x0000000085500000, 0x0000000085600000|  0%| F|  |TAMS 0x0000000085500000| PB 0x0000000085500000| Untracked 
|  56|0x0000000085600000, 0x0000000085600000, 0x0000000085700000|  0%| F|  |TAMS 0x0000000085600000| PB 0x0000000085600000| Untracked 
|  57|0x0000000085700000, 0x0000000085700000, 0x0000000085800000|  0%| F|  |TAMS 0x0000000085700000| PB 0x0000000085700000| Untracked 
|  58|0x0000000085800000, 0x0000000085800000, 0x0000000085900000|  0%| F|  |TAMS 0x0000000085800000| PB 0x0000000085800000| Untracked 
|  59|0x0000000085900000, 0x0000000085900000, 0x0000000085a00000|  0%| F|  |TAMS 0x0000000085900000| PB 0x0000000085900000| Untracked 
|  60|0x0000000085a00000, 0x0000000085a00000, 0x0000000085b00000|  0%| F|  |TAMS 0x0000000085a00000| PB 0x0000000085a00000| Untracked 
|  61|0x0000000085b00000, 0x0000000085b00000, 0x0000000085c00000|  0%| F|  |TAMS 0x0000000085b00000| PB 0x0000000085b00000| Untracked 
|  62|0x0000000085c00000, 0x0000000085c00000, 0x0000000085d00000|  0%| F|  |TAMS 0x0000000085c00000| PB 0x0000000085c00000| Untracked 
|  63|0x0000000085d00000, 0x0000000085d00000, 0x0000000085e00000|  0%| F|  |TAMS 0x0000000085d00000| PB 0x0000000085d00000| Untracked 
|  64|0x0000000085e00000, 0x0000000085e00000, 0x0000000085f00000|  0%| F|  |TAMS 0x0000000085e00000| PB 0x0000000085e00000| Untracked 
|  65|0x0000000085f00000, 0x0000000085f00000, 0x0000000086000000|  0%| F|  |TAMS 0x0000000085f00000| PB 0x0000000085f00000| Untracked 
|  66|0x0000000086000000, 0x0000000086000000, 0x0000000086100000|  0%| F|  |TAMS 0x0000000086000000| PB 0x0000000086000000| Untracked 
|  67|0x0000000086100000, 0x0000000086100000, 0x0000000086200000|  0%| F|  |TAMS 0x0000000086100000| PB 0x0000000086100000| Untracked 
|  68|0x0000000086200000, 0x0000000086200000, 0x0000000086300000|  0%| F|  |TAMS 0x0000000086200000| PB 0x0000000086200000| Untracked 
|  69|0x0000000086300000, 0x0000000086300000, 0x0000000086400000|  0%| F|  |TAMS 0x0000000086300000| PB 0x0000000086300000| Untracked 
|  70|0x0000000086400000, 0x0000000086400000, 0x0000000086500000|  0%| F|  |TAMS 0x0000000086400000| PB 0x0000000086400000| Untracked 
|  71|0x0000000086500000, 0x0000000086500000, 0x0000000086600000|  0%| F|  |TAMS 0x0000000086500000| PB 0x0000000086500000| Untracked 
|  72|0x0000000086600000, 0x0000000086600000, 0x0000000086700000|  0%| F|  |TAMS 0x0000000086600000| PB 0x0000000086600000| Untracked 
|  73|0x0000000086700000, 0x0000000086700000, 0x0000000086800000|  0%| F|  |TAMS 0x0000000086700000| PB 0x0000000086700000| Untracked 
|  74|0x0000000086800000, 0x0000000086800000, 0x0000000086900000|  0%| F|  |TAMS 0x0000000086800000| PB 0x0000000086800000| Untracked 
|  75|0x0000000086900000, 0x0000000086900000, 0x0000000086a00000|  0%| F|  |TAMS 0x0000000086900000| PB 0x0000000086900000| Untracked 
|  76|0x0000000086a00000, 0x0000000086a00000, 0x0000000086b00000|  0%| F|  |TAMS 0x0000000086a00000| PB 0x0000000086a00000| Untracked 
|  77|0x0000000086b00000, 0x0000000086b00000, 0x0000000086c00000|  0%| F|  |TAMS 0x0000000086b00000| PB 0x0000000086b00000| Untracked 
|  78|0x0000000086c00000, 0x0000000086c00000, 0x0000000086d00000|  0%| F|  |TAMS 0x0000000086c00000| PB 0x0000000086c00000| Untracked 
|  79|0x0000000086d00000, 0x0000000086d00000, 0x0000000086e00000|  0%| F|  |TAMS 0x0000000086d00000| PB 0x0000000086d00000| Untracked 
|  80|0x0000000086e00000, 0x0000000086e00000, 0x0000000086f00000|  0%| F|  |TAMS 0x0000000086e00000| PB 0x0000000086e00000| Untracked 
|  81|0x0000000086f00000, 0x0000000086f00000, 0x0000000087000000|  0%| F|  |TAMS 0x0000000086f00000| PB 0x0000000086f00000| Untracked 
|  82|0x0000000087000000, 0x0000000087000000, 0x0000000087100000|  0%| F|  |TAMS 0x0000000087000000| PB 0x0000000087000000| Untracked 
|  83|0x0000000087100000, 0x0000000087100000, 0x0000000087200000|  0%| F|  |TAMS 0x0000000087100000| PB 0x0000000087100000| Untracked 
|  84|0x0000000087200000, 0x0000000087200000, 0x0000000087300000|  0%| F|  |TAMS 0x0000000087200000| PB 0x0000000087200000| Untracked 
|  85|0x0000000087300000, 0x0000000087300000, 0x0000000087400000|  0%| F|  |TAMS 0x0000000087300000| PB 0x0000000087300000| Untracked 
|  86|0x0000000087400000, 0x0000000087400000, 0x0000000087500000|  0%| F|  |TAMS 0x0000000087400000| PB 0x0000000087400000| Untracked 
|  87|0x0000000087500000, 0x0000000087500000, 0x0000000087600000|  0%| F|  |TAMS 0x0000000087500000| PB 0x0000000087500000| Untracked 
|  88|0x0000000087600000, 0x0000000087600000, 0x0000000087700000|  0%| F|  |TAMS 0x0000000087600000| PB 0x0000000087600000| Untracked 
|  89|0x0000000087700000, 0x0000000087700000, 0x0000000087800000|  0%| F|  |TAMS 0x0000000087700000| PB 0x0000000087700000| Untracked 
|  90|0x0000000087800000, 0x0000000087800000, 0x0000000087900000|  0%| F|  |TAMS 0x0000000087800000| PB 0x0000000087800000| Untracked 
|  91|0x0000000087900000, 0x0000000087900000, 0x0000000087a00000|  0%| F|  |TAMS 0x0000000087900000| PB 0x0000000087900000| Untracked 
|  92|0x0000000087a00000, 0x0000000087a00000, 0x0000000087b00000|  0%| F|  |TAMS 0x0000000087a00000| PB 0x0000000087a00000| Untracked 
|  93|0x0000000087b00000, 0x0000000087b00000, 0x0000000087c00000|  0%| F|  |TAMS 0x0000000087b00000| PB 0x0000000087b00000| Untracked 
|  94|0x0000000087c00000, 0x0000000087c00000, 0x0000000087d00000|  0%| F|  |TAMS 0x0000000087c00000| PB 0x0000000087c00000| Untracked 
|  95|0x0000000087d00000, 0x0000000087d00000, 0x0000000087e00000|  0%| F|  |TAMS 0x0000000087d00000| PB 0x0000000087d00000| Untracked 
|  96|0x0000000087e00000, 0x0000000087e00000, 0x0000000087f00000|  0%| F|  |TAMS 0x0000000087e00000| PB 0x0000000087e00000| Untracked 
|  97|0x0000000087f00000, 0x0000000087f00000, 0x0000000088000000|  0%| F|  |TAMS 0x0000000087f00000| PB 0x0000000087f00000| Untracked 
|  98|0x0000000088000000, 0x0000000088000000, 0x0000000088100000|  0%| F|  |TAMS 0x0000000088000000| PB 0x0000000088000000| Untracked 
|  99|0x0000000088100000, 0x0000000088100000, 0x0000000088200000|  0%| F|  |TAMS 0x0000000088100000| PB 0x0000000088100000| Untracked 
| 100|0x0000000088200000, 0x0000000088200000, 0x0000000088300000|  0%| F|  |TAMS 0x0000000088200000| PB 0x0000000088200000| Untracked 
| 101|0x0000000088300000, 0x0000000088300000, 0x0000000088400000|  0%| F|  |TAMS 0x0000000088300000| PB 0x0000000088300000| Untracked 
| 102|0x0000000088400000, 0x0000000088400000, 0x0000000088500000|  0%| F|  |TAMS 0x0000000088400000| PB 0x0000000088400000| Untracked 
| 103|0x0000000088500000, 0x0000000088500000, 0x0000000088600000|  0%| F|  |TAMS 0x0000000088500000| PB 0x0000000088500000| Untracked 
| 104|0x0000000088600000, 0x0000000088600000, 0x0000000088700000|  0%| F|  |TAMS 0x0000000088600000| PB 0x0000000088600000| Untracked 
| 105|0x0000000088700000, 0x0000000088700000, 0x0000000088800000|  0%| F|  |TAMS 0x0000000088700000| PB 0x0000000088700000| Untracked 
| 106|0x0000000088800000, 0x0000000088800000, 0x0000000088900000|  0%| F|  |TAMS 0x0000000088800000| PB 0x0000000088800000| Untracked 
| 107|0x0000000088900000, 0x0000000088900000, 0x0000000088a00000|  0%| F|  |TAMS 0x0000000088900000| PB 0x0000000088900000| Untracked 
| 108|0x0000000088a00000, 0x0000000088a00000, 0x0000000088b00000|  0%| F|  |TAMS 0x0000000088a00000| PB 0x0000000088a00000| Untracked 
| 109|0x0000000088b00000, 0x0000000088b00000, 0x0000000088c00000|  0%| F|  |TAMS 0x0000000088b00000| PB 0x0000000088b00000| Untracked 
| 110|0x0000000088c00000, 0x0000000088c00000, 0x0000000088d00000|  0%| F|  |TAMS 0x0000000088c00000| PB 0x0000000088c00000| Untracked 
| 111|0x0000000088d00000, 0x0000000088d00000, 0x0000000088e00000|  0%| F|  |TAMS 0x0000000088d00000| PB 0x0000000088d00000| Untracked 
| 112|0x0000000088e00000, 0x0000000088e00000, 0x0000000088f00000|  0%| F|  |TAMS 0x0000000088e00000| PB 0x0000000088e00000| Untracked 
| 113|0x0000000088f00000, 0x0000000089000000, 0x0000000089000000|100%| S|CS|TAMS 0x0000000088f00000| PB 0x0000000088f00000| Complete 
| 114|0x0000000089000000, 0x0000000089100000, 0x0000000089100000|100%| S|CS|TAMS 0x0000000089000000| PB 0x0000000089000000| Complete 
| 115|0x0000000089100000, 0x0000000089100000, 0x0000000089200000|  0%| F|  |TAMS 0x0000000089100000| PB 0x0000000089100000| Untracked 
| 116|0x0000000089200000, 0x0000000089200000, 0x0000000089300000|  0%| F|  |TAMS 0x0000000089200000| PB 0x0000000089200000| Untracked 
| 117|0x0000000089300000, 0x0000000089300000, 0x0000000089400000|  0%| F|  |TAMS 0x0000000089300000| PB 0x0000000089300000| Untracked 
| 118|0x0000000089400000, 0x0000000089400000, 0x0000000089500000|  0%| F|  |TAMS 0x0000000089400000| PB 0x0000000089400000| Untracked 
| 119|0x0000000089500000, 0x0000000089500000, 0x0000000089600000|  0%| F|  |TAMS 0x0000000089500000| PB 0x0000000089500000| Untracked 
| 120|0x0000000089600000, 0x0000000089600000, 0x0000000089700000|  0%| F|  |TAMS 0x0000000089600000| PB 0x0000000089600000| Untracked 
| 121|0x0000000089700000, 0x0000000089700000, 0x0000000089800000|  0%| F|  |TAMS 0x0000000089700000| PB 0x0000000089700000| Untracked 
| 122|0x0000000089800000, 0x0000000089800000, 0x0000000089900000|  0%| F|  |TAMS 0x0000000089800000| PB 0x0000000089800000| Untracked 
| 123|0x0000000089900000, 0x0000000089900000, 0x0000000089a00000|  0%| F|  |TAMS 0x0000000089900000| PB 0x0000000089900000| Untracked 
| 124|0x0000000089a00000, 0x0000000089a00000, 0x0000000089b00000|  0%| F|  |TAMS 0x0000000089a00000| PB 0x0000000089a00000| Untracked 
| 125|0x0000000089b00000, 0x0000000089b35110, 0x0000000089c00000| 20%| E|  |TAMS 0x0000000089b00000| PB 0x0000000089b00000| Complete 
| 126|0x0000000089c00000, 0x0000000089d00000, 0x0000000089d00000|100%| E|CS|TAMS 0x0000000089c00000| PB 0x0000000089c00000| Complete 
| 127|0x0000000089d00000, 0x0000000089e00000, 0x0000000089e00000|100%| E|CS|TAMS 0x0000000089d00000| PB 0x0000000089d00000| Complete 

Card table byte_map: [0x0000026aad140000,0x0000026aad540000] _byte_map_base: 0x0000026aacd31000

Marking Bits: (CMBitMap*) 0x0000026a95cd9830
 Bits: [0x0000026aad940000, 0x0000026aaf8c8000)

Polling page: 0x0000026a93ab0000

Metaspace:

Usage:
  Non-class:     10.11 MB used.
      Class:      1.22 MB used.
       Both:     11.33 MB used.

Virtual space:
  Non-class space:       64.00 MB reserved,      10.19 MB ( 16%) committed,  1 nodes.
      Class space:        1.00 GB reserved,       1.31 MB ( <1%) committed,  1 nodes.
             Both:        1.06 GB reserved,      11.50 MB (  1%) committed. 

Chunk freelists:
   Non-Class:  1.00 MB
       Class:  2.70 MB
        Both:  3.70 MB

MaxMetaspaceSize: unlimited
CompressedClassSpaceSize: 1.00 GB
Initial GC threshold: 21.00 MB
Current GC threshold: 21.00 MB
CDS: on
MetaspaceReclaimPolicy: balanced
 - commit_granule_bytes: 65536.
 - commit_granule_words: 8192.
 - virtual_space_node_default_size: 8388608.
 - enlarge_chunks_in_place: 1.
 - new_chunks_are_fully_committed: 0.
 - uncommit_free_chunks: 1.
 - use_allocation_guard: 0.


Internal statistics:

num_allocs_failed_limit: 0.
num_arena_births: 154.
num_arena_deaths: 0.
num_vsnodes_births: 2.
num_vsnodes_deaths: 0.
num_space_committed: 184.
num_space_uncommitted: 0.
num_chunks_returned_to_freelist: 0.
num_chunks_taken_from_freelist: 299.
num_chunk_merges: 0.
num_chunk_splits: 184.
num_chunks_enlarged: 107.
num_inconsistent_stats: 0.

CodeHeap 'non-profiled nmethods': size=120000Kb used=410Kb max_used=410Kb free=119589Kb
 bounds [0x0000026aa5810000, 0x0000026aa5a80000, 0x0000026aacd40000]
CodeHeap 'profiled nmethods': size=120000Kb used=1844Kb max_used=1844Kb free=118156Kb
 bounds [0x0000026a9dd40000, 0x0000026a9dfb0000, 0x0000026aa5270000]
CodeHeap 'non-nmethods': size=5760Kb used=1592Kb max_used=1610Kb free=4168Kb
 bounds [0x0000026aa5270000, 0x0000026aa54e0000, 0x0000026aa5810000]
 total_blobs=1800 nmethods=1197 adapters=514
 compilation: enabled
              stopped_count=0, restarted_count=0
 full_count=0

Compilation events (20 events):
Event: 1.704 Thread 0x0000026ab1da7210 nmethod 1188 0x0000026a9df0a090 code [0x0000026a9df0a220, 0x0000026a9df0a3a0]
Event: 1.704 Thread 0x0000026ab1da7210 1190       3       java.lang.StringLatin1::indexOf (25 bytes)
Event: 1.705 Thread 0x0000026ab1da7210 nmethod 1190 0x0000026a9df0a410 code [0x0000026a9df0a5c0, 0x0000026a9df0a7c0]
Event: 1.705 Thread 0x0000026ab1da7210 1191       3       java.lang.String::contains (19 bytes)
Event: 1.705 Thread 0x0000026ab1da7210 nmethod 1191 0x0000026a9df0a890 code [0x0000026a9df0aa40, 0x0000026a9df0aca8]
Event: 1.705 Thread 0x0000026ab1da7210 1192       3       java.util.stream.AbstractPipeline::isParallel (8 bytes)
Event: 1.705 Thread 0x0000026ab1da7210 nmethod 1192 0x0000026a9df0ad90 code [0x0000026a9df0af20, 0x0000026a9df0b038]
Event: 1.705 Thread 0x0000026ab1da7210 1193       3       java.util.EnumSet::of (16 bytes)
Event: 1.706 Thread 0x0000026ab1da7210 nmethod 1193 0x0000026a9df0b110 code [0x0000026a9df0b2e0, 0x0000026a9df0b5d8]
Event: 1.707 Thread 0x0000026ab1da7210 1194       3       sun.security.ssl.SSLAlgorithmConstraints::permits (96 bytes)
Event: 1.708 Thread 0x0000026ab1da7210 nmethod 1194 0x0000026a9df0b790 code [0x0000026a9df0b960, 0x0000026a9df0be58]
Event: 1.708 Thread 0x0000026ab1da7210 1195       3       sun.security.ssl.CipherSuite::isAvailable (52 bytes)
Event: 1.709 Thread 0x0000026ab1da7210 nmethod 1195 0x0000026a9df0bf90 code [0x0000026a9df0c140, 0x0000026a9df0c4c8]
Event: 1.709 Thread 0x0000026ab1da7210 1196       3       sun.security.ssl.CipherSuite$KeyExchange::isAvailable (46 bytes)
Event: 1.709 Thread 0x0000026ab1da7210 nmethod 1196 0x0000026a9df0c610 code [0x0000026a9df0c7c0, 0x0000026a9df0cab0]
Event: 1.710 Thread 0x0000026ab1da7210 1197       3       java.lang.Byte::<init> (10 bytes)
Event: 1.710 Thread 0x0000026ab1da7210 nmethod 1197 0x0000026a9df0cb90 code [0x0000026a9df0cd20, 0x0000026a9df0cef0]
Event: 1.722 Thread 0x0000026ab1da60f0 nmethod 1175 0x0000026aa5873510 code [0x0000026aa58736e0, 0x0000026aa58741b8]
Event: 1.722 Thread 0x0000026ab1da60f0 1182       4       java.lang.String::toString (2 bytes)
Event: 1.723 Thread 0x0000026ab1da60f0 nmethod 1182 0x0000026aa5874910 code [0x0000026aa5874a80, 0x0000026aa5874b08]

GC Heap History (2 events):
Event: 1.451 GC heap before
{Heap before GC invocations=0 (full 0):
 garbage-first heap   total 131072K, used 13312K [0x0000000081e00000, 0x0000000100000000)
  region size 1024K, 13 young (13312K), 0 survivors (0K)
 Metaspace       used 9189K, committed 9408K, reserved 1114112K
  class space    used 983K, committed 1088K, reserved 1048576K
}
Event: 1.461 GC heap after
{Heap after GC invocations=1 (full 0):
 garbage-first heap   total 131072K, used 3600K [0x0000000081e00000, 0x0000000100000000)
  region size 1024K, 2 young (2048K), 2 survivors (2048K)
 Metaspace       used 9189K, committed 9408K, reserved 1114112K
  class space    used 983K, committed 1088K, reserved 1048576K
}

Dll operation events (9 events):
Event: 0.015 Loaded shared library C:\Program Files\Java\jdk-20\bin\java.dll
Event: 0.031 Loaded shared library C:\Program Files\Java\jdk-20\bin\jsvml.dll
Event: 0.152 Loaded shared library C:\Program Files\Java\jdk-20\bin\net.dll
Event: 0.156 Loaded shared library C:\Program Files\Java\jdk-20\bin\nio.dll
Event: 0.219 Loaded shared library C:\Program Files\Java\jdk-20\bin\zip.dll
Event: 0.250 Loaded shared library C:\Program Files\Java\jdk-20\bin\jimage.dll
Event: 0.303 Loaded shared library C:\Program Files\Java\jdk-20\bin\awt.dll
Event: 1.168 Loaded shared library C:\Program Files\Java\jdk-20\bin\extnet.dll
Event: 1.649 Loaded shared library C:\Program Files\Java\jdk-20\bin\sunmscapi.dll

Deoptimization events (20 events):
Event: 1.491 Thread 0x0000026a95c76080 Uncommon trap: trap_request=0xffffffc6 fr.pc=0x0000026aa5868d90 relative=0x00000000000002d0
Event: 1.491 Thread 0x0000026a95c76080 Uncommon trap: reason=bimorphic_or_optimized_type_check action=maybe_recompile pc=0x0000026aa5868d90 method=java.util.concurrent.ConcurrentHashMap.get(Ljava/lang/Object;)Ljava/lang/Object; @ 149 c2
Event: 1.491 Thread 0x0000026a95c76080 DEOPT PACKING pc=0x0000026aa5868d90 sp=0x000000f2417fc980
Event: 1.491 Thread 0x0000026a95c76080 DEOPT UNPACKING pc=0x0000026aa52d9d22 sp=0x000000f2417fc8f0 mode 2
Event: 1.493 Thread 0x0000026a95c76080 Uncommon trap: trap_request=0xffffffc6 fr.pc=0x0000026aa5868d90 relative=0x00000000000002d0
Event: 1.493 Thread 0x0000026a95c76080 Uncommon trap: reason=bimorphic_or_optimized_type_check action=maybe_recompile pc=0x0000026aa5868d90 method=java.util.concurrent.ConcurrentHashMap.get(Ljava/lang/Object;)Ljava/lang/Object; @ 149 c2
Event: 1.493 Thread 0x0000026a95c76080 DEOPT PACKING pc=0x0000026aa5868d90 sp=0x000000f2417fc610
Event: 1.493 Thread 0x0000026a95c76080 DEOPT UNPACKING pc=0x0000026aa52d9d22 sp=0x000000f2417fc580 mode 2
Event: 1.634 Thread 0x0000026a95c76080 Uncommon trap: trap_request=0xffffffc6 fr.pc=0x0000026aa5868d90 relative=0x00000000000002d0
Event: 1.634 Thread 0x0000026a95c76080 Uncommon trap: reason=bimorphic_or_optimized_type_check action=maybe_recompile pc=0x0000026aa5868d90 method=java.util.concurrent.ConcurrentHashMap.get(Ljava/lang/Object;)Ljava/lang/Object; @ 149 c2
Event: 1.634 Thread 0x0000026a95c76080 DEOPT PACKING pc=0x0000026aa5868d90 sp=0x000000f2417fe080
Event: 1.634 Thread 0x0000026a95c76080 DEOPT UNPACKING pc=0x0000026aa52d9d22 sp=0x000000f2417fdff0 mode 2
Event: 1.661 Thread 0x0000026a95c76080 Uncommon trap: trap_request=0xffffff45 fr.pc=0x0000026aa586af04 relative=0x0000000000000264
Event: 1.661 Thread 0x0000026a95c76080 Uncommon trap: reason=unstable_if action=reinterpret pc=0x0000026aa586af04 method=java.util.HashMap.putVal(ILjava/lang/Object;Ljava/lang/Object;ZZ)Ljava/lang/Object; @ 162 c2
Event: 1.661 Thread 0x0000026a95c76080 DEOPT PACKING pc=0x0000026aa586af04 sp=0x000000f2417fc480
Event: 1.661 Thread 0x0000026a95c76080 DEOPT UNPACKING pc=0x0000026aa52d9d22 sp=0x000000f2417fc3b8 mode 2
Event: 1.665 Thread 0x0000026a95c76080 Uncommon trap: trap_request=0xffffffc6 fr.pc=0x0000026aa5868d90 relative=0x00000000000002d0
Event: 1.665 Thread 0x0000026a95c76080 Uncommon trap: reason=bimorphic_or_optimized_type_check action=maybe_recompile pc=0x0000026aa5868d90 method=java.util.concurrent.ConcurrentHashMap.get(Ljava/lang/Object;)Ljava/lang/Object; @ 149 c2
Event: 1.665 Thread 0x0000026a95c76080 DEOPT PACKING pc=0x0000026aa5868d90 sp=0x000000f2417fd2f0
Event: 1.665 Thread 0x0000026a95c76080 DEOPT UNPACKING pc=0x0000026aa52d9d22 sp=0x000000f2417fd250 mode 2

Classes loaded (20 events):
Event: 1.721 Loading class sun/security/ssl/SupportedGroupsExtension$EESupportedGroupsConsumer done
Event: 1.721 Loading class sun/security/ssl/ECPointFormatsExtension
Event: 1.721 Loading class sun/security/ssl/ECPointFormatsExtension done
Event: 1.721 Loading class sun/security/ssl/ECPointFormatsExtension$CHECPointFormatsProducer
Event: 1.722 Loading class sun/security/ssl/ECPointFormatsExtension$CHECPointFormatsProducer done
Event: 1.722 Loading class sun/security/ssl/ECPointFormatsExtension$CHECPointFormatsConsumer
Event: 1.722 Loading class sun/security/ssl/ECPointFormatsExtension$CHECPointFormatsConsumer done
Event: 1.722 Loading class sun/security/ssl/ECPointFormatsExtension$SHECPointFormatsConsumer
Event: 1.722 Loading class sun/security/ssl/ECPointFormatsExtension$SHECPointFormatsConsumer done
Event: 1.722 Loading class sun/security/ssl/ECPointFormatsExtension$ECPointFormatsStringizer
Event: 1.722 Loading class sun/security/ssl/ECPointFormatsExtension$ECPointFormatsStringizer done
Event: 1.722 Loading class sun/security/ssl/AlpnExtension
Event: 1.722 Loading class sun/security/ssl/AlpnExtension done
Event: 1.722 Loading class sun/security/ssl/AlpnExtension$CHAlpnProducer
Event: 1.723 Loading class sun/security/ssl/AlpnExtension$CHAlpnProducer done
Event: 1.723 Loading class sun/security/ssl/AlpnExtension$CHAlpnConsumer
Event: 1.723 Loading class sun/security/ssl/AlpnExtension$CHAlpnConsumer done
Event: 1.723 Loading class sun/security/ssl/AlpnExtension$CHAlpnAbsence
Event: 1.723 Loading class sun/security/ssl/AlpnExtension$CHAlpnAbsence done
Event: 1.723 Loading class sun/security/ssl/AlpnExtension$SHAlpnProducer

Classes unloaded (0 events):
No events

Classes redefined (0 events):
No events

Internal exceptions (20 events):
Event: 0.162 Thread 0x0000026a95c76080 Exception <a 'sun/nio/fs/WindowsException'{0x0000000089c42168}> (0x0000000089c42168) 
thrown [s\open\src\hotspot\share\prims\jni.cpp, line 519]
Event: 0.163 Thread 0x0000026a95c76080 Exception <a 'sun/nio/fs/WindowsException'{0x0000000089c42c70}> (0x0000000089c42c70) 
thrown [s\open\src\hotspot\share\prims\jni.cpp, line 519]
Event: 0.163 Thread 0x0000026a95c76080 Exception <a 'sun/nio/fs/WindowsException'{0x0000000089c86438}> (0x0000000089c86438) 
thrown [s\open\src\hotspot\share\prims\jni.cpp, line 519]
Event: 0.263 Thread 0x0000026a95c76080 Exception <a 'java/lang/ClassNotFoundException'{0x0000000089b49a50}: sun/awt/resources/spi/awtProvider> (0x0000000089b49a50) 
thrown [s\open\src\hotspot\share\classfile\systemDictionary.cpp, line 305]
Event: 0.349 Thread 0x0000026a95c76080 Exception <a 'java/io/FileNotFoundException'{0x0000000089ba0698}> (0x0000000089ba0698) 
thrown [s\open\src\hotspot\share\prims\jni.cpp, line 519]
Event: 0.370 Thread 0x0000026a95c76080 Exception <a 'java/io/FileNotFoundException'{0x0000000089a02358}> (0x0000000089a02358) 
thrown [s\open\src\hotspot\share\prims\jni.cpp, line 519]
Event: 0.645 Thread 0x0000026a95c76080 Exception <a 'java/lang/NoSuchMethodError'{0x0000000089911828}: 'void java.lang.invoke.DirectMethodHandle$Holder.invokeSpecial(java.lang.Object, java.lang.Object, java.lang.Object)'> (0x0000000089911828) 
thrown [s\open\src\hotspot\share\interpreter\linkResolver.cpp, line 773]
Event: 0.669 Thread 0x0000026a95c76080 Exception <a 'java/lang/NoSuchMethodError'{0x000000008993bf78}: 'java.lang.Object java.lang.invoke.DirectMethodHandle$Holder.newInvokeSpecial(java.lang.Object, java.lang.Object, java.lang.Object, java.lang.Object, java.lang.Object)'> (0x000000008993bf78) 
thrown [s\open\src\hotspot\share\interpreter\linkResolver.cpp, line 773]
Event: 0.690 Thread 0x0000026a95c76080 Exception <a 'java/lang/NoSuchMethodError'{0x000000008996ca68}: 'java.lang.Object java.lang.invoke.DirectMethodHandle$Holder.invokeStatic(java.lang.Object, int, java.lang.Object)'> (0x000000008996ca68) 
thrown [s\open\src\hotspot\share\interpreter\linkResolver.cpp, line 773]
Event: 0.774 Thread 0x0000026a95c76080 Exception <a 'java/lang/ClassNotFoundException'{0x00000000898285c0}: com/sun/swing/internal/plaf/metal/resources/spi/metalProvider> (0x00000000898285c0) 
thrown [s\open\src\hotspot\share\classfile\systemDictionary.cpp, line 305]
Event: 0.776 Thread 0x0000026a95c76080 Exception <a 'java/lang/ClassNotFoundException'{0x000000008982c570}: com/sun/swing/internal/plaf/basic/resources/spi/basicProvider> (0x000000008982c570) 
thrown [s\open\src\hotspot\share\classfile\systemDictionary.cpp, line 305]
Event: 0.795 Thread 0x0000026a95c76080 Exception <a 'java/lang/NoSuchMethodError'{0x000000008984b8e0}: 'int java.lang.invoke.Invokers$Holder.invokeExact_MT(java.lang.Object, java.lang.Object)'> (0x000000008984b8e0) 
thrown [s\open\src\hotspot\share\interpreter\linkResolver.cpp, line 773]
Event: 0.939 Thread 0x0000026a95c76080 Exception <a 'java/lang/NoSuchMethodError'{0x00000000897836e0}: 'java.lang.Object java.lang.invoke.DirectMethodHandle$Holder.invokeInterface(java.lang.Object, java.lang.Object)'> (0x00000000897836e0) 
thrown [s\open\src\hotspot\share\interpreter\linkResolver.cpp, line 773]
Event: 1.003 Thread 0x0000026a95c76080 Exception <a 'java/lang/NoSuchMethodError'{0x00000000897fbd40}: 'void java.lang.invoke.DirectMethodHandle$Holder.invokeStatic(java.lang.Object, java.lang.Object, java.lang.Object)'> (0x00000000897fbd40) 
thrown [s\open\src\hotspot\share\interpreter\linkResolver.cpp, line 773]
Event: 1.007 Thread 0x0000026a95c76080 Exception <a 'java/lang/NoSuchMethodError'{0x0000000089605cf0}: 'java.lang.Object java.lang.invoke.DirectMethodHandle$Holder.invokeVirtual(java.lang.Object, java.lang.Object, java.lang.Object)'> (0x0000000089605cf0) 
thrown [s\open\src\hotspot\share\interpreter\linkResolver.cpp, line 773]
Event: 1.170 Thread 0x0000026a95c76080 Exception <a 'java/lang/NoSuchMethodError'{0x00000000894fb4e8}: 'void java.lang.invoke.DirectMethodHandle$Holder.invokeStatic(java.lang.Object, java.lang.Object)'> (0x00000000894fb4e8) 
thrown [s\open\src\hotspot\share\interpreter\linkResolver.cpp, line 773]
Event: 1.316 Thread 0x0000026a95c76080 Exception <a 'java/lang/NoSuchMethodError'{0x00000000892bb590}: 'void java.lang.invoke.DirectMethodHandle$Holder.invokeStaticInit(java.lang.Object, java.lang.Object)'> (0x00000000892bb590) 
thrown [s\open\src\hotspot\share\interpreter\linkResolver.cpp, line 773]
Event: 1.433 Thread 0x0000026a95c76080 Exception <a 'sun/nio/fs/WindowsException'{0x00000000891e5750}> (0x00000000891e5750) 
thrown [s\open\src\hotspot\share\prims\jni.cpp, line 519]
Event: 1.527 Thread 0x0000026a95c76080 Exception <a 'java/lang/NoSuchMethodError'{0x0000000089dd1358}: 'java.lang.Object java.lang.invoke.DirectMethodHandle$Holder.invokeStaticInit(java.lang.Object, int, int, int, int)'> (0x0000000089dd1358) 
thrown [s\open\src\hotspot\share\interpreter\linkResolver.cpp, line 773]
Event: 1.611 Thread 0x0000026a95c76080 Exception <a 'java/lang/NoSuchMethodError'{0x0000000089c68020}: 'java.lang.Object java.lang.invoke.DirectMethodHandle$Holder.invokeStaticInit(java.lang.Object, java.lang.Object, int, int, int, int)'> (0x0000000089c68020) 
thrown [s\open\src\hotspot\share\interpreter\linkResolver.cpp, line 773]

VM Operations (14 events):
Event: 0.166 Executing VM operation: HandshakeAllThreads
Event: 0.166 Executing VM operation: HandshakeAllThreads done
Event: 0.392 Executing VM operation: HandshakeAllThreads
Event: 0.392 Executing VM operation: HandshakeAllThreads done
Event: 0.831 Executing VM operation: HandshakeAllThreads
Event: 0.831 Executing VM operation: HandshakeAllThreads done
Event: 0.899 Executing VM operation: HandshakeAllThreads
Event: 0.899 Executing VM operation: HandshakeAllThreads done
Event: 1.146 Executing VM operation: HandshakeAllThreads
Event: 1.146 Executing VM operation: HandshakeAllThreads done
Event: 1.146 Executing VM operation: Cleanup
Event: 1.146 Executing VM operation: Cleanup done
Event: 1.451 Executing VM operation: G1CollectForAllocation
Event: 1.461 Executing VM operation: G1CollectForAllocation done

Events (17 events):
Event: 0.032 Thread 0x0000026a95c76080 Thread added: 0x0000026a95c76080
Event: 0.058 Thread 0x0000026ab1d88030 Thread added: 0x0000026ab1d88030
Event: 0.058 Thread 0x0000026ab1d8f5f0 Thread added: 0x0000026ab1d8f5f0
Event: 0.059 Thread 0x0000026ab1d928f0 Thread added: 0x0000026ab1d928f0
Event: 0.059 Thread 0x0000026ab1d913b0 Thread added: 0x0000026ab1d913b0
Event: 0.059 Thread 0x0000026ab1d93e30 Thread added: 0x0000026ab1d93e30
Event: 0.059 Thread 0x0000026ab1d91900 Thread added: 0x0000026ab1d91900
Event: 0.059 Thread 0x0000026ab1da60f0 Thread added: 0x0000026ab1da60f0
Event: 0.060 Thread 0x0000026ab1da7210 Thread added: 0x0000026ab1da7210
Event: 0.124 Thread 0x0000026ab1d93390 Thread added: 0x0000026ab1d93390
Event: 0.202 Thread 0x0000026ab1d92e40 Thread added: 0x0000026ab1d92e40
Event: 0.493 Thread 0x0000026ab1d938e0 Thread added: 0x0000026ab1d938e0
Event: 0.499 Thread 0x0000026ab1d923a0 Thread added: 0x0000026ab1d923a0
Event: 0.560 Thread 0x0000026ab1d94380 Thread added: 0x0000026ab1d94380
Event: 0.872 Thread 0x0000026ab1d90e60 Thread added: 0x0000026ab1d90e60
Event: 0.972 Thread 0x0000026ab63c08b0 Thread added: 0x0000026ab63c08b0
Event: 1.606 Thread 0x0000026ab1d923a0 Thread exited: 0x0000026ab1d923a0


Dynamic libraries:
0x00007ff79cc30000 - 0x00007ff79cc40000 	C:\Program Files\Java\jdk-20\bin\java.exe
0x00007ffb2ba30000 - 0x00007ffb2bc28000 	C:\Windows\SYSTEM32\ntdll.dll
0x00007ffb2a4d0000 - 0x00007ffb2a58f000 	C:\Windows\System32\KERNEL32.DLL
0x00007ffb297b0000 - 0x00007ffb29a8a000 	C:\Windows\System32\KERNELBASE.dll
0x00007ffb292f0000 - 0x00007ffb293f0000 	C:\Windows\System32\ucrtbase.dll
0x00007ffb02530000 - 0x00007ffb0254b000 	C:\Program Files\Java\jdk-20\bin\VCRUNTIME140.dll
0x00007ffb13900000 - 0x00007ffb13919000 	C:\Program Files\Java\jdk-20\bin\jli.dll
0x00007ffb2b0f0000 - 0x00007ffb2b19e000 	C:\Windows\System32\ADVAPI32.dll
0x00007ffb29c20000 - 0x00007ffb29cbe000 	C:\Windows\System32\msvcrt.dll
0x00007ffb2b1a0000 - 0x00007ffb2b23c000 	C:\Windows\System32\sechost.dll
0x00007ffb2b4d0000 - 0x00007ffb2b5f6000 	C:\Windows\System32\RPCRT4.dll
0x00007ffb2a890000 - 0x00007ffb2aa2d000 	C:\Windows\System32\USER32.dll
0x00007ffb293f0000 - 0x00007ffb29412000 	C:\Windows\System32\win32u.dll
0x00007ffb16740000 - 0x00007ffb169da000 	C:\Windows\WinSxS\amd64_microsoft.windows.common-controls_6595b64144ccf1df_6.0.19041.1110_none_60b5254171f9507e\COMCTL32.dll
0x00007ffb29bd0000 - 0x00007ffb29bfb000 	C:\Windows\System32\GDI32.dll
0x00007ffb291e0000 - 0x00007ffb292f0000 	C:\Windows\System32\gdi32full.dll
0x00007ffb29140000 - 0x00007ffb291dd000 	C:\Windows\System32\msvcp_win.dll
0x00007ffb18b40000 - 0x00007ffb18b4a000 	C:\Windows\SYSTEM32\VERSION.dll
0x00007ffb2b9c0000 - 0x00007ffb2b9f0000 	C:\Windows\System32\IMM32.DLL
0x00007ffb18be0000 - 0x00007ffb18bec000 	C:\Program Files\Java\jdk-20\bin\vcruntime140_1.dll
0x00007ffb01270000 - 0x00007ffb012fe000 	C:\Program Files\Java\jdk-20\bin\msvcp140.dll
0x00007ffafd0a0000 - 0x00007ffafdd37000 	C:\Program Files\Java\jdk-20\bin\server\jvm.dll
0x00007ffb1a680000 - 0x00007ffb1a689000 	C:\Windows\SYSTEM32\WSOCK32.dll
0x00007ffb14b00000 - 0x00007ffb14b27000 	C:\Windows\SYSTEM32\WINMM.dll
0x00007ffb2b2d0000 - 0x00007ffb2b33b000 	C:\Windows\System32\WS2_32.dll
0x00007ffb27000000 - 0x00007ffb27012000 	C:\Windows\SYSTEM32\kernel.appcore.dll
0x00007ffb17850000 - 0x00007ffb1785a000 	C:\Program Files\Java\jdk-20\bin\jimage.dll
0x00007ffb17fc0000 - 0x00007ffb181a4000 	C:\Windows\SYSTEM32\DBGHELP.DLL
0x00007ffb17ed0000 - 0x00007ffb17f04000 	C:\Windows\SYSTEM32\dbgcore.DLL
0x00007ffb296f0000 - 0x00007ffb29772000 	C:\Windows\System32\bcryptPrimitives.dll
0x00007ffb02500000 - 0x00007ffb02526000 	C:\Program Files\Java\jdk-20\bin\java.dll
0x00007ffb01530000 - 0x00007ffb01607000 	C:\Program Files\Java\jdk-20\bin\jsvml.dll
0x00007ffb29cc0000 - 0x00007ffb2a404000 	C:\Windows\System32\SHELL32.dll
0x00007ffb27200000 - 0x00007ffb27993000 	C:\Windows\SYSTEM32\windows.storage.dll
0x00007ffb2b600000 - 0x00007ffb2b954000 	C:\Windows\System32\combase.dll
0x00007ffb28ac0000 - 0x00007ffb28aee000 	C:\Windows\SYSTEM32\Wldp.dll
0x00007ffb2b340000 - 0x00007ffb2b3ed000 	C:\Windows\System32\SHCORE.dll
0x00007ffb2a410000 - 0x00007ffb2a465000 	C:\Windows\System32\shlwapi.dll
0x00007ffb29080000 - 0x00007ffb2909f000 	C:\Windows\SYSTEM32\profapi.dll
0x00007ffb02120000 - 0x00007ffb02133000 	C:\Program Files\Java\jdk-20\bin\net.dll
0x00007ffb1bf20000 - 0x00007ffb1c02a000 	C:\Windows\SYSTEM32\WINHTTP.dll
0x00007ffb28820000 - 0x00007ffb2888a000 	C:\Windows\system32\mswsock.dll
0x00007ffb014c0000 - 0x00007ffb014d6000 	C:\Program Files\Java\jdk-20\bin\nio.dll
0x00007ffb014a0000 - 0x00007ffb014b8000 	C:\Program Files\Java\jdk-20\bin\zip.dll
0x00007ffb01300000 - 0x00007ffb01491000 	C:\Program Files\Java\jdk-20\bin\awt.dll
0x00007ffb2a590000 - 0x00007ffb2a65d000 	C:\Windows\System32\OLEAUT32.dll
0x00007ffb26940000 - 0x00007ffb269d0000 	C:\Windows\SYSTEM32\apphelp.dll
0x00007ffb26d10000 - 0x00007ffb26d3f000 	C:\Windows\system32\DWMAPI.DLL
0x00007ffb26af0000 - 0x00007ffb26b8e000 	C:\Windows\system32\uxtheme.dll
0x00007ffb0cd20000 - 0x00007ffb0ce45000 	C:\Windows\system32\opengl32.dll
0x00007ffb13bd0000 - 0x00007ffb13bfc000 	C:\Windows\SYSTEM32\GLU32.dll
0x00007ffb2a6c0000 - 0x00007ffb2a7d4000 	C:\Windows\System32\MSCTF.dll
0x00007ffb29a90000 - 0x00007ffb29bba000 	C:\Windows\System32\ole32.dll
0x00007ffb28550000 - 0x00007ffb2861b000 	C:\Windows\SYSTEM32\DNSAPI.dll
0x00007ffb28510000 - 0x00007ffb2854c000 	C:\Windows\SYSTEM32\IPHLPAPI.DLL
0x00007ffb2b0e0000 - 0x00007ffb2b0e8000 	C:\Windows\System32\NSI.dll
0x00007ffb1a320000 - 0x00007ffb1a32a000 	C:\Windows\System32\rasadhlp.dll
0x00007ffb1ac80000 - 0x00007ffb1ad00000 	C:\Windows\System32\fwpuclnt.dll
0x00007ffb29780000 - 0x00007ffb297a7000 	C:\Windows\System32\bcrypt.dll
0x00007ffb16340000 - 0x00007ffb16347000 	C:\Program Files\Java\jdk-20\bin\extnet.dll
0x00007ffb28a10000 - 0x00007ffb28a28000 	C:\Windows\SYSTEM32\CRYPTSP.dll
0x00007ffb28140000 - 0x00007ffb28174000 	C:\Windows\system32\rsaenh.dll
0x00007ffb29040000 - 0x00007ffb2906e000 	C:\Windows\SYSTEM32\USERENV.dll
0x00007ffb28a30000 - 0x00007ffb28a3c000 	C:\Windows\SYSTEM32\CRYPTBASE.dll
0x00007ffb1c560000 - 0x00007ffb1c577000 	C:\Windows\SYSTEM32\dhcpcsvc6.DLL
0x00007ffb1dc40000 - 0x00007ffb1dc5d000 	C:\Windows\SYSTEM32\dhcpcsvc.DLL
0x00007ffb23460000 - 0x00007ffb2346e000 	C:\Program Files\Java\jdk-20\bin\sunmscapi.dll
0x00007ffb29540000 - 0x00007ffb29696000 	C:\Windows\System32\CRYPT32.dll
0x00007ffb28b30000 - 0x00007ffb28b58000 	C:\Windows\SYSTEM32\ncrypt.dll
0x00007ffb28af0000 - 0x00007ffb28b2b000 	C:\Windows\SYSTEM32\NTASN1.dll

dbghelp: loaded successfully - version: 4.0.5 - missing functions: none
symbol engine: initialized successfully - sym options: 0x614 - pdb path: .;C:\Program Files\Java\jdk-20\bin;C:\Windows\SYSTEM32;C:\Windows\WinSxS\amd64_microsoft.windows.common-controls_6595b64144ccf1df_6.0.19041.1110_none_60b5254171f9507e;C:\Program Files\Java\jdk-20\bin\server

VM Arguments:
jvm_args: -Dfile.encoding=UTF-8 --module-path=C:\Users\DELL\Documents\NetBeansProjects\Hotel Management System\build\classes 
java_command: hotel.management.system.Department
java_class_path (initial): C:\Users\DELL\Downloads\mysql-connector-java-8.0.28.jar;C:\Users\DELL\Downloads\rs2xml.jar;C:\Users\DELL\Documents\NetBeansProjects\Hotel Management System\build\classes
Launcher Type: SUN_STANDARD

[Global flags]
     intx CICompilerCount                          = 3                                         {product} {ergonomic}
     uint ConcGCThreads                            = 1                                         {product} {ergonomic}
     uint G1ConcRefinementThreads                  = 4                                         {product} {ergonomic}
   size_t G1HeapRegionSize                         = 1048576                                   {product} {ergonomic}
    uintx GCDrainStackTargetSize                   = 64                                        {product} {ergonomic}
   size_t InitialHeapSize                          = 134217728                                 {product} {ergonomic}
   size_t MarkStackSize                            = 4194304                                   {product} {ergonomic}
   size_t MaxHeapSize                              = 2116026368                                {product} {ergonomic}
   size_t MaxNewSize                               = 1268776960                                {product} {ergonomic}
   size_t MinHeapDeltaBytes                        = 1048576                                   {product} {ergonomic}
   size_t MinHeapSize                              = 8388608                                   {product} {ergonomic}
    uintx NonNMethodCodeHeapSize                   = 5832780                                {pd product} {ergonomic}
    uintx NonProfiledCodeHeapSize                  = 122912730                              {pd product} {ergonomic}
    uintx ProfiledCodeHeapSize                     = 122912730                              {pd product} {ergonomic}
    uintx ReservedCodeCacheSize                    = 251658240                              {pd product} {ergonomic}
     bool SegmentedCodeCache                       = true                                      {product} {ergonomic}
   size_t SoftMaxHeapSize                          = 2116026368                             {manageable} {ergonomic}
     bool UseCompressedClassPointers               = true                           {product lp64_product} {ergonomic}
     bool UseCompressedOops                        = true                           {product lp64_product} {ergonomic}
     bool UseG1GC                                  = true                                      {product} {ergonomic}
     bool UseLargePagesIndividualAllocation        = false                                  {pd product} {ergonomic}

Logging:
Log output configuration:
 #0: stdout all=warning uptime,level,tags foldmultilines=false
 #1: stderr all=off uptime,level,tags foldmultilines=false

Environment Variables:
PATH=C:\Program Files\Common Files\Oracle\Java\javapath;C:\Windows\system32;C:\Windows;C:\Windows\System32\Wbem;C:\Windows\System32\WindowsPowerShell\v1.0\;C:\Windows\System32\OpenSSH\;C:\Program Files\Java\jdk-20\bin;C:\Users\DELL\AppData\Local\Microsoft\WindowsApps;C:\Program Files\Bandizip\;D:\IntelliJ IDEA 2023.2\bin;
USERNAME=DELL
OS=Windows_NT
PROCESSOR_IDENTIFIER=Intel64 Family 6 Model 58 Stepping 9, GenuineIntel
TMP=C:\Users\DELL\AppData\Local\Temp
TEMP=C:\Users\DELL\AppData\Local\Temp




---------------  S Y S T E M  ---------------

OS:
 Windows 10 , 64 bit Build 19041 (10.0.19041.2788)
OS uptime: 1 days 0:00 hours

CPU: total 4 (initial active 4) (2 cores per cpu, 2 threads per core) family 6 model 58 stepping 9 microcode 0x21, cx8, cmov, fxsr, ht, mmx, sse, sse2, sse3, ssse3, sse4.1, sse4.2, popcnt, tsc, tscinvbit, avx, erms, clmul, vzeroupper, clflush, rdtscp, f16c

Memory: 4k page, system-wide physical 8067M (1197M free)
TotalPageFile size 20926M (AvailPageFile size 3M)
current process WorkingSet (physical memory assigned to process): 76M, peak: 77M
current process commit charge ("private bytes"): 222M, peak: 222M

vm_info: Java HotSpot(TM) 64-Bit Server VM (20.0.1+9-29) for windows-amd64 JRE (20.0.1+9-29), built on 2023-03-07T13:56:11Z by "mach5one" with MS VC++ 17.1 (VS2022)

END.
