#
# There is insufficient memory for the Java Runtime Environment to continue.
# Native memory allocation (malloc) failed to allocate 131088 bytes for Chunk::new
# Possible reasons:
#   The system is out of physical RAM or swap space
#   The process is running with CompressedOops enabled, and the Java Heap may be blocking the growth of the native heap
# Possible solutions:
#   Reduce memory load on the system
#   Increase physical memory or swap space
#   Check if swap backing store is full
#   Decrease Java heap size (-Xmx/-Xms)
#   Decrease number of Java threads
#   Decrease Java thread stack sizes (-Xss)
#   Set larger code cache with -XX:ReservedCodeCacheSize=
#   JVM is running with Unscaled Compressed Oops mode in which the Java heap is
#     placed in the first 4GB address space. The Java Heap base address is the
#     maximum limit for the native heap growth. Please use -XX:HeapBaseMinAddress
#     to set the Java Heap base and to place the Java Heap above 4GB virtual address.
# This output file may be truncated or incomplete.
#
#  Out of Memory Error (arena.cpp:184), pid=17108, tid=8200
#
# JRE version: Java(TM) SE Runtime Environment (20.0.1+9) (build 20.0.1+9-29)
# Java VM: Java HotSpot(TM) 64-Bit Server VM (20.0.1+9-29, mixed mode, sharing, tiered, compressed oops, compressed class ptrs, g1 gc, windows-amd64)
# No core dump will be written. Minidumps are not enabled by default on client versions of Windows
#

---------------  S U M M A R Y ------------

Command Line: -Dfile.encoding=UTF-8 --module-path=C:\Users\DELL\Documents\NetBeansProjects\Hotel Management System\build\classes hotel.management.system.Department

Host: Intel(R) Core(TM) i3-3217U CPU @ 1.80GHz, 4 cores, 7G,  Windows 10 , 64 bit Build 19041 (10.0.19041.2788)
Time: Sat Sep 23 23:36:07 2023 Pacific Daylight Time elapsed time: 2.076603 seconds (0d 0h 0m 2s)

---------------  T H R E A D  ---------------

Current thread (0x00000157a2fa3a20):  JavaThread "C2 CompilerThread0" daemon [_thread_in_native, id=8200, stack(0x0000003ad0c00000,0x0000003ad0d00000)]


Current CompileTask:
C2:   2076 1306       4       sun.security.ec.ECOperations::setDouble (463 bytes)

Stack: [0x0000003ad0c00000,0x0000003ad0d00000]
Native frames: (J=compiled Java code, j=interpreted, Vv=VM code, C=native code)
V  [jvm.dll+0x6bb95a]
V  [jvm.dll+0x8485fa]
V  [jvm.dll+0x84a1f5]
V  [jvm.dll+0x84a8f3]
V  [jvm.dll+0x280b0f]
V  [jvm.dll+0xc2b11]
V  [jvm.dll+0xc2e35]
V  [jvm.dll+0xc2c34]
V  [jvm.dll+0x69987c]
V  [jvm.dll+0x5f17fb]
V  [jvm.dll+0x5dffe6]
V  [jvm.dll+0x5dfb45]
V  [jvm.dll+0x7b1733]
V  [jvm.dll+0x7a983a]
V  [jvm.dll+0x7b40d4]
V  [jvm.dll+0x5e3c97]
V  [jvm.dll+0x2543b4]
V  [jvm.dll+0x25477f]
V  [jvm.dll+0x24cf6d]
V  [jvm.dll+0x24a549]
V  [jvm.dll+0x1ce491]
V  [jvm.dll+0x259e1b]
V  [jvm.dll+0x2584f0]
V  [jvm.dll+0x3f2895]
V  [jvm.dll+0x7f4b56]
V  [jvm.dll+0x6ba5cb]
C  [ucrtbase.dll+0x21bb2]
C  [KERNEL32.DLL+0x17604]
C  [ntdll.dll+0x526a1]


---------------  P R O C E S S  ---------------

Threads class SMR info:
_java_thread_list=0x00000157a7f5b6d0, length=15, elements={
0x0000015786e793e0, 0x00000157a2f88fb0, 0x00000157a2f95de0, 0x00000157a2f99bc0,
0x00000157a2f9c610, 0x00000157a2f9cf50, 0x00000157a2fa2db0, 0x00000157a2fa3a20,
0x00000157a2fb07d0, 0x00000157a71be2e0, 0x00000157a71bfd70, 0x00000157a71bed80,
0x00000157a71bf2d0, 0x00000157a71bdd90, 0x00000157a7bec1f0
}

Java Threads: ( => current thread )
  0x0000015786e793e0 JavaThread "main" [_thread_in_Java, id=16820, stack(0x0000003acff00000,0x0000003ad0000000)]
  0x00000157a2f88fb0 JavaThread "Reference Handler" daemon [_thread_blocked, id=10376, stack(0x0000003ad0600000,0x0000003ad0700000)]
  0x00000157a2f95de0 JavaThread "Finalizer" daemon [_thread_blocked, id=16652, stack(0x0000003ad0700000,0x0000003ad0800000)]
  0x00000157a2f99bc0 JavaThread "Signal Dispatcher" daemon [_thread_blocked, id=17364, stack(0x0000003ad0800000,0x0000003ad0900000)]
  0x00000157a2f9c610 JavaThread "Attach Listener" daemon [_thread_blocked, id=16600, stack(0x0000003ad0900000,0x0000003ad0a00000)]
  0x00000157a2f9cf50 JavaThread "Service Thread" daemon [_thread_blocked, id=3924, stack(0x0000003ad0a00000,0x0000003ad0b00000)]
  0x00000157a2fa2db0 JavaThread "Monitor Deflation Thread" daemon [_thread_blocked, id=7012, stack(0x0000003ad0b00000,0x0000003ad0c00000)]
=>0x00000157a2fa3a20 JavaThread "C2 CompilerThread0" daemon [_thread_in_native, id=8200, stack(0x0000003ad0c00000,0x0000003ad0d00000)]
  0x00000157a2fb07d0 JavaThread "C1 CompilerThread0" daemon [_thread_in_native, id=15992, stack(0x0000003ad0d00000,0x0000003ad0e00000)]
  0x00000157a71be2e0 JavaThread "Common-Cleaner" daemon [_thread_blocked, id=16036, stack(0x0000003ad0e00000,0x0000003ad0f00000)]
  0x00000157a71bfd70 JavaThread "Notification Thread" daemon [_thread_blocked, id=13504, stack(0x0000003ad0f00000,0x0000003ad1000000)]
  0x00000157a71bed80 JavaThread "Java2D Disposer" daemon [_thread_blocked, id=4692, stack(0x0000003ad1100000,0x0000003ad1200000)]
  0x00000157a71bf2d0 JavaThread "AWT-Windows" daemon [_thread_in_native, id=2508, stack(0x0000003ad1300000,0x0000003ad1400000)]
  0x00000157a71bdd90 JavaThread "mysql-cj-abandoned-connection-cleanup" daemon [_thread_blocked, id=4156, stack(0x0000003ad1400000,0x0000003ad1500000)]
  0x00000157a7bec1f0 JavaThread "C2 CompilerThread1" daemon [_thread_in_native, id=5768, stack(0x0000003ad1500000,0x0000003ad1600000)]

Other Threads:
  0x00000157a2f6d600 VMThread "VM Thread" [stack: 0x0000003ad0500000,0x0000003ad0600000] [id=16908]
  0x00000157a720a510 WatcherThread "VM Periodic Task Thread" [stack: 0x0000003ad1000000,0x0000003ad1100000] [id=12376]
  0x0000015786eda2d0 WorkerThread "GC Thread#0" [stack: 0x0000003ad0000000,0x0000003ad0100000] [id=9708]
  0x00000157a7ce6450 WorkerThread "GC Thread#1" [stack: 0x0000003ad1600000,0x0000003ad1700000] [id=17396]
  0x00000157a7ce6720 WorkerThread "GC Thread#2" [stack: 0x0000003ad1700000,0x0000003ad1800000] [id=17024]
  0x00000157a7ce69f0 WorkerThread "GC Thread#3" [stack: 0x0000003ad1800000,0x0000003ad1900000] [id=7800]
  0x0000015786eeaed0 ConcurrentGCThread "G1 Main Marker" [stack: 0x0000003ad0100000,0x0000003ad0200000] [id=14948]
  0x0000015786eebfb0 WorkerThread "G1 Conc#0" [stack: 0x0000003ad0200000,0x0000003ad0300000] [id=1832]
  0x00000157a2e220b0 ConcurrentGCThread "G1 Refine#0" [stack: 0x0000003ad0300000,0x0000003ad0400000] [id=11900]
  0x00000157a2e22a60 ConcurrentGCThread "G1 Service" [stack: 0x0000003ad0400000,0x0000003ad0500000] [id=17224]

Threads with active compile tasks:
C2 CompilerThread0     2139 1306       4      
[error occurred during error reporting (printing all threads), id 0xe0000001, Out of Memory Error (s\open\src\hotspot\share\memory\arena.cpp:184)]
VM state: not at safepoint (normal execution)

VM Mutex/Monitor currently owned by a thread: None

Heap address: 0x0000000081e00000, size: 2018 MB, Compressed Oops mode: 32-bit

CDS archive(s) mapped at: [0x0000000800000000-0x0000000800c60000-0x0000000800c60000), size 12976128, SharedBaseAddress: 0x0000000800000000, ArchiveRelocationMode: 0.
Compressed class space mapped at: 0x0000000801000000-0x0000000841000000, reserved size: 1073741824
Narrow klass base: 0x0000000800000000, Narrow klass shift: 0, Narrow klass range: 0x100000000

GC Precious Log:
 CardTable entry size: 512
 Card Set container configuration: InlinePtr #cards 5 size 8 Array Of Cards #cards 12 size 40 Howl #buckets 4 coarsen threshold 1843 Howl Bitmap #cards 512 size 80 coarsen threshold 460 Card regions per heap region 1 cards per card region 2048
 CPUs: 4 total, 4 available
 Memory: 8067M
 Large Page Support: Disabled
 NUMA Support: Disabled
 Compressed Oops: Enabled (32-bit)
 Heap Region Size: 1M
 Heap Min Capacity: 8M
 Heap Initial Capacity: 128M
 Heap Max Capacity: 2018M
 Pre-touch: Disabled
 Parallel Workers: 4
 Concurrent Workers: 1
 Concurrent Refinement Workers: 4
 Periodic GC: Disabled

Heap:
 garbage-first heap   total 131072K, used 8640K [0x0000000081e00000, 0x0000000100000000)
  region size 1024K, 8 young (8192K), 2 survivors (2048K)
 Metaspace       used 13845K, committed 14080K, reserved 1114112K
  class space    used 1511K, committed 1600K, reserved 1048576K

Heap Regions: E=young(eden), S=young(survivor), O=old, HS=humongous(starts), HC=humongous(continues), CS=collection set, F=free, OA=open archive, CA=closed archive, TAMS=top-at-mark-start, PB=parsable bottom
|   0|0x0000000081e00000, 0x0000000081f00000, 0x0000000081f00000|100%| O|  |TAMS 0x0000000081e00000| PB 0x0000000081e00000| Untracked 
|   1|0x0000000081f00000, 0x0000000081f70000, 0x0000000082000000| 43%| O|  |TAMS 0x0000000081f00000| PB 0x0000000081f00000| Untracked 
|   2|0x0000000082000000, 0x0000000082000000, 0x0000000082100000|  0%| F|  |TAMS 0x0000000082000000| PB 0x0000000082000000| Untracked 
|   3|0x0000000082100000, 0x0000000082100000, 0x0000000082200000|  0%| F|  |TAMS 0x0000000082100000| PB 0x0000000082100000| Untracked 
|   4|0x0000000082200000, 0x0000000082200000, 0x0000000082300000|  0%| F|  |TAMS 0x0000000082200000| PB 0x0000000082200000| Untracked 
|   5|0x0000000082300000, 0x0000000082300000, 0x0000000082400000|  0%| F|  |TAMS 0x0000000082300000| PB 0x0000000082300000| Untracked 
|   6|0x0000000082400000, 0x0000000082400000, 0x0000000082500000|  0%| F|  |TAMS 0x0000000082400000| PB 0x0000000082400000| Untracked 
|   7|0x0000000082500000, 0x0000000082500000, 0x0000000082600000|  0%| F|  |TAMS 0x0000000082500000| PB 0x0000000082500000| Untracked 
|   8|0x0000000082600000, 0x0000000082600000, 0x0000000082700000|  0%| F|  |TAMS 0x0000000082600000| PB 0x0000000082600000| Untracked 
|   9|0x0000000082700000, 0x0000000082700000, 0x0000000082800000|  0%| F|  |TAMS 0x0000000082700000| PB 0x0000000082700000| Untracked 
|  10|0x0000000082800000, 0x0000000082800000, 0x0000000082900000|  0%| F|  |TAMS 0x0000000082800000| PB 0x0000000082800000| Untracked 
|  11|0x0000000082900000, 0x0000000082900000, 0x0000000082a00000|  0%| F|  |TAMS 0x0000000082900000| PB 0x0000000082900000| Untracked 
|  12|0x0000000082a00000, 0x0000000082a00000, 0x0000000082b00000|  0%| F|  |TAMS 0x0000000082a00000| PB 0x0000000082a00000| Untracked 
|  13|0x0000000082b00000, 0x0000000082b00000, 0x0000000082c00000|  0%| F|  |TAMS 0x0000000082b00000| PB 0x0000000082b00000| Untracked 
|  14|0x0000000082c00000, 0x0000000082c00000, 0x0000000082d00000|  0%| F|  |TAMS 0x0000000082c00000| PB 0x0000000082c00000| Untracked 
|  15|0x0000000082d00000, 0x0000000082d00000, 0x0000000082e00000|  0%| F|  |TAMS 0x0000000082d00000| PB 0x0000000082d00000| Untracked 
|  16|0x0000000082e00000, 0x0000000082e00000, 0x0000000082f00000|  0%| F|  |TAMS 0x0000000082e00000| PB 0x0000000082e00000| Untracked 
|  17|0x0000000082f00000, 0x0000000082f00000, 0x0000000083000000|  0%| F|  |TAMS 0x0000000082f00000| PB 0x0000000082f00000| Untracked 
|  18|0x0000000083000000, 0x0000000083000000, 0x0000000083100000|  0%| F|  |TAMS 0x0000000083000000| PB 0x0000000083000000| Untracked 
|  19|0x0000000083100000, 0x0000000083100000, 0x0000000083200000|  0%| F|  |TAMS 0x0000000083100000| PB 0x0000000083100000| Untracked 
|  20|0x0000000083200000, 0x0000000083200000, 0x0000000083300000|  0%| F|  |TAMS 0x0000000083200000| PB 0x0000000083200000| Untracked 
|  21|0x0000000083300000, 0x0000000083300000, 0x0000000083400000|  0%| F|  |TAMS 0x0000000083300000| PB 0x0000000083300000| Untracked 
|  22|0x0000000083400000, 0x0000000083400000, 0x0000000083500000|  0%| F|  |TAMS 0x0000000083400000| PB 0x0000000083400000| Untracked 
|  23|0x0000000083500000, 0x0000000083500000, 0x0000000083600000|  0%| F|  |TAMS 0x0000000083500000| PB 0x0000000083500000| Untracked 
|  24|0x0000000083600000, 0x0000000083600000, 0x0000000083700000|  0%| F|  |TAMS 0x0000000083600000| PB 0x0000000083600000| Untracked 
|  25|0x0000000083700000, 0x0000000083700000, 0x0000000083800000|  0%| F|  |TAMS 0x0000000083700000| PB 0x0000000083700000| Untracked 
|  26|0x0000000083800000, 0x0000000083800000, 0x0000000083900000|  0%| F|  |TAMS 0x0000000083800000| PB 0x0000000083800000| Untracked 
|  27|0x0000000083900000, 0x0000000083900000, 0x0000000083a00000|  0%| F|  |TAMS 0x0000000083900000| PB 0x0000000083900000| Untracked 
|  28|0x0000000083a00000, 0x0000000083a00000, 0x0000000083b00000|  0%| F|  |TAMS 0x0000000083a00000| PB 0x0000000083a00000| Untracked 
|  29|0x0000000083b00000, 0x0000000083b00000, 0x0000000083c00000|  0%| F|  |TAMS 0x0000000083b00000| PB 0x0000000083b00000| Untracked 
|  30|0x0000000083c00000, 0x0000000083c00000, 0x0000000083d00000|  0%| F|  |TAMS 0x0000000083c00000| PB 0x0000000083c00000| Untracked 
|  31|0x0000000083d00000, 0x0000000083d00000, 0x0000000083e00000|  0%| F|  |TAMS 0x0000000083d00000| PB 0x0000000083d00000| Untracked 
|  32|0x0000000083e00000, 0x0000000083e00000, 0x0000000083f00000|  0%| F|  |TAMS 0x0000000083e00000| PB 0x0000000083e00000| Untracked 
|  33|0x0000000083f00000, 0x0000000083f00000, 0x0000000084000000|  0%| F|  |TAMS 0x0000000083f00000| PB 0x0000000083f00000| Untracked 
|  34|0x0000000084000000, 0x0000000084000000, 0x0000000084100000|  0%| F|  |TAMS 0x0000000084000000| PB 0x0000000084000000| Untracked 
|  35|0x0000000084100000, 0x0000000084100000, 0x0000000084200000|  0%| F|  |TAMS 0x0000000084100000| PB 0x0000000084100000| Untracked 
|  36|0x0000000084200000, 0x0000000084200000, 0x0000000084300000|  0%| F|  |TAMS 0x0000000084200000| PB 0x0000000084200000| Untracked 
|  37|0x0000000084300000, 0x0000000084300000, 0x0000000084400000|  0%| F|  |TAMS 0x0000000084300000| PB 0x0000000084300000| Untracked 
|  38|0x0000000084400000, 0x0000000084400000, 0x0000000084500000|  0%| F|  |TAMS 0x0000000084400000| PB 0x0000000084400000| Untracked 
|  39|0x0000000084500000, 0x0000000084500000, 0x0000000084600000|  0%| F|  |TAMS 0x0000000084500000| PB 0x0000000084500000| Untracked 
|  40|0x0000000084600000, 0x0000000084600000, 0x0000000084700000|  0%| F|  |TAMS 0x0000000084600000| PB 0x0000000084600000| Untracked 
|  41|0x0000000084700000, 0x0000000084700000, 0x0000000084800000|  0%| F|  |TAMS 0x0000000084700000| PB 0x0000000084700000| Untracked 
|  42|0x0000000084800000, 0x0000000084800000, 0x0000000084900000|  0%| F|  |TAMS 0x0000000084800000| PB 0x0000000084800000| Untracked 
|  43|0x0000000084900000, 0x0000000084900000, 0x0000000084a00000|  0%| F|  |TAMS 0x0000000084900000| PB 0x0000000084900000| Untracked 
|  44|0x0000000084a00000, 0x0000000084a00000, 0x0000000084b00000|  0%| F|  |TAMS 0x0000000084a00000| PB 0x0000000084a00000| Untracked 
|  45|0x0000000084b00000, 0x0000000084b00000, 0x0000000084c00000|  0%| F|  |TAMS 0x0000000084b00000| PB 0x0000000084b00000| Untracked 
|  46|0x0000000084c00000, 0x0000000084c00000, 0x0000000084d00000|  0%| F|  |TAMS 0x0000000084c00000| PB 0x0000000084c00000| Untracked 
|  47|0x0000000084d00000, 0x0000000084d00000, 0x0000000084e00000|  0%| F|  |TAMS 0x0000000084d00000| PB 0x0000000084d00000| Untracked 
|  48|0x0000000084e00000, 0x0000000084e00000, 0x0000000084f00000|  0%| F|  |TAMS 0x0000000084e00000| PB 0x0000000084e00000| Untracked 
|  49|0x0000000084f00000, 0x0000000084f00000, 0x0000000085000000|  0%| F|  |TAMS 0x0000000084f00000| PB 0x0000000084f00000| Untracked 
|  50|0x0000000085000000, 0x0000000085000000, 0x0000000085100000|  0%| F|  |TAMS 0x0000000085000000| PB 0x0000000085000000| Untracked 
|  51|0x0000000085100000, 0x0000000085100000, 0x0000000085200000|  0%| F|  |TAMS 0x0000000085100000| PB 0x0000000085100000| Untracked 
|  52|0x0000000085200000, 0x0000000085200000, 0x0000000085300000|  0%| F|  |TAMS 0x0000000085200000| PB 0x0000000085200000| Untracked 
|  53|0x0000000085300000, 0x0000000085300000, 0x0000000085400000|  0%| F|  |TAMS 0x0000000085300000| PB 0x0000000085300000| Untracked 
|  54|0x0000000085400000, 0x0000000085400000, 0x0000000085500000|  0%| F|  |TAMS 0x0000000085400000| PB 0x0000000085400000| Untracked 
|  55|0x0000000085500000, 0x0000000085500000, 0x0000000085600000|  0%| F|  |TAMS 0x0000000085500000| PB 0x0000000085500000| Untracked 
|  56|0x0000000085600000, 0x0000000085600000, 0x0000000085700000|  0%| F|  |TAMS 0x0000000085600000| PB 0x0000000085600000| Untracked 
|  57|0x0000000085700000, 0x0000000085700000, 0x0000000085800000|  0%| F|  |TAMS 0x0000000085700000| PB 0x0000000085700000| Untracked 
|  58|0x0000000085800000, 0x0000000085800000, 0x0000000085900000|  0%| F|  |TAMS 0x0000000085800000| PB 0x0000000085800000| Untracked 
|  59|0x0000000085900000, 0x0000000085900000, 0x0000000085a00000|  0%| F|  |TAMS 0x0000000085900000| PB 0x0000000085900000| Untracked 
|  60|0x0000000085a00000, 0x0000000085a00000, 0x0000000085b00000|  0%| F|  |TAMS 0x0000000085a00000| PB 0x0000000085a00000| Untracked 
|  61|0x0000000085b00000, 0x0000000085b00000, 0x0000000085c00000|  0%| F|  |TAMS 0x0000000085b00000| PB 0x0000000085b00000| Untracked 
|  62|0x0000000085c00000, 0x0000000085c00000, 0x0000000085d00000|  0%| F|  |TAMS 0x0000000085c00000| PB 0x0000000085c00000| Untracked 
|  63|0x0000000085d00000, 0x0000000085d00000, 0x0000000085e00000|  0%| F|  |TAMS 0x0000000085d00000| PB 0x0000000085d00000| Untracked 
|  64|0x0000000085e00000, 0x0000000085e00000, 0x0000000085f00000|  0%| F|  |TAMS 0x0000000085e00000| PB 0x0000000085e00000| Untracked 
|  65|0x0000000085f00000, 0x0000000085f00000, 0x0000000086000000|  0%| F|  |TAMS 0x0000000085f00000| PB 0x0000000085f00000| Untracked 
|  66|0x0000000086000000, 0x0000000086000000, 0x0000000086100000|  0%| F|  |TAMS 0x0000000086000000| PB 0x0000000086000000| Untracked 
|  67|0x0000000086100000, 0x0000000086100000, 0x0000000086200000|  0%| F|  |TAMS 0x0000000086100000| PB 0x0000000086100000| Untracked 
|  68|0x0000000086200000, 0x0000000086200000, 0x0000000086300000|  0%| F|  |TAMS 0x0000000086200000| PB 0x0000000086200000| Untracked 
|  69|0x0000000086300000, 0x0000000086300000, 0x0000000086400000|  0%| F|  |TAMS 0x0000000086300000| PB 0x0000000086300000| Untracked 
|  70|0x0000000086400000, 0x0000000086400000, 0x0000000086500000|  0%| F|  |TAMS 0x0000000086400000| PB 0x0000000086400000| Untracked 
|  71|0x0000000086500000, 0x0000000086500000, 0x0000000086600000|  0%| F|  |TAMS 0x0000000086500000| PB 0x0000000086500000| Untracked 
|  72|0x0000000086600000, 0x0000000086600000, 0x0000000086700000|  0%| F|  |TAMS 0x0000000086600000| PB 0x0000000086600000| Untracked 
|  73|0x0000000086700000, 0x0000000086700000, 0x0000000086800000|  0%| F|  |TAMS 0x0000000086700000| PB 0x0000000086700000| Untracked 
|  74|0x0000000086800000, 0x0000000086800000, 0x0000000086900000|  0%| F|  |TAMS 0x0000000086800000| PB 0x0000000086800000| Untracked 
|  75|0x0000000086900000, 0x0000000086900000, 0x0000000086a00000|  0%| F|  |TAMS 0x0000000086900000| PB 0x0000000086900000| Untracked 
|  76|0x0000000086a00000, 0x0000000086a00000, 0x0000000086b00000|  0%| F|  |TAMS 0x0000000086a00000| PB 0x0000000086a00000| Untracked 
|  77|0x0000000086b00000, 0x0000000086b00000, 0x0000000086c00000|  0%| F|  |TAMS 0x0000000086b00000| PB 0x0000000086b00000| Untracked 
|  78|0x0000000086c00000, 0x0000000086c00000, 0x0000000086d00000|  0%| F|  |TAMS 0x0000000086c00000| PB 0x0000000086c00000| Untracked 
|  79|0x0000000086d00000, 0x0000000086d00000, 0x0000000086e00000|  0%| F|  |TAMS 0x0000000086d00000| PB 0x0000000086d00000| Untracked 
|  80|0x0000000086e00000, 0x0000000086e00000, 0x0000000086f00000|  0%| F|  |TAMS 0x0000000086e00000| PB 0x0000000086e00000| Untracked 
|  81|0x0000000086f00000, 0x0000000086f00000, 0x0000000087000000|  0%| F|  |TAMS 0x0000000086f00000| PB 0x0000000086f00000| Untracked 
|  82|0x0000000087000000, 0x0000000087000000, 0x0000000087100000|  0%| F|  |TAMS 0x0000000087000000| PB 0x0000000087000000| Untracked 
|  83|0x0000000087100000, 0x0000000087100000, 0x0000000087200000|  0%| F|  |TAMS 0x0000000087100000| PB 0x0000000087100000| Untracked 
|  84|0x0000000087200000, 0x0000000087200000, 0x0000000087300000|  0%| F|  |TAMS 0x0000000087200000| PB 0x0000000087200000| Untracked 
|  85|0x0000000087300000, 0x0000000087300000, 0x0000000087400000|  0%| F|  |TAMS 0x0000000087300000| PB 0x0000000087300000| Untracked 
|  86|0x0000000087400000, 0x0000000087400000, 0x0000000087500000|  0%| F|  |TAMS 0x0000000087400000| PB 0x0000000087400000| Untracked 
|  87|0x0000000087500000, 0x0000000087500000, 0x0000000087600000|  0%| F|  |TAMS 0x0000000087500000| PB 0x0000000087500000| Untracked 
|  88|0x0000000087600000, 0x0000000087600000, 0x0000000087700000|  0%| F|  |TAMS 0x0000000087600000| PB 0x0000000087600000| Untracked 
|  89|0x0000000087700000, 0x0000000087700000, 0x0000000087800000|  0%| F|  |TAMS 0x0000000087700000| PB 0x0000000087700000| Untracked 
|  90|0x0000000087800000, 0x0000000087800000, 0x0000000087900000|  0%| F|  |TAMS 0x0000000087800000| PB 0x0000000087800000| Untracked 
|  91|0x0000000087900000, 0x0000000087900000, 0x0000000087a00000|  0%| F|  |TAMS 0x0000000087900000| PB 0x0000000087900000| Untracked 
|  92|0x0000000087a00000, 0x0000000087a00000, 0x0000000087b00000|  0%| F|  |TAMS 0x0000000087a00000| PB 0x0000000087a00000| Untracked 
|  93|0x0000000087b00000, 0x0000000087b00000, 0x0000000087c00000|  0%| F|  |TAMS 0x0000000087b00000| PB 0x0000000087b00000| Untracked 
|  94|0x0000000087c00000, 0x0000000087c00000, 0x0000000087d00000|  0%| F|  |TAMS 0x0000000087c00000| PB 0x0000000087c00000| Untracked 
|  95|0x0000000087d00000, 0x0000000087d00000, 0x0000000087e00000|  0%| F|  |TAMS 0x0000000087d00000| PB 0x0000000087d00000| Untracked 
|  96|0x0000000087e00000, 0x0000000087e00000, 0x0000000087f00000|  0%| F|  |TAMS 0x0000000087e00000| PB 0x0000000087e00000| Untracked 
|  97|0x0000000087f00000, 0x0000000087f00000, 0x0000000088000000|  0%| F|  |TAMS 0x0000000087f00000| PB 0x0000000087f00000| Untracked 
|  98|0x0000000088000000, 0x0000000088000000, 0x0000000088100000|  0%| F|  |TAMS 0x0000000088000000| PB 0x0000000088000000| Untracked 
|  99|0x0000000088100000, 0x0000000088100000, 0x0000000088200000|  0%| F|  |TAMS 0x0000000088100000| PB 0x0000000088100000| Untracked 
| 100|0x0000000088200000, 0x0000000088200000, 0x0000000088300000|  0%| F|  |TAMS 0x0000000088200000| PB 0x0000000088200000| Untracked 
| 101|0x0000000088300000, 0x0000000088300000, 0x0000000088400000|  0%| F|  |TAMS 0x0000000088300000| PB 0x0000000088300000| Untracked 
| 102|0x0000000088400000, 0x0000000088400000, 0x0000000088500000|  0%| F|  |TAMS 0x0000000088400000| PB 0x0000000088400000| Untracked 
| 103|0x0000000088500000, 0x0000000088500000, 0x0000000088600000|  0%| F|  |TAMS 0x0000000088500000| PB 0x0000000088500000| Untracked 
| 104|0x0000000088600000, 0x0000000088600000, 0x0000000088700000|  0%| F|  |TAMS 0x0000000088600000| PB 0x0000000088600000| Untracked 
| 105|0x0000000088700000, 0x0000000088700000, 0x0000000088800000|  0%| F|  |TAMS 0x0000000088700000| PB 0x0000000088700000| Untracked 
| 106|0x0000000088800000, 0x0000000088800000, 0x0000000088900000|  0%| F|  |TAMS 0x0000000088800000| PB 0x0000000088800000| Untracked 
| 107|0x0000000088900000, 0x0000000088900000, 0x0000000088a00000|  0%| F|  |TAMS 0x0000000088900000| PB 0x0000000088900000| Untracked 
| 108|0x0000000088a00000, 0x0000000088a00000, 0x0000000088b00000|  0%| F|  |TAMS 0x0000000088a00000| PB 0x0000000088a00000| Untracked 
| 109|0x0000000088b00000, 0x0000000088b00000, 0x0000000088c00000|  0%| F|  |TAMS 0x0000000088b00000| PB 0x0000000088b00000| Untracked 
| 110|0x0000000088c00000, 0x0000000088c00000, 0x0000000088d00000|  0%| F|  |TAMS 0x0000000088c00000| PB 0x0000000088c00000| Untracked 
| 111|0x0000000088d00000, 0x0000000088d00000, 0x0000000088e00000|  0%| F|  |TAMS 0x0000000088d00000| PB 0x0000000088d00000| Untracked 
| 112|0x0000000088e00000, 0x0000000088e00000, 0x0000000088f00000|  0%| F|  |TAMS 0x0000000088e00000| PB 0x0000000088e00000| Untracked 
| 113|0x0000000088f00000, 0x0000000089000000, 0x0000000089000000|100%| S|CS|TAMS 0x0000000088f00000| PB 0x0000000088f00000| Complete 
| 114|0x0000000089000000, 0x0000000089100000, 0x0000000089100000|100%| S|CS|TAMS 0x0000000089000000| PB 0x0000000089000000| Complete 
| 115|0x0000000089100000, 0x0000000089100000, 0x0000000089200000|  0%| F|  |TAMS 0x0000000089100000| PB 0x0000000089100000| Untracked 
| 116|0x0000000089200000, 0x0000000089200000, 0x0000000089300000|  0%| F|  |TAMS 0x0000000089200000| PB 0x0000000089200000| Untracked 
| 117|0x0000000089300000, 0x0000000089300000, 0x0000000089400000|  0%| F|  |TAMS 0x0000000089300000| PB 0x0000000089300000| Untracked 
| 118|0x0000000089400000, 0x0000000089400000, 0x0000000089500000|  0%| F|  |TAMS 0x0000000089400000| PB 0x0000000089400000| Untracked 
| 119|0x0000000089500000, 0x0000000089500000, 0x0000000089600000|  0%| F|  |TAMS 0x0000000089500000| PB 0x0000000089500000| Untracked 
| 120|0x0000000089600000, 0x0000000089600000, 0x0000000089700000|  0%| F|  |TAMS 0x0000000089600000| PB 0x0000000089600000| Untracked 
| 121|0x0000000089700000, 0x0000000089700000, 0x0000000089800000|  0%| F|  |TAMS 0x0000000089700000| PB 0x0000000089700000| Untracked 
| 122|0x0000000089800000, 0x0000000089869350, 0x0000000089900000| 41%| E|  |TAMS 0x0000000089800000| PB 0x0000000089800000| Complete 
| 123|0x0000000089900000, 0x0000000089a00000, 0x0000000089a00000|100%| E|CS|TAMS 0x0000000089900000| PB 0x0000000089900000| Complete 
| 124|0x0000000089a00000, 0x0000000089b00000, 0x0000000089b00000|100%| E|CS|TAMS 0x0000000089a00000| PB 0x0000000089a00000| Complete 
| 125|0x0000000089b00000, 0x0000000089c00000, 0x0000000089c00000|100%| E|CS|TAMS 0x0000000089b00000| PB 0x0000000089b00000| Complete 
| 126|0x0000000089c00000, 0x0000000089d00000, 0x0000000089d00000|100%| E|CS|TAMS 0x0000000089c00000| PB 0x0000000089c00000| Complete 
| 127|0x0000000089d00000, 0x0000000089e00000, 0x0000000089e00000|100%| E|CS|TAMS 0x0000000089d00000| PB 0x0000000089d00000| Complete 

Card table byte_map: [0x000001579e340000,0x000001579e740000] _byte_map_base: 0x000001579df31000

Marking Bits: (CMBitMap*) 0x0000015786eda810
 Bits: [0x000001579eb40000, 0x00000157a0ac8000)

Polling page: 0x0000015786650000

Metaspace:

Usage:
  Non-class:     12.07 MB used.
      Class:      1.48 MB used.
       Both:     13.55 MB used.

Virtual space:
  Non-class space:       64.00 MB reserved,      12.19 MB ( 19%) committed,  1 nodes.
      Class space:        1.00 GB reserved,       1.56 MB ( <1%) committed,  1 nodes.
             Both:        1.06 GB reserved,      13.75 MB (  1%) committed. 

Chunk freelists:
   Non-Class:  3.72 MB
       Class:  2.45 MB
        Both:  6.17 MB

MaxMetaspaceSize: unlimited
CompressedClassSpaceSize: 1.00 GB
Initial GC threshold: 21.00 MB
Current GC threshold: 21.00 MB
CDS: on
MetaspaceReclaimPolicy: balanced
 - commit_granule_bytes: 65536.
 - commit_granule_words: 8192.
 - virtual_space_node_default_size: 8388608.
 - enlarge_chunks_in_place: 1.
 - new_chunks_are_fully_committed: 0.
 - uncommit_free_chunks: 1.
 - use_allocation_guard: 0.


Internal statistics:

num_allocs_failed_limit: 0.
num_arena_births: 156.
num_arena_deaths: 0.
num_vsnodes_births: 2.
num_vsnodes_deaths: 0.
num_space_committed: 220.
num_space_uncommitted: 0.
num_chunks_returned_to_freelist: 0.
num_chunks_taken_from_freelist: 331.
num_chunk_merges: 0.
num_chunk_splits: 205.
num_chunks_enlarged: 124.
num_inconsistent_stats: 0.

CodeHeap 'non-profiled nmethods': size=120000Kb used=516Kb max_used=516Kb free=119483Kb
 bounds [0x0000015796a10000, 0x0000015796c80000, 0x000001579df40000]
CodeHeap 'profiled nmethods': size=120000Kb used=2436Kb max_used=2436Kb free=117563Kb
 bounds [0x000001578ef40000, 0x000001578f1b0000, 0x0000015796470000]
CodeHeap 'non-nmethods': size=5760Kb used=1620Kb max_used=1632Kb free=4139Kb
 bounds [0x0000015796470000, 0x00000157966e0000, 0x0000015796a10000]
 total_blobs=2085 nmethods=1464 adapters=532
 compilation: enabled
              stopped_count=0, restarted_count=0
 full_count=0

Compilation events (20 events):
Event: 2.059 Thread 0x00000157a2fb07d0 1413       3       java.io.RandomAccessFile::readFully (45 bytes)
Event: 2.060 Thread 0x00000157a2fb07d0 nmethod 1413 0x000001578f182390 code [0x000001578f182540, 0x000001578f182910]
Event: 2.060 Thread 0x00000157a2fb07d0 1414   !   3       jdk.internal.loader.URLClassPath$JarLoader::getResource (65 bytes)
Event: 2.061 Thread 0x00000157a2fb07d0 nmethod 1414 0x000001578f182b10 code [0x000001578f182d60, 0x000001578f1837c0]
Event: 2.061 Thread 0x00000157a2fb07d0 1415       3       java.util.jar.JarFile::getJarEntry (9 bytes)
Event: 2.061 Thread 0x00000157a2fb07d0 nmethod 1415 0x000001578f183b10 code [0x000001578f183ca0, 0x000001578f183f58]
Event: 2.062 Thread 0x00000157a2fb07d0 1417   !   3       java.io.RandomAccessFile::readBytes (32 bytes)
Event: 2.063 Thread 0x00000157a2fb07d0 nmethod 1417 0x000001578f184010 code [0x000001578f1841c0, 0x000001578f1843d0]
Event: 2.063 Thread 0x00000157a7bec1f0 nmethod 1410 0x0000015796a8ed90 code [0x0000015796a8ef20, 0x0000015796a8f0e0]
Event: 2.066 Thread 0x00000157a2fb07d0 1418       3       java.util.zip.ZipFile$ZipFileInflaterInputStream::fill (80 bytes)
Event: 2.067 Thread 0x00000157a2fb07d0 nmethod 1418 0x000001578f184510 code [0x000001578f1846e0, 0x000001578f184ac8]
Event: 2.067 Thread 0x00000157a2fb07d0 1419   !   3       java.util.zip.ZipFile$ZipFileInputStream::read (135 bytes)
Event: 2.068 Thread 0x00000157a2fb07d0 nmethod 1419 0x000001578f184c90 code [0x000001578f184ea0, 0x000001578f185548]
Event: 2.068 Thread 0x00000157a2fb07d0 1420   !   3       java.util.zip.ZipFile$Source::readAt (39 bytes)
Event: 2.069 Thread 0x00000157a2fb07d0 nmethod 1420 0x000001578f185910 code [0x000001578f185ac0, 0x000001578f185dd0]
Event: 2.069 Thread 0x00000157a2fb07d0 1421       3       java.io.FilterInputStream::<init> (10 bytes)
Event: 2.069 Thread 0x00000157a2fb07d0 nmethod 1421 0x000001578f186010 code [0x000001578f1861a0, 0x000001578f1863d0]
Event: 2.069 Thread 0x00000157a2fb07d0 1422       3       java.net.URL::<init> (8 bytes)
Event: 2.070 Thread 0x00000157a2fb07d0 nmethod 1422 0x000001578f186490 code [0x000001578f186620, 0x000001578f186760]
Event: 2.070 Thread 0x00000157a2fb07d0 1423   !   3       java.net.URL::<init> (543 bytes)

GC Heap History (2 events):
Event: 1.356 GC heap before
{Heap before GC invocations=0 (full 0):
 garbage-first heap   total 131072K, used 13312K [0x0000000081e00000, 0x0000000100000000)
  region size 1024K, 13 young (13312K), 0 survivors (0K)
 Metaspace       used 8989K, committed 9216K, reserved 1114112K
  class space    used 961K, committed 1024K, reserved 1048576K
}
Event: 1.367 GC heap after
{Heap after GC invocations=1 (full 0):
 garbage-first heap   total 131072K, used 3520K [0x0000000081e00000, 0x0000000100000000)
  region size 1024K, 2 young (2048K), 2 survivors (2048K)
 Metaspace       used 8989K, committed 9216K, reserved 1114112K
  class space    used 961K, committed 1024K, reserved 1048576K
}

Dll operation events (9 events):
Event: 0.012 Loaded shared library C:\Program Files\Java\jdk-20\bin\java.dll
Event: 0.030 Loaded shared library C:\Program Files\Java\jdk-20\bin\jsvml.dll
Event: 0.135 Loaded shared library C:\Program Files\Java\jdk-20\bin\net.dll
Event: 0.138 Loaded shared library C:\Program Files\Java\jdk-20\bin\nio.dll
Event: 0.194 Loaded shared library C:\Program Files\Java\jdk-20\bin\zip.dll
Event: 0.220 Loaded shared library C:\Program Files\Java\jdk-20\bin\jimage.dll
Event: 0.251 Loaded shared library C:\Program Files\Java\jdk-20\bin\awt.dll
Event: 1.073 Loaded shared library C:\Program Files\Java\jdk-20\bin\extnet.dll
Event: 1.276 Loaded shared library C:\Program Files\Java\jdk-20\bin\sunmscapi.dll

Deoptimization events (20 events):
Event: 1.424 Thread 0x0000015786e793e0 Uncommon trap: trap_request=0xffffffc6 fr.pc=0x0000015796a6a780 relative=0x00000000000002c0
Event: 1.424 Thread 0x0000015786e793e0 Uncommon trap: reason=bimorphic_or_optimized_type_check action=maybe_recompile pc=0x0000015796a6a780 method=java.util.concurrent.ConcurrentHashMap.get(Ljava/lang/Object;)Ljava/lang/Object; @ 149 c2
Event: 1.424 Thread 0x0000015786e793e0 DEOPT PACKING pc=0x0000015796a6a780 sp=0x0000003acfffc380
Event: 1.424 Thread 0x0000015786e793e0 DEOPT UNPACKING pc=0x00000157964d9d22 sp=0x0000003acfffc2f0 mode 2
Event: 1.580 Thread 0x0000015786e793e0 Uncommon trap: trap_request=0xffffff45 fr.pc=0x0000015796a6d18c relative=0x000000000000026c
Event: 1.580 Thread 0x0000015786e793e0 Uncommon trap: reason=unstable_if action=reinterpret pc=0x0000015796a6d18c method=java.util.HashMap.putVal(ILjava/lang/Object;Ljava/lang/Object;ZZ)Ljava/lang/Object; @ 162 c2
Event: 1.580 Thread 0x0000015786e793e0 DEOPT PACKING pc=0x0000015796a6d18c sp=0x0000003acfffc1f0
Event: 1.580 Thread 0x0000015786e793e0 DEOPT UNPACKING pc=0x00000157964d9d22 sp=0x0000003acfffc128 mode 2
Event: 1.895 Thread 0x0000015786e793e0 Uncommon trap: trap_request=0xffffff45 fr.pc=0x0000015796a55a4c relative=0x00000000000000cc
Event: 1.895 Thread 0x0000015786e793e0 Uncommon trap: reason=unstable_if action=reinterpret pc=0x0000015796a55a4c method=java.util.concurrent.locks.ReentrantLock$Sync.tryRelease(I)Z @ 26 c2
Event: 1.895 Thread 0x0000015786e793e0 DEOPT PACKING pc=0x0000015796a55a4c sp=0x0000003acfffe190
Event: 1.895 Thread 0x0000015786e793e0 DEOPT UNPACKING pc=0x00000157964d9d22 sp=0x0000003acfffe130 mode 2
Event: 2.003 Thread 0x0000015786e793e0 Uncommon trap: trap_request=0xffffffde fr.pc=0x0000015796a6ed7c relative=0x00000000000009fc
Event: 2.003 Thread 0x0000015786e793e0 Uncommon trap: reason=class_check action=maybe_recompile pc=0x0000015796a6ed7c method=java.util.HashMap.putVal(ILjava/lang/Object;Ljava/lang/Object;ZZ)Ljava/lang/Object; @ 253 c2
Event: 2.003 Thread 0x0000015786e793e0 DEOPT PACKING pc=0x0000015796a6ed7c sp=0x0000003acfffdfa0
Event: 2.003 Thread 0x0000015786e793e0 DEOPT UNPACKING pc=0x00000157964d9d22 sp=0x0000003acfffdf40 mode 2
Event: 2.005 Thread 0x0000015786e793e0 Uncommon trap: trap_request=0xffffffde fr.pc=0x0000015796a6ed7c relative=0x00000000000009fc
Event: 2.005 Thread 0x0000015786e793e0 Uncommon trap: reason=class_check action=maybe_recompile pc=0x0000015796a6ed7c method=java.util.HashMap.putVal(ILjava/lang/Object;Ljava/lang/Object;ZZ)Ljava/lang/Object; @ 253 c2
Event: 2.005 Thread 0x0000015786e793e0 DEOPT PACKING pc=0x0000015796a6ed7c sp=0x0000003acfffdfa0
Event: 2.005 Thread 0x0000015786e793e0 DEOPT UNPACKING pc=0x00000157964d9d22 sp=0x0000003acfffdf40 mode 2

Classes loaded (20 events):
Event: 1.978 Loading class java/security/DigestException
Event: 1.978 Loading class java/security/DigestException done
Event: 1.983 Loading class javax/security/sasl/SaslException
Event: 1.983 Loading class javax/security/sasl/SaslException done
Event: 1.984 Loading class javax/security/auth/callback/UnsupportedCallbackException
Event: 1.984 Loading class javax/security/auth/callback/UnsupportedCallbackException done
Event: 1.985 Loading class javax/security/auth/login/Configuration
Event: 1.985 Loading class javax/security/auth/login/Configuration done
Event: 1.986 Loading class javax/security/auth/callback/Callback
Event: 1.986 Loading class javax/security/auth/callback/Callback done
Event: 1.986 Loading class sun/invoke/util/VerifyAccess$1
Event: 1.987 Loading class sun/invoke/util/VerifyAccess$1 done
Event: 1.999 Loading class sun/security/ssl/PostHandshakeContext
Event: 1.999 Loading class sun/security/ssl/PostHandshakeContext done
Event: 2.000 Loading class sun/security/ssl/NewSessionTicket$T13NewSessionTicketMessage
Event: 2.000 Loading class sun/security/ssl/NewSessionTicket$NewSessionTicketMessage
Event: 2.000 Loading class sun/security/ssl/NewSessionTicket$NewSessionTicketMessage done
Event: 2.000 Loading class sun/security/ssl/NewSessionTicket$T13NewSessionTicketMessage done
Event: 2.067 Loading class java/util/TimerTask
Event: 2.067 Loading class java/util/TimerTask done

Classes unloaded (0 events):
No events

Classes redefined (0 events):
No events

Internal exceptions (20 events):
Event: 0.147 Thread 0x0000015786e793e0 Exception <a 'sun/nio/fs/WindowsException'{0x0000000089c42c70}> (0x0000000089c42c70) 
thrown [s\open\src\hotspot\share\prims\jni.cpp, line 519]
Event: 0.147 Thread 0x0000015786e793e0 Exception <a 'sun/nio/fs/WindowsException'{0x0000000089c86438}> (0x0000000089c86438) 
thrown [s\open\src\hotspot\share\prims\jni.cpp, line 519]
Event: 0.231 Thread 0x0000015786e793e0 Exception <a 'java/lang/ClassNotFoundException'{0x0000000089b49a20}: sun/awt/resources/spi/awtProvider> (0x0000000089b49a20) 
thrown [s\open\src\hotspot\share\classfile\systemDictionary.cpp, line 305]
Event: 0.275 Thread 0x0000015786e793e0 Exception <a 'java/io/FileNotFoundException'{0x0000000089ba0668}> (0x0000000089ba0668) 
thrown [s\open\src\hotspot\share\prims\jni.cpp, line 519]
Event: 0.288 Thread 0x0000015786e793e0 Exception <a 'java/io/FileNotFoundException'{0x0000000089bca838}> (0x0000000089bca838) 
thrown [s\open\src\hotspot\share\prims\jni.cpp, line 519]
Event: 0.458 Thread 0x0000015786e793e0 Exception <a 'java/lang/NoSuchMethodError'{0x0000000089ae4e90}: 'void java.lang.invoke.DirectMethodHandle$Holder.invokeSpecial(java.lang.Object, java.lang.Object, java.lang.Object)'> (0x0000000089ae4e90) 
thrown [s\open\src\hotspot\share\interpreter\linkResolver.cpp, line 773]
Event: 0.492 Thread 0x0000015786e793e0 Exception <a 'java/lang/NoSuchMethodError'{0x000000008990fa98}: 'java.lang.Object java.lang.invoke.DirectMethodHandle$Holder.newInvokeSpecial(java.lang.Object, java.lang.Object, java.lang.Object, java.lang.Object, java.lang.Object)'> (0x000000008990fa98) 
thrown [s\open\src\hotspot\share\interpreter\linkResolver.cpp, line 773]
Event: 0.515 Thread 0x0000015786e793e0 Exception <a 'java/lang/NoSuchMethodError'{0x0000000089940340}: 'java.lang.Object java.lang.invoke.DirectMethodHandle$Holder.invokeStatic(java.lang.Object, int, java.lang.Object)'> (0x0000000089940340) 
thrown [s\open\src\hotspot\share\interpreter\linkResolver.cpp, line 773]
Event: 0.607 Thread 0x0000015786e793e0 Exception <a 'java/lang/ClassNotFoundException'{0x00000000899fbaf8}: com/sun/swing/internal/plaf/metal/resources/spi/metalProvider> (0x00000000899fbaf8) 
thrown [s\open\src\hotspot\share\classfile\systemDictionary.cpp, line 305]
Event: 0.609 Thread 0x0000015786e793e0 Exception <a 'java/lang/ClassNotFoundException'{0x00000000899ffaa8}: com/sun/swing/internal/plaf/basic/resources/spi/basicProvider> (0x00000000899ffaa8) 
thrown [s\open\src\hotspot\share\classfile\systemDictionary.cpp, line 305]
Event: 0.638 Thread 0x0000015786e793e0 Exception <a 'java/lang/NoSuchMethodError'{0x000000008981f1e8}: 'int java.lang.invoke.Invokers$Holder.invokeExact_MT(java.lang.Object, java.lang.Object)'> (0x000000008981f1e8) 
thrown [s\open\src\hotspot\share\interpreter\linkResolver.cpp, line 773]
Event: 0.805 Thread 0x0000015786e793e0 Exception <a 'java/lang/NoSuchMethodError'{0x000000008979beb8}: 'java.lang.Object java.lang.invoke.DirectMethodHandle$Holder.invokeInterface(java.lang.Object, java.lang.Object)'> (0x000000008979beb8) 
thrown [s\open\src\hotspot\share\interpreter\linkResolver.cpp, line 773]
Event: 0.898 Thread 0x0000015786e793e0 Exception <a 'java/lang/NoSuchMethodError'{0x00000000896147b8}: 'void java.lang.invoke.DirectMethodHandle$Holder.invokeStatic(java.lang.Object, java.lang.Object, java.lang.Object)'> (0x00000000896147b8) 
thrown [s\open\src\hotspot\share\interpreter\linkResolver.cpp, line 773]
Event: 0.906 Thread 0x0000015786e793e0 Exception <a 'java/lang/NoSuchMethodError'{0x000000008961e2c8}: 'java.lang.Object java.lang.invoke.DirectMethodHandle$Holder.invokeVirtual(java.lang.Object, java.lang.Object, java.lang.Object)'> (0x000000008961e2c8) 
thrown [s\open\src\hotspot\share\interpreter\linkResolver.cpp, line 773]
Event: 1.075 Thread 0x0000015786e793e0 Exception <a 'java/lang/NoSuchMethodError'{0x00000000893151c8}: 'void java.lang.invoke.DirectMethodHandle$Holder.invokeStatic(java.lang.Object, java.lang.Object)'> (0x00000000893151c8) 
thrown [s\open\src\hotspot\share\interpreter\linkResolver.cpp, line 773]
Event: 1.223 Thread 0x0000015786e793e0 Exception <a 'java/lang/NoSuchMethodError'{0x00000000892d3fe0}: 'void java.lang.invoke.DirectMethodHandle$Holder.invokeStaticInit(java.lang.Object, java.lang.Object)'> (0x00000000892d3fe0) 
thrown [s\open\src\hotspot\share\interpreter\linkResolver.cpp, line 773]
Event: 1.375 Thread 0x0000015786e793e0 Exception <a 'sun/nio/fs/WindowsException'{0x0000000089d56be0}> (0x0000000089d56be0) 
thrown [s\open\src\hotspot\share\prims\jni.cpp, line 519]
Event: 1.458 Thread 0x0000015786e793e0 Exception <a 'java/lang/NoSuchMethodError'{0x0000000089c428f0}: 'java.lang.Object java.lang.invoke.DirectMethodHandle$Holder.invokeStaticInit(java.lang.Object, int, int, int, int)'> (0x0000000089c428f0) 
thrown [s\open\src\hotspot\share\interpreter\linkResolver.cpp, line 773]
Event: 1.546 Thread 0x0000015786e793e0 Exception <a 'java/lang/NoSuchMethodError'{0x0000000089cd8f08}: 'java.lang.Object java.lang.invoke.DirectMethodHandle$Holder.invokeStaticInit(java.lang.Object, java.lang.Object, int, int, int, int)'> (0x0000000089cd8f08) 
thrown [s\open\src\hotspot\share\interpreter\linkResolver.cpp, line 773]
Event: 1.878 Thread 0x0000015786e793e0 Exception <a 'java/lang/NoSuchMethodError'{0x0000000089a403b8}: 'void java.lang.invoke.DirectMethodHandle$Holder.invokeVirtual(java.lang.Object, java.lang.Object)'> (0x0000000089a403b8) 
thrown [s\open\src\hotspot\share\interpreter\linkResolver.cpp, line 773]

VM Operations (16 events):
Event: 0.149 Executing VM operation: HandshakeAllThreads
Event: 0.149 Executing VM operation: HandshakeAllThreads done
Event: 0.303 Executing VM operation: HandshakeAllThreads
Event: 0.303 Executing VM operation: HandshakeAllThreads done
Event: 0.691 Executing VM operation: HandshakeAllThreads
Event: 0.692 Executing VM operation: HandshakeAllThreads done
Event: 0.764 Executing VM operation: HandshakeAllThreads
Event: 0.764 Executing VM operation: HandshakeAllThreads done
Event: 1.052 Executing VM operation: HandshakeAllThreads
Event: 1.052 Executing VM operation: HandshakeAllThreads done
Event: 1.052 Executing VM operation: Cleanup
Event: 1.053 Executing VM operation: Cleanup done
Event: 1.356 Executing VM operation: G1CollectForAllocation
Event: 1.367 Executing VM operation: G1CollectForAllocation done
Event: 1.908 Executing VM operation: HandshakeAllThreads
Event: 1.908 Executing VM operation: HandshakeAllThreads done

Events (17 events):
Event: 0.031 Thread 0x0000015786e793e0 Thread added: 0x0000015786e793e0
Event: 0.056 Thread 0x00000157a2f88fb0 Thread added: 0x00000157a2f88fb0
Event: 0.056 Thread 0x00000157a2f95de0 Thread added: 0x00000157a2f95de0
Event: 0.057 Thread 0x00000157a2f99bc0 Thread added: 0x00000157a2f99bc0
Event: 0.057 Thread 0x00000157a2f9c610 Thread added: 0x00000157a2f9c610
Event: 0.057 Thread 0x00000157a2f9cf50 Thread added: 0x00000157a2f9cf50
Event: 0.058 Thread 0x00000157a2fa2db0 Thread added: 0x00000157a2fa2db0
Event: 0.058 Thread 0x00000157a2fa3a20 Thread added: 0x00000157a2fa3a20
Event: 0.058 Thread 0x00000157a2fb07d0 Thread added: 0x00000157a2fb07d0
Event: 0.110 Thread 0x00000157a71be2e0 Thread added: 0x00000157a71be2e0
Event: 0.180 Thread 0x00000157a71bfd70 Thread added: 0x00000157a71bfd70
Event: 0.372 Thread 0x00000157a71bed80 Thread added: 0x00000157a71bed80
Event: 0.375 Thread 0x00000157a71bcda0 Thread added: 0x00000157a71bcda0
Event: 0.379 Thread 0x00000157a71bf2d0 Thread added: 0x00000157a71bf2d0
Event: 0.734 Thread 0x00000157a71bdd90 Thread added: 0x00000157a71bdd90
Event: 0.857 Thread 0x00000157a7bec1f0 Thread added: 0x00000157a7bec1f0
Event: 1.404 Thread 0x00000157a71bcda0 Thread exited: 0x00000157a71bcda0


Dynamic libraries:
0x00007ff79cc30000 - 0x00007ff79cc40000 	C:\Program Files\Java\jdk-20\bin\java.exe
0x00007ffb2ba30000 - 0x00007ffb2bc28000 	C:\Windows\SYSTEM32\ntdll.dll
0x00007ffb2a4d0000 - 0x00007ffb2a58f000 	C:\Windows\System32\KERNEL32.DLL
0x00007ffb297b0000 - 0x00007ffb29a8a000 	C:\Windows\System32\KERNELBASE.dll
0x00007ffb292f0000 - 0x00007ffb293f0000 	C:\Windows\System32\ucrtbase.dll
0x00007ffb13900000 - 0x00007ffb13919000 	C:\Program Files\Java\jdk-20\bin\jli.dll
0x00007ffb02530000 - 0x00007ffb0254b000 	C:\Program Files\Java\jdk-20\bin\VCRUNTIME140.dll
0x00007ffb2b0f0000 - 0x00007ffb2b19e000 	C:\Windows\System32\ADVAPI32.dll
0x00007ffb29c20000 - 0x00007ffb29cbe000 	C:\Windows\System32\msvcrt.dll
0x00007ffb2b1a0000 - 0x00007ffb2b23c000 	C:\Windows\System32\sechost.dll
0x00007ffb2b4d0000 - 0x00007ffb2b5f6000 	C:\Windows\System32\RPCRT4.dll
0x00007ffb2a890000 - 0x00007ffb2aa2d000 	C:\Windows\System32\USER32.dll
0x00007ffb16740000 - 0x00007ffb169da000 	C:\Windows\WinSxS\amd64_microsoft.windows.common-controls_6595b64144ccf1df_6.0.19041.1110_none_60b5254171f9507e\COMCTL32.dll
0x00007ffb293f0000 - 0x00007ffb29412000 	C:\Windows\System32\win32u.dll
0x00007ffb29bd0000 - 0x00007ffb29bfb000 	C:\Windows\System32\GDI32.dll
0x00007ffb291e0000 - 0x00007ffb292f0000 	C:\Windows\System32\gdi32full.dll
0x00007ffb29140000 - 0x00007ffb291dd000 	C:\Windows\System32\msvcp_win.dll
0x00007ffb18b40000 - 0x00007ffb18b4a000 	C:\Windows\SYSTEM32\VERSION.dll
0x00007ffb2b9c0000 - 0x00007ffb2b9f0000 	C:\Windows\System32\IMM32.DLL
0x00007ffb18be0000 - 0x00007ffb18bec000 	C:\Program Files\Java\jdk-20\bin\vcruntime140_1.dll
0x00007ffb01270000 - 0x00007ffb012fe000 	C:\Program Files\Java\jdk-20\bin\msvcp140.dll
0x00007ffafd0a0000 - 0x00007ffafdd37000 	C:\Program Files\Java\jdk-20\bin\server\jvm.dll
0x00007ffb1a680000 - 0x00007ffb1a689000 	C:\Windows\SYSTEM32\WSOCK32.dll
0x00007ffb14b00000 - 0x00007ffb14b27000 	C:\Windows\SYSTEM32\WINMM.dll
0x00007ffb2b2d0000 - 0x00007ffb2b33b000 	C:\Windows\System32\WS2_32.dll
0x00007ffb27000000 - 0x00007ffb27012000 	C:\Windows\SYSTEM32\kernel.appcore.dll
0x00007ffb17850000 - 0x00007ffb1785a000 	C:\Program Files\Java\jdk-20\bin\jimage.dll
0x00007ffb17fc0000 - 0x00007ffb181a4000 	C:\Windows\SYSTEM32\DBGHELP.DLL
0x00007ffb17ed0000 - 0x00007ffb17f04000 	C:\Windows\SYSTEM32\dbgcore.DLL
0x00007ffb296f0000 - 0x00007ffb29772000 	C:\Windows\System32\bcryptPrimitives.dll
0x00007ffb02500000 - 0x00007ffb02526000 	C:\Program Files\Java\jdk-20\bin\java.dll
0x00007ffb01530000 - 0x00007ffb01607000 	C:\Program Files\Java\jdk-20\bin\jsvml.dll
0x00007ffb29cc0000 - 0x00007ffb2a404000 	C:\Windows\System32\SHELL32.dll
0x00007ffb27200000 - 0x00007ffb27993000 	C:\Windows\SYSTEM32\windows.storage.dll
0x00007ffb2b600000 - 0x00007ffb2b954000 	C:\Windows\System32\combase.dll
0x00007ffb28ac0000 - 0x00007ffb28aee000 	C:\Windows\SYSTEM32\Wldp.dll
0x00007ffb2b340000 - 0x00007ffb2b3ed000 	C:\Windows\System32\SHCORE.dll
0x00007ffb2a410000 - 0x00007ffb2a465000 	C:\Windows\System32\shlwapi.dll
0x00007ffb29080000 - 0x00007ffb2909f000 	C:\Windows\SYSTEM32\profapi.dll
0x00007ffb02120000 - 0x00007ffb02133000 	C:\Program Files\Java\jdk-20\bin\net.dll
0x00007ffb1bf20000 - 0x00007ffb1c02a000 	C:\Windows\SYSTEM32\WINHTTP.dll
0x00007ffb28820000 - 0x00007ffb2888a000 	C:\Windows\system32\mswsock.dll
0x00007ffb014c0000 - 0x00007ffb014d6000 	C:\Program Files\Java\jdk-20\bin\nio.dll
0x00007ffb014a0000 - 0x00007ffb014b8000 	C:\Program Files\Java\jdk-20\bin\zip.dll
0x00007ffb01300000 - 0x00007ffb01491000 	C:\Program Files\Java\jdk-20\bin\awt.dll
0x00007ffb2a590000 - 0x00007ffb2a65d000 	C:\Windows\System32\OLEAUT32.dll
0x00007ffb26940000 - 0x00007ffb269d0000 	C:\Windows\SYSTEM32\apphelp.dll
0x00007ffb26d10000 - 0x00007ffb26d3f000 	C:\Windows\system32\DWMAPI.DLL
0x00007ffb26af0000 - 0x00007ffb26b8e000 	C:\Windows\system32\uxtheme.dll
0x00007ffb0cd20000 - 0x00007ffb0ce45000 	C:\Windows\system32\opengl32.dll
0x00007ffb13bd0000 - 0x00007ffb13bfc000 	C:\Windows\SYSTEM32\GLU32.dll
0x00007ffb2a6c0000 - 0x00007ffb2a7d4000 	C:\Windows\System32\MSCTF.dll
0x00007ffb29a90000 - 0x00007ffb29bba000 	C:\Windows\System32\ole32.dll
0x00007ffb28550000 - 0x00007ffb2861b000 	C:\Windows\SYSTEM32\DNSAPI.dll
0x00007ffb28510000 - 0x00007ffb2854c000 	C:\Windows\SYSTEM32\IPHLPAPI.DLL
0x00007ffb2b0e0000 - 0x00007ffb2b0e8000 	C:\Windows\System32\NSI.dll
0x00007ffb1a320000 - 0x00007ffb1a32a000 	C:\Windows\System32\rasadhlp.dll
0x00007ffb1ac80000 - 0x00007ffb1ad00000 	C:\Windows\System32\fwpuclnt.dll
0x00007ffb29780000 - 0x00007ffb297a7000 	C:\Windows\System32\bcrypt.dll
0x00007ffb16340000 - 0x00007ffb16347000 	C:\Program Files\Java\jdk-20\bin\extnet.dll
0x00007ffb23460000 - 0x00007ffb2346e000 	C:\Program Files\Java\jdk-20\bin\sunmscapi.dll
0x00007ffb29540000 - 0x00007ffb29696000 	C:\Windows\System32\CRYPT32.dll
0x00007ffb28b30000 - 0x00007ffb28b58000 	C:\Windows\SYSTEM32\ncrypt.dll
0x00007ffb28af0000 - 0x00007ffb28b2b000 	C:\Windows\SYSTEM32\NTASN1.dll
0x00007ffb28a10000 - 0x00007ffb28a28000 	C:\Windows\SYSTEM32\CRYPTSP.dll
0x00007ffb28140000 - 0x00007ffb28174000 	C:\Windows\system32\rsaenh.dll
0x00007ffb29040000 - 0x00007ffb2906e000 	C:\Windows\SYSTEM32\USERENV.dll
0x00007ffb28a30000 - 0x00007ffb28a3c000 	C:\Windows\SYSTEM32\CRYPTBASE.dll
0x00007ffb1c560000 - 0x00007ffb1c577000 	C:\Windows\SYSTEM32\dhcpcsvc6.DLL
0x00007ffb1dc40000 - 0x00007ffb1dc5d000 	C:\Windows\SYSTEM32\dhcpcsvc.DLL

dbghelp: loaded successfully - version: 4.0.5 - missing functions: none
symbol engine: initialized successfully - sym options: 0x614 - pdb path: (cannot be retrieved)

VM Arguments:
jvm_args: -Dfile.encoding=UTF-8 --module-path=C:\Users\DELL\Documents\NetBeansProjects\Hotel Management System\build\classes 
java_command: hotel.management.system.Department
java_class_path (initial): C:\Users\DELL\Downloads\mysql-connector-java-8.0.28.jar;C:\Users\DELL\Downloads\rs2xml.jar;C:\Users\DELL\Documents\NetBeansProjects\Hotel Management System\build\classes
Launcher Type: SUN_STANDARD

[Global flags]
     intx CICompilerCount                          = 3                                         {product} {ergonomic}
     uint ConcGCThreads                            = 1                                         {product} {ergonomic}
     uint G1ConcRefinementThreads                  = 4                                         {product} {ergonomic}
   size_t G1HeapRegionSize                         = 1048576                                   {product} {ergonomic}
    uintx GCDrainStackTargetSize                   = 64                                        {product} {ergonomic}
   size_t InitialHeapSize                          = 134217728                                 {product} {ergonomic}
   size_t MarkStackSize                            = 4194304                                   {product} {ergonomic}
   size_t MaxHeapSize                              = 2116026368                                {product} {ergonomic}
   size_t MaxNewSize                               = 1268776960                                {product} {ergonomic}
   size_t MinHeapDeltaBytes                        = 1048576                                   {product} {ergonomic}
   size_t MinHeapSize                              = 8388608                                   {product} {ergonomic}
    uintx NonNMethodCodeHeapSize                   = 5832780                                {pd product} {ergonomic}
    uintx NonProfiledCodeHeapSize                  = 122912730                              {pd product} {ergonomic}
    uintx ProfiledCodeHeapSize                     = 122912730                              {pd product} {ergonomic}
    uintx ReservedCodeCacheSize                    = 251658240                              {pd product} {ergonomic}
     bool SegmentedCodeCache                       = true                                      {product} {ergonomic}
   size_t SoftMaxHeapSize                          = 2116026368                             {manageable} {ergonomic}
     bool UseCompressedClassPointers               = true                           {product lp64_product} {ergonomic}
     bool UseCompressedOops                        = true                           {product lp64_product} {ergonomic}
     bool UseG1GC                                  = true                                      {product} {ergonomic}
     bool UseLargePagesIndividualAllocation        = false                                  {pd product} {ergonomic}

Logging:
Log output configuration:
 #0: stdout all=warning uptime,level,tags foldmultilines=false
 #1: stderr all=off uptime,level,tags foldmultilines=false

Environment Variables:
PATH=C:\Program Files\Common Files\Oracle\Java\javapath;C:\Windows\system32;C:\Windows;C:\Windows\System32\Wbem;C:\Windows\System32\WindowsPowerShell\v1.0\;C:\Windows\System32\OpenSSH\;C:\Program Files\Java\jdk-20\bin;C:\Users\DELL\AppData\Local\Microsoft\WindowsApps;C:\Program Files\Bandizip\;D:\IntelliJ IDEA 2023.2\bin;
USERNAME=DELL
OS=Windows_NT
PROCESSOR_IDENTIFIER=Intel64 Family 6 Model 58 Stepping 9, GenuineIntel
TMP=C:\Users\DELL\AppData\Local\Temp
TEMP=C:\Users\DELL\AppData\Local\Temp




---------------  S Y S T E M  ---------------

OS:
 Windows 10 , 64 bit Build 19041 (10.0.19041.2788)
OS uptime: 0 days 23:58 hours

CPU: total 4 (initial active 4) (2 cores per cpu, 2 threads per core) family 6 model 58 stepping 9 microcode 0x21, cx8, cmov, fxsr, ht, mmx, sse, sse2, sse3, ssse3, sse4.1, sse4.2, popcnt, tsc, tscinvbit, avx, erms, clmul, vzeroupper, clflush, rdtscp, f16c

Memory: 4k page, system-wide physical 8067M (1206M free)
TotalPageFile size 20926M (AvailPageFile size 5M)
current process WorkingSet (physical memory assigned to process): 90M, peak: 90M
current process commit charge ("private bytes"): 233M, peak: 233M

vm_info: Java HotSpot(TM) 64-Bit Server VM (20.0.1+9-29) for windows-amd64 JRE (20.0.1+9-29), built on 2023-03-07T13:56:11Z by "mach5one" with MS VC++ 17.1 (VS2022)

END.
