#
# There is insufficient memory for the Java Runtime Environment to continue.
# Native memory allocation (malloc) failed to allocate 258416 bytes for Chunk::new
# Possible reasons:
#   The system is out of physical RAM or swap space
#   The process is running with CompressedOops enabled, and the Java Heap may be blocking the growth of the native heap
# Possible solutions:
#   Reduce memory load on the system
#   Increase physical memory or swap space
#   Check if swap backing store is full
#   Decrease Java heap size (-Xmx/-Xms)
#   Decrease number of Java threads
#   Decrease Java thread stack sizes (-Xss)
#   Set larger code cache with -XX:ReservedCodeCacheSize=
#   JVM is running with Unscaled Compressed Oops mode in which the Java heap is
#     placed in the first 4GB address space. The Java Heap base address is the
#     maximum limit for the native heap growth. Please use -XX:HeapBaseMinAddress
#     to set the Java Heap base and to place the Java Heap above 4GB virtual address.
# This output file may be truncated or incomplete.
#
#  Out of Memory Error (arena.cpp:184), pid=17644, tid=12240
#
# JRE version: Java(TM) SE Runtime Environment (20.0.1+9) (build 20.0.1+9-29)
# Java VM: Java HotSpot(TM) 64-Bit Server VM (20.0.1+9-29, mixed mode, sharing, tiered, compressed oops, compressed class ptrs, g1 gc, windows-amd64)
# No core dump will be written. Minidumps are not enabled by default on client versions of Windows
#

---------------  S U M M A R Y ------------

Command Line: -Dfile.encoding=UTF-8 --module-path=C:\Users\DELL\Documents\NetBeansProjects\Hotel Management System\build\classes hotel.management.system.Reception

Host: Intel(R) Core(TM) i3-3217U CPU @ 1.80GHz, 4 cores, 7G,  Windows 10 , 64 bit Build 19041 (10.0.19041.2788)
Time: Sat Sep 23 23:53:07 2023 Pacific Daylight Time elapsed time: 6.918035 seconds (0d 0h 0m 6s)

---------------  T H R E A D  ---------------

Current thread (0x00000242c0803da0):  JavaThread "C2 CompilerThread0" daemon [_thread_in_native, id=12240, stack(0x000000bd65800000,0x000000bd65900000)]


Current CompileTask:
C2:   6918 1149       4       java.util.Properties::loadConvert (540 bytes)

Stack: [0x000000bd65800000,0x000000bd65900000]
Native frames: (J=compiled Java code, j=interpreted, Vv=VM code, C=native code)
V  [jvm.dll+0x6bb95a]
V  [jvm.dll+0x8485fa]
V  [jvm.dll+0x84a1f5]
V  [jvm.dll+0x84a8f3]
V  [jvm.dll+0x280b0f]
V  [jvm.dll+0xc2b11]
V  [jvm.dll+0xc2e35]
V  [jvm.dll+0x2f5dbf]
V  [jvm.dll+0x5e32eb]
V  [jvm.dll+0x2543b4]
V  [jvm.dll+0x24cb30]
V  [jvm.dll+0x24a549]
V  [jvm.dll+0x1ce491]
V  [jvm.dll+0x259e1b]
V  [jvm.dll+0x2584f0]
V  [jvm.dll+0x3f2895]
V  [jvm.dll+0x7f4b56]
V  [jvm.dll+0x6ba5cb]
C  [ucrtbase.dll+0x21bb2]
C  [KERNEL32.DLL+0x17604]
C  [ntdll.dll+0x526a1]


---------------  P R O C E S S  ---------------

Threads class SMR info:
_java_thread_list=0x00000242c56d36c0, length=17, elements={
0x00000242c07c8040, 0x00000242c07d1600, 0x00000242c07d6910, 0x00000242c07d63c0,
0x00000242c07d6e60, 0x00000242c07d4e80, 0x00000242c0803da0, 0x00000242c0804ad0,
0x00000242c07d5e70, 0x00000242c07d53d0, 0x00000242c07d73b0, 0x00000242c07d7900,
0x00000242c07d5920, 0x00000242c07d83a0, 0x00000242c5743ac0, 0x00000242c5740050,
0x00000242c56aafd0
}

Java Threads: ( => current thread )
  0x00000242c07c8040 JavaThread "Reference Handler" daemon [_thread_blocked, id=14028, stack(0x000000bd65200000,0x000000bd65300000)]
  0x00000242c07d1600 JavaThread "Finalizer" daemon [_thread_blocked, id=18224, stack(0x000000bd65300000,0x000000bd65400000)]
  0x00000242c07d6910 JavaThread "Signal Dispatcher" daemon [_thread_blocked, id=17896, stack(0x000000bd65400000,0x000000bd65500000)]
  0x00000242c07d63c0 JavaThread "Attach Listener" daemon [_thread_blocked, id=9580, stack(0x000000bd65500000,0x000000bd65600000)]
  0x00000242c07d6e60 JavaThread "Service Thread" daemon [_thread_blocked, id=15260, stack(0x000000bd65600000,0x000000bd65700000)]
  0x00000242c07d4e80 JavaThread "Monitor Deflation Thread" daemon [_thread_blocked, id=17592, stack(0x000000bd65700000,0x000000bd65800000)]
=>0x00000242c0803da0 JavaThread "C2 CompilerThread0" daemon [_thread_in_native, id=12240, stack(0x000000bd65800000,0x000000bd65900000)]
  0x00000242c0804ad0 JavaThread "C1 CompilerThread0" daemon [_thread_blocked, id=13428, stack(0x000000bd65900000,0x000000bd65a00000)]
  0x00000242c07d5e70 JavaThread "Common-Cleaner" daemon [_thread_blocked, id=16544, stack(0x000000bd65a00000,0x000000bd65b00000)]
  0x00000242c07d53d0 JavaThread "Notification Thread" daemon [_thread_blocked, id=12732, stack(0x000000bd65b00000,0x000000bd65c00000)]
  0x00000242c07d73b0 JavaThread "Java2D Disposer" daemon [_thread_blocked, id=18108, stack(0x000000bd65d00000,0x000000bd65e00000)]
  0x00000242c07d7900 JavaThread "AWT-Shutdown" [_thread_blocked, id=17460, stack(0x000000bd65e00000,0x000000bd65f00000)]
  0x00000242c07d5920 JavaThread "AWT-Windows" daemon [_thread_in_native, id=6516, stack(0x000000bd65f00000,0x000000bd66000000)]
  0x00000242c07d83a0 JavaThread "AWT-EventQueue-0" [_thread_in_vm, id=17320, stack(0x000000bd66400000,0x000000bd66500000)]
  0x00000242c5743ac0 JavaThread "DestroyJavaVM" [_thread_blocked, id=16600, stack(0x000000bd64b00000,0x000000bd64c00000)]
  0x00000242c5740050 JavaThread "mysql-cj-abandoned-connection-cleanup" daemon [_thread_blocked, id=11636, stack(0x000000bd66000000,0x000000bd66100000)]
  0x00000242c56aafd0 JavaThread "C2 CompilerThread1" daemon [_thread_in_native, id=16512, stack(0x000000bd66500000,0x000000bd66600000)]

Other Threads:
  0x00000242c07aae90 VMThread "VM Thread" [stack: 0x000000bd65100000,0x000000bd65200000] [id=17972]
  0x00000242c4d5a020 WatcherThread "VM Periodic Task Thread" [stack: 0x000000bd65c00000,0x000000bd65d00000] [id=18268]
  0x00000242a47191a0 WorkerThread "GC Thread#0" [stack: 0x000000bd64c00000,0x000000bd64d00000] [id=17924]
  0x00000242c561af50 WorkerThread "GC Thread#1" [stack: 0x000000bd66100000,0x000000bd66200000] [id=6332]
  0x00000242c561b220 WorkerThread "GC Thread#2" [stack: 0x000000bd66200000,0x000000bd66300000] [id=18104]
  0x00000242c561b4f0 WorkerThread "GC Thread#3" [stack: 0x000000bd66300000,0x000000bd66400000] [id=4904]
  0x00000242a4729da0 ConcurrentGCThread "G1 Main Marker" [stack: 0x000000bd64d00000,0x000000bd64e00000] [id=17712]
  0x00000242a472ae80 WorkerThread "G1 Conc#0" [stack: 0x000000bd64e00000,0x000000bd64f00000] [id=18148]
  0x00000242c06620b0 ConcurrentGCThread "G1 Refine#0" [stack: 0x000000bd64f00000,0x000000bd65000000] [id=7480]
  0x00000242c0662a60 ConcurrentGCThread "G1 Service" [stack: 0x000000bd65000000,0x000000bd65100000] [id=18304]

Threads with active compile tasks:
C2 CompilerThread0     6969 1149       4       java.util.Properties::loadConvert (540 bytes)
C2 CompilerThread1     6969 1142       4       java.util.concurrent.ConcurrentHashMap::get (162 bytes)

VM state: not at safepoint (normal execution)

VM Mutex/Monitor currently owned by a thread: None

Heap address: 0x0000000081e00000, size: 2018 MB, Compressed Oops mode: 32-bit

CDS archive(s) mapped at: [0x0000000800000000-0x0000000800c60000-0x0000000800c60000), size 12976128, SharedBaseAddress: 0x0000000800000000, ArchiveRelocationMode: 0.
Compressed class space mapped at: 0x0000000801000000-0x0000000841000000, reserved size: 1073741824
Narrow klass base: 0x0000000800000000, Narrow klass shift: 0, Narrow klass range: 0x100000000

GC Precious Log:
 CardTable entry size: 512
 Card Set container configuration: InlinePtr #cards 5 size 8 Array Of Cards #cards 12 size 40 Howl #buckets 4 coarsen threshold 1843 Howl Bitmap #cards 512 size 80 coarsen threshold 460 Card regions per heap region 1 cards per card region 2048
 CPUs: 4 total, 4 available
 Memory: 8067M
 Large Page Support: Disabled
 NUMA Support: Disabled
 Compressed Oops: Enabled (32-bit)
 Heap Region Size: 1M
 Heap Min Capacity: 8M
 Heap Initial Capacity: 128M
 Heap Max Capacity: 2018M
 Pre-touch: Disabled
 Parallel Workers: 4
 Concurrent Workers: 1
 Concurrent Refinement Workers: 4
 Periodic GC: Disabled

Heap:
 garbage-first heap   total 131072K, used 15812K [0x0000000081e00000, 0x0000000100000000)
  region size 1024K, 8 young (8192K), 2 survivors (2048K)
 Metaspace       used 10266K, committed 10496K, reserved 1114112K
  class space    used 1183K, committed 1280K, reserved 1048576K

Heap Regions: E=young(eden), S=young(survivor), O=old, HS=humongous(starts), HC=humongous(continues), CS=collection set, F=free, OA=open archive, CA=closed archive, TAMS=top-at-mark-start, PB=parsable bottom
|   0|0x0000000081e00000, 0x0000000081f00000, 0x0000000081f00000|100%|HS|  |TAMS 0x0000000081e00000| PB 0x0000000081e00000| Complete 
|   1|0x0000000081f00000, 0x0000000082000000, 0x0000000082000000|100%|HC|  |TAMS 0x0000000081f00000| PB 0x0000000081f00000| Complete 
|   2|0x0000000082000000, 0x0000000082100000, 0x0000000082100000|100%|HC|  |TAMS 0x0000000082000000| PB 0x0000000082000000| Complete 
|   3|0x0000000082100000, 0x0000000082200000, 0x0000000082200000|100%|HC|  |TAMS 0x0000000082100000| PB 0x0000000082100000| Complete 
|   4|0x0000000082200000, 0x0000000082300000, 0x0000000082300000|100%|HC|  |TAMS 0x0000000082200000| PB 0x0000000082200000| Complete 
|   5|0x0000000082300000, 0x0000000082400000, 0x0000000082400000|100%|HC|  |TAMS 0x0000000082300000| PB 0x0000000082300000| Complete 
|   6|0x0000000082400000, 0x0000000082471200, 0x0000000082500000| 44%| O|  |TAMS 0x0000000082400000| PB 0x0000000082400000| Untracked 
|   7|0x0000000082500000, 0x0000000082600000, 0x0000000082600000|100%|HS|  |TAMS 0x0000000082500000| PB 0x0000000082500000| Complete 
|   8|0x0000000082600000, 0x0000000082700000, 0x0000000082700000|100%|HS|  |TAMS 0x0000000082600000| PB 0x0000000082600000| Complete 
|   9|0x0000000082700000, 0x0000000082800000, 0x0000000082800000|100%|HC|  |TAMS 0x0000000082700000| PB 0x0000000082700000| Complete 
|  10|0x0000000082800000, 0x0000000082800000, 0x0000000082900000|  0%| F|  |TAMS 0x0000000082800000| PB 0x0000000082800000| Untracked 
|  11|0x0000000082900000, 0x0000000082900000, 0x0000000082a00000|  0%| F|  |TAMS 0x0000000082900000| PB 0x0000000082900000| Untracked 
|  12|0x0000000082a00000, 0x0000000082a00000, 0x0000000082b00000|  0%| F|  |TAMS 0x0000000082a00000| PB 0x0000000082a00000| Untracked 
|  13|0x0000000082b00000, 0x0000000082b00000, 0x0000000082c00000|  0%| F|  |TAMS 0x0000000082b00000| PB 0x0000000082b00000| Untracked 
|  14|0x0000000082c00000, 0x0000000082c00000, 0x0000000082d00000|  0%| F|  |TAMS 0x0000000082c00000| PB 0x0000000082c00000| Untracked 
|  15|0x0000000082d00000, 0x0000000082d00000, 0x0000000082e00000|  0%| F|  |TAMS 0x0000000082d00000| PB 0x0000000082d00000| Untracked 
|  16|0x0000000082e00000, 0x0000000082e00000, 0x0000000082f00000|  0%| F|  |TAMS 0x0000000082e00000| PB 0x0000000082e00000| Untracked 
|  17|0x0000000082f00000, 0x0000000082f00000, 0x0000000083000000|  0%| F|  |TAMS 0x0000000082f00000| PB 0x0000000082f00000| Untracked 
|  18|0x0000000083000000, 0x0000000083000000, 0x0000000083100000|  0%| F|  |TAMS 0x0000000083000000| PB 0x0000000083000000| Untracked 
|  19|0x0000000083100000, 0x0000000083100000, 0x0000000083200000|  0%| F|  |TAMS 0x0000000083100000| PB 0x0000000083100000| Untracked 
|  20|0x0000000083200000, 0x0000000083200000, 0x0000000083300000|  0%| F|  |TAMS 0x0000000083200000| PB 0x0000000083200000| Untracked 
|  21|0x0000000083300000, 0x0000000083300000, 0x0000000083400000|  0%| F|  |TAMS 0x0000000083300000| PB 0x0000000083300000| Untracked 
|  22|0x0000000083400000, 0x0000000083400000, 0x0000000083500000|  0%| F|  |TAMS 0x0000000083400000| PB 0x0000000083400000| Untracked 
|  23|0x0000000083500000, 0x0000000083500000, 0x0000000083600000|  0%| F|  |TAMS 0x0000000083500000| PB 0x0000000083500000| Untracked 
|  24|0x0000000083600000, 0x0000000083600000, 0x0000000083700000|  0%| F|  |TAMS 0x0000000083600000| PB 0x0000000083600000| Untracked 
|  25|0x0000000083700000, 0x0000000083700000, 0x0000000083800000|  0%| F|  |TAMS 0x0000000083700000| PB 0x0000000083700000| Untracked 
|  26|0x0000000083800000, 0x0000000083800000, 0x0000000083900000|  0%| F|  |TAMS 0x0000000083800000| PB 0x0000000083800000| Untracked 
|  27|0x0000000083900000, 0x0000000083900000, 0x0000000083a00000|  0%| F|  |TAMS 0x0000000083900000| PB 0x0000000083900000| Untracked 
|  28|0x0000000083a00000, 0x0000000083a00000, 0x0000000083b00000|  0%| F|  |TAMS 0x0000000083a00000| PB 0x0000000083a00000| Untracked 
|  29|0x0000000083b00000, 0x0000000083b00000, 0x0000000083c00000|  0%| F|  |TAMS 0x0000000083b00000| PB 0x0000000083b00000| Untracked 
|  30|0x0000000083c00000, 0x0000000083c00000, 0x0000000083d00000|  0%| F|  |TAMS 0x0000000083c00000| PB 0x0000000083c00000| Untracked 
|  31|0x0000000083d00000, 0x0000000083d00000, 0x0000000083e00000|  0%| F|  |TAMS 0x0000000083d00000| PB 0x0000000083d00000| Untracked 
|  32|0x0000000083e00000, 0x0000000083e00000, 0x0000000083f00000|  0%| F|  |TAMS 0x0000000083e00000| PB 0x0000000083e00000| Untracked 
|  33|0x0000000083f00000, 0x0000000083f00000, 0x0000000084000000|  0%| F|  |TAMS 0x0000000083f00000| PB 0x0000000083f00000| Untracked 
|  34|0x0000000084000000, 0x0000000084000000, 0x0000000084100000|  0%| F|  |TAMS 0x0000000084000000| PB 0x0000000084000000| Untracked 
|  35|0x0000000084100000, 0x0000000084100000, 0x0000000084200000|  0%| F|  |TAMS 0x0000000084100000| PB 0x0000000084100000| Untracked 
|  36|0x0000000084200000, 0x0000000084200000, 0x0000000084300000|  0%| F|  |TAMS 0x0000000084200000| PB 0x0000000084200000| Untracked 
|  37|0x0000000084300000, 0x0000000084300000, 0x0000000084400000|  0%| F|  |TAMS 0x0000000084300000| PB 0x0000000084300000| Untracked 
|  38|0x0000000084400000, 0x0000000084400000, 0x0000000084500000|  0%| F|  |TAMS 0x0000000084400000| PB 0x0000000084400000| Untracked 
|  39|0x0000000084500000, 0x0000000084500000, 0x0000000084600000|  0%| F|  |TAMS 0x0000000084500000| PB 0x0000000084500000| Untracked 
|  40|0x0000000084600000, 0x0000000084600000, 0x0000000084700000|  0%| F|  |TAMS 0x0000000084600000| PB 0x0000000084600000| Untracked 
|  41|0x0000000084700000, 0x0000000084700000, 0x0000000084800000|  0%| F|  |TAMS 0x0000000084700000| PB 0x0000000084700000| Untracked 
|  42|0x0000000084800000, 0x0000000084800000, 0x0000000084900000|  0%| F|  |TAMS 0x0000000084800000| PB 0x0000000084800000| Untracked 
|  43|0x0000000084900000, 0x0000000084900000, 0x0000000084a00000|  0%| F|  |TAMS 0x0000000084900000| PB 0x0000000084900000| Untracked 
|  44|0x0000000084a00000, 0x0000000084a00000, 0x0000000084b00000|  0%| F|  |TAMS 0x0000000084a00000| PB 0x0000000084a00000| Untracked 
|  45|0x0000000084b00000, 0x0000000084b00000, 0x0000000084c00000|  0%| F|  |TAMS 0x0000000084b00000| PB 0x0000000084b00000| Untracked 
|  46|0x0000000084c00000, 0x0000000084c00000, 0x0000000084d00000|  0%| F|  |TAMS 0x0000000084c00000| PB 0x0000000084c00000| Untracked 
|  47|0x0000000084d00000, 0x0000000084d00000, 0x0000000084e00000|  0%| F|  |TAMS 0x0000000084d00000| PB 0x0000000084d00000| Untracked 
|  48|0x0000000084e00000, 0x0000000084e00000, 0x0000000084f00000|  0%| F|  |TAMS 0x0000000084e00000| PB 0x0000000084e00000| Untracked 
|  49|0x0000000084f00000, 0x0000000084f00000, 0x0000000085000000|  0%| F|  |TAMS 0x0000000084f00000| PB 0x0000000084f00000| Untracked 
|  50|0x0000000085000000, 0x0000000085000000, 0x0000000085100000|  0%| F|  |TAMS 0x0000000085000000| PB 0x0000000085000000| Untracked 
|  51|0x0000000085100000, 0x0000000085100000, 0x0000000085200000|  0%| F|  |TAMS 0x0000000085100000| PB 0x0000000085100000| Untracked 
|  52|0x0000000085200000, 0x0000000085200000, 0x0000000085300000|  0%| F|  |TAMS 0x0000000085200000| PB 0x0000000085200000| Untracked 
|  53|0x0000000085300000, 0x0000000085300000, 0x0000000085400000|  0%| F|  |TAMS 0x0000000085300000| PB 0x0000000085300000| Untracked 
|  54|0x0000000085400000, 0x0000000085400000, 0x0000000085500000|  0%| F|  |TAMS 0x0000000085400000| PB 0x0000000085400000| Untracked 
|  55|0x0000000085500000, 0x0000000085500000, 0x0000000085600000|  0%| F|  |TAMS 0x0000000085500000| PB 0x0000000085500000| Untracked 
|  56|0x0000000085600000, 0x0000000085600000, 0x0000000085700000|  0%| F|  |TAMS 0x0000000085600000| PB 0x0000000085600000| Untracked 
|  57|0x0000000085700000, 0x0000000085700000, 0x0000000085800000|  0%| F|  |TAMS 0x0000000085700000| PB 0x0000000085700000| Untracked 
|  58|0x0000000085800000, 0x0000000085800000, 0x0000000085900000|  0%| F|  |TAMS 0x0000000085800000| PB 0x0000000085800000| Untracked 
|  59|0x0000000085900000, 0x0000000085900000, 0x0000000085a00000|  0%| F|  |TAMS 0x0000000085900000| PB 0x0000000085900000| Untracked 
|  60|0x0000000085a00000, 0x0000000085a00000, 0x0000000085b00000|  0%| F|  |TAMS 0x0000000085a00000| PB 0x0000000085a00000| Untracked 
|  61|0x0000000085b00000, 0x0000000085b00000, 0x0000000085c00000|  0%| F|  |TAMS 0x0000000085b00000| PB 0x0000000085b00000| Untracked 
|  62|0x0000000085c00000, 0x0000000085c00000, 0x0000000085d00000|  0%| F|  |TAMS 0x0000000085c00000| PB 0x0000000085c00000| Untracked 
|  63|0x0000000085d00000, 0x0000000085d00000, 0x0000000085e00000|  0%| F|  |TAMS 0x0000000085d00000| PB 0x0000000085d00000| Untracked 
|  64|0x0000000085e00000, 0x0000000085e00000, 0x0000000085f00000|  0%| F|  |TAMS 0x0000000085e00000| PB 0x0000000085e00000| Untracked 
|  65|0x0000000085f00000, 0x0000000085f00000, 0x0000000086000000|  0%| F|  |TAMS 0x0000000085f00000| PB 0x0000000085f00000| Untracked 
|  66|0x0000000086000000, 0x0000000086000000, 0x0000000086100000|  0%| F|  |TAMS 0x0000000086000000| PB 0x0000000086000000| Untracked 
|  67|0x0000000086100000, 0x0000000086100000, 0x0000000086200000|  0%| F|  |TAMS 0x0000000086100000| PB 0x0000000086100000| Untracked 
|  68|0x0000000086200000, 0x0000000086200000, 0x0000000086300000|  0%| F|  |TAMS 0x0000000086200000| PB 0x0000000086200000| Untracked 
|  69|0x0000000086300000, 0x0000000086300000, 0x0000000086400000|  0%| F|  |TAMS 0x0000000086300000| PB 0x0000000086300000| Untracked 
|  70|0x0000000086400000, 0x0000000086400000, 0x0000000086500000|  0%| F|  |TAMS 0x0000000086400000| PB 0x0000000086400000| Untracked 
|  71|0x0000000086500000, 0x0000000086500000, 0x0000000086600000|  0%| F|  |TAMS 0x0000000086500000| PB 0x0000000086500000| Untracked 
|  72|0x0000000086600000, 0x0000000086600000, 0x0000000086700000|  0%| F|  |TAMS 0x0000000086600000| PB 0x0000000086600000| Untracked 
|  73|0x0000000086700000, 0x0000000086700000, 0x0000000086800000|  0%| F|  |TAMS 0x0000000086700000| PB 0x0000000086700000| Untracked 
|  74|0x0000000086800000, 0x0000000086800000, 0x0000000086900000|  0%| F|  |TAMS 0x0000000086800000| PB 0x0000000086800000| Untracked 
|  75|0x0000000086900000, 0x0000000086900000, 0x0000000086a00000|  0%| F|  |TAMS 0x0000000086900000| PB 0x0000000086900000| Untracked 
|  76|0x0000000086a00000, 0x0000000086a00000, 0x0000000086b00000|  0%| F|  |TAMS 0x0000000086a00000| PB 0x0000000086a00000| Untracked 
|  77|0x0000000086b00000, 0x0000000086b00000, 0x0000000086c00000|  0%| F|  |TAMS 0x0000000086b00000| PB 0x0000000086b00000| Untracked 
|  78|0x0000000086c00000, 0x0000000086c00000, 0x0000000086d00000|  0%| F|  |TAMS 0x0000000086c00000| PB 0x0000000086c00000| Untracked 
|  79|0x0000000086d00000, 0x0000000086d00000, 0x0000000086e00000|  0%| F|  |TAMS 0x0000000086d00000| PB 0x0000000086d00000| Untracked 
|  80|0x0000000086e00000, 0x0000000086e00000, 0x0000000086f00000|  0%| F|  |TAMS 0x0000000086e00000| PB 0x0000000086e00000| Untracked 
|  81|0x0000000086f00000, 0x0000000086f00000, 0x0000000087000000|  0%| F|  |TAMS 0x0000000086f00000| PB 0x0000000086f00000| Untracked 
|  82|0x0000000087000000, 0x0000000087000000, 0x0000000087100000|  0%| F|  |TAMS 0x0000000087000000| PB 0x0000000087000000| Untracked 
|  83|0x0000000087100000, 0x0000000087100000, 0x0000000087200000|  0%| F|  |TAMS 0x0000000087100000| PB 0x0000000087100000| Untracked 
|  84|0x0000000087200000, 0x0000000087200000, 0x0000000087300000|  0%| F|  |TAMS 0x0000000087200000| PB 0x0000000087200000| Untracked 
|  85|0x0000000087300000, 0x0000000087300000, 0x0000000087400000|  0%| F|  |TAMS 0x0000000087300000| PB 0x0000000087300000| Untracked 
|  86|0x0000000087400000, 0x0000000087400000, 0x0000000087500000|  0%| F|  |TAMS 0x0000000087400000| PB 0x0000000087400000| Untracked 
|  87|0x0000000087500000, 0x0000000087500000, 0x0000000087600000|  0%| F|  |TAMS 0x0000000087500000| PB 0x0000000087500000| Untracked 
|  88|0x0000000087600000, 0x0000000087600000, 0x0000000087700000|  0%| F|  |TAMS 0x0000000087600000| PB 0x0000000087600000| Untracked 
|  89|0x0000000087700000, 0x0000000087700000, 0x0000000087800000|  0%| F|  |TAMS 0x0000000087700000| PB 0x0000000087700000| Untracked 
|  90|0x0000000087800000, 0x0000000087800000, 0x0000000087900000|  0%| F|  |TAMS 0x0000000087800000| PB 0x0000000087800000| Untracked 
|  91|0x0000000087900000, 0x0000000087900000, 0x0000000087a00000|  0%| F|  |TAMS 0x0000000087900000| PB 0x0000000087900000| Untracked 
|  92|0x0000000087a00000, 0x0000000087a00000, 0x0000000087b00000|  0%| F|  |TAMS 0x0000000087a00000| PB 0x0000000087a00000| Untracked 
|  93|0x0000000087b00000, 0x0000000087b00000, 0x0000000087c00000|  0%| F|  |TAMS 0x0000000087b00000| PB 0x0000000087b00000| Untracked 
|  94|0x0000000087c00000, 0x0000000087c00000, 0x0000000087d00000|  0%| F|  |TAMS 0x0000000087c00000| PB 0x0000000087c00000| Untracked 
|  95|0x0000000087d00000, 0x0000000087d00000, 0x0000000087e00000|  0%| F|  |TAMS 0x0000000087d00000| PB 0x0000000087d00000| Untracked 
|  96|0x0000000087e00000, 0x0000000087e00000, 0x0000000087f00000|  0%| F|  |TAMS 0x0000000087e00000| PB 0x0000000087e00000| Untracked 
|  97|0x0000000087f00000, 0x0000000087f00000, 0x0000000088000000|  0%| F|  |TAMS 0x0000000087f00000| PB 0x0000000087f00000| Untracked 
|  98|0x0000000088000000, 0x0000000088000000, 0x0000000088100000|  0%| F|  |TAMS 0x0000000088000000| PB 0x0000000088000000| Untracked 
|  99|0x0000000088100000, 0x0000000088100000, 0x0000000088200000|  0%| F|  |TAMS 0x0000000088100000| PB 0x0000000088100000| Untracked 
| 100|0x0000000088200000, 0x0000000088200000, 0x0000000088300000|  0%| F|  |TAMS 0x0000000088200000| PB 0x0000000088200000| Untracked 
| 101|0x0000000088300000, 0x0000000088300000, 0x0000000088400000|  0%| F|  |TAMS 0x0000000088300000| PB 0x0000000088300000| Untracked 
| 102|0x0000000088400000, 0x0000000088400000, 0x0000000088500000|  0%| F|  |TAMS 0x0000000088400000| PB 0x0000000088400000| Untracked 
| 103|0x0000000088500000, 0x0000000088500000, 0x0000000088600000|  0%| F|  |TAMS 0x0000000088500000| PB 0x0000000088500000| Untracked 
| 104|0x0000000088600000, 0x0000000088600000, 0x0000000088700000|  0%| F|  |TAMS 0x0000000088600000| PB 0x0000000088600000| Untracked 
| 105|0x0000000088700000, 0x0000000088700000, 0x0000000088800000|  0%| F|  |TAMS 0x0000000088700000| PB 0x0000000088700000| Untracked 
| 106|0x0000000088800000, 0x0000000088800000, 0x0000000088900000|  0%| F|  |TAMS 0x0000000088800000| PB 0x0000000088800000| Untracked 
| 107|0x0000000088900000, 0x0000000088900000, 0x0000000088a00000|  0%| F|  |TAMS 0x0000000088900000| PB 0x0000000088900000| Untracked 
| 108|0x0000000088a00000, 0x0000000088a00000, 0x0000000088b00000|  0%| F|  |TAMS 0x0000000088a00000| PB 0x0000000088a00000| Untracked 
| 109|0x0000000088b00000, 0x0000000088b00000, 0x0000000088c00000|  0%| F|  |TAMS 0x0000000088b00000| PB 0x0000000088b00000| Untracked 
| 110|0x0000000088c00000, 0x0000000088c00000, 0x0000000088d00000|  0%| F|  |TAMS 0x0000000088c00000| PB 0x0000000088c00000| Untracked 
| 111|0x0000000088d00000, 0x0000000088d00000, 0x0000000088e00000|  0%| F|  |TAMS 0x0000000088d00000| PB 0x0000000088d00000| Untracked 
| 112|0x0000000088e00000, 0x0000000088e00000, 0x0000000088f00000|  0%| F|  |TAMS 0x0000000088e00000| PB 0x0000000088e00000| Untracked 
| 113|0x0000000088f00000, 0x0000000089000000, 0x0000000089000000|100%| S|CS|TAMS 0x0000000088f00000| PB 0x0000000088f00000| Complete 
| 114|0x0000000089000000, 0x0000000089100000, 0x0000000089100000|100%| S|CS|TAMS 0x0000000089000000| PB 0x0000000089000000| Complete 
| 115|0x0000000089100000, 0x0000000089100000, 0x0000000089200000|  0%| F|  |TAMS 0x0000000089100000| PB 0x0000000089100000| Untracked 
| 116|0x0000000089200000, 0x0000000089200000, 0x0000000089300000|  0%| F|  |TAMS 0x0000000089200000| PB 0x0000000089200000| Untracked 
| 117|0x0000000089300000, 0x0000000089300000, 0x0000000089400000|  0%| F|  |TAMS 0x0000000089300000| PB 0x0000000089300000| Untracked 
| 118|0x0000000089400000, 0x0000000089400000, 0x0000000089500000|  0%| F|  |TAMS 0x0000000089400000| PB 0x0000000089400000| Untracked 
| 119|0x0000000089500000, 0x0000000089500000, 0x0000000089600000|  0%| F|  |TAMS 0x0000000089500000| PB 0x0000000089500000| Untracked 
| 120|0x0000000089600000, 0x0000000089600000, 0x0000000089700000|  0%| F|  |TAMS 0x0000000089600000| PB 0x0000000089600000| Untracked 
| 121|0x0000000089700000, 0x0000000089700000, 0x0000000089800000|  0%| F|  |TAMS 0x0000000089700000| PB 0x0000000089700000| Untracked 
| 122|0x0000000089800000, 0x00000000898295e0, 0x0000000089900000| 16%| E|  |TAMS 0x0000000089800000| PB 0x0000000089800000| Complete 
| 123|0x0000000089900000, 0x0000000089a00000, 0x0000000089a00000|100%| E|CS|TAMS 0x0000000089900000| PB 0x0000000089900000| Complete 
| 124|0x0000000089a00000, 0x0000000089b00000, 0x0000000089b00000|100%| E|CS|TAMS 0x0000000089a00000| PB 0x0000000089a00000| Complete 
| 125|0x0000000089b00000, 0x0000000089c00000, 0x0000000089c00000|100%| E|  |TAMS 0x0000000089b00000| PB 0x0000000089b00000| Complete 
| 126|0x0000000089c00000, 0x0000000089d00000, 0x0000000089d00000|100%| E|CS|TAMS 0x0000000089c00000| PB 0x0000000089c00000| Complete 
| 127|0x0000000089d00000, 0x0000000089e00000, 0x0000000089e00000|100%| E|CS|TAMS 0x0000000089d00000| PB 0x0000000089d00000| Complete 

Card table byte_map: [0x00000242bbb80000,0x00000242bbf80000] _byte_map_base: 0x00000242bb771000

Marking Bits: (CMBitMap*) 0x00000242a47196e0
 Bits: [0x00000242bc380000, 0x00000242be308000)

Polling page: 0x00000242a2560000

Metaspace:

Usage:
  Non-class:      8.91 MB used.
      Class:      1.16 MB used.
       Both:     10.07 MB used.

Virtual space:
  Non-class space:       64.00 MB reserved,       9.06 MB ( 14%) committed,  1 nodes.
      Class space:        1.00 GB reserved,       1.31 MB ( <1%) committed,  1 nodes.
             Both:        1.06 GB reserved,      10.38 MB ( <1%) committed. 

Chunk freelists:
   Non-Class:  2.33 MB
       Class:  2.67 MB
        Both:  5.00 MB

MaxMetaspaceSize: unlimited
CompressedClassSpaceSize: 1.00 GB
Initial GC threshold: 21.00 MB
Current GC threshold: 21.00 MB
CDS: on
MetaspaceReclaimPolicy: balanced
 - commit_granule_bytes: 65536.
 - commit_granule_words: 8192.
 - virtual_space_node_default_size: 8388608.
 - enlarge_chunks_in_place: 1.
 - new_chunks_are_fully_committed: 0.
 - uncommit_free_chunks: 1.
 - use_allocation_guard: 0.


Internal statistics:

num_allocs_failed_limit: 0.
num_arena_births: 174.
num_arena_deaths: 0.
num_vsnodes_births: 2.
num_vsnodes_deaths: 0.
num_space_committed: 166.
num_space_uncommitted: 0.
num_chunks_returned_to_freelist: 0.
num_chunks_taken_from_freelist: 265.
num_chunk_merges: 0.
num_chunk_splits: 158.
num_chunks_enlarged: 78.
num_inconsistent_stats: 0.

CodeHeap 'non-profiled nmethods': size=120000Kb used=341Kb max_used=341Kb free=119658Kb
 bounds [0x00000242b4250000, 0x00000242b44c0000, 0x00000242bb780000]
CodeHeap 'profiled nmethods': size=120000Kb used=1852Kb max_used=1852Kb free=118147Kb
 bounds [0x00000242ac780000, 0x00000242ac9f0000, 0x00000242b3cb0000]
CodeHeap 'non-nmethods': size=5760Kb used=1634Kb max_used=1651Kb free=4125Kb
 bounds [0x00000242b3cb0000, 0x00000242b3f20000, 0x00000242b4250000]
 total_blobs=1818 nmethods=1178 adapters=551
 compilation: enabled
              stopped_count=0, restarted_count=0
 full_count=0

Compilation events (20 events):
Event: 6.879 Thread 0x00000242c0803da0 nmethod 1151 0x00000242b42a0b90 code [0x00000242b42a0d00, 0x00000242b42a0f60]
Event: 6.879 Thread 0x00000242c0804ad0 1156       3       java.util.concurrent.ConcurrentHashMap$EntryIterator::next (51 bytes)
Event: 6.879 Thread 0x00000242c0803da0 1152 %     4       java.lang.StringLatin1::inflate @ 3 (34 bytes)
Event: 6.880 Thread 0x00000242c0804ad0 nmethod 1156 0x00000242ac941690 code [0x00000242ac941860, 0x00000242ac941d18]
Event: 6.880 Thread 0x00000242c0804ad0 1158       3       java.util.concurrent.ConcurrentHashMap$MapEntry::<init> (20 bytes)
Event: 6.880 Thread 0x00000242c0804ad0 nmethod 1158 0x00000242ac941e90 code [0x00000242ac942020, 0x00000242ac9422a0]
Event: 6.882 Thread 0x00000242c0804ad0 1159       3       jdk.internal.module.SystemModuleFinders$SystemModuleReader::containsImageLocation (42 bytes)
Event: 6.883 Thread 0x00000242c0804ad0 nmethod 1159 0x00000242ac942390 code [0x00000242ac9425a0, 0x00000242ac942c48]
Event: 6.884 Thread 0x00000242c0804ad0 1160       3       jdk.internal.jimage.BasicImageReader::match (37 bytes)
Event: 6.884 Thread 0x00000242c0804ad0 nmethod 1160 0x00000242ac942e90 code [0x00000242ac943040, 0x00000242ac943288]
Event: 6.884 Thread 0x00000242c0804ad0 1161       3       jdk.internal.jimage.ImageLocation::verifyName (161 bytes)
Event: 6.887 Thread 0x00000242c0804ad0 nmethod 1161 0x00000242ac943390 code [0x00000242ac9436c0, 0x00000242ac944cb0]
Event: 6.896 Thread 0x00000242c0803da0 nmethod 1152% 0x00000242b42a1090 code [0x00000242b42a1200, 0x00000242b42a15e0]
Event: 6.896 Thread 0x00000242c0803da0 1149       4       java.util.Properties::loadConvert (540 bytes)
Event: 6.908 Thread 0x00000242c0804ad0 1163       3       java.lang.invoke.MethodHandles$Lookup$ClassFile::readUnsignedShort (39 bytes)
Event: 6.908 Thread 0x00000242c0804ad0 nmethod 1163 0x00000242ac945610 code [0x00000242ac9457c0, 0x00000242ac9459c8]
Event: 6.908 Thread 0x00000242c0804ad0 1164       3       jdk.internal.org.objectweb.asm.ClassReader::<init> (371 bytes)
Event: 6.911 Thread 0x00000242c0804ad0 nmethod 1164 0x00000242ac945b10 code [0x00000242ac945de0, 0x00000242ac9470d0]
Event: 6.911 Thread 0x00000242c0804ad0 1165       1       jdk.internal.org.objectweb.asm.ClassReader::getMaxStringLength (5 bytes)
Event: 6.911 Thread 0x00000242c0804ad0 nmethod 1165 0x00000242b42a1a90 code [0x00000242b42a1c00, 0x00000242b42a1cc8]

GC Heap History (2 events):
Event: 0.774 GC heap before
{Heap before GC invocations=0 (full 0):
 garbage-first heap   total 131072K, used 19456K [0x0000000081e00000, 0x0000000100000000)
  region size 1024K, 13 young (13312K), 0 survivors (0K)
 Metaspace       used 4940K, committed 5120K, reserved 1114112K
  class space    used 517K, committed 640K, reserved 1048576K
}
Event: 0.781 GC heap after
{Heap after GC invocations=1 (full 0):
 garbage-first heap   total 131072K, used 8644K [0x0000000081e00000, 0x0000000100000000)
  region size 1024K, 2 young (2048K), 2 survivors (2048K)
 Metaspace       used 4940K, committed 5120K, reserved 1114112K
  class space    used 517K, committed 640K, reserved 1048576K
}

Dll operation events (10 events):
Event: 0.012 Loaded shared library C:\Program Files\Java\jdk-20\bin\java.dll
Event: 0.027 Loaded shared library C:\Program Files\Java\jdk-20\bin\jsvml.dll
Event: 0.132 Loaded shared library C:\Program Files\Java\jdk-20\bin\net.dll
Event: 0.135 Loaded shared library C:\Program Files\Java\jdk-20\bin\nio.dll
Event: 0.194 Loaded shared library C:\Program Files\Java\jdk-20\bin\zip.dll
Event: 0.219 Loaded shared library C:\Program Files\Java\jdk-20\bin\jimage.dll
Event: 0.249 Loaded shared library C:\Program Files\Java\jdk-20\bin\awt.dll
Event: 0.682 Loaded shared library C:\Program Files\Java\jdk-20\bin\javajpeg.dll
Event: 0.915 Loaded shared library C:\Program Files\Java\jdk-20\bin\freetype.dll
Event: 0.916 Loaded shared library C:\Program Files\Java\jdk-20\bin\fontmanager.dll

Deoptimization events (20 events):
Event: 6.775 Thread 0x00000242c07d83a0 Uncommon trap: trap_request=0xffffffc6 fr.pc=0x00000242b4286978 relative=0x0000000000000a78
Event: 6.775 Thread 0x00000242c07d83a0 Uncommon trap: reason=bimorphic_or_optimized_type_check action=maybe_recompile pc=0x00000242b4286978 method=java.util.HashMap.putVal(ILjava/lang/Object;Ljava/lang/Object;ZZ)Ljava/lang/Object; @ 152 c2
Event: 6.775 Thread 0x00000242c07d83a0 DEOPT PACKING pc=0x00000242b4286978 sp=0x000000bd664fcda0
Event: 6.775 Thread 0x00000242c07d83a0 DEOPT UNPACKING pc=0x00000242b3d19d22 sp=0x000000bd664fccc8 mode 2
Event: 6.817 Thread 0x00000242c07d83a0 Uncommon trap: trap_request=0xffffffde fr.pc=0x00000242b427f048 relative=0x0000000000000288
Event: 6.817 Thread 0x00000242c07d83a0 Uncommon trap: reason=class_check action=maybe_recompile pc=0x00000242b427f048 method=java.util.regex.Pattern$BmpCharPropertyGreedy.match(Ljava/util/regex/Matcher;ILjava/lang/CharSequence;)Z @ 26 c2
Event: 6.817 Thread 0x00000242c07d83a0 DEOPT PACKING pc=0x00000242b427f048 sp=0x000000bd664fdca0
Event: 6.817 Thread 0x00000242c07d83a0 DEOPT UNPACKING pc=0x00000242b3d19d22 sp=0x000000bd664fdc58 mode 2
Event: 6.830 Thread 0x00000242c07d83a0 Uncommon trap: trap_request=0xffffffde fr.pc=0x00000242b427f048 relative=0x0000000000000288
Event: 6.830 Thread 0x00000242c07d83a0 Uncommon trap: reason=class_check action=maybe_recompile pc=0x00000242b427f048 method=java.util.regex.Pattern$BmpCharPropertyGreedy.match(Ljava/util/regex/Matcher;ILjava/lang/CharSequence;)Z @ 26 c2
Event: 6.830 Thread 0x00000242c07d83a0 DEOPT PACKING pc=0x00000242b427f048 sp=0x000000bd664fdba0
Event: 6.830 Thread 0x00000242c07d83a0 DEOPT UNPACKING pc=0x00000242b3d19d22 sp=0x000000bd664fdb58 mode 2
Event: 6.830 Thread 0x00000242c07d83a0 Uncommon trap: trap_request=0xffffffde fr.pc=0x00000242b427f048 relative=0x0000000000000288
Event: 6.830 Thread 0x00000242c07d83a0 Uncommon trap: reason=class_check action=maybe_recompile pc=0x00000242b427f048 method=java.util.regex.Pattern$BmpCharPropertyGreedy.match(Ljava/util/regex/Matcher;ILjava/lang/CharSequence;)Z @ 26 c2
Event: 6.830 Thread 0x00000242c07d83a0 DEOPT PACKING pc=0x00000242b427f048 sp=0x000000bd664fdba0
Event: 6.830 Thread 0x00000242c07d83a0 DEOPT UNPACKING pc=0x00000242b3d19d22 sp=0x000000bd664fdb58 mode 2
Event: 6.830 Thread 0x00000242c07d83a0 Uncommon trap: trap_request=0xffffffde fr.pc=0x00000242b427f048 relative=0x0000000000000288
Event: 6.830 Thread 0x00000242c07d83a0 Uncommon trap: reason=class_check action=maybe_recompile pc=0x00000242b427f048 method=java.util.regex.Pattern$BmpCharPropertyGreedy.match(Ljava/util/regex/Matcher;ILjava/lang/CharSequence;)Z @ 26 c2
Event: 6.830 Thread 0x00000242c07d83a0 DEOPT PACKING pc=0x00000242b427f048 sp=0x000000bd664fda80
Event: 6.830 Thread 0x00000242c07d83a0 DEOPT UNPACKING pc=0x00000242b3d19d22 sp=0x000000bd664fda38 mode 2

Classes loaded (20 events):
Event: 6.846 Loading class java/util/PropertyResourceBundle
Event: 6.846 Loading class java/util/PropertyResourceBundle done
Event: 6.846 Loading class sun/util/PropertyResourceBundleCharset
Event: 6.846 Loading class sun/util/PropertyResourceBundleCharset done
Event: 6.846 Loading class sun/util/PropertyResourceBundleCharset$PropertiesFileDecoder
Event: 6.846 Loading class sun/util/PropertyResourceBundleCharset$PropertiesFileDecoder done
Event: 6.883 Loading class java/text/MessageFormat
Event: 6.884 Loading class java/text/MessageFormat done
Event: 6.886 Loading class java/math/BigDecimal
Event: 6.887 Loading class java/math/BigDecimal done
Event: 6.888 Loading class java/math/MathContext
Event: 6.889 Loading class java/math/MathContext done
Event: 6.903 Loading class java/util/Collections$UnmodifiableMap$UnmodifiableEntrySet
Event: 6.903 Loading class java/util/Collections$UnmodifiableMap$UnmodifiableEntrySet done
Event: 6.903 Loading class java/util/Collections$UnmodifiableMap$UnmodifiableEntrySet$UnmodifiableEntrySetSpliterator
Event: 6.903 Loading class java/util/Collections$UnmodifiableMap$UnmodifiableEntrySet$UnmodifiableEntrySetSpliterator done
Event: 6.904 Loading class java/util/HashMap$EntrySpliterator
Event: 6.904 Loading class java/util/HashMap$EntrySpliterator done
Event: 6.905 Loading class java/lang/invoke/DirectMethodHandle$Special
Event: 6.905 Loading class java/lang/invoke/DirectMethodHandle$Special done

Classes unloaded (0 events):
No events

Classes redefined (0 events):
No events

Internal exceptions (19 events):
Event: 0.138 Thread 0x00000242a46b92c0 Exception <a 'sun/nio/fs/WindowsException'{0x0000000089c3f0f0}> (0x0000000089c3f0f0) 
thrown [s\open\src\hotspot\share\prims\jni.cpp, line 519]
Event: 0.143 Thread 0x00000242a46b92c0 Exception <a 'sun/nio/fs/WindowsException'{0x0000000089c41620}> (0x0000000089c41620) 
thrown [s\open\src\hotspot\share\prims\jni.cpp, line 519]
Event: 0.143 Thread 0x00000242a46b92c0 Exception <a 'sun/nio/fs/WindowsException'{0x0000000089c42168}> (0x0000000089c42168) 
thrown [s\open\src\hotspot\share\prims\jni.cpp, line 519]
Event: 0.143 Thread 0x00000242a46b92c0 Exception <a 'sun/nio/fs/WindowsException'{0x0000000089c42c70}> (0x0000000089c42c70) 
thrown [s\open\src\hotspot\share\prims\jni.cpp, line 519]
Event: 0.144 Thread 0x00000242a46b92c0 Exception <a 'sun/nio/fs/WindowsException'{0x0000000089c86438}> (0x0000000089c86438) 
thrown [s\open\src\hotspot\share\prims\jni.cpp, line 519]
Event: 0.232 Thread 0x00000242a46b92c0 Exception <a 'java/lang/ClassNotFoundException'{0x0000000089b4a608}: sun/awt/resources/spi/awtProvider> (0x0000000089b4a608) 
thrown [s\open\src\hotspot\share\classfile\systemDictionary.cpp, line 305]
Event: 0.277 Thread 0x00000242a46b92c0 Exception <a 'java/io/FileNotFoundException'{0x0000000089ba0f38}> (0x0000000089ba0f38) 
thrown [s\open\src\hotspot\share\prims\jni.cpp, line 519]
Event: 0.290 Thread 0x00000242a46b92c0 Exception <a 'java/io/FileNotFoundException'{0x0000000089bcb178}> (0x0000000089bcb178) 
thrown [s\open\src\hotspot\share\prims\jni.cpp, line 519]
Event: 0.427 Thread 0x00000242a46b92c0 Exception <a 'java/lang/NoSuchMethodError'{0x0000000089ae56d8}: 'void java.lang.invoke.DirectMethodHandle$Holder.invokeSpecial(java.lang.Object, java.lang.Object, java.lang.Object)'> (0x0000000089ae56d8) 
thrown [s\open\src\hotspot\share\interpreter\linkResolver.cpp, line 773]
Event: 0.443 Thread 0x00000242a46b92c0 Exception <a 'java/lang/NoSuchMethodError'{0x0000000089910328}: 'java.lang.Object java.lang.invoke.DirectMethodHandle$Holder.newInvokeSpecial(java.lang.Object, java.lang.Object, java.lang.Object, java.lang.Object, java.lang.Object)'> (0x0000000089910328) 
thrown [s\open\src\hotspot\share\interpreter\linkResolver.cpp, line 773]
Event: 0.455 Thread 0x00000242a46b92c0 Exception <a 'java/lang/NoSuchMethodError'{0x0000000089940bd0}: 'java.lang.Object java.lang.invoke.DirectMethodHandle$Holder.invokeStatic(java.lang.Object, int, java.lang.Object)'> (0x0000000089940bd0) 
thrown [s\open\src\hotspot\share\interpreter\linkResolver.cpp, line 773]
Event: 0.509 Thread 0x00000242a46b92c0 Exception <a 'java/lang/ClassNotFoundException'{0x00000000899fc220}: com/sun/swing/internal/plaf/metal/resources/spi/metalProvider> (0x00000000899fc220) 
thrown [s\open\src\hotspot\share\classfile\systemDictionary.cpp, line 305]
Event: 0.511 Thread 0x00000242a46b92c0 Exception <a 'java/lang/ClassNotFoundException'{0x0000000089800420}: com/sun/swing/internal/plaf/basic/resources/spi/basicProvider> (0x0000000089800420) 
thrown [s\open\src\hotspot\share\classfile\systemDictionary.cpp, line 305]
Event: 0.525 Thread 0x00000242a46b92c0 Exception <a 'java/lang/NoSuchMethodError'{0x000000008981f8a8}: 'int java.lang.invoke.Invokers$Holder.invokeExact_MT(java.lang.Object, java.lang.Object)'> (0x000000008981f8a8) 
thrown [s\open\src\hotspot\share\interpreter\linkResolver.cpp, line 773]
Event: 0.686 Thread 0x00000242c07d7e50 Exception <a 'java/lang/NoSuchMethodError'{0x0000000089627de8}: 'java.lang.Object java.lang.invoke.DirectMethodHandle$Holder.newInvokeSpecial(java.lang.Object, java.lang.Object, java.lang.Object, int, int, int, int, int)'> (0x0000000089627de8) 
thrown [s\open\src\hotspot\share\interpreter\linkResolver.cpp, line 773]
Event: 0.907 Thread 0x00000242a46b92c0 Exception <a 'java/lang/NoSuchMethodError'{0x0000000089d95810}: 'void java.lang.invoke.DirectMethodHandle$Holder.invokeStaticInit(java.lang.Object)'> (0x0000000089d95810) 
thrown [s\open\src\hotspot\share\interpreter\linkResolver.cpp, line 773]
Event: 0.998 Thread 0x00000242c07d5920 Exception <a 'java/lang/NoSuchMethodError'{0x0000000089cb3560}: 'void java.lang.invoke.DirectMethodHandle$Holder.invokeVirtual(java.lang.Object, java.lang.Object)'> (0x0000000089cb3560) 
thrown [s\open\src\hotspot\share\interpreter\linkResolver.cpp, line 773]
Event: 6.836 Thread 0x00000242c07d83a0 Exception <a 'java/lang/NoSuchMethodError'{0x0000000089acf1c8}: 'java.lang.Object java.lang.invoke.DirectMethodHandle$Holder.invokeInterface(java.lang.Object, java.lang.Object)'> (0x0000000089acf1c8) 
thrown [s\open\src\hotspot\share\interpreter\linkResolver.cpp, line 773]
Event: 6.907 Thread 0x00000242c07d83a0 Exception <a 'java/lang/NoSuchMethodError'{0x0000000089948168}: 'void java.lang.invoke.DirectMethodHandle$Holder.invokeStatic(java.lang.Object, java.lang.Object, java.lang.Object)'> (0x0000000089948168) 
thrown [s\open\src\hotspot\share\interpreter\linkResolver.cpp, line 773]

VM Operations (20 events):
Event: 0.303 Executing VM operation: HandshakeAllThreads
Event: 0.303 Executing VM operation: HandshakeAllThreads done
Event: 0.531 Executing VM operation: HandshakeAllThreads
Event: 0.531 Executing VM operation: HandshakeAllThreads done
Event: 0.657 Executing VM operation: HandshakeAllThreads
Event: 0.657 Executing VM operation: HandshakeAllThreads done
Event: 0.774 Executing VM operation: G1CollectForAllocation
Event: 0.781 Executing VM operation: G1CollectForAllocation done
Event: 0.784 Executing VM operation: HandshakeAllThreads
Event: 0.785 Executing VM operation: HandshakeAllThreads done
Event: 1.788 Executing VM operation: Cleanup
Event: 1.788 Executing VM operation: Cleanup done
Event: 2.792 Executing VM operation: Cleanup
Event: 2.793 Executing VM operation: Cleanup done
Event: 4.813 Executing VM operation: Cleanup
Event: 4.813 Executing VM operation: Cleanup done
Event: 5.818 Executing VM operation: Cleanup
Event: 5.818 Executing VM operation: Cleanup done
Event: 6.811 Executing VM operation: HandshakeAllThreads
Event: 6.811 Executing VM operation: HandshakeAllThreads done

Events (20 events):
Event: 0.053 Thread 0x00000242c07c8040 Thread added: 0x00000242c07c8040
Event: 0.053 Thread 0x00000242c07d1600 Thread added: 0x00000242c07d1600
Event: 0.054 Thread 0x00000242c07d6910 Thread added: 0x00000242c07d6910
Event: 0.054 Thread 0x00000242c07d63c0 Thread added: 0x00000242c07d63c0
Event: 0.054 Thread 0x00000242c07d6e60 Thread added: 0x00000242c07d6e60
Event: 0.055 Thread 0x00000242c07d4e80 Thread added: 0x00000242c07d4e80
Event: 0.055 Thread 0x00000242c0803da0 Thread added: 0x00000242c0803da0
Event: 0.055 Thread 0x00000242c0804ad0 Thread added: 0x00000242c0804ad0
Event: 0.105 Thread 0x00000242c07d5e70 Thread added: 0x00000242c07d5e70
Event: 0.177 Thread 0x00000242c07d53d0 Thread added: 0x00000242c07d53d0
Event: 0.366 Thread 0x00000242c07d73b0 Thread added: 0x00000242c07d73b0
Event: 0.368 Thread 0x00000242c07d7900 Thread added: 0x00000242c07d7900
Event: 0.371 Thread 0x00000242c07d5920 Thread added: 0x00000242c07d5920
Event: 0.551 Thread 0x00000242c07d7e50 Thread added: 0x00000242c07d7e50
Event: 0.879 Thread 0x00000242c07d83a0 Thread added: 0x00000242c07d83a0
Event: 1.004 Thread 0x00000242a46b92c0 Thread exited: 0x00000242a46b92c0
Event: 1.004 Thread 0x00000242c5743ac0 Thread added: 0x00000242c5743ac0
Event: 5.873 Thread 0x00000242c07d7e50 Thread exited: 0x00000242c07d7e50
Event: 6.785 Thread 0x00000242c5740050 Thread added: 0x00000242c5740050
Event: 6.868 Thread 0x00000242c56aafd0 Thread added: 0x00000242c56aafd0


Dynamic libraries:
0x00007ff79cc30000 - 0x00007ff79cc40000 	C:\Program Files\Java\jdk-20\bin\java.exe
0x00007ffb2ba30000 - 0x00007ffb2bc28000 	C:\Windows\SYSTEM32\ntdll.dll
0x00007ffb2a4d0000 - 0x00007ffb2a58f000 	C:\Windows\System32\KERNEL32.DLL
0x00007ffb297b0000 - 0x00007ffb29a8a000 	C:\Windows\System32\KERNELBASE.dll
0x00007ffb292f0000 - 0x00007ffb293f0000 	C:\Windows\System32\ucrtbase.dll
0x00007ffb13900000 - 0x00007ffb13919000 	C:\Program Files\Java\jdk-20\bin\jli.dll
0x00007ffb02530000 - 0x00007ffb0254b000 	C:\Program Files\Java\jdk-20\bin\VCRUNTIME140.dll
0x00007ffb2b0f0000 - 0x00007ffb2b19e000 	C:\Windows\System32\ADVAPI32.dll
0x00007ffb29c20000 - 0x00007ffb29cbe000 	C:\Windows\System32\msvcrt.dll
0x00007ffb2b1a0000 - 0x00007ffb2b23c000 	C:\Windows\System32\sechost.dll
0x00007ffb2b4d0000 - 0x00007ffb2b5f6000 	C:\Windows\System32\RPCRT4.dll
0x00007ffb2a890000 - 0x00007ffb2aa2d000 	C:\Windows\System32\USER32.dll
0x00007ffb16740000 - 0x00007ffb169da000 	C:\Windows\WinSxS\amd64_microsoft.windows.common-controls_6595b64144ccf1df_6.0.19041.1110_none_60b5254171f9507e\COMCTL32.dll
0x00007ffb293f0000 - 0x00007ffb29412000 	C:\Windows\System32\win32u.dll
0x00007ffb29bd0000 - 0x00007ffb29bfb000 	C:\Windows\System32\GDI32.dll
0x00007ffb291e0000 - 0x00007ffb292f0000 	C:\Windows\System32\gdi32full.dll
0x00007ffb29140000 - 0x00007ffb291dd000 	C:\Windows\System32\msvcp_win.dll
0x00007ffb18b40000 - 0x00007ffb18b4a000 	C:\Windows\SYSTEM32\VERSION.dll
0x00007ffb2b9c0000 - 0x00007ffb2b9f0000 	C:\Windows\System32\IMM32.DLL
0x00007ffb18be0000 - 0x00007ffb18bec000 	C:\Program Files\Java\jdk-20\bin\vcruntime140_1.dll
0x00007ffb01270000 - 0x00007ffb012fe000 	C:\Program Files\Java\jdk-20\bin\msvcp140.dll
0x00007ffafd0a0000 - 0x00007ffafdd37000 	C:\Program Files\Java\jdk-20\bin\server\jvm.dll
0x00007ffb1a680000 - 0x00007ffb1a689000 	C:\Windows\SYSTEM32\WSOCK32.dll
0x00007ffb14b00000 - 0x00007ffb14b27000 	C:\Windows\SYSTEM32\WINMM.dll
0x00007ffb2b2d0000 - 0x00007ffb2b33b000 	C:\Windows\System32\WS2_32.dll
0x00007ffb27000000 - 0x00007ffb27012000 	C:\Windows\SYSTEM32\kernel.appcore.dll
0x00007ffb17850000 - 0x00007ffb1785a000 	C:\Program Files\Java\jdk-20\bin\jimage.dll
0x00007ffb17fc0000 - 0x00007ffb181a4000 	C:\Windows\SYSTEM32\DBGHELP.DLL
0x00007ffb17ed0000 - 0x00007ffb17f04000 	C:\Windows\SYSTEM32\dbgcore.DLL
0x00007ffb296f0000 - 0x00007ffb29772000 	C:\Windows\System32\bcryptPrimitives.dll
0x00007ffb02500000 - 0x00007ffb02526000 	C:\Program Files\Java\jdk-20\bin\java.dll
0x00007ffb01530000 - 0x00007ffb01607000 	C:\Program Files\Java\jdk-20\bin\jsvml.dll
0x00007ffb29cc0000 - 0x00007ffb2a404000 	C:\Windows\System32\SHELL32.dll
0x00007ffb27200000 - 0x00007ffb27993000 	C:\Windows\SYSTEM32\windows.storage.dll
0x00007ffb2b600000 - 0x00007ffb2b954000 	C:\Windows\System32\combase.dll
0x00007ffb28ac0000 - 0x00007ffb28aee000 	C:\Windows\SYSTEM32\Wldp.dll
0x00007ffb2b340000 - 0x00007ffb2b3ed000 	C:\Windows\System32\SHCORE.dll
0x00007ffb2a410000 - 0x00007ffb2a465000 	C:\Windows\System32\shlwapi.dll
0x00007ffb29080000 - 0x00007ffb2909f000 	C:\Windows\SYSTEM32\profapi.dll
0x00007ffb02120000 - 0x00007ffb02133000 	C:\Program Files\Java\jdk-20\bin\net.dll
0x00007ffb1bf20000 - 0x00007ffb1c02a000 	C:\Windows\SYSTEM32\WINHTTP.dll
0x00007ffb28820000 - 0x00007ffb2888a000 	C:\Windows\system32\mswsock.dll
0x00007ffb014c0000 - 0x00007ffb014d6000 	C:\Program Files\Java\jdk-20\bin\nio.dll
0x00007ffb014a0000 - 0x00007ffb014b8000 	C:\Program Files\Java\jdk-20\bin\zip.dll
0x00007ffb01300000 - 0x00007ffb01491000 	C:\Program Files\Java\jdk-20\bin\awt.dll
0x00007ffb2a590000 - 0x00007ffb2a65d000 	C:\Windows\System32\OLEAUT32.dll
0x00007ffb26940000 - 0x00007ffb269d0000 	C:\Windows\SYSTEM32\apphelp.dll
0x00007ffb26d10000 - 0x00007ffb26d3f000 	C:\Windows\system32\DWMAPI.DLL
0x00007ffb26af0000 - 0x00007ffb26b8e000 	C:\Windows\system32\uxtheme.dll
0x00007ffb0cd20000 - 0x00007ffb0ce45000 	C:\Windows\system32\opengl32.dll
0x00007ffb13bd0000 - 0x00007ffb13bfc000 	C:\Windows\SYSTEM32\GLU32.dll
0x00007ffb2a6c0000 - 0x00007ffb2a7d4000 	C:\Windows\System32\MSCTF.dll
0x00007ffb29a90000 - 0x00007ffb29bba000 	C:\Windows\System32\ole32.dll
0x00007ffb12690000 - 0x00007ffb126be000 	C:\Program Files\Java\jdk-20\bin\javajpeg.dll
0x00007ffb011e0000 - 0x00007ffb01266000 	C:\Program Files\Java\jdk-20\bin\freetype.dll
0x00007ffb01110000 - 0x00007ffb011d6000 	C:\Program Files\Java\jdk-20\bin\fontmanager.dll
0x00007ffb21bb0000 - 0x00007ffb21ca9000 	C:\Windows\SYSTEM32\textinputframework.dll
0x00007ffb262d0000 - 0x00007ffb2662e000 	C:\Windows\System32\CoreUIComponents.dll
0x00007ffb26710000 - 0x00007ffb26802000 	C:\Windows\System32\CoreMessaging.dll
0x00007ffb28260000 - 0x00007ffb28293000 	C:\Windows\SYSTEM32\ntmarta.dll
0x00007ffb25c00000 - 0x00007ffb25d54000 	C:\Windows\SYSTEM32\wintypes.dll

dbghelp: loaded successfully - version: 4.0.5 - missing functions: none
symbol engine: initialized successfully - sym options: 0x614 - pdb path: .;C:\Program Files\Java\jdk-20\bin;C:\Windows\SYSTEM32;C:\Windows\WinSxS\amd64_microsoft.windows.common-controls_6595b64144ccf1df_6.0.19041.1110_none_60b5254171f9507e;C:\Program Files\Java\jdk-20\bin\server

VM Arguments:
jvm_args: -Dfile.encoding=UTF-8 --module-path=C:\Users\DELL\Documents\NetBeansProjects\Hotel Management System\build\classes 
java_command: hotel.management.system.Reception
java_class_path (initial): C:\Users\DELL\Downloads\mysql-connector-java-8.0.28.jar;C:\Users\DELL\Downloads\rs2xml.jar;C:\Users\DELL\Documents\NetBeansProjects\Hotel Management System\build\classes
Launcher Type: SUN_STANDARD

[Global flags]
     intx CICompilerCount                          = 3                                         {product} {ergonomic}
     uint ConcGCThreads                            = 1                                         {product} {ergonomic}
     uint G1ConcRefinementThreads                  = 4                                         {product} {ergonomic}
   size_t G1HeapRegionSize                         = 1048576                                   {product} {ergonomic}
    uintx GCDrainStackTargetSize                   = 64                                        {product} {ergonomic}
   size_t InitialHeapSize                          = 134217728                                 {product} {ergonomic}
   size_t MarkStackSize                            = 4194304                                   {product} {ergonomic}
   size_t MaxHeapSize                              = 2116026368                                {product} {ergonomic}
   size_t MaxNewSize                               = 1268776960                                {product} {ergonomic}
   size_t MinHeapDeltaBytes                        = 1048576                                   {product} {ergonomic}
   size_t MinHeapSize                              = 8388608                                   {product} {ergonomic}
    uintx NonNMethodCodeHeapSize                   = 5832780                                {pd product} {ergonomic}
    uintx NonProfiledCodeHeapSize                  = 122912730                              {pd product} {ergonomic}
    uintx ProfiledCodeHeapSize                     = 122912730                              {pd product} {ergonomic}
    uintx ReservedCodeCacheSize                    = 251658240                              {pd product} {ergonomic}
     bool SegmentedCodeCache                       = true                                      {product} {ergonomic}
   size_t SoftMaxHeapSize                          = 2116026368                             {manageable} {ergonomic}
     bool UseCompressedClassPointers               = true                           {product lp64_product} {ergonomic}
     bool UseCompressedOops                        = true                           {product lp64_product} {ergonomic}
     bool UseG1GC                                  = true                                      {product} {ergonomic}
     bool UseLargePagesIndividualAllocation        = false                                  {pd product} {ergonomic}

Logging:
Log output configuration:
 #0: stdout all=warning uptime,level,tags foldmultilines=false
 #1: stderr all=off uptime,level,tags foldmultilines=false

Environment Variables:
PATH=C:\Program Files\Common Files\Oracle\Java\javapath;C:\Windows\system32;C:\Windows;C:\Windows\System32\Wbem;C:\Windows\System32\WindowsPowerShell\v1.0\;C:\Windows\System32\OpenSSH\;C:\Program Files\Java\jdk-20\bin;C:\Users\DELL\AppData\Local\Microsoft\WindowsApps;C:\Program Files\Bandizip\;D:\IntelliJ IDEA 2023.2\bin;
USERNAME=DELL
OS=Windows_NT
PROCESSOR_IDENTIFIER=Intel64 Family 6 Model 58 Stepping 9, GenuineIntel
TMP=C:\Users\DELL\AppData\Local\Temp
TEMP=C:\Users\DELL\AppData\Local\Temp




---------------  S Y S T E M  ---------------

OS:
 Windows 10 , 64 bit Build 19041 (10.0.19041.2788)
OS uptime: 1 days 0:15 hours

CPU: total 4 (initial active 4) (2 cores per cpu, 2 threads per core) family 6 model 58 stepping 9 microcode 0x21, cx8, cmov, fxsr, ht, mmx, sse, sse2, sse3, ssse3, sse4.1, sse4.2, popcnt, tsc, tscinvbit, avx, erms, clmul, vzeroupper, clflush, rdtscp, f16c

Memory: 4k page, system-wide physical 8067M (1676M free)
TotalPageFile size 20926M (AvailPageFile size 9M)
current process WorkingSet (physical memory assigned to process): 83M, peak: 83M
current process commit charge ("private bytes"): 219M, peak: 219M

vm_info: Java HotSpot(TM) 64-Bit Server VM (20.0.1+9-29) for windows-amd64 JRE (20.0.1+9-29), built on 2023-03-07T13:56:11Z by "mach5one" with MS VC++ 17.1 (VS2022)

END.
