#
# There is insufficient memory for the Java Runtime Environment to continue.
# Native memory allocation (malloc) failed to allocate 65200 bytes for Chunk::new
# Possible reasons:
#   The system is out of physical RAM or swap space
#   The process is running with CompressedOops enabled, and the Java Heap may be blocking the growth of the native heap
# Possible solutions:
#   Reduce memory load on the system
#   Increase physical memory or swap space
#   Check if swap backing store is full
#   Decrease Java heap size (-Xmx/-Xms)
#   Decrease number of Java threads
#   Decrease Java thread stack sizes (-Xss)
#   Set larger code cache with -XX:ReservedCodeCacheSize=
#   JVM is running with Unscaled Compressed Oops mode in which the Java heap is
#     placed in the first 4GB address space. The Java Heap base address is the
#     maximum limit for the native heap growth. Please use -XX:HeapBaseMinAddress
#     to set the Java Heap base and to place the Java Heap above 4GB virtual address.
# This output file may be truncated or incomplete.
#
#  Out of Memory Error (arena.cpp:184), pid=18408, tid=15280
#
# JRE version: Java(TM) SE Runtime Environment (20.0.1+9) (build 20.0.1+9-29)
# Java VM: Java HotSpot(TM) 64-Bit Server VM (20.0.1+9-29, mixed mode, sharing, tiered, compressed oops, compressed class ptrs, g1 gc, windows-amd64)
# No core dump will be written. Minidumps are not enabled by default on client versions of Windows
#

---------------  S U M M A R Y ------------

Command Line: -Dfile.encoding=UTF-8 --module-path=C:\Users\DELL\Documents\NetBeansProjects\Hotel Management System\build\classes hotel.management.system.Reception

Host: Intel(R) Core(TM) i3-3217U CPU @ 1.80GHz, 4 cores, 7G,  Windows 10 , 64 bit Build 19041 (10.0.19041.2788)
Time: Sat Sep 23 23:53:28 2023 Pacific Daylight Time elapsed time: 7.226095 seconds (0d 0h 0m 7s)

---------------  T H R E A D  ---------------

Current thread (0x000002277e0e2cf0):  JavaThread "AWT-EventQueue-0" [_thread_in_vm, id=15280, stack(0x00000093bf100000,0x00000093bf200000)]

Stack: [0x00000093bf100000,0x00000093bf200000]
Native frames: (J=compiled Java code, j=interpreted, Vv=VM code, C=native code)
V  [jvm.dll+0x6bb95a]
V  [jvm.dll+0x8485fa]
V  [jvm.dll+0x84a1f5]
V  [jvm.dll+0x84a8f3]
V  [jvm.dll+0x280b0f]
V  [jvm.dll+0xc2b11]
V  [jvm.dll+0xc2e35]
V  [jvm.dll+0x223ce5]
V  [jvm.dll+0x222c36]
V  [jvm.dll+0x7c2cb4]
V  [jvm.dll+0x7c3dff]
V  [jvm.dll+0x7c43af]
V  [jvm.dll+0x472b06]
C  [java.dll+0x1a55]

Java frames: (J=compiled Java code, j=interpreted, Vv=VM code)
j  java.lang.ClassLoader.findBootstrapClass(Ljava/lang/String;)Ljava/lang/Class;+0 java.base@20.0.1
j  java.lang.ClassLoader.findBootstrapClassOrNull(Ljava/lang/String;)Ljava/lang/Class;+10 java.base@20.0.1
j  java.lang.System$2.findBootstrapClassOrNull(Ljava/lang/String;)Ljava/lang/Class;+1 java.base@20.0.1
j  jdk.internal.loader.ClassLoaders$BootClassLoader.loadClassOrNull(Ljava/lang/String;Z)Ljava/lang/Class;+4 java.base@20.0.1
j  jdk.internal.loader.BuiltinClassLoader.loadClassOrNull(Ljava/lang/String;)Ljava/lang/Class;+3 java.base@20.0.1
j  jdk.internal.loader.BuiltinClassLoader.loadClassOrNull(Ljava/lang/String;Z)Ljava/lang/Class;+66 java.base@20.0.1
j  jdk.internal.loader.BuiltinClassLoader.loadClass(Ljava/lang/String;Z)Ljava/lang/Class;+3 java.base@20.0.1
j  jdk.internal.loader.ClassLoaders$AppClassLoader.loadClass(Ljava/lang/String;Z)Ljava/lang/Class;+36 java.base@20.0.1
j  java.lang.ClassLoader.loadClass(Ljava/lang/String;)Ljava/lang/Class;+3 java.base@20.0.1
v  ~StubRoutines::call_stub 0x000002270753100d
j  com.mysql.cj.Constants.<clinit>()V+205
v  ~StubRoutines::call_stub 0x000002270753100d
j  com.mysql.cj.util.Util.<clinit>()V+9
v  ~StubRoutines::call_stub 0x000002270753100d
j  com.mysql.cj.conf.ConnectionUrl$Type.getImplementingInstance(Lcom/mysql/cj/conf/ConnectionUrlParser;Ljava/util/Properties;)Lcom/mysql/cj/conf/ConnectionUrl;+31
j  com.mysql.cj.conf.ConnectionUrl$Type.getConnectionUrlInstance(Lcom/mysql/cj/conf/ConnectionUrlParser;Ljava/util/Properties;)Lcom/mysql/cj/conf/ConnectionUrl;+167
j  com.mysql.cj.conf.ConnectionUrl.getConnectionUrlInstance(Ljava/lang/String;Ljava/util/Properties;)Lcom/mysql/cj/conf/ConnectionUrl;+102
j  com.mysql.cj.jdbc.NonRegisteringDriver.connect(Ljava/lang/String;Ljava/util/Properties;)Ljava/sql/Connection;+11
j  java.sql.DriverManager.getConnection(Ljava/lang/String;Ljava/util/Properties;Ljava/lang/Class;)Ljava/sql/Connection;+133 java.sql@20.0.1
j  java.sql.DriverManager.getConnection(Ljava/lang/String;Ljava/lang/String;Ljava/lang/String;)Ljava/sql/Connection;+37 java.sql@20.0.1
j  hotel.management.system.Conn.<init>()V+17
j  hotel.management.system.Department.<init>()V+117
j  hotel.management.system.Reception.actionPerformed(Ljava/awt/event/ActionEvent;)V+74
j  javax.swing.AbstractButton.fireActionPerformed(Ljava/awt/event/ActionEvent;)V+84 java.desktop@20.0.1
j  javax.swing.AbstractButton$Handler.actionPerformed(Ljava/awt/event/ActionEvent;)V+5 java.desktop@20.0.1
j  javax.swing.DefaultButtonModel.fireActionPerformed(Ljava/awt/event/ActionEvent;)V+34 java.desktop@20.0.1
j  javax.swing.DefaultButtonModel.setPressed(Z)V+117 java.desktop@20.0.1
j  javax.swing.plaf.basic.BasicButtonListener.mouseReleased(Ljava/awt/event/MouseEvent;)V+35 java.desktop@20.0.1
j  java.awt.Component.processMouseEvent(Ljava/awt/event/MouseEvent;)V+64 java.desktop@20.0.1
j  javax.swing.JComponent.processMouseEvent(Ljava/awt/event/MouseEvent;)V+23 java.desktop@20.0.1
j  java.awt.Component.processEvent(Ljava/awt/AWTEvent;)V+81 java.desktop@20.0.1
j  java.awt.Container.processEvent(Ljava/awt/AWTEvent;)V+18 java.desktop@20.0.1
j  java.awt.Component.dispatchEventImpl(Ljava/awt/AWTEvent;)V+504 java.desktop@20.0.1
j  java.awt.Container.dispatchEventImpl(Ljava/awt/AWTEvent;)V+42 java.desktop@20.0.1
j  java.awt.Component.dispatchEvent(Ljava/awt/AWTEvent;)V+2 java.desktop@20.0.1
j  java.awt.LightweightDispatcher.retargetMouseEvent(Ljava/awt/Component;ILjava/awt/event/MouseEvent;)V+349 java.desktop@20.0.1
j  java.awt.LightweightDispatcher.processMouseEvent(Ljava/awt/event/MouseEvent;)Z+155 java.desktop@20.0.1
j  java.awt.LightweightDispatcher.dispatchEvent(Ljava/awt/AWTEvent;)Z+50 java.desktop@20.0.1
j  java.awt.Container.dispatchEventImpl(Ljava/awt/AWTEvent;)V+12 java.desktop@20.0.1
j  java.awt.Window.dispatchEventImpl(Ljava/awt/AWTEvent;)V+19 java.desktop@20.0.1
j  java.awt.Component.dispatchEvent(Ljava/awt/AWTEvent;)V+2 java.desktop@20.0.1
j  java.awt.EventQueue.dispatchEventImpl(Ljava/awt/AWTEvent;Ljava/lang/Object;)V+41 java.desktop@20.0.1
j  java.awt.EventQueue$4.run()Ljava/lang/Void;+32 java.desktop@20.0.1
j  java.awt.EventQueue$4.run()Ljava/lang/Object;+1 java.desktop@20.0.1
J 770 c1 java.security.AccessController.doPrivileged(Ljava/security/PrivilegedAction;Ljava/security/AccessControlContext;)Ljava/lang/Object; java.base@20.0.1 (17 bytes) @ 0x0000022700123f44 [0x0000022700123d60+0x00000000000001e4]
j  java.security.ProtectionDomain$JavaSecurityAccessImpl.doIntersectionPrivilege(Ljava/security/PrivilegedAction;Ljava/security/AccessControlContext;Ljava/security/AccessControlContext;)Ljava/lang/Object;+18 java.base@20.0.1
j  java.security.ProtectionDomain$JavaSecurityAccessImpl.doIntersectionPrivilege(Ljava/security/PrivilegedAction;Ljava/security/AccessControlContext;)Ljava/lang/Object;+6 java.base@20.0.1
j  java.awt.EventQueue$5.run()Ljava/lang/Void;+11 java.desktop@20.0.1
j  java.awt.EventQueue$5.run()Ljava/lang/Object;+1 java.desktop@20.0.1
J 770 c1 java.security.AccessController.doPrivileged(Ljava/security/PrivilegedAction;Ljava/security/AccessControlContext;)Ljava/lang/Object; java.base@20.0.1 (17 bytes) @ 0x0000022700123f44 [0x0000022700123d60+0x00000000000001e4]
j  java.security.ProtectionDomain$JavaSecurityAccessImpl.doIntersectionPrivilege(Ljava/security/PrivilegedAction;Ljava/security/AccessControlContext;Ljava/security/AccessControlContext;)Ljava/lang/Object;+18 java.base@20.0.1
j  java.awt.EventQueue.dispatchEvent(Ljava/awt/AWTEvent;)V+73 java.desktop@20.0.1
j  java.awt.EventDispatchThread.pumpOneEventForFilters(I)V+81 java.desktop@20.0.1
j  java.awt.EventDispatchThread.pumpEventsForFilter(ILjava/awt/Conditional;Ljava/awt/EventFilter;)V+35 java.desktop@20.0.1
j  java.awt.EventDispatchThread.pumpEventsForHierarchy(ILjava/awt/Conditional;Ljava/awt/Component;)V+11 java.desktop@20.0.1
j  java.awt.EventDispatchThread.pumpEvents(ILjava/awt/Conditional;)V+4 java.desktop@20.0.1
j  java.awt.EventDispatchThread.pumpEvents(Ljava/awt/Conditional;)V+3 java.desktop@20.0.1
j  java.awt.EventDispatchThread.run()V+9 java.desktop@20.0.1
v  ~StubRoutines::call_stub 0x000002270753100d

Compiled method (c1)    7260  770       3       java.security.AccessController::doPrivileged (17 bytes)
 total in heap  [0x0000022700123b90,0x00000227001242b0] = 1824
 relocation     [0x0000022700123cd8,0x0000022700123d60] = 136
 main code      [0x0000022700123d60,0x00000227001240a8] = 840
 stub code      [0x00000227001240a8,0x0000022700124120] = 120
 metadata       [0x0000022700124120,0x0000022700124138] = 24
 scopes data    [0x0000022700124138,0x00000227001241e8] = 176
 scopes pcs     [0x00000227001241e8,0x0000022700124298] = 176
 dependencies   [0x0000022700124298,0x00000227001242a0] = 8
 nul chk table  [0x00000227001242a0,0x00000227001242b0] = 16

[Constant Pool (empty)]

[MachCode]
[Verified Entry Point]
  # {method} {0x00000008004710f0} 'doPrivileged' '(Ljava/security/PrivilegedAction;Ljava/security/AccessControlContext;)Ljava/lang/Object;' in 'java/security/AccessController'
  # parm0:    rdx:rdx   = 'java/security/PrivilegedAction'
  # parm1:    r8:r8     = 'java/security/AccessControlContext'
  #           [sp+0x80]  (sp of caller)
  0x0000022700123d60: 8984 2400 | 80ff ff55 | 4883 ec70 | 4181 7f20 | 0100 0000 

  0x0000022700123d74: ;   {runtime_call StubRoutines (2)}
  0x0000022700123d74: 7405 e8e5 

  0x0000022700123d78: ;   {metadata(method data for {method} {0x00000008004710f0} 'doPrivileged' '(Ljava/security/PrivilegedAction;Ljava/security/AccessControlContext;)Ljava/lang/Object;' in 'java/security/AccessController')}
  0x0000022700123d78: ff44 0748 | be00 a253 | 7a27 0200 | 008b becc | 0000 0083 | c702 89be | cc00 0000 | 81e7 fe07 
  0x0000022700123d98: 0000 83ff | 000f 843d | 0200 004c | 8944 2440 | 4889 5424 

  0x0000022700123dac: ;   {metadata(method data for {method} {0x00000008004710f0} 'doPrivileged' '(Ljava/security/PrivilegedAction;Ljava/security/AccessControlContext;)Ljava/lang/Object;' in 'java/security/AccessController')}
  0x0000022700123dac: 4848 be00 | a253 7a27 | 0200 0048 | 8386 1001 

  0x0000022700123dbc: ;   {static_call}
  0x0000022700123dbc: 0000 01e8 

  0x0000022700123dc0: ; ImmutableOopMap {[64]=Oop [72]=Oop }
                      ;*invokestatic getCallerClass {reexecute=0 rethrow=0 return_oop=0}
                      ; - java.security.AccessController::doPrivileged@0 (line 398)
  0x0000022700123dc0: fc91 9d07 

  0x0000022700123dc4: ;   {metadata(method data for {method} {0x00000008004710f0} 'doPrivileged' '(Ljava/security/PrivilegedAction;Ljava/security/AccessControlContext;)Ljava/lang/Object;' in 'java/security/AccessController')}
  0x0000022700123dc4: 48ba 00a2 | 537a 2702 | 0000 4883 | 8220 0100 | 0001 488b | 5424 404c | 8bc0 4889 | 4424 500f 
  0x0000022700123de4: ;   {static_call}
  0x0000022700123de4: 1f40 00e8 

  0x0000022700123de8: ; ImmutableOopMap {[72]=Oop [80]=Oop }
                      ;*invokestatic checkContext {reexecute=0 rethrow=0 return_oop=0}
                      ; - java.security.AccessController::doPrivileged@6 (line 399)
  0x0000022700123de8: b4fa ffff | 4889 4424 

  0x0000022700123df0: ;   {metadata(method data for {method} {0x00000008004710f0} 'doPrivileged' '(Ljava/security/PrivilegedAction;Ljava/security/AccessControlContext;)Ljava/lang/Object;' in 'java/security/AccessController')}
  0x0000022700123df0: 5848 ba00 | a253 7a27 | 0200 0048 | 8382 3001 

  0x0000022700123e00: ;   {metadata(method data for {method} {0x0000000800471378} 'executePrivileged' '(Ljava/security/PrivilegedAction;Ljava/security/AccessControlContext;Ljava/lang/Class;)Ljava/lang/Object;' in 'java/security/AccessController')}
  0x0000022700123e00: 0000 0148 | ba78 680f | 7a27 0200 | 008b b2cc | 0000 0083 | c602 89b2 | cc00 0000 | 81e6 feff 
  0x0000022700123e20: 1f00 83fe | 000f 84d6 | 0100 0048 

  0x0000022700123e2c: ;   {metadata(method data for {method} {0x0000000800471378} 'executePrivileged' '(Ljava/security/PrivilegedAction;Ljava/security/AccessControlContext;Ljava/lang/Class;)Ljava/lang/Object;' in 'java/security/AccessController')}
  0x0000022700123e2c: 83f8 0048 | ba78 680f | 7a27 0200 | 0048 be10 | 0100 0000 | 0000 000f | 840a 0000 | 0048 be20 
  0x0000022700123e4c: 0100 0000 | 0000 0048 | 8b3c 3248 | 8d7f 0148 | 893c 320f | 841f 0000 

  0x0000022700123e64: ;   {metadata(method data for {method} {0x0000000800471378} 'executePrivileged' '(Ljava/security/PrivilegedAction;Ljava/security/AccessControlContext;Ljava/lang/Class;)Ljava/lang/Object;' in 'java/security/AccessController')}
  0x0000022700123e64: 0048 ba78 | 680f 7a27 | 0200 0048 | 8382 3001 | 0000 0148 | 8bd0 0f1f 

  0x0000022700123e7c: ;   {static_call}
  0x0000022700123e7c: 4400 00e8 

  0x0000022700123e80: ; ImmutableOopMap {[72]=Oop [80]=Oop [88]=Oop }
                      ;*invokestatic ensureMaterializedForStackWalk {reexecute=0 rethrow=0 return_oop=0}
                      ; - java.security.AccessController::executePrivileged@5 (line 774)
                      ; - java.security.AccessController::doPrivileged@13 (line 400)
  0x0000022700123e80: bc47 9e07 

  0x0000022700123e84: ;   {metadata(method data for {method} {0x0000000800471378} 'executePrivileged' '(Ljava/security/PrivilegedAction;Ljava/security/AccessControlContext;Ljava/lang/Class;)Ljava/lang/Object;' in 'java/security/AccessController')}
  0x0000022700123e84: 48ba 7868 | 0f7a 2702 | 0000 ff82 | 4001 0000 | 488b 5424 | 4848 3b02 

  0x0000022700123e9c: ;   {metadata(method data for {method} {0x0000000800471378} 'executePrivileged' '(Ljava/security/PrivilegedAction;Ljava/security/AccessControlContext;Ljava/lang/Class;)Ljava/lang/Object;' in 'java/security/AccessController')}
  0x0000022700123e9c: 488b f248 | bf78 680f | 7a27 0200 | 008b 7608 | 49ba 0000 | 0000 0800 | 0000 4903 | f248 3bb7 
  0x0000022700123ebc: b001 0000 | 750d 4883 | 87b8 0100 | 0001 e960 | 0000 0048 | 3bb7 c001 | 0000 750d | 4883 87c8 
  0x0000022700123edc: 0100 0001 | e94a 0000 | 0048 83bf | b001 0000 | 0075 1748 | 89b7 b001 | 0000 48c7 | 87b8 0100 
  0x0000022700123efc: 0001 0000 | 00e9 2900 | 0000 4883 | bfc0 0100 | 0000 7517 | 4889 b7c0 | 0100 0048 | c787 c801 
  0x0000022700123f1c: 0000 0100 | 0000 e908 | 0000 0048 | 8387 a001 | 0000 0166 | 0f1f 4400 | 0048 b840 | f03a 7e27 
  0x0000022700123f3c: ;   {virtual_call}
  0x0000022700123f3c: 0200 00e8 

  0x0000022700123f40: ; ImmutableOopMap {[80]=Oop [88]=Oop }
                      ;*invokeinterface run {reexecute=0 rethrow=0 return_oop=0}
                      ; - java.security.AccessController::executePrivileged@29 (line 778)
                      ; - java.security.AccessController::doPrivileged@13 (line 400)
  0x0000022700123f40: 3cbf 5307 

  0x0000022700123f44: ;   {metadata(method data for {method} {0x0000000800471378} 'executePrivileged' '(Ljava/security/PrivilegedAction;Ljava/security/AccessControlContext;Ljava/lang/Class;)Ljava/lang/Object;' in 'java/security/AccessController')}
  0x0000022700123f44: 48be 7868 | 0f7a 2702 | 0000 ff86 | d801 0000 | 488b 7424 

  0x0000022700123f58: ;   {metadata(method data for {method} {0x0000000800471378} 'executePrivileged' '(Ljava/security/PrivilegedAction;Ljava/security/AccessControlContext;Ljava/lang/Class;)Ljava/lang/Object;' in 'java/security/AccessController')}
  0x0000022700123f58: 5048 bf78 | 680f 7a27 | 0200 0048 | 8387 3802 

  0x0000022700123f68: ;   {metadata(method data for {method} {0x000000080003d7e0} 'reachabilityFence' '(Ljava/lang/Object;)V' in 'java/lang/ref/Reference')}
  0x0000022700123f68: 0000 0148 | bf18 ca0c | 7a27 0200 | 008b 9fcc | 0000 0083 | c302 899f | cc00 0000 | 81e3 feff 
  0x0000022700123f88: 1f00 83fb | 000f 8494 

  0x0000022700123f90: ;   {metadata(method data for {method} {0x0000000800471378} 'executePrivileged' '(Ljava/security/PrivilegedAction;Ljava/security/AccessControlContext;Ljava/lang/Class;)Ljava/lang/Object;' in 'java/security/AccessController')}
  0x0000022700123f90: 0000 0048 | be78 680f | 7a27 0200 | 0048 8386 | 4802 0000 

  0x0000022700123fa4: ;   {metadata(method data for {method} {0x000000080003d7e0} 'reachabilityFence' '(Ljava/lang/Object;)V' in 'java/lang/ref/Reference')}
  0x0000022700123fa4: 0148 be18 | ca0c 7a27 | 0200 008b | becc 0000 | 0083 c702 | 89be cc00 | 0000 81e7 | feff 1f00 
  0x0000022700123fc4: 83ff 000f | 847b 0000 | 0048 83c4 

  0x0000022700123fd0: ;   {poll_return}
  0x0000022700123fd0: 705d 493b | a778 0300 | 000f 878a | 0000 00c3 

  0x0000022700123fe0: ;   {metadata({method} {0x00000008004710f0} 'doPrivileged' '(Ljava/security/PrivilegedAction;Ljava/security/AccessControlContext;)Ljava/lang/Object;' in 'java/security/AccessController')}
  0x0000022700123fe0: 49ba e810 | 4700 0800 | 0000 4c89 | 5424 0848 | c704 24ff 

  0x0000022700123ff4: ;   {runtime_call counter_overflow Runtime1 stub}
  0x0000022700123ff4: ffff ffe8 

  0x0000022700123ff8: ; ImmutableOopMap {rdx=Oop r8=Oop }
                      ;*synchronization entry
                      ; - java.security.AccessController::doPrivileged@-1 (line 398)
  0x0000022700123ff8: 8440 5307 | e9a2 fdff 

  0x0000022700124000: ;   {metadata({method} {0x0000000800471378} 'executePrivileged' '(Ljava/security/PrivilegedAction;Ljava/security/AccessControlContext;Ljava/lang/Class;)Ljava/lang/Object;' in 'java/security/AccessController')}
  0x0000022700124000: ff49 ba70 | 1347 0008 | 0000 004c | 8954 2408 | 48c7 0424 | ffff ffff 

  0x0000022700124018: ;   {runtime_call counter_overflow Runtime1 stub}
  0x0000022700124018: e863 4053 

  0x000002270012401c: ; ImmutableOopMap {rax=Oop [72]=Oop [80]=Oop [88]=Oop }
                      ;*synchronization entry
                      ; - java.security.AccessController::executePrivileged@-1 (line 773)
                      ; - java.security.AccessController::doPrivileged@13 (line 400)
  0x000002270012401c: 07e9 09fe 

  0x0000022700124020: ;   {runtime_call throw_null_pointer_exception Runtime1 stub}
  0x0000022700124020: ffff e859 

  0x0000022700124024: ; ImmutableOopMap {rdx=Oop [80]=Oop [88]=Oop }
                      ;*invokeinterface run {reexecute=0 rethrow=0 return_oop=0}
                      ; - java.security.AccessController::executePrivileged@29 (line 778)
                      ; - java.security.AccessController::doPrivileged@13 (line 400)
                      ;   {metadata({method} {0x000000080003d7e0} 'reachabilityFence' '(Ljava/lang/Object;)V' in 'java/lang/ref/Reference')}
  0x0000022700124024: c652 0749 | bad8 d703 | 0008 0000 | 004c 8954 | 2408 48c7 | 0424 ffff 

  0x000002270012403c: ;   {runtime_call counter_overflow Runtime1 stub}
  0x000002270012403c: ffff e83d 

  0x0000022700124040: ; ImmutableOopMap {rax=Oop rsi=Oop }
                      ;*synchronization entry
                      ; - java.lang.ref.Reference::reachabilityFence@-1 (line 628)
                      ; - java.security.AccessController::executePrivileged@56 (line 783)
                      ; - java.security.AccessController::doPrivileged@13 (line 400)
  0x0000022700124040: 4053 07e9 | 4bff ffff 

  0x0000022700124048: ;   {metadata({method} {0x000000080003d7e0} 'reachabilityFence' '(Ljava/lang/Object;)V' in 'java/lang/ref/Reference')}
  0x0000022700124048: 49ba d8d7 | 0300 0800 | 0000 4c89 | 5424 0848 | c704 24ff 

  0x000002270012405c: ;   {runtime_call counter_overflow Runtime1 stub}
  0x000002270012405c: ffff ffe8 

  0x0000022700124060: ; ImmutableOopMap {rax=Oop }
                      ;*synchronization entry
                      ; - java.lang.ref.Reference::reachabilityFence@-1 (line 628)
                      ; - java.security.AccessController::executePrivileged@60 (line 784)
                      ; - java.security.AccessController::doPrivileged@13 (line 400)
  0x0000022700124060: 1c40 5307 | e964 ffff 

  0x0000022700124068: ;   {internal_word}
  0x0000022700124068: ff49 bad2 | 3f12 0027 | 0200 004d | 8997 9003 

  0x0000022700124078: ;   {runtime_call SafepointBlob}
  0x0000022700124078: 0000 e901 | 6d47 0749 | 8b87 2804 | 0000 49c7 | 8728 0400 | 0000 0000 | 0049 c787 | 3004 0000 
  0x0000022700124098: 0000 0000 | 4883 c470 

  0x00000227001240a0: ;   {runtime_call unwind_exception Runtime1 stub}
  0x00000227001240a0: 5de9 dabf | 5207 f4f4 
[Stub Code]
  0x00000227001240a8: ;   {no_reloc}
  0x00000227001240a8: 0f1f 4400 

  0x00000227001240ac: ;   {static_stub}
  0x00000227001240ac: 0048 bb00 | 0000 0000 

  0x00000227001240b4: ;   {runtime_call}
  0x00000227001240b4: 0000 00e9 | fbff ffff 
[Exception Handler]
  0x00000227001240bc: ;   {runtime_call handle_exception_from_callee Runtime1 stub}
  0x00000227001240bc: e83f ff52 

  0x00000227001240c0: ;   {external_word}
  0x00000227001240c0: 0748 b9b0 | 239f fdfa | 7f00 0048 

  0x00000227001240cc: ;   {runtime_call}
  0x00000227001240cc: 83e4 f048 | b820 166b | fdfa 7f00 | 00ff d0f4 
[Deopt Handler Code]
  0x00000227001240dc: ;   {section_word}
  0x00000227001240dc: 49ba dc40 | 1200 2702 | 0000 4152 

  0x00000227001240e8: ;   {runtime_call DeoptimizationBlob}
  0x00000227001240e8: e933 5f47 

  0x00000227001240ec: ;   {static_stub}
  0x00000227001240ec: 0748 bb00 | 0000 0000 

  0x00000227001240f4: ;   {runtime_call}
  0x00000227001240f4: 0000 00e9 | fbff ffff 

  0x00000227001240fc: ;   {static_stub}
  0x00000227001240fc: 48bb 0000 | 0000 0000 

  0x0000022700124104: ;   {runtime_call}
  0x0000022700124104: 0000 e9fb 

  0x0000022700124108: ;   {static_stub}
  0x0000022700124108: ffff ff48 | bb00 0000 | 0000 0000 

  0x0000022700124114: ;   {runtime_call}
  0x0000022700124114: 00e9 fbff | ffff f4f4 | f4f4 f4f4 
[/MachCode]


---------------  P R O C E S S  ---------------

Threads class SMR info:
_java_thread_list=0x000002277e9d2f00, length=17, elements={
0x0000022779d5fd20, 0x0000022779d64b30, 0x0000022779d69ad0, 0x0000022779d6b420,
0x0000022779d6c170, 0x0000022779d72fd0, 0x0000022779d73c40, 0x0000022779d7c5d0,
0x000002277e0e4230, 0x000002277e0e6210, 0x000002277e0e4780, 0x000002277e0e5220,
0x000002277e0e3ce0, 0x000002277e0e2cf0, 0x000002277e0e3240, 0x000002277e0e5770,
0x000002277e068fa0
}

Java Threads: ( => current thread )
  0x0000022779d5fd20 JavaThread "Reference Handler" daemon [_thread_blocked, id=16200, stack(0x00000093be200000,0x00000093be300000)]
  0x0000022779d64b30 JavaThread "Finalizer" daemon [_thread_blocked, id=17072, stack(0x00000093be300000,0x00000093be400000)]
  0x0000022779d69ad0 JavaThread "Signal Dispatcher" daemon [_thread_blocked, id=12904, stack(0x00000093be400000,0x00000093be500000)]
  0x0000022779d6b420 JavaThread "Attach Listener" daemon [_thread_blocked, id=18036, stack(0x00000093be500000,0x00000093be600000)]
  0x0000022779d6c170 JavaThread "Service Thread" daemon [_thread_blocked, id=16780, stack(0x00000093be600000,0x00000093be700000)]
  0x0000022779d72fd0 JavaThread "Monitor Deflation Thread" daemon [_thread_blocked, id=17756, stack(0x00000093be700000,0x00000093be800000)]
  0x0000022779d73c40 JavaThread "C2 CompilerThread0" daemon [_thread_in_native, id=18328, stack(0x00000093be800000,0x00000093be900000)]
  0x0000022779d7c5d0 JavaThread "C1 CompilerThread0" daemon [_thread_blocked, id=18064, stack(0x00000093be900000,0x00000093bea00000)]
  0x000002277e0e4230 JavaThread "Common-Cleaner" daemon [_thread_blocked, id=12584, stack(0x00000093bea00000,0x00000093beb00000)]
  0x000002277e0e6210 JavaThread "Notification Thread" daemon [_thread_blocked, id=17748, stack(0x00000093beb00000,0x00000093bec00000)]
  0x000002277e0e4780 JavaThread "Java2D Disposer" daemon [_thread_blocked, id=17500, stack(0x00000093bed00000,0x00000093bee00000)]
  0x000002277e0e5220 JavaThread "AWT-Shutdown" [_thread_blocked, id=17808, stack(0x00000093bee00000,0x00000093bef00000)]
  0x000002277e0e3ce0 JavaThread "AWT-Windows" daemon [_thread_in_native, id=17800, stack(0x00000093bef00000,0x00000093bf000000)]
=>0x000002277e0e2cf0 JavaThread "AWT-EventQueue-0" [_thread_in_vm, id=15280, stack(0x00000093bf100000,0x00000093bf200000)]
  0x000002277e0e3240 JavaThread "DestroyJavaVM" [_thread_blocked, id=17336, stack(0x00000093bdb00000,0x00000093bdc00000)]
  0x000002277e0e5770 JavaThread "mysql-cj-abandoned-connection-cleanup" daemon [_thread_blocked, id=18028, stack(0x00000093bf000000,0x00000093bf100000)]
  0x000002277e068fa0 JavaThread "C2 CompilerThread1" daemon [_thread_in_native, id=17768, stack(0x00000093bf500000,0x00000093bf600000)]

Other Threads:
  0x0000022779d43350 VMThread "VM Thread" [stack: 0x00000093be100000,0x00000093be200000] [id=16720]
  0x000002277e214cd0 WatcherThread "VM Periodic Task Thread" [stack: 0x00000093bec00000,0x00000093bed00000] [id=18052]
  0x000002276cc778b0 WorkerThread "GC Thread#0" [stack: 0x00000093bdc00000,0x00000093bdd00000] [id=17740]
  0x000002277e9c9290 WorkerThread "GC Thread#1" [stack: 0x00000093bf200000,0x00000093bf300000] [id=16976]
  0x000002277e9c9560 WorkerThread "GC Thread#2" [stack: 0x00000093bf300000,0x00000093bf400000] [id=13068]
  0x000002277e9c9830 WorkerThread "GC Thread#3" [stack: 0x00000093bf400000,0x00000093bf500000] [id=12488]
  0x000002276cc894c0 ConcurrentGCThread "G1 Main Marker" [stack: 0x00000093bdd00000,0x00000093bde00000] [id=17832]
  0x000002276cc8a5a0 WorkerThread "G1 Conc#0" [stack: 0x00000093bde00000,0x00000093bdf00000] [id=17420]
  0x000002276ccee970 ConcurrentGCThread "G1 Refine#0" [stack: 0x00000093bdf00000,0x00000093be000000] [id=14564]
  0x0000022779bf3560 ConcurrentGCThread "G1 Service" [stack: 0x00000093be000000,0x00000093be100000] [id=17760]

Threads with active compile tasks:
C2 CompilerThread0     7290 1115       4       java.util.Properties::loadConvert (540 bytes)
C2 CompilerThread1     7290 1118 %     4       java.util.Properties$LineReader::readLine @ 53 (584 bytes)

VM state: not at safepoint (normal execution)

VM Mutex/Monitor currently owned by a thread: None

Heap address: 0x0000000081e00000, size: 2018 MB, Compressed Oops mode: 32-bit

CDS archive(s) mapped at: [0x0000000800000000-0x0000000800c60000-0x0000000800c60000), size 12976128, SharedBaseAddress: 0x0000000800000000, ArchiveRelocationMode: 0.
Compressed class space mapped at: 0x0000000801000000-0x0000000841000000, reserved size: 1073741824
Narrow klass base: 0x0000000800000000, Narrow klass shift: 0, Narrow klass range: 0x100000000

GC Precious Log:
 CardTable entry size: 512
 Card Set container configuration: InlinePtr #cards 5 size 8 Array Of Cards #cards 12 size 40 Howl #buckets 4 coarsen threshold 1843 Howl Bitmap #cards 512 size 80 coarsen threshold 460 Card regions per heap region 1 cards per card region 2048
 CPUs: 4 total, 4 available
 Memory: 8067M
 Large Page Support: Disabled
 NUMA Support: Disabled
 Compressed Oops: Enabled (32-bit)
 Heap Region Size: 1M
 Heap Min Capacity: 8M
 Heap Initial Capacity: 128M
 Heap Max Capacity: 2018M
 Pre-touch: Disabled
 Parallel Workers: 4
 Concurrent Workers: 1
 Concurrent Refinement Workers: 4
 Periodic GC: Disabled

Heap:
 garbage-first heap   total 131072K, used 14814K [0x0000000081e00000, 0x0000000100000000)
  region size 1024K, 6 young (6144K), 2 survivors (2048K)
 Metaspace       used 8315K, committed 8576K, reserved 1114112K
  class space    used 914K, committed 1024K, reserved 1048576K

Heap Regions: E=young(eden), S=young(survivor), O=old, HS=humongous(starts), HC=humongous(continues), CS=collection set, F=free, OA=open archive, CA=closed archive, TAMS=top-at-mark-start, PB=parsable bottom
|   0|0x0000000081e00000, 0x0000000081f00000, 0x0000000081f00000|100%|HS|  |TAMS 0x0000000081e00000| PB 0x0000000081e00000| Complete 
|   1|0x0000000081f00000, 0x0000000082000000, 0x0000000082000000|100%|HC|  |TAMS 0x0000000081f00000| PB 0x0000000081f00000| Complete 
|   2|0x0000000082000000, 0x0000000082100000, 0x0000000082100000|100%|HC|  |TAMS 0x0000000082000000| PB 0x0000000082000000| Complete 
|   3|0x0000000082100000, 0x0000000082200000, 0x0000000082200000|100%|HC|  |TAMS 0x0000000082100000| PB 0x0000000082100000| Complete 
|   4|0x0000000082200000, 0x0000000082300000, 0x0000000082300000|100%|HC|  |TAMS 0x0000000082200000| PB 0x0000000082200000| Complete 
|   5|0x0000000082300000, 0x0000000082400000, 0x0000000082400000|100%|HC|  |TAMS 0x0000000082300000| PB 0x0000000082300000| Complete 
|   6|0x0000000082400000, 0x0000000082500000, 0x0000000082500000|100%|HS|  |TAMS 0x0000000082400000| PB 0x0000000082400000| Complete 
|   7|0x0000000082500000, 0x0000000082577800, 0x0000000082600000| 46%| O|  |TAMS 0x0000000082500000| PB 0x0000000082500000| Untracked 
|   8|0x0000000082600000, 0x0000000082700000, 0x0000000082700000|100%|HS|  |TAMS 0x0000000082600000| PB 0x0000000082600000| Complete 
|   9|0x0000000082700000, 0x0000000082800000, 0x0000000082800000|100%|HC|  |TAMS 0x0000000082700000| PB 0x0000000082700000| Complete 
|  10|0x0000000082800000, 0x0000000082800000, 0x0000000082900000|  0%| F|  |TAMS 0x0000000082800000| PB 0x0000000082800000| Untracked 
|  11|0x0000000082900000, 0x0000000082900000, 0x0000000082a00000|  0%| F|  |TAMS 0x0000000082900000| PB 0x0000000082900000| Untracked 
|  12|0x0000000082a00000, 0x0000000082a00000, 0x0000000082b00000|  0%| F|  |TAMS 0x0000000082a00000| PB 0x0000000082a00000| Untracked 
|  13|0x0000000082b00000, 0x0000000082b00000, 0x0000000082c00000|  0%| F|  |TAMS 0x0000000082b00000| PB 0x0000000082b00000| Untracked 
|  14|0x0000000082c00000, 0x0000000082c00000, 0x0000000082d00000|  0%| F|  |TAMS 0x0000000082c00000| PB 0x0000000082c00000| Untracked 
|  15|0x0000000082d00000, 0x0000000082d00000, 0x0000000082e00000|  0%| F|  |TAMS 0x0000000082d00000| PB 0x0000000082d00000| Untracked 
|  16|0x0000000082e00000, 0x0000000082e00000, 0x0000000082f00000|  0%| F|  |TAMS 0x0000000082e00000| PB 0x0000000082e00000| Untracked 
|  17|0x0000000082f00000, 0x0000000082f00000, 0x0000000083000000|  0%| F|  |TAMS 0x0000000082f00000| PB 0x0000000082f00000| Untracked 
|  18|0x0000000083000000, 0x0000000083000000, 0x0000000083100000|  0%| F|  |TAMS 0x0000000083000000| PB 0x0000000083000000| Untracked 
|  19|0x0000000083100000, 0x0000000083100000, 0x0000000083200000|  0%| F|  |TAMS 0x0000000083100000| PB 0x0000000083100000| Untracked 
|  20|0x0000000083200000, 0x0000000083200000, 0x0000000083300000|  0%| F|  |TAMS 0x0000000083200000| PB 0x0000000083200000| Untracked 
|  21|0x0000000083300000, 0x0000000083300000, 0x0000000083400000|  0%| F|  |TAMS 0x0000000083300000| PB 0x0000000083300000| Untracked 
|  22|0x0000000083400000, 0x0000000083400000, 0x0000000083500000|  0%| F|  |TAMS 0x0000000083400000| PB 0x0000000083400000| Untracked 
|  23|0x0000000083500000, 0x0000000083500000, 0x0000000083600000|  0%| F|  |TAMS 0x0000000083500000| PB 0x0000000083500000| Untracked 
|  24|0x0000000083600000, 0x0000000083600000, 0x0000000083700000|  0%| F|  |TAMS 0x0000000083600000| PB 0x0000000083600000| Untracked 
|  25|0x0000000083700000, 0x0000000083700000, 0x0000000083800000|  0%| F|  |TAMS 0x0000000083700000| PB 0x0000000083700000| Untracked 
|  26|0x0000000083800000, 0x0000000083800000, 0x0000000083900000|  0%| F|  |TAMS 0x0000000083800000| PB 0x0000000083800000| Untracked 
|  27|0x0000000083900000, 0x0000000083900000, 0x0000000083a00000|  0%| F|  |TAMS 0x0000000083900000| PB 0x0000000083900000| Untracked 
|  28|0x0000000083a00000, 0x0000000083a00000, 0x0000000083b00000|  0%| F|  |TAMS 0x0000000083a00000| PB 0x0000000083a00000| Untracked 
|  29|0x0000000083b00000, 0x0000000083b00000, 0x0000000083c00000|  0%| F|  |TAMS 0x0000000083b00000| PB 0x0000000083b00000| Untracked 
|  30|0x0000000083c00000, 0x0000000083c00000, 0x0000000083d00000|  0%| F|  |TAMS 0x0000000083c00000| PB 0x0000000083c00000| Untracked 
|  31|0x0000000083d00000, 0x0000000083d00000, 0x0000000083e00000|  0%| F|  |TAMS 0x0000000083d00000| PB 0x0000000083d00000| Untracked 
|  32|0x0000000083e00000, 0x0000000083e00000, 0x0000000083f00000|  0%| F|  |TAMS 0x0000000083e00000| PB 0x0000000083e00000| Untracked 
|  33|0x0000000083f00000, 0x0000000083f00000, 0x0000000084000000|  0%| F|  |TAMS 0x0000000083f00000| PB 0x0000000083f00000| Untracked 
|  34|0x0000000084000000, 0x0000000084000000, 0x0000000084100000|  0%| F|  |TAMS 0x0000000084000000| PB 0x0000000084000000| Untracked 
|  35|0x0000000084100000, 0x0000000084100000, 0x0000000084200000|  0%| F|  |TAMS 0x0000000084100000| PB 0x0000000084100000| Untracked 
|  36|0x0000000084200000, 0x0000000084200000, 0x0000000084300000|  0%| F|  |TAMS 0x0000000084200000| PB 0x0000000084200000| Untracked 
|  37|0x0000000084300000, 0x0000000084300000, 0x0000000084400000|  0%| F|  |TAMS 0x0000000084300000| PB 0x0000000084300000| Untracked 
|  38|0x0000000084400000, 0x0000000084400000, 0x0000000084500000|  0%| F|  |TAMS 0x0000000084400000| PB 0x0000000084400000| Untracked 
|  39|0x0000000084500000, 0x0000000084500000, 0x0000000084600000|  0%| F|  |TAMS 0x0000000084500000| PB 0x0000000084500000| Untracked 
|  40|0x0000000084600000, 0x0000000084600000, 0x0000000084700000|  0%| F|  |TAMS 0x0000000084600000| PB 0x0000000084600000| Untracked 
|  41|0x0000000084700000, 0x0000000084700000, 0x0000000084800000|  0%| F|  |TAMS 0x0000000084700000| PB 0x0000000084700000| Untracked 
|  42|0x0000000084800000, 0x0000000084800000, 0x0000000084900000|  0%| F|  |TAMS 0x0000000084800000| PB 0x0000000084800000| Untracked 
|  43|0x0000000084900000, 0x0000000084900000, 0x0000000084a00000|  0%| F|  |TAMS 0x0000000084900000| PB 0x0000000084900000| Untracked 
|  44|0x0000000084a00000, 0x0000000084a00000, 0x0000000084b00000|  0%| F|  |TAMS 0x0000000084a00000| PB 0x0000000084a00000| Untracked 
|  45|0x0000000084b00000, 0x0000000084b00000, 0x0000000084c00000|  0%| F|  |TAMS 0x0000000084b00000| PB 0x0000000084b00000| Untracked 
|  46|0x0000000084c00000, 0x0000000084c00000, 0x0000000084d00000|  0%| F|  |TAMS 0x0000000084c00000| PB 0x0000000084c00000| Untracked 
|  47|0x0000000084d00000, 0x0000000084d00000, 0x0000000084e00000|  0%| F|  |TAMS 0x0000000084d00000| PB 0x0000000084d00000| Untracked 
|  48|0x0000000084e00000, 0x0000000084e00000, 0x0000000084f00000|  0%| F|  |TAMS 0x0000000084e00000| PB 0x0000000084e00000| Untracked 
|  49|0x0000000084f00000, 0x0000000084f00000, 0x0000000085000000|  0%| F|  |TAMS 0x0000000084f00000| PB 0x0000000084f00000| Untracked 
|  50|0x0000000085000000, 0x0000000085000000, 0x0000000085100000|  0%| F|  |TAMS 0x0000000085000000| PB 0x0000000085000000| Untracked 
|  51|0x0000000085100000, 0x0000000085100000, 0x0000000085200000|  0%| F|  |TAMS 0x0000000085100000| PB 0x0000000085100000| Untracked 
|  52|0x0000000085200000, 0x0000000085200000, 0x0000000085300000|  0%| F|  |TAMS 0x0000000085200000| PB 0x0000000085200000| Untracked 
|  53|0x0000000085300000, 0x0000000085300000, 0x0000000085400000|  0%| F|  |TAMS 0x0000000085300000| PB 0x0000000085300000| Untracked 
|  54|0x0000000085400000, 0x0000000085400000, 0x0000000085500000|  0%| F|  |TAMS 0x0000000085400000| PB 0x0000000085400000| Untracked 
|  55|0x0000000085500000, 0x0000000085500000, 0x0000000085600000|  0%| F|  |TAMS 0x0000000085500000| PB 0x0000000085500000| Untracked 
|  56|0x0000000085600000, 0x0000000085600000, 0x0000000085700000|  0%| F|  |TAMS 0x0000000085600000| PB 0x0000000085600000| Untracked 
|  57|0x0000000085700000, 0x0000000085700000, 0x0000000085800000|  0%| F|  |TAMS 0x0000000085700000| PB 0x0000000085700000| Untracked 
|  58|0x0000000085800000, 0x0000000085800000, 0x0000000085900000|  0%| F|  |TAMS 0x0000000085800000| PB 0x0000000085800000| Untracked 
|  59|0x0000000085900000, 0x0000000085900000, 0x0000000085a00000|  0%| F|  |TAMS 0x0000000085900000| PB 0x0000000085900000| Untracked 
|  60|0x0000000085a00000, 0x0000000085a00000, 0x0000000085b00000|  0%| F|  |TAMS 0x0000000085a00000| PB 0x0000000085a00000| Untracked 
|  61|0x0000000085b00000, 0x0000000085b00000, 0x0000000085c00000|  0%| F|  |TAMS 0x0000000085b00000| PB 0x0000000085b00000| Untracked 
|  62|0x0000000085c00000, 0x0000000085c00000, 0x0000000085d00000|  0%| F|  |TAMS 0x0000000085c00000| PB 0x0000000085c00000| Untracked 
|  63|0x0000000085d00000, 0x0000000085d00000, 0x0000000085e00000|  0%| F|  |TAMS 0x0000000085d00000| PB 0x0000000085d00000| Untracked 
|  64|0x0000000085e00000, 0x0000000085e00000, 0x0000000085f00000|  0%| F|  |TAMS 0x0000000085e00000| PB 0x0000000085e00000| Untracked 
|  65|0x0000000085f00000, 0x0000000085f00000, 0x0000000086000000|  0%| F|  |TAMS 0x0000000085f00000| PB 0x0000000085f00000| Untracked 
|  66|0x0000000086000000, 0x0000000086000000, 0x0000000086100000|  0%| F|  |TAMS 0x0000000086000000| PB 0x0000000086000000| Untracked 
|  67|0x0000000086100000, 0x0000000086100000, 0x0000000086200000|  0%| F|  |TAMS 0x0000000086100000| PB 0x0000000086100000| Untracked 
|  68|0x0000000086200000, 0x0000000086200000, 0x0000000086300000|  0%| F|  |TAMS 0x0000000086200000| PB 0x0000000086200000| Untracked 
|  69|0x0000000086300000, 0x0000000086300000, 0x0000000086400000|  0%| F|  |TAMS 0x0000000086300000| PB 0x0000000086300000| Untracked 
|  70|0x0000000086400000, 0x0000000086400000, 0x0000000086500000|  0%| F|  |TAMS 0x0000000086400000| PB 0x0000000086400000| Untracked 
|  71|0x0000000086500000, 0x0000000086500000, 0x0000000086600000|  0%| F|  |TAMS 0x0000000086500000| PB 0x0000000086500000| Untracked 
|  72|0x0000000086600000, 0x0000000086600000, 0x0000000086700000|  0%| F|  |TAMS 0x0000000086600000| PB 0x0000000086600000| Untracked 
|  73|0x0000000086700000, 0x0000000086700000, 0x0000000086800000|  0%| F|  |TAMS 0x0000000086700000| PB 0x0000000086700000| Untracked 
|  74|0x0000000086800000, 0x0000000086800000, 0x0000000086900000|  0%| F|  |TAMS 0x0000000086800000| PB 0x0000000086800000| Untracked 
|  75|0x0000000086900000, 0x0000000086900000, 0x0000000086a00000|  0%| F|  |TAMS 0x0000000086900000| PB 0x0000000086900000| Untracked 
|  76|0x0000000086a00000, 0x0000000086a00000, 0x0000000086b00000|  0%| F|  |TAMS 0x0000000086a00000| PB 0x0000000086a00000| Untracked 
|  77|0x0000000086b00000, 0x0000000086b00000, 0x0000000086c00000|  0%| F|  |TAMS 0x0000000086b00000| PB 0x0000000086b00000| Untracked 
|  78|0x0000000086c00000, 0x0000000086c00000, 0x0000000086d00000|  0%| F|  |TAMS 0x0000000086c00000| PB 0x0000000086c00000| Untracked 
|  79|0x0000000086d00000, 0x0000000086d00000, 0x0000000086e00000|  0%| F|  |TAMS 0x0000000086d00000| PB 0x0000000086d00000| Untracked 
|  80|0x0000000086e00000, 0x0000000086e00000, 0x0000000086f00000|  0%| F|  |TAMS 0x0000000086e00000| PB 0x0000000086e00000| Untracked 
|  81|0x0000000086f00000, 0x0000000086f00000, 0x0000000087000000|  0%| F|  |TAMS 0x0000000086f00000| PB 0x0000000086f00000| Untracked 
|  82|0x0000000087000000, 0x0000000087000000, 0x0000000087100000|  0%| F|  |TAMS 0x0000000087000000| PB 0x0000000087000000| Untracked 
|  83|0x0000000087100000, 0x0000000087100000, 0x0000000087200000|  0%| F|  |TAMS 0x0000000087100000| PB 0x0000000087100000| Untracked 
|  84|0x0000000087200000, 0x0000000087200000, 0x0000000087300000|  0%| F|  |TAMS 0x0000000087200000| PB 0x0000000087200000| Untracked 
|  85|0x0000000087300000, 0x0000000087300000, 0x0000000087400000|  0%| F|  |TAMS 0x0000000087300000| PB 0x0000000087300000| Untracked 
|  86|0x0000000087400000, 0x0000000087400000, 0x0000000087500000|  0%| F|  |TAMS 0x0000000087400000| PB 0x0000000087400000| Untracked 
|  87|0x0000000087500000, 0x0000000087500000, 0x0000000087600000|  0%| F|  |TAMS 0x0000000087500000| PB 0x0000000087500000| Untracked 
|  88|0x0000000087600000, 0x0000000087600000, 0x0000000087700000|  0%| F|  |TAMS 0x0000000087600000| PB 0x0000000087600000| Untracked 
|  89|0x0000000087700000, 0x0000000087700000, 0x0000000087800000|  0%| F|  |TAMS 0x0000000087700000| PB 0x0000000087700000| Untracked 
|  90|0x0000000087800000, 0x0000000087800000, 0x0000000087900000|  0%| F|  |TAMS 0x0000000087800000| PB 0x0000000087800000| Untracked 
|  91|0x0000000087900000, 0x0000000087900000, 0x0000000087a00000|  0%| F|  |TAMS 0x0000000087900000| PB 0x0000000087900000| Untracked 
|  92|0x0000000087a00000, 0x0000000087a00000, 0x0000000087b00000|  0%| F|  |TAMS 0x0000000087a00000| PB 0x0000000087a00000| Untracked 
|  93|0x0000000087b00000, 0x0000000087b00000, 0x0000000087c00000|  0%| F|  |TAMS 0x0000000087b00000| PB 0x0000000087b00000| Untracked 
|  94|0x0000000087c00000, 0x0000000087c00000, 0x0000000087d00000|  0%| F|  |TAMS 0x0000000087c00000| PB 0x0000000087c00000| Untracked 
|  95|0x0000000087d00000, 0x0000000087d00000, 0x0000000087e00000|  0%| F|  |TAMS 0x0000000087d00000| PB 0x0000000087d00000| Untracked 
|  96|0x0000000087e00000, 0x0000000087e00000, 0x0000000087f00000|  0%| F|  |TAMS 0x0000000087e00000| PB 0x0000000087e00000| Untracked 
|  97|0x0000000087f00000, 0x0000000087f00000, 0x0000000088000000|  0%| F|  |TAMS 0x0000000087f00000| PB 0x0000000087f00000| Untracked 
|  98|0x0000000088000000, 0x0000000088000000, 0x0000000088100000|  0%| F|  |TAMS 0x0000000088000000| PB 0x0000000088000000| Untracked 
|  99|0x0000000088100000, 0x0000000088100000, 0x0000000088200000|  0%| F|  |TAMS 0x0000000088100000| PB 0x0000000088100000| Untracked 
| 100|0x0000000088200000, 0x0000000088200000, 0x0000000088300000|  0%| F|  |TAMS 0x0000000088200000| PB 0x0000000088200000| Untracked 
| 101|0x0000000088300000, 0x0000000088300000, 0x0000000088400000|  0%| F|  |TAMS 0x0000000088300000| PB 0x0000000088300000| Untracked 
| 102|0x0000000088400000, 0x0000000088400000, 0x0000000088500000|  0%| F|  |TAMS 0x0000000088400000| PB 0x0000000088400000| Untracked 
| 103|0x0000000088500000, 0x0000000088500000, 0x0000000088600000|  0%| F|  |TAMS 0x0000000088500000| PB 0x0000000088500000| Untracked 
| 104|0x0000000088600000, 0x0000000088600000, 0x0000000088700000|  0%| F|  |TAMS 0x0000000088600000| PB 0x0000000088600000| Untracked 
| 105|0x0000000088700000, 0x0000000088700000, 0x0000000088800000|  0%| F|  |TAMS 0x0000000088700000| PB 0x0000000088700000| Untracked 
| 106|0x0000000088800000, 0x0000000088800000, 0x0000000088900000|  0%| F|  |TAMS 0x0000000088800000| PB 0x0000000088800000| Untracked 
| 107|0x0000000088900000, 0x0000000088900000, 0x0000000088a00000|  0%| F|  |TAMS 0x0000000088900000| PB 0x0000000088900000| Untracked 
| 108|0x0000000088a00000, 0x0000000088a00000, 0x0000000088b00000|  0%| F|  |TAMS 0x0000000088a00000| PB 0x0000000088a00000| Untracked 
| 109|0x0000000088b00000, 0x0000000088b00000, 0x0000000088c00000|  0%| F|  |TAMS 0x0000000088b00000| PB 0x0000000088b00000| Untracked 
| 110|0x0000000088c00000, 0x0000000088c00000, 0x0000000088d00000|  0%| F|  |TAMS 0x0000000088c00000| PB 0x0000000088c00000| Untracked 
| 111|0x0000000088d00000, 0x0000000088d00000, 0x0000000088e00000|  0%| F|  |TAMS 0x0000000088d00000| PB 0x0000000088d00000| Untracked 
| 112|0x0000000088e00000, 0x0000000088e00000, 0x0000000088f00000|  0%| F|  |TAMS 0x0000000088e00000| PB 0x0000000088e00000| Untracked 
| 113|0x0000000088f00000, 0x0000000089000000, 0x0000000089000000|100%| S|CS|TAMS 0x0000000088f00000| PB 0x0000000088f00000| Complete 
| 114|0x0000000089000000, 0x0000000089100000, 0x0000000089100000|100%| S|CS|TAMS 0x0000000089000000| PB 0x0000000089000000| Complete 
| 115|0x0000000089100000, 0x0000000089100000, 0x0000000089200000|  0%| F|  |TAMS 0x0000000089100000| PB 0x0000000089100000| Untracked 
| 116|0x0000000089200000, 0x0000000089200000, 0x0000000089300000|  0%| F|  |TAMS 0x0000000089200000| PB 0x0000000089200000| Untracked 
| 117|0x0000000089300000, 0x0000000089300000, 0x0000000089400000|  0%| F|  |TAMS 0x0000000089300000| PB 0x0000000089300000| Untracked 
| 118|0x0000000089400000, 0x0000000089400000, 0x0000000089500000|  0%| F|  |TAMS 0x0000000089400000| PB 0x0000000089400000| Untracked 
| 119|0x0000000089500000, 0x0000000089500000, 0x0000000089600000|  0%| F|  |TAMS 0x0000000089500000| PB 0x0000000089500000| Untracked 
| 120|0x0000000089600000, 0x0000000089600000, 0x0000000089700000|  0%| F|  |TAMS 0x0000000089600000| PB 0x0000000089600000| Untracked 
| 121|0x0000000089700000, 0x0000000089700000, 0x0000000089800000|  0%| F|  |TAMS 0x0000000089700000| PB 0x0000000089700000| Untracked 
| 122|0x0000000089800000, 0x0000000089800000, 0x0000000089900000|  0%| F|  |TAMS 0x0000000089800000| PB 0x0000000089800000| Untracked 
| 123|0x0000000089900000, 0x0000000089900000, 0x0000000089a00000|  0%| F|  |TAMS 0x0000000089900000| PB 0x0000000089900000| Untracked 
| 124|0x0000000089a00000, 0x0000000089aa2168, 0x0000000089b00000| 63%| E|  |TAMS 0x0000000089a00000| PB 0x0000000089a00000| Complete 
| 125|0x0000000089b00000, 0x0000000089c00000, 0x0000000089c00000|100%| E|CS|TAMS 0x0000000089b00000| PB 0x0000000089b00000| Complete 
| 126|0x0000000089c00000, 0x0000000089d00000, 0x0000000089d00000|100%| E|CS|TAMS 0x0000000089c00000| PB 0x0000000089c00000| Complete 
| 127|0x0000000089d00000, 0x0000000089e00000, 0x0000000089e00000|100%| E|CS|TAMS 0x0000000089d00000| PB 0x0000000089d00000| Complete 

Card table byte_map: [0x00000227750e0000,0x00000227754e0000] _byte_map_base: 0x0000022774cd1000

Marking Bits: (CMBitMap*) 0x000002276cc77df0
 Bits: [0x00000227758e0000, 0x0000022777868000)

Polling page: 0x000002276ab70000

Metaspace:

Usage:
  Non-class:      7.23 MB used.
      Class:    914.01 KB used.
       Both:      8.12 MB used.

Virtual space:
  Non-class space:       64.00 MB reserved,       7.38 MB ( 12%) committed,  1 nodes.
      Class space:        1.00 GB reserved,       1.00 MB ( <1%) committed,  1 nodes.
             Both:        1.06 GB reserved,       8.38 MB ( <1%) committed. 

Chunk freelists:
   Non-Class:  254.00 KB
       Class:  3.03 MB
        Both:  3.28 MB

MaxMetaspaceSize: unlimited
CompressedClassSpaceSize: 1.00 GB
Initial GC threshold: 21.00 MB
Current GC threshold: 21.00 MB
CDS: on
MetaspaceReclaimPolicy: balanced
 - commit_granule_bytes: 65536.
 - commit_granule_words: 8192.
 - virtual_space_node_default_size: 8388608.
 - enlarge_chunks_in_place: 1.
 - new_chunks_are_fully_committed: 0.
 - uncommit_free_chunks: 1.
 - use_allocation_guard: 0.


Internal statistics:

num_allocs_failed_limit: 0.
num_arena_births: 166.
num_arena_deaths: 0.
num_vsnodes_births: 2.
num_vsnodes_deaths: 0.
num_space_committed: 134.
num_space_uncommitted: 0.
num_chunks_returned_to_freelist: 0.
num_chunks_taken_from_freelist: 227.
num_chunk_merges: 0.
num_chunk_splits: 135.
num_chunks_enlarged: 58.
num_inconsistent_stats: 0.

CodeHeap 'non-profiled nmethods': size=120000Kb used=328Kb max_used=328Kb free=119671Kb
 bounds [0x0000022707ad0000, 0x0000022707d40000, 0x000002270f000000]
CodeHeap 'profiled nmethods': size=120000Kb used=1726Kb max_used=1726Kb free=118273Kb
 bounds [0x0000022700000000, 0x0000022700270000, 0x0000022707530000]
CodeHeap 'non-nmethods': size=5760Kb used=1606Kb max_used=1618Kb free=4153Kb
 bounds [0x0000022707530000, 0x00000227077a0000, 0x0000022707ad0000]
 total_blobs=1736 nmethods=1124 adapters=522
 compilation: enabled
              stopped_count=0, restarted_count=0
 full_count=0

Compilation events (20 events):
Event: 7.189 Thread 0x0000022779d7c5d0 1110       3       jdk.internal.jimage.BasicImageReader::verifyLocation (39 bytes)
Event: 7.190 Thread 0x0000022779d7c5d0 nmethod 1110 0x00000227001aa710 code [0x00000227001aa8c0, 0x00000227001aab98]
Event: 7.190 Thread 0x0000022779d7c5d0 1113  s    3       java.util.Properties::put (10 bytes)
Event: 7.190 Thread 0x0000022779d7c5d0 nmethod 1113 0x00000227001aac90 code [0x00000227001aae40, 0x00000227001ab0b8]
Event: 7.190 Thread 0x0000022779d73c40 nmethod 1111 0x0000022707b1ee10 code [0x0000022707b1ef80, 0x0000022707b1f068]
Event: 7.191 Thread 0x0000022779d7c5d0 1114       3       java.lang.StringCoding::countPositives (33 bytes)
Event: 7.191 Thread 0x0000022779d7c5d0 nmethod 1114 0x00000227001ab210 code [0x00000227001ab3a0, 0x00000227001ab5d8]
Event: 7.192 Thread 0x0000022779d73c40 1115       4       java.util.Properties::loadConvert (540 bytes)
Event: 7.203 Thread 0x0000022779d7c5d0 1119       3       java.util.concurrent.locks.ReentrantLock$Sync::tryRelease (51 bytes)
Event: 7.203 Thread 0x0000022779d7c5d0 nmethod 1119 0x00000227001ab710 code [0x00000227001ab8c0, 0x00000227001abbf0]
Event: 7.211 Thread 0x0000022779d7c5d0 1121       3       java.util.concurrent.ConcurrentHashMap$EntryIterator::next (5 bytes)
Event: 7.212 Thread 0x0000022779d7c5d0 nmethod 1121 0x00000227001abc90 code [0x00000227001abe20, 0x00000227001abf58]
Event: 7.212 Thread 0x0000022779d7c5d0 1122       3       java.util.concurrent.ConcurrentHashMap$EntryIterator::next (51 bytes)
Event: 7.213 Thread 0x0000022779d7c5d0 nmethod 1122 0x00000227001ac010 code [0x00000227001ac1e0, 0x00000227001ac698]
Event: 7.213 Thread 0x0000022779d7c5d0 1124       3       java.util.concurrent.ConcurrentHashMap$MapEntry::<init> (20 bytes)
Event: 7.213 Thread 0x0000022779d7c5d0 nmethod 1124 0x00000227001ac810 code [0x00000227001ac9a0, 0x00000227001acc20]
Event: 7.213 Thread 0x000002277e068fa0 1116       4       java.lang.StringUTF16::compress (50 bytes)
Event: 7.215 Thread 0x0000022779d7c5d0 1125       3       jdk.internal.module.SystemModuleFinders$SystemModuleReader::containsImageLocation (42 bytes)
Event: 7.216 Thread 0x0000022779d7c5d0 nmethod 1125 0x00000227001acd10 code [0x00000227001acf20, 0x00000227001ad5c8]
Event: 7.216 Thread 0x0000022779d7c5d0 1126       3       jdk.internal.jimage.ImageLocation::verifyName (161 bytes)

GC Heap History (2 events):
Event: 0.795 GC heap before
{Heap before GC invocations=0 (full 0):
 garbage-first heap   total 131072K, used 20480K [0x0000000081e00000, 0x0000000100000000)
  region size 1024K, 13 young (13312K), 0 survivors (0K)
 Metaspace       used 4959K, committed 5184K, reserved 1114112K
  class space    used 519K, committed 640K, reserved 1048576K
}
Event: 0.803 GC heap after
{Heap after GC invocations=1 (full 0):
 garbage-first heap   total 131072K, used 9694K [0x0000000081e00000, 0x0000000100000000)
  region size 1024K, 2 young (2048K), 2 survivors (2048K)
 Metaspace       used 4959K, committed 5184K, reserved 1114112K
  class space    used 519K, committed 640K, reserved 1048576K
}

Dll operation events (10 events):
Event: 0.012 Loaded shared library C:\Program Files\Java\jdk-20\bin\java.dll
Event: 0.028 Loaded shared library C:\Program Files\Java\jdk-20\bin\jsvml.dll
Event: 0.127 Loaded shared library C:\Program Files\Java\jdk-20\bin\net.dll
Event: 0.129 Loaded shared library C:\Program Files\Java\jdk-20\bin\nio.dll
Event: 0.183 Loaded shared library C:\Program Files\Java\jdk-20\bin\zip.dll
Event: 0.208 Loaded shared library C:\Program Files\Java\jdk-20\bin\jimage.dll
Event: 0.243 Loaded shared library C:\Program Files\Java\jdk-20\bin\awt.dll
Event: 0.691 Loaded shared library C:\Program Files\Java\jdk-20\bin\javajpeg.dll
Event: 0.930 Loaded shared library C:\Program Files\Java\jdk-20\bin\freetype.dll
Event: 0.932 Loaded shared library C:\Program Files\Java\jdk-20\bin\fontmanager.dll

Deoptimization events (20 events):
Event: 7.104 Thread 0x000002277e0e2cf0 Uncommon trap: trap_request=0xffffffc6 fr.pc=0x0000022707b07740 relative=0x0000000000000ac0
Event: 7.105 Thread 0x000002277e0e2cf0 Uncommon trap: reason=bimorphic_or_optimized_type_check action=maybe_recompile pc=0x0000022707b07740 method=java.util.HashMap.putVal(ILjava/lang/Object;Ljava/lang/Object;ZZ)Ljava/lang/Object; @ 152 c2
Event: 7.105 Thread 0x000002277e0e2cf0 DEOPT PACKING pc=0x0000022707b07740 sp=0x00000093bf1fccc0
Event: 7.105 Thread 0x000002277e0e2cf0 DEOPT UNPACKING pc=0x0000022707599d22 sp=0x00000093bf1fcbe8 mode 2
Event: 7.152 Thread 0x000002277e0e2cf0 Uncommon trap: trap_request=0xffffffde fr.pc=0x0000022707b013c8 relative=0x0000000000000288
Event: 7.152 Thread 0x000002277e0e2cf0 Uncommon trap: reason=class_check action=maybe_recompile pc=0x0000022707b013c8 method=java.util.regex.Pattern$BmpCharPropertyGreedy.match(Ljava/util/regex/Matcher;ILjava/lang/CharSequence;)Z @ 26 c2
Event: 7.152 Thread 0x000002277e0e2cf0 DEOPT PACKING pc=0x0000022707b013c8 sp=0x00000093bf1fdbc0
Event: 7.152 Thread 0x000002277e0e2cf0 DEOPT UNPACKING pc=0x0000022707599d22 sp=0x00000093bf1fdb78 mode 2
Event: 7.164 Thread 0x000002277e0e2cf0 Uncommon trap: trap_request=0xffffffde fr.pc=0x0000022707b013c8 relative=0x0000000000000288
Event: 7.164 Thread 0x000002277e0e2cf0 Uncommon trap: reason=class_check action=maybe_recompile pc=0x0000022707b013c8 method=java.util.regex.Pattern$BmpCharPropertyGreedy.match(Ljava/util/regex/Matcher;ILjava/lang/CharSequence;)Z @ 26 c2
Event: 7.164 Thread 0x000002277e0e2cf0 DEOPT PACKING pc=0x0000022707b013c8 sp=0x00000093bf1fdad0
Event: 7.164 Thread 0x000002277e0e2cf0 DEOPT UNPACKING pc=0x0000022707599d22 sp=0x00000093bf1fda88 mode 2
Event: 7.164 Thread 0x000002277e0e2cf0 Uncommon trap: trap_request=0xffffffde fr.pc=0x0000022707b013c8 relative=0x0000000000000288
Event: 7.164 Thread 0x000002277e0e2cf0 Uncommon trap: reason=class_check action=maybe_recompile pc=0x0000022707b013c8 method=java.util.regex.Pattern$BmpCharPropertyGreedy.match(Ljava/util/regex/Matcher;ILjava/lang/CharSequence;)Z @ 26 c2
Event: 7.164 Thread 0x000002277e0e2cf0 DEOPT PACKING pc=0x0000022707b013c8 sp=0x00000093bf1fdac0
Event: 7.164 Thread 0x000002277e0e2cf0 DEOPT UNPACKING pc=0x0000022707599d22 sp=0x00000093bf1fda78 mode 2
Event: 7.164 Thread 0x000002277e0e2cf0 Uncommon trap: trap_request=0xffffffde fr.pc=0x0000022707b013c8 relative=0x0000000000000288
Event: 7.164 Thread 0x000002277e0e2cf0 Uncommon trap: reason=class_check action=maybe_recompile pc=0x0000022707b013c8 method=java.util.regex.Pattern$BmpCharPropertyGreedy.match(Ljava/util/regex/Matcher;ILjava/lang/CharSequence;)Z @ 26 c2
Event: 7.164 Thread 0x000002277e0e2cf0 DEOPT PACKING pc=0x0000022707b013c8 sp=0x00000093bf1fd9a0
Event: 7.164 Thread 0x000002277e0e2cf0 DEOPT UNPACKING pc=0x0000022707599d22 sp=0x00000093bf1fd958 mode 2

Classes loaded (20 events):
Event: 7.175 Loading class jdk/internal/access/JavaUtilCollectionAccess
Event: 7.175 Loading class jdk/internal/access/JavaUtilCollectionAccess done
Event: 7.175 Loading class java/util/ImmutableCollections$Access$1 done
Event: 7.176 Loading class java/util/stream/Nodes$SpinedNodeBuilder
Event: 7.176 Loading class java/util/stream/SpinedBuffer
Event: 7.176 Loading class java/util/stream/AbstractSpinedBuffer
Event: 7.176 Loading class java/util/stream/AbstractSpinedBuffer done
Event: 7.176 Loading class java/util/stream/SpinedBuffer done
Event: 7.176 Loading class java/util/stream/Nodes$SpinedNodeBuilder done
Event: 7.178 Loading class java/util/ResourceBundle$Control$2
Event: 7.178 Loading class java/util/ResourceBundle$Control$2 done
Event: 7.180 Loading class java/util/PropertyResourceBundle
Event: 7.181 Loading class java/util/PropertyResourceBundle done
Event: 7.181 Loading class sun/util/PropertyResourceBundleCharset
Event: 7.181 Loading class sun/util/PropertyResourceBundleCharset done
Event: 7.181 Loading class sun/util/PropertyResourceBundleCharset$PropertiesFileDecoder
Event: 7.181 Loading class sun/util/PropertyResourceBundleCharset$PropertiesFileDecoder done
Event: 7.216 Loading class java/text/MessageFormat
Event: 7.217 Loading class java/text/MessageFormat done
Event: 7.218 Loading class java/math/BigDecimal

Classes unloaded (0 events):
No events

Classes redefined (0 events):
No events

Internal exceptions (18 events):
Event: 0.131 Thread 0x000002276cc18570 Exception <a 'sun/nio/fs/WindowsException'{0x0000000089c3f0f0}> (0x0000000089c3f0f0) 
thrown [s\open\src\hotspot\share\prims\jni.cpp, line 519]
Event: 0.136 Thread 0x000002276cc18570 Exception <a 'sun/nio/fs/WindowsException'{0x0000000089c41620}> (0x0000000089c41620) 
thrown [s\open\src\hotspot\share\prims\jni.cpp, line 519]
Event: 0.136 Thread 0x000002276cc18570 Exception <a 'sun/nio/fs/WindowsException'{0x0000000089c42168}> (0x0000000089c42168) 
thrown [s\open\src\hotspot\share\prims\jni.cpp, line 519]
Event: 0.136 Thread 0x000002276cc18570 Exception <a 'sun/nio/fs/WindowsException'{0x0000000089c42c70}> (0x0000000089c42c70) 
thrown [s\open\src\hotspot\share\prims\jni.cpp, line 519]
Event: 0.137 Thread 0x000002276cc18570 Exception <a 'sun/nio/fs/WindowsException'{0x0000000089c86438}> (0x0000000089c86438) 
thrown [s\open\src\hotspot\share\prims\jni.cpp, line 519]
Event: 0.223 Thread 0x000002276cc18570 Exception <a 'java/lang/ClassNotFoundException'{0x0000000089b4a618}: sun/awt/resources/spi/awtProvider> (0x0000000089b4a618) 
thrown [s\open\src\hotspot\share\classfile\systemDictionary.cpp, line 305]
Event: 0.268 Thread 0x000002276cc18570 Exception <a 'java/io/FileNotFoundException'{0x0000000089ba0f48}> (0x0000000089ba0f48) 
thrown [s\open\src\hotspot\share\prims\jni.cpp, line 519]
Event: 0.281 Thread 0x000002276cc18570 Exception <a 'java/io/FileNotFoundException'{0x0000000089bcb188}> (0x0000000089bcb188) 
thrown [s\open\src\hotspot\share\prims\jni.cpp, line 519]
Event: 0.421 Thread 0x000002276cc18570 Exception <a 'java/lang/NoSuchMethodError'{0x0000000089ae57a8}: 'void java.lang.invoke.DirectMethodHandle$Holder.invokeSpecial(java.lang.Object, java.lang.Object, java.lang.Object)'> (0x0000000089ae57a8) 
thrown [s\open\src\hotspot\share\interpreter\linkResolver.cpp, line 773]
Event: 0.437 Thread 0x000002276cc18570 Exception <a 'java/lang/NoSuchMethodError'{0x00000000899103c8}: 'java.lang.Object java.lang.invoke.DirectMethodHandle$Holder.newInvokeSpecial(java.lang.Object, java.lang.Object, java.lang.Object, java.lang.Object, java.lang.Object)'> (0x00000000899103c8) 
thrown [s\open\src\hotspot\share\interpreter\linkResolver.cpp, line 773]
Event: 0.451 Thread 0x000002276cc18570 Exception <a 'java/lang/NoSuchMethodError'{0x0000000089940c70}: 'java.lang.Object java.lang.invoke.DirectMethodHandle$Holder.invokeStatic(java.lang.Object, int, java.lang.Object)'> (0x0000000089940c70) 
thrown [s\open\src\hotspot\share\interpreter\linkResolver.cpp, line 773]
Event: 0.501 Thread 0x000002276cc18570 Exception <a 'java/lang/ClassNotFoundException'{0x00000000899fc770}: com/sun/swing/internal/plaf/metal/resources/spi/metalProvider> (0x00000000899fc770) 
thrown [s\open\src\hotspot\share\classfile\systemDictionary.cpp, line 305]
Event: 0.503 Thread 0x000002276cc18570 Exception <a 'java/lang/ClassNotFoundException'{0x0000000089801168}: com/sun/swing/internal/plaf/basic/resources/spi/basicProvider> (0x0000000089801168) 
thrown [s\open\src\hotspot\share\classfile\systemDictionary.cpp, line 305]
Event: 0.519 Thread 0x000002276cc18570 Exception <a 'java/lang/NoSuchMethodError'{0x0000000089820348}: 'int java.lang.invoke.Invokers$Holder.invokeExact_MT(java.lang.Object, java.lang.Object)'> (0x0000000089820348) 
thrown [s\open\src\hotspot\share\interpreter\linkResolver.cpp, line 773]
Event: 0.695 Thread 0x000002277e0e5770 Exception <a 'java/lang/NoSuchMethodError'{0x00000000897e4f70}: 'java.lang.Object java.lang.invoke.DirectMethodHandle$Holder.newInvokeSpecial(java.lang.Object, java.lang.Object, java.lang.Object, int, int, int, int, int)'> (0x00000000897e4f70) 
thrown [s\open\src\hotspot\share\interpreter\linkResolver.cpp, line 773]
Event: 0.922 Thread 0x000002276cc18570 Exception <a 'java/lang/NoSuchMethodError'{0x0000000089c5b798}: 'void java.lang.invoke.DirectMethodHandle$Holder.invokeStaticInit(java.lang.Object)'> (0x0000000089c5b798) 
thrown [s\open\src\hotspot\share\interpreter\linkResolver.cpp, line 773]
Event: 1.011 Thread 0x000002277e0e3ce0 Exception <a 'java/lang/NoSuchMethodError'{0x0000000089c65e30}: 'void java.lang.invoke.DirectMethodHandle$Holder.invokeVirtual(java.lang.Object, java.lang.Object)'> (0x0000000089c65e30) 
thrown [s\open\src\hotspot\share\interpreter\linkResolver.cpp, line 773]
Event: 7.173 Thread 0x000002277e0e2cf0 Exception <a 'java/lang/NoSuchMethodError'{0x0000000089a38700}: 'java.lang.Object java.lang.invoke.DirectMethodHandle$Holder.invokeInterface(java.lang.Object, java.lang.Object)'> (0x0000000089a38700) 
thrown [s\open\src\hotspot\share\interpreter\linkResolver.cpp, line 773]

VM Operations (20 events):
Event: 0.140 Executing VM operation: HandshakeAllThreads
Event: 0.140 Executing VM operation: HandshakeAllThreads done
Event: 0.294 Executing VM operation: HandshakeAllThreads
Event: 0.294 Executing VM operation: HandshakeAllThreads done
Event: 0.523 Executing VM operation: HandshakeAllThreads
Event: 0.523 Executing VM operation: HandshakeAllThreads done
Event: 0.658 Executing VM operation: HandshakeAllThreads
Event: 0.658 Executing VM operation: HandshakeAllThreads done
Event: 0.785 Executing VM operation: HandshakeAllThreads
Event: 0.785 Executing VM operation: HandshakeAllThreads done
Event: 0.795 Executing VM operation: G1CollectForAllocation
Event: 0.803 Executing VM operation: G1CollectForAllocation done
Event: 1.809 Executing VM operation: Cleanup
Event: 1.809 Executing VM operation: Cleanup done
Event: 5.832 Executing VM operation: Cleanup
Event: 5.832 Executing VM operation: Cleanup done
Event: 6.846 Executing VM operation: Cleanup
Event: 6.847 Executing VM operation: Cleanup done
Event: 7.144 Executing VM operation: HandshakeAllThreads
Event: 7.144 Executing VM operation: HandshakeAllThreads done

Events (20 events):
Event: 0.053 Thread 0x0000022779d69ad0 Thread added: 0x0000022779d69ad0
Event: 0.053 Thread 0x0000022779d6b420 Thread added: 0x0000022779d6b420
Event: 0.053 Thread 0x0000022779d6c170 Thread added: 0x0000022779d6c170
Event: 0.053 Thread 0x0000022779d72fd0 Thread added: 0x0000022779d72fd0
Event: 0.054 Thread 0x0000022779d73c40 Thread added: 0x0000022779d73c40
Event: 0.054 Thread 0x0000022779d7c5d0 Thread added: 0x0000022779d7c5d0
Event: 0.103 Thread 0x000002277e0e4230 Thread added: 0x000002277e0e4230
Event: 0.167 Thread 0x000002277e0e6210 Thread added: 0x000002277e0e6210
Event: 0.356 Thread 0x000002277e0e4780 Thread added: 0x000002277e0e4780
Event: 0.359 Thread 0x000002277e0e5220 Thread added: 0x000002277e0e5220
Event: 0.361 Thread 0x000002277e0e3ce0 Thread added: 0x000002277e0e3ce0
Event: 0.543 Thread 0x000002277e0e5770 Thread added: 0x000002277e0e5770
Event: 0.609 Thread 0x000002277e9b50f0 Thread added: 0x000002277e9b50f0
Event: 0.876 Thread 0x000002277e9b50f0 Thread exited: 0x000002277e9b50f0
Event: 0.891 Thread 0x000002277e0e2cf0 Thread added: 0x000002277e0e2cf0
Event: 1.017 Thread 0x000002276cc18570 Thread exited: 0x000002276cc18570
Event: 1.018 Thread 0x000002277e0e3240 Thread added: 0x000002277e0e3240
Event: 5.875 Thread 0x000002277e0e5770 Thread exited: 0x000002277e0e5770
Event: 7.121 Thread 0x000002277e0e5770 Thread added: 0x000002277e0e5770
Event: 7.212 Thread 0x000002277e068fa0 Thread added: 0x000002277e068fa0


Dynamic libraries:
0x00007ff79cc30000 - 0x00007ff79cc40000 	C:\Program Files\Java\jdk-20\bin\java.exe
0x00007ffb2ba30000 - 0x00007ffb2bc28000 	C:\Windows\SYSTEM32\ntdll.dll
0x00007ffb2a4d0000 - 0x00007ffb2a58f000 	C:\Windows\System32\KERNEL32.DLL
0x00007ffb297b0000 - 0x00007ffb29a8a000 	C:\Windows\System32\KERNELBASE.dll
0x00007ffb292f0000 - 0x00007ffb293f0000 	C:\Windows\System32\ucrtbase.dll
0x00007ffb02530000 - 0x00007ffb0254b000 	C:\Program Files\Java\jdk-20\bin\VCRUNTIME140.dll
0x00007ffb13900000 - 0x00007ffb13919000 	C:\Program Files\Java\jdk-20\bin\jli.dll
0x00007ffb2b0f0000 - 0x00007ffb2b19e000 	C:\Windows\System32\ADVAPI32.dll
0x00007ffb29c20000 - 0x00007ffb29cbe000 	C:\Windows\System32\msvcrt.dll
0x00007ffb2b1a0000 - 0x00007ffb2b23c000 	C:\Windows\System32\sechost.dll
0x00007ffb2b4d0000 - 0x00007ffb2b5f6000 	C:\Windows\System32\RPCRT4.dll
0x00007ffb2a890000 - 0x00007ffb2aa2d000 	C:\Windows\System32\USER32.dll
0x00007ffb293f0000 - 0x00007ffb29412000 	C:\Windows\System32\win32u.dll
0x00007ffb16740000 - 0x00007ffb169da000 	C:\Windows\WinSxS\amd64_microsoft.windows.common-controls_6595b64144ccf1df_6.0.19041.1110_none_60b5254171f9507e\COMCTL32.dll
0x00007ffb29bd0000 - 0x00007ffb29bfb000 	C:\Windows\System32\GDI32.dll
0x00007ffb291e0000 - 0x00007ffb292f0000 	C:\Windows\System32\gdi32full.dll
0x00007ffb29140000 - 0x00007ffb291dd000 	C:\Windows\System32\msvcp_win.dll
0x00007ffb18b40000 - 0x00007ffb18b4a000 	C:\Windows\SYSTEM32\VERSION.dll
0x00007ffb2b9c0000 - 0x00007ffb2b9f0000 	C:\Windows\System32\IMM32.DLL
0x00007ffb18be0000 - 0x00007ffb18bec000 	C:\Program Files\Java\jdk-20\bin\vcruntime140_1.dll
0x00007ffb01270000 - 0x00007ffb012fe000 	C:\Program Files\Java\jdk-20\bin\msvcp140.dll
0x00007ffafd0a0000 - 0x00007ffafdd37000 	C:\Program Files\Java\jdk-20\bin\server\jvm.dll
0x00007ffb14b00000 - 0x00007ffb14b27000 	C:\Windows\SYSTEM32\WINMM.dll
0x00007ffb1a680000 - 0x00007ffb1a689000 	C:\Windows\SYSTEM32\WSOCK32.dll
0x00007ffb2b2d0000 - 0x00007ffb2b33b000 	C:\Windows\System32\WS2_32.dll
0x00007ffb27000000 - 0x00007ffb27012000 	C:\Windows\SYSTEM32\kernel.appcore.dll
0x00007ffb17850000 - 0x00007ffb1785a000 	C:\Program Files\Java\jdk-20\bin\jimage.dll
0x00007ffb17fc0000 - 0x00007ffb181a4000 	C:\Windows\SYSTEM32\DBGHELP.DLL
0x00007ffb17ed0000 - 0x00007ffb17f04000 	C:\Windows\SYSTEM32\dbgcore.DLL
0x00007ffb296f0000 - 0x00007ffb29772000 	C:\Windows\System32\bcryptPrimitives.dll
0x00007ffb02500000 - 0x00007ffb02526000 	C:\Program Files\Java\jdk-20\bin\java.dll
0x00007ffb01530000 - 0x00007ffb01607000 	C:\Program Files\Java\jdk-20\bin\jsvml.dll
0x00007ffb29cc0000 - 0x00007ffb2a404000 	C:\Windows\System32\SHELL32.dll
0x00007ffb27200000 - 0x00007ffb27993000 	C:\Windows\SYSTEM32\windows.storage.dll
0x00007ffb2b600000 - 0x00007ffb2b954000 	C:\Windows\System32\combase.dll
0x00007ffb28ac0000 - 0x00007ffb28aee000 	C:\Windows\SYSTEM32\Wldp.dll
0x00007ffb2b340000 - 0x00007ffb2b3ed000 	C:\Windows\System32\SHCORE.dll
0x00007ffb2a410000 - 0x00007ffb2a465000 	C:\Windows\System32\shlwapi.dll
0x00007ffb29080000 - 0x00007ffb2909f000 	C:\Windows\SYSTEM32\profapi.dll
0x00007ffb02120000 - 0x00007ffb02133000 	C:\Program Files\Java\jdk-20\bin\net.dll
0x00007ffb1bf20000 - 0x00007ffb1c02a000 	C:\Windows\SYSTEM32\WINHTTP.dll
0x00007ffb28820000 - 0x00007ffb2888a000 	C:\Windows\system32\mswsock.dll
0x00007ffb014c0000 - 0x00007ffb014d6000 	C:\Program Files\Java\jdk-20\bin\nio.dll
0x00007ffb014a0000 - 0x00007ffb014b8000 	C:\Program Files\Java\jdk-20\bin\zip.dll
0x00007ffb01300000 - 0x00007ffb01491000 	C:\Program Files\Java\jdk-20\bin\awt.dll
0x00007ffb2a590000 - 0x00007ffb2a65d000 	C:\Windows\System32\OLEAUT32.dll
0x00007ffb26940000 - 0x00007ffb269d0000 	C:\Windows\SYSTEM32\apphelp.dll
0x00007ffb26d10000 - 0x00007ffb26d3f000 	C:\Windows\system32\DWMAPI.DLL
0x00007ffb26af0000 - 0x00007ffb26b8e000 	C:\Windows\system32\uxtheme.dll
0x00007ffb0cd20000 - 0x00007ffb0ce45000 	C:\Windows\system32\opengl32.dll
0x00007ffb13bd0000 - 0x00007ffb13bfc000 	C:\Windows\SYSTEM32\GLU32.dll
0x00007ffb2a6c0000 - 0x00007ffb2a7d4000 	C:\Windows\System32\MSCTF.dll
0x00007ffb29a90000 - 0x00007ffb29bba000 	C:\Windows\System32\ole32.dll
0x00007ffb12690000 - 0x00007ffb126be000 	C:\Program Files\Java\jdk-20\bin\javajpeg.dll
0x00007ffb011e0000 - 0x00007ffb01266000 	C:\Program Files\Java\jdk-20\bin\freetype.dll
0x00007ffb01110000 - 0x00007ffb011d6000 	C:\Program Files\Java\jdk-20\bin\fontmanager.dll
0x00007ffb21bb0000 - 0x00007ffb21ca9000 	C:\Windows\SYSTEM32\textinputframework.dll
0x00007ffb26710000 - 0x00007ffb26802000 	C:\Windows\System32\CoreMessaging.dll
0x00007ffb262d0000 - 0x00007ffb2662e000 	C:\Windows\System32\CoreUIComponents.dll
0x00007ffb28260000 - 0x00007ffb28293000 	C:\Windows\SYSTEM32\ntmarta.dll
0x00007ffb25c00000 - 0x00007ffb25d54000 	C:\Windows\SYSTEM32\wintypes.dll

dbghelp: loaded successfully - version: 4.0.5 - missing functions: none
symbol engine: initialized successfully - sym options: 0x614 - pdb path: .;C:\Program Files\Java\jdk-20\bin;C:\Windows\SYSTEM32;C:\Windows\WinSxS\amd64_microsoft.windows.common-controls_6595b64144ccf1df_6.0.19041.1110_none_60b5254171f9507e;C:\Program Files\Java\jdk-20\bin\server

VM Arguments:
jvm_args: -Dfile.encoding=UTF-8 --module-path=C:\Users\DELL\Documents\NetBeansProjects\Hotel Management System\build\classes 
java_command: hotel.management.system.Reception
java_class_path (initial): C:\Users\DELL\Downloads\mysql-connector-java-8.0.28.jar;C:\Users\DELL\Downloads\rs2xml.jar;C:\Users\DELL\Documents\NetBeansProjects\Hotel Management System\build\classes
Launcher Type: SUN_STANDARD

[Global flags]
     intx CICompilerCount                          = 3                                         {product} {ergonomic}
     uint ConcGCThreads                            = 1                                         {product} {ergonomic}
     uint G1ConcRefinementThreads                  = 4                                         {product} {ergonomic}
   size_t G1HeapRegionSize                         = 1048576                                   {product} {ergonomic}
    uintx GCDrainStackTargetSize                   = 64                                        {product} {ergonomic}
   size_t InitialHeapSize                          = 134217728                                 {product} {ergonomic}
   size_t MarkStackSize                            = 4194304                                   {product} {ergonomic}
   size_t MaxHeapSize                              = 2116026368                                {product} {ergonomic}
   size_t MaxNewSize                               = 1268776960                                {product} {ergonomic}
   size_t MinHeapDeltaBytes                        = 1048576                                   {product} {ergonomic}
   size_t MinHeapSize                              = 8388608                                   {product} {ergonomic}
    uintx NonNMethodCodeHeapSize                   = 5832780                                {pd product} {ergonomic}
    uintx NonProfiledCodeHeapSize                  = 122912730                              {pd product} {ergonomic}
    uintx ProfiledCodeHeapSize                     = 122912730                              {pd product} {ergonomic}
    uintx ReservedCodeCacheSize                    = 251658240                              {pd product} {ergonomic}
     bool SegmentedCodeCache                       = true                                      {product} {ergonomic}
   size_t SoftMaxHeapSize                          = 2116026368                             {manageable} {ergonomic}
     bool UseCompressedClassPointers               = true                           {product lp64_product} {ergonomic}
     bool UseCompressedOops                        = true                           {product lp64_product} {ergonomic}
     bool UseG1GC                                  = true                                      {product} {ergonomic}
     bool UseLargePagesIndividualAllocation        = false                                  {pd product} {ergonomic}

Logging:
Log output configuration:
 #0: stdout all=warning uptime,level,tags foldmultilines=false
 #1: stderr all=off uptime,level,tags foldmultilines=false

Environment Variables:
PATH=C:\Program Files\Common Files\Oracle\Java\javapath;C:\Windows\system32;C:\Windows;C:\Windows\System32\Wbem;C:\Windows\System32\WindowsPowerShell\v1.0\;C:\Windows\System32\OpenSSH\;C:\Program Files\Java\jdk-20\bin;C:\Users\DELL\AppData\Local\Microsoft\WindowsApps;C:\Program Files\Bandizip\;D:\IntelliJ IDEA 2023.2\bin;
USERNAME=DELL
OS=Windows_NT
PROCESSOR_IDENTIFIER=Intel64 Family 6 Model 58 Stepping 9, GenuineIntel
TMP=C:\Users\DELL\AppData\Local\Temp
TEMP=C:\Users\DELL\AppData\Local\Temp




---------------  S Y S T E M  ---------------

OS:
 Windows 10 , 64 bit Build 19041 (10.0.19041.2788)
OS uptime: 1 days 0:15 hours

CPU: total 4 (initial active 4) (2 cores per cpu, 2 threads per core) family 6 model 58 stepping 9 microcode 0x21, cx8, cmov, fxsr, ht, mmx, sse, sse2, sse3, ssse3, sse4.1, sse4.2, popcnt, tsc, tscinvbit, avx, erms, clmul, vzeroupper, clflush, rdtscp, f16c

Memory: 4k page, system-wide physical 8067M (1658M free)
TotalPageFile size 20926M (AvailPageFile size 5M)
current process WorkingSet (physical memory assigned to process): 82M, peak: 82M
current process commit charge ("private bytes"): 218M, peak: 218M

vm_info: Java HotSpot(TM) 64-Bit Server VM (20.0.1+9-29) for windows-amd64 JRE (20.0.1+9-29), built on 2023-03-07T13:56:11Z by "mach5one" with MS VC++ 17.1 (VS2022)

END.
