#
# There is insufficient memory for the Java Runtime Environment to continue.
# Native memory allocation (malloc) failed to allocate 32744 bytes for Chunk::new
# Possible reasons:
#   The system is out of physical RAM or swap space
#   The process is running with CompressedOops enabled, and the Java Heap may be blocking the growth of the native heap
# Possible solutions:
#   Reduce memory load on the system
#   Increase physical memory or swap space
#   Check if swap backing store is full
#   Decrease Java heap size (-Xmx/-Xms)
#   Decrease number of Java threads
#   Decrease Java thread stack sizes (-Xss)
#   Set larger code cache with -XX:ReservedCodeCacheSize=
#   JVM is running with Unscaled Compressed Oops mode in which the Java heap is
#     placed in the first 4GB address space. The Java Heap base address is the
#     maximum limit for the native heap growth. Please use -XX:HeapBaseMinAddress
#     to set the Java Heap base and to place the Java Heap above 4GB virtual address.
# This output file may be truncated or incomplete.
#
#  Out of Memory Error (arena.cpp:184), pid=14628, tid=17884
#
# JRE version: Java(TM) SE Runtime Environment (20.0.1+9) (build 20.0.1+9-29)
# Java VM: Java HotSpot(TM) 64-Bit Server VM (20.0.1+9-29, mixed mode, sharing, tiered, compressed oops, compressed class ptrs, g1 gc, windows-amd64)
# No core dump will be written. Minidumps are not enabled by default on client versions of Windows
#

---------------  S U M M A R Y ------------

Command Line: -Dfile.encoding=UTF-8 --module-path=C:\Users\DELL\Documents\NetBeansProjects\Hotel Management System\build\classes hotel.management.system.AddCustomer

Host: Intel(R) Core(TM) i3-3217U CPU @ 1.80GHz, 4 cores, 7G,  Windows 10 , 64 bit Build 19041 (10.0.19041.2788)
Time: Sat Sep 23 23:52:48 2023 Pacific Daylight Time elapsed time: 1.718689 seconds (0d 0h 0m 1s)

---------------  T H R E A D  ---------------

Current thread (0x000002c2830bd800):  JavaThread "main" [_thread_in_vm, id=17884, stack(0x000000e5ad200000,0x000000e5ad300000)]

Stack: [0x000000e5ad200000,0x000000e5ad300000]
Native frames: (J=compiled Java code, j=interpreted, Vv=VM code, C=native code)
V  [jvm.dll+0x6bb95a]
V  [jvm.dll+0x8485fa]
V  [jvm.dll+0x84a1f5]
V  [jvm.dll+0x84a8f3]
V  [jvm.dll+0x280b0f]
V  [jvm.dll+0xc2b11]
V  [jvm.dll+0xc2e35]
V  [jvm.dll+0x710637]
V  [jvm.dll+0x7112ef]
V  [jvm.dll+0x3c8207]
V  [jvm.dll+0x3c72a7]
V  [jvm.dll+0x3c7248]
V  [jvm.dll+0x3d853a]
C  0x000002c293fbf7df

Java frames: (J=compiled Java code, j=interpreted, Vv=VM code)
j  sun.security.ssl.CertificateAuthoritiesExtension.<clinit>()V+0 java.base@20.0.1
v  ~StubRoutines::call_stub 0x000002c293f9100d
j  sun.security.ssl.SSLExtension.<clinit>()V+1663 java.base@20.0.1
v  ~StubRoutines::call_stub 0x000002c293f9100d
j  sun.security.ssl.SSLConfiguration.getEnabledExtensions(Lsun/security/ssl/SSLHandshake;Ljava/util/List;)[Lsun/security/ssl/SSLExtension;+8 java.base@20.0.1
j  sun.security.ssl.ClientHello$ClientHelloKickstartProducer.produce(Lsun/security/ssl/ConnectionContext;)[B+949 java.base@20.0.1
j  sun.security.ssl.SSLHandshake.kickstart(Lsun/security/ssl/HandshakeContext;)V+47 java.base@20.0.1
j  sun.security.ssl.ClientHandshakeContext.kickstart()V+9 java.base@20.0.1
j  sun.security.ssl.TransportContext.kickstart()V+234 java.base@20.0.1
j  sun.security.ssl.SSLSocketImpl.startHandshake(Z)V+108 java.base@20.0.1
j  sun.security.ssl.SSLSocketImpl.startHandshake()V+2 java.base@20.0.1
j  com.mysql.cj.protocol.ExportControlled.performTlsHandshake(Ljava/net/Socket;Lcom/mysql/cj/protocol/SocketConnection;Lcom/mysql/cj/ServerVersion;Lcom/mysql/cj/log/Log;)Ljava/net/Socket;+235
j  com.mysql.cj.protocol.StandardSocketFactory.performTlsHandshake(Lcom/mysql/cj/protocol/SocketConnection;Lcom/mysql/cj/protocol/ServerSession;Lcom/mysql/cj/log/Log;)Ljava/io/Closeable;+21
j  com.mysql.cj.protocol.a.NativeSocketConnection.performTlsHandshake(Lcom/mysql/cj/protocol/ServerSession;Lcom/mysql/cj/log/Log;)V+8
j  com.mysql.cj.protocol.a.NativeProtocol.negotiateSSLConnection()V+116
j  com.mysql.cj.protocol.a.NativeAuthenticationProvider.connect(Ljava/lang/String;Ljava/lang/String;Ljava/lang/String;)V+765
j  com.mysql.cj.protocol.a.NativeProtocol.connect(Ljava/lang/String;Ljava/lang/String;Ljava/lang/String;)V+11
j  com.mysql.cj.NativeSession.connect(Lcom/mysql/cj/conf/HostInfo;Ljava/lang/String;Ljava/lang/String;Ljava/lang/String;ILcom/mysql/cj/TransactionEventHandler;)V+110
j  com.mysql.cj.jdbc.ConnectionImpl.connectOneTryOnly(Z)V+32
j  com.mysql.cj.jdbc.ConnectionImpl.createNewIO(Z)V+27
j  com.mysql.cj.jdbc.ConnectionImpl.<init>(Lcom/mysql/cj/conf/HostInfo;)V+753
j  com.mysql.cj.jdbc.ConnectionImpl.getInstance(Lcom/mysql/cj/conf/HostInfo;)Lcom/mysql/cj/jdbc/JdbcConnection;+5
j  com.mysql.cj.jdbc.NonRegisteringDriver.connect(Ljava/lang/String;Ljava/util/Properties;)Ljava/sql/Connection;+72
j  java.sql.DriverManager.getConnection(Ljava/lang/String;Ljava/util/Properties;Ljava/lang/Class;)Ljava/sql/Connection;+133 java.sql@20.0.1
j  java.sql.DriverManager.getConnection(Ljava/lang/String;Ljava/lang/String;Ljava/lang/String;)Ljava/sql/Connection;+37 java.sql@20.0.1
j  hotel.management.system.Conn.<init>()V+17
j  hotel.management.system.AddCustomer.<init>()V+647
j  hotel.management.system.AddCustomer.main([Ljava/lang/String;)V+4
v  ~StubRoutines::call_stub 0x000002c293f9100d

---------------  P R O C E S S  ---------------

Threads class SMR info:
_java_thread_list=0x000002c2a5f397b0, length=17, elements={
0x000002c2830bd800, 0x000002c2a123d530, 0x000002c2a123e130, 0x000002c2a1241fe0,
0x000002c2a1243930, 0x000002c2a1244a10, 0x000002c2a1246b00, 0x000002c2a124b410,
0x000002c2a124c530, 0x000002c2a5471db0, 0x000002c2a5542650, 0x000002c2a5727ef0,
0x000002c2a5728440, 0x000002c2a5728e60, 0x000002c2a57fe370, 0x000002c2a57c12a0,
0x000002c2a5ee4ff0
}

Java Threads: ( => current thread )
=>0x000002c2830bd800 JavaThread "main" [_thread_in_vm, id=17884, stack(0x000000e5ad200000,0x000000e5ad300000)]
  0x000002c2a123d530 JavaThread "Reference Handler" daemon [_thread_blocked, id=12500, stack(0x000000e5ad900000,0x000000e5ada00000)]
  0x000002c2a123e130 JavaThread "Finalizer" daemon [_thread_blocked, id=17560, stack(0x000000e5ada00000,0x000000e5adb00000)]
  0x000002c2a1241fe0 JavaThread "Signal Dispatcher" daemon [_thread_blocked, id=18140, stack(0x000000e5adb00000,0x000000e5adc00000)]
  0x000002c2a1243930 JavaThread "Attach Listener" daemon [_thread_blocked, id=5656, stack(0x000000e5adc00000,0x000000e5add00000)]
  0x000002c2a1244a10 JavaThread "Service Thread" daemon [_thread_blocked, id=17736, stack(0x000000e5add00000,0x000000e5ade00000)]
  0x000002c2a1246b00 JavaThread "Monitor Deflation Thread" daemon [_thread_blocked, id=17052, stack(0x000000e5ade00000,0x000000e5adf00000)]
  0x000002c2a124b410 JavaThread "C2 CompilerThread0" daemon [_thread_in_native, id=18168, stack(0x000000e5adf00000,0x000000e5ae000000)]
  0x000002c2a124c530 JavaThread "C1 CompilerThread0" daemon [_thread_in_native, id=16820, stack(0x000000e5ae000000,0x000000e5ae100000)]
  0x000002c2a5471db0 JavaThread "Common-Cleaner" daemon [_thread_blocked, id=16648, stack(0x000000e5ae100000,0x000000e5ae200000)]
  0x000002c2a5542650 JavaThread "Notification Thread" daemon [_thread_blocked, id=17796, stack(0x000000e5ae200000,0x000000e5ae300000)]
  0x000002c2a5727ef0 JavaThread "Java2D Disposer" daemon [_thread_blocked, id=9808, stack(0x000000e5ae400000,0x000000e5ae500000)]
  0x000002c2a5728440 JavaThread "AWT-Shutdown" [_thread_blocked, id=6336, stack(0x000000e5ae500000,0x000000e5ae600000)]
  0x000002c2a5728e60 JavaThread "AWT-Windows" daemon [_thread_in_native, id=2240, stack(0x000000e5ae600000,0x000000e5ae700000)]
  0x000002c2a57fe370 JavaThread "AWT-EventQueue-0" [_thread_blocked, id=3252, stack(0x000000e5ae700000,0x000000e5ae800000)]
  0x000002c2a57c12a0 JavaThread "mysql-cj-abandoned-connection-cleanup" daemon [_thread_blocked, id=17980, stack(0x000000e5ae800000,0x000000e5ae900000)]
  0x000002c2a5ee4ff0 JavaThread "C2 CompilerThread1" daemon [_thread_blocked, id=16728, stack(0x000000e5ae900000,0x000000e5aea00000)]

Other Threads:
  0x000002c2a121f450 VMThread "VM Thread" [stack: 0x000000e5ad800000,0x000000e5ad900000] [id=12416]
  0x000002c2a5542ba0 WatcherThread "VM Periodic Task Thread" [stack: 0x000000e5ae300000,0x000000e5ae400000] [id=16808]
  0x000002c283219a60 WorkerThread "GC Thread#0" [stack: 0x000000e5ad300000,0x000000e5ad400000] [id=14380]
  0x000002c2a5f2a690 WorkerThread "GC Thread#1" [stack: 0x000000e5aea00000,0x000000e5aeb00000] [id=17716]
  0x000002c2a5f2a960 WorkerThread "GC Thread#2" [stack: 0x000000e5aeb00000,0x000000e5aec00000] [id=6424]
  0x000002c2a5f2ac30 WorkerThread "GC Thread#3" [stack: 0x000000e5aec00000,0x000000e5aed00000] [id=18332]
  0x000002c28322a7d0 ConcurrentGCThread "G1 Main Marker" [stack: 0x000000e5ad400000,0x000000e5ad500000] [id=17816]
  0x000002c28322b9a0 WorkerThread "G1 Conc#0" [stack: 0x000000e5ad500000,0x000000e5ad600000] [id=17532]
  0x000002c2a10d20b0 ConcurrentGCThread "G1 Refine#0" [stack: 0x000000e5ad600000,0x000000e5ad700000] [id=17144]
  0x000002c2a10d2a50 ConcurrentGCThread "G1 Service" [stack: 0x000000e5ad700000,0x000000e5ad800000] [id=16900]

Threads with active compile tasks:
C2 CompilerThread0     1750 1202 % !   4       java.util.concurrent.ConcurrentHashMap::transfer @ 96 (849 bytes)
C1 CompilerThread0     1750 1228       3       sun.security.provider.ByteArrayAccess::b2iBig64 (231 bytes)

VM state: not at safepoint (normal execution)

VM Mutex/Monitor currently owned by a thread: None

Heap address: 0x0000000081e00000, size: 2018 MB, Compressed Oops mode: 32-bit

CDS archive(s) mapped at: [0x0000000800000000-0x0000000800c60000-0x0000000800c60000), size 12976128, SharedBaseAddress: 0x0000000800000000, ArchiveRelocationMode: 0.
Compressed class space mapped at: 0x0000000801000000-0x0000000841000000, reserved size: 1073741824
Narrow klass base: 0x0000000800000000, Narrow klass shift: 0, Narrow klass range: 0x100000000

GC Precious Log:
 CardTable entry size: 512
 Card Set container configuration: InlinePtr #cards 5 size 8 Array Of Cards #cards 12 size 40 Howl #buckets 4 coarsen threshold 1843 Howl Bitmap #cards 512 size 80 coarsen threshold 460 Card regions per heap region 1 cards per card region 2048
 CPUs: 4 total, 4 available
 Memory: 8067M
 Large Page Support: Disabled
 NUMA Support: Disabled
 Compressed Oops: Enabled (32-bit)
 Heap Region Size: 1M
 Heap Min Capacity: 8M
 Heap Initial Capacity: 128M
 Heap Max Capacity: 2018M
 Pre-touch: Disabled
 Parallel Workers: 4
 Concurrent Workers: 1
 Concurrent Refinement Workers: 4
 Periodic GC: Disabled

Heap:
 garbage-first heap   total 131072K, used 5432K [0x0000000081e00000, 0x0000000100000000)
  region size 1024K, 5 young (5120K), 2 survivors (2048K)
 Metaspace       used 13333K, committed 13504K, reserved 1114112K
  class space    used 1536K, committed 1600K, reserved 1048576K

Heap Regions: E=young(eden), S=young(survivor), O=old, HS=humongous(starts), HC=humongous(continues), CS=collection set, F=free, OA=open archive, CA=closed archive, TAMS=top-at-mark-start, PB=parsable bottom
|   0|0x0000000081e00000, 0x0000000081f00000, 0x0000000081f00000|100%| O|  |TAMS 0x0000000081e00000| PB 0x0000000081e00000| Untracked 
|   1|0x0000000081f00000, 0x0000000081f4e000, 0x0000000082000000| 30%| O|  |TAMS 0x0000000081f00000| PB 0x0000000081f00000| Untracked 
|   2|0x0000000082000000, 0x0000000082000000, 0x0000000082100000|  0%| F|  |TAMS 0x0000000082000000| PB 0x0000000082000000| Untracked 
|   3|0x0000000082100000, 0x0000000082100000, 0x0000000082200000|  0%| F|  |TAMS 0x0000000082100000| PB 0x0000000082100000| Untracked 
|   4|0x0000000082200000, 0x0000000082200000, 0x0000000082300000|  0%| F|  |TAMS 0x0000000082200000| PB 0x0000000082200000| Untracked 
|   5|0x0000000082300000, 0x0000000082300000, 0x0000000082400000|  0%| F|  |TAMS 0x0000000082300000| PB 0x0000000082300000| Untracked 
|   6|0x0000000082400000, 0x0000000082400000, 0x0000000082500000|  0%| F|  |TAMS 0x0000000082400000| PB 0x0000000082400000| Untracked 
|   7|0x0000000082500000, 0x0000000082500000, 0x0000000082600000|  0%| F|  |TAMS 0x0000000082500000| PB 0x0000000082500000| Untracked 
|   8|0x0000000082600000, 0x0000000082600000, 0x0000000082700000|  0%| F|  |TAMS 0x0000000082600000| PB 0x0000000082600000| Untracked 
|   9|0x0000000082700000, 0x0000000082700000, 0x0000000082800000|  0%| F|  |TAMS 0x0000000082700000| PB 0x0000000082700000| Untracked 
|  10|0x0000000082800000, 0x0000000082800000, 0x0000000082900000|  0%| F|  |TAMS 0x0000000082800000| PB 0x0000000082800000| Untracked 
|  11|0x0000000082900000, 0x0000000082900000, 0x0000000082a00000|  0%| F|  |TAMS 0x0000000082900000| PB 0x0000000082900000| Untracked 
|  12|0x0000000082a00000, 0x0000000082a00000, 0x0000000082b00000|  0%| F|  |TAMS 0x0000000082a00000| PB 0x0000000082a00000| Untracked 
|  13|0x0000000082b00000, 0x0000000082b00000, 0x0000000082c00000|  0%| F|  |TAMS 0x0000000082b00000| PB 0x0000000082b00000| Untracked 
|  14|0x0000000082c00000, 0x0000000082c00000, 0x0000000082d00000|  0%| F|  |TAMS 0x0000000082c00000| PB 0x0000000082c00000| Untracked 
|  15|0x0000000082d00000, 0x0000000082d00000, 0x0000000082e00000|  0%| F|  |TAMS 0x0000000082d00000| PB 0x0000000082d00000| Untracked 
|  16|0x0000000082e00000, 0x0000000082e00000, 0x0000000082f00000|  0%| F|  |TAMS 0x0000000082e00000| PB 0x0000000082e00000| Untracked 
|  17|0x0000000082f00000, 0x0000000082f00000, 0x0000000083000000|  0%| F|  |TAMS 0x0000000082f00000| PB 0x0000000082f00000| Untracked 
|  18|0x0000000083000000, 0x0000000083000000, 0x0000000083100000|  0%| F|  |TAMS 0x0000000083000000| PB 0x0000000083000000| Untracked 
|  19|0x0000000083100000, 0x0000000083100000, 0x0000000083200000|  0%| F|  |TAMS 0x0000000083100000| PB 0x0000000083100000| Untracked 
|  20|0x0000000083200000, 0x0000000083200000, 0x0000000083300000|  0%| F|  |TAMS 0x0000000083200000| PB 0x0000000083200000| Untracked 
|  21|0x0000000083300000, 0x0000000083300000, 0x0000000083400000|  0%| F|  |TAMS 0x0000000083300000| PB 0x0000000083300000| Untracked 
|  22|0x0000000083400000, 0x0000000083400000, 0x0000000083500000|  0%| F|  |TAMS 0x0000000083400000| PB 0x0000000083400000| Untracked 
|  23|0x0000000083500000, 0x0000000083500000, 0x0000000083600000|  0%| F|  |TAMS 0x0000000083500000| PB 0x0000000083500000| Untracked 
|  24|0x0000000083600000, 0x0000000083600000, 0x0000000083700000|  0%| F|  |TAMS 0x0000000083600000| PB 0x0000000083600000| Untracked 
|  25|0x0000000083700000, 0x0000000083700000, 0x0000000083800000|  0%| F|  |TAMS 0x0000000083700000| PB 0x0000000083700000| Untracked 
|  26|0x0000000083800000, 0x0000000083800000, 0x0000000083900000|  0%| F|  |TAMS 0x0000000083800000| PB 0x0000000083800000| Untracked 
|  27|0x0000000083900000, 0x0000000083900000, 0x0000000083a00000|  0%| F|  |TAMS 0x0000000083900000| PB 0x0000000083900000| Untracked 
|  28|0x0000000083a00000, 0x0000000083a00000, 0x0000000083b00000|  0%| F|  |TAMS 0x0000000083a00000| PB 0x0000000083a00000| Untracked 
|  29|0x0000000083b00000, 0x0000000083b00000, 0x0000000083c00000|  0%| F|  |TAMS 0x0000000083b00000| PB 0x0000000083b00000| Untracked 
|  30|0x0000000083c00000, 0x0000000083c00000, 0x0000000083d00000|  0%| F|  |TAMS 0x0000000083c00000| PB 0x0000000083c00000| Untracked 
|  31|0x0000000083d00000, 0x0000000083d00000, 0x0000000083e00000|  0%| F|  |TAMS 0x0000000083d00000| PB 0x0000000083d00000| Untracked 
|  32|0x0000000083e00000, 0x0000000083e00000, 0x0000000083f00000|  0%| F|  |TAMS 0x0000000083e00000| PB 0x0000000083e00000| Untracked 
|  33|0x0000000083f00000, 0x0000000083f00000, 0x0000000084000000|  0%| F|  |TAMS 0x0000000083f00000| PB 0x0000000083f00000| Untracked 
|  34|0x0000000084000000, 0x0000000084000000, 0x0000000084100000|  0%| F|  |TAMS 0x0000000084000000| PB 0x0000000084000000| Untracked 
|  35|0x0000000084100000, 0x0000000084100000, 0x0000000084200000|  0%| F|  |TAMS 0x0000000084100000| PB 0x0000000084100000| Untracked 
|  36|0x0000000084200000, 0x0000000084200000, 0x0000000084300000|  0%| F|  |TAMS 0x0000000084200000| PB 0x0000000084200000| Untracked 
|  37|0x0000000084300000, 0x0000000084300000, 0x0000000084400000|  0%| F|  |TAMS 0x0000000084300000| PB 0x0000000084300000| Untracked 
|  38|0x0000000084400000, 0x0000000084400000, 0x0000000084500000|  0%| F|  |TAMS 0x0000000084400000| PB 0x0000000084400000| Untracked 
|  39|0x0000000084500000, 0x0000000084500000, 0x0000000084600000|  0%| F|  |TAMS 0x0000000084500000| PB 0x0000000084500000| Untracked 
|  40|0x0000000084600000, 0x0000000084600000, 0x0000000084700000|  0%| F|  |TAMS 0x0000000084600000| PB 0x0000000084600000| Untracked 
|  41|0x0000000084700000, 0x0000000084700000, 0x0000000084800000|  0%| F|  |TAMS 0x0000000084700000| PB 0x0000000084700000| Untracked 
|  42|0x0000000084800000, 0x0000000084800000, 0x0000000084900000|  0%| F|  |TAMS 0x0000000084800000| PB 0x0000000084800000| Untracked 
|  43|0x0000000084900000, 0x0000000084900000, 0x0000000084a00000|  0%| F|  |TAMS 0x0000000084900000| PB 0x0000000084900000| Untracked 
|  44|0x0000000084a00000, 0x0000000084a00000, 0x0000000084b00000|  0%| F|  |TAMS 0x0000000084a00000| PB 0x0000000084a00000| Untracked 
|  45|0x0000000084b00000, 0x0000000084b00000, 0x0000000084c00000|  0%| F|  |TAMS 0x0000000084b00000| PB 0x0000000084b00000| Untracked 
|  46|0x0000000084c00000, 0x0000000084c00000, 0x0000000084d00000|  0%| F|  |TAMS 0x0000000084c00000| PB 0x0000000084c00000| Untracked 
|  47|0x0000000084d00000, 0x0000000084d00000, 0x0000000084e00000|  0%| F|  |TAMS 0x0000000084d00000| PB 0x0000000084d00000| Untracked 
|  48|0x0000000084e00000, 0x0000000084e00000, 0x0000000084f00000|  0%| F|  |TAMS 0x0000000084e00000| PB 0x0000000084e00000| Untracked 
|  49|0x0000000084f00000, 0x0000000084f00000, 0x0000000085000000|  0%| F|  |TAMS 0x0000000084f00000| PB 0x0000000084f00000| Untracked 
|  50|0x0000000085000000, 0x0000000085000000, 0x0000000085100000|  0%| F|  |TAMS 0x0000000085000000| PB 0x0000000085000000| Untracked 
|  51|0x0000000085100000, 0x0000000085100000, 0x0000000085200000|  0%| F|  |TAMS 0x0000000085100000| PB 0x0000000085100000| Untracked 
|  52|0x0000000085200000, 0x0000000085200000, 0x0000000085300000|  0%| F|  |TAMS 0x0000000085200000| PB 0x0000000085200000| Untracked 
|  53|0x0000000085300000, 0x0000000085300000, 0x0000000085400000|  0%| F|  |TAMS 0x0000000085300000| PB 0x0000000085300000| Untracked 
|  54|0x0000000085400000, 0x0000000085400000, 0x0000000085500000|  0%| F|  |TAMS 0x0000000085400000| PB 0x0000000085400000| Untracked 
|  55|0x0000000085500000, 0x0000000085500000, 0x0000000085600000|  0%| F|  |TAMS 0x0000000085500000| PB 0x0000000085500000| Untracked 
|  56|0x0000000085600000, 0x0000000085600000, 0x0000000085700000|  0%| F|  |TAMS 0x0000000085600000| PB 0x0000000085600000| Untracked 
|  57|0x0000000085700000, 0x0000000085700000, 0x0000000085800000|  0%| F|  |TAMS 0x0000000085700000| PB 0x0000000085700000| Untracked 
|  58|0x0000000085800000, 0x0000000085800000, 0x0000000085900000|  0%| F|  |TAMS 0x0000000085800000| PB 0x0000000085800000| Untracked 
|  59|0x0000000085900000, 0x0000000085900000, 0x0000000085a00000|  0%| F|  |TAMS 0x0000000085900000| PB 0x0000000085900000| Untracked 
|  60|0x0000000085a00000, 0x0000000085a00000, 0x0000000085b00000|  0%| F|  |TAMS 0x0000000085a00000| PB 0x0000000085a00000| Untracked 
|  61|0x0000000085b00000, 0x0000000085b00000, 0x0000000085c00000|  0%| F|  |TAMS 0x0000000085b00000| PB 0x0000000085b00000| Untracked 
|  62|0x0000000085c00000, 0x0000000085c00000, 0x0000000085d00000|  0%| F|  |TAMS 0x0000000085c00000| PB 0x0000000085c00000| Untracked 
|  63|0x0000000085d00000, 0x0000000085d00000, 0x0000000085e00000|  0%| F|  |TAMS 0x0000000085d00000| PB 0x0000000085d00000| Untracked 
|  64|0x0000000085e00000, 0x0000000085e00000, 0x0000000085f00000|  0%| F|  |TAMS 0x0000000085e00000| PB 0x0000000085e00000| Untracked 
|  65|0x0000000085f00000, 0x0000000085f00000, 0x0000000086000000|  0%| F|  |TAMS 0x0000000085f00000| PB 0x0000000085f00000| Untracked 
|  66|0x0000000086000000, 0x0000000086000000, 0x0000000086100000|  0%| F|  |TAMS 0x0000000086000000| PB 0x0000000086000000| Untracked 
|  67|0x0000000086100000, 0x0000000086100000, 0x0000000086200000|  0%| F|  |TAMS 0x0000000086100000| PB 0x0000000086100000| Untracked 
|  68|0x0000000086200000, 0x0000000086200000, 0x0000000086300000|  0%| F|  |TAMS 0x0000000086200000| PB 0x0000000086200000| Untracked 
|  69|0x0000000086300000, 0x0000000086300000, 0x0000000086400000|  0%| F|  |TAMS 0x0000000086300000| PB 0x0000000086300000| Untracked 
|  70|0x0000000086400000, 0x0000000086400000, 0x0000000086500000|  0%| F|  |TAMS 0x0000000086400000| PB 0x0000000086400000| Untracked 
|  71|0x0000000086500000, 0x0000000086500000, 0x0000000086600000|  0%| F|  |TAMS 0x0000000086500000| PB 0x0000000086500000| Untracked 
|  72|0x0000000086600000, 0x0000000086600000, 0x0000000086700000|  0%| F|  |TAMS 0x0000000086600000| PB 0x0000000086600000| Untracked 
|  73|0x0000000086700000, 0x0000000086700000, 0x0000000086800000|  0%| F|  |TAMS 0x0000000086700000| PB 0x0000000086700000| Untracked 
|  74|0x0000000086800000, 0x0000000086800000, 0x0000000086900000|  0%| F|  |TAMS 0x0000000086800000| PB 0x0000000086800000| Untracked 
|  75|0x0000000086900000, 0x0000000086900000, 0x0000000086a00000|  0%| F|  |TAMS 0x0000000086900000| PB 0x0000000086900000| Untracked 
|  76|0x0000000086a00000, 0x0000000086a00000, 0x0000000086b00000|  0%| F|  |TAMS 0x0000000086a00000| PB 0x0000000086a00000| Untracked 
|  77|0x0000000086b00000, 0x0000000086b00000, 0x0000000086c00000|  0%| F|  |TAMS 0x0000000086b00000| PB 0x0000000086b00000| Untracked 
|  78|0x0000000086c00000, 0x0000000086c00000, 0x0000000086d00000|  0%| F|  |TAMS 0x0000000086c00000| PB 0x0000000086c00000| Untracked 
|  79|0x0000000086d00000, 0x0000000086d00000, 0x0000000086e00000|  0%| F|  |TAMS 0x0000000086d00000| PB 0x0000000086d00000| Untracked 
|  80|0x0000000086e00000, 0x0000000086e00000, 0x0000000086f00000|  0%| F|  |TAMS 0x0000000086e00000| PB 0x0000000086e00000| Untracked 
|  81|0x0000000086f00000, 0x0000000086f00000, 0x0000000087000000|  0%| F|  |TAMS 0x0000000086f00000| PB 0x0000000086f00000| Untracked 
|  82|0x0000000087000000, 0x0000000087000000, 0x0000000087100000|  0%| F|  |TAMS 0x0000000087000000| PB 0x0000000087000000| Untracked 
|  83|0x0000000087100000, 0x0000000087100000, 0x0000000087200000|  0%| F|  |TAMS 0x0000000087100000| PB 0x0000000087100000| Untracked 
|  84|0x0000000087200000, 0x0000000087200000, 0x0000000087300000|  0%| F|  |TAMS 0x0000000087200000| PB 0x0000000087200000| Untracked 
|  85|0x0000000087300000, 0x0000000087300000, 0x0000000087400000|  0%| F|  |TAMS 0x0000000087300000| PB 0x0000000087300000| Untracked 
|  86|0x0000000087400000, 0x0000000087400000, 0x0000000087500000|  0%| F|  |TAMS 0x0000000087400000| PB 0x0000000087400000| Untracked 
|  87|0x0000000087500000, 0x0000000087500000, 0x0000000087600000|  0%| F|  |TAMS 0x0000000087500000| PB 0x0000000087500000| Untracked 
|  88|0x0000000087600000, 0x0000000087600000, 0x0000000087700000|  0%| F|  |TAMS 0x0000000087600000| PB 0x0000000087600000| Untracked 
|  89|0x0000000087700000, 0x0000000087700000, 0x0000000087800000|  0%| F|  |TAMS 0x0000000087700000| PB 0x0000000087700000| Untracked 
|  90|0x0000000087800000, 0x0000000087800000, 0x0000000087900000|  0%| F|  |TAMS 0x0000000087800000| PB 0x0000000087800000| Untracked 
|  91|0x0000000087900000, 0x0000000087900000, 0x0000000087a00000|  0%| F|  |TAMS 0x0000000087900000| PB 0x0000000087900000| Untracked 
|  92|0x0000000087a00000, 0x0000000087a00000, 0x0000000087b00000|  0%| F|  |TAMS 0x0000000087a00000| PB 0x0000000087a00000| Untracked 
|  93|0x0000000087b00000, 0x0000000087b00000, 0x0000000087c00000|  0%| F|  |TAMS 0x0000000087b00000| PB 0x0000000087b00000| Untracked 
|  94|0x0000000087c00000, 0x0000000087c00000, 0x0000000087d00000|  0%| F|  |TAMS 0x0000000087c00000| PB 0x0000000087c00000| Untracked 
|  95|0x0000000087d00000, 0x0000000087d00000, 0x0000000087e00000|  0%| F|  |TAMS 0x0000000087d00000| PB 0x0000000087d00000| Untracked 
|  96|0x0000000087e00000, 0x0000000087e00000, 0x0000000087f00000|  0%| F|  |TAMS 0x0000000087e00000| PB 0x0000000087e00000| Untracked 
|  97|0x0000000087f00000, 0x0000000087f00000, 0x0000000088000000|  0%| F|  |TAMS 0x0000000087f00000| PB 0x0000000087f00000| Untracked 
|  98|0x0000000088000000, 0x0000000088000000, 0x0000000088100000|  0%| F|  |TAMS 0x0000000088000000| PB 0x0000000088000000| Untracked 
|  99|0x0000000088100000, 0x0000000088100000, 0x0000000088200000|  0%| F|  |TAMS 0x0000000088100000| PB 0x0000000088100000| Untracked 
| 100|0x0000000088200000, 0x0000000088200000, 0x0000000088300000|  0%| F|  |TAMS 0x0000000088200000| PB 0x0000000088200000| Untracked 
| 101|0x0000000088300000, 0x0000000088300000, 0x0000000088400000|  0%| F|  |TAMS 0x0000000088300000| PB 0x0000000088300000| Untracked 
| 102|0x0000000088400000, 0x0000000088400000, 0x0000000088500000|  0%| F|  |TAMS 0x0000000088400000| PB 0x0000000088400000| Untracked 
| 103|0x0000000088500000, 0x0000000088500000, 0x0000000088600000|  0%| F|  |TAMS 0x0000000088500000| PB 0x0000000088500000| Untracked 
| 104|0x0000000088600000, 0x0000000088600000, 0x0000000088700000|  0%| F|  |TAMS 0x0000000088600000| PB 0x0000000088600000| Untracked 
| 105|0x0000000088700000, 0x0000000088700000, 0x0000000088800000|  0%| F|  |TAMS 0x0000000088700000| PB 0x0000000088700000| Untracked 
| 106|0x0000000088800000, 0x0000000088800000, 0x0000000088900000|  0%| F|  |TAMS 0x0000000088800000| PB 0x0000000088800000| Untracked 
| 107|0x0000000088900000, 0x0000000088900000, 0x0000000088a00000|  0%| F|  |TAMS 0x0000000088900000| PB 0x0000000088900000| Untracked 
| 108|0x0000000088a00000, 0x0000000088a00000, 0x0000000088b00000|  0%| F|  |TAMS 0x0000000088a00000| PB 0x0000000088a00000| Untracked 
| 109|0x0000000088b00000, 0x0000000088b00000, 0x0000000088c00000|  0%| F|  |TAMS 0x0000000088b00000| PB 0x0000000088b00000| Untracked 
| 110|0x0000000088c00000, 0x0000000088c00000, 0x0000000088d00000|  0%| F|  |TAMS 0x0000000088c00000| PB 0x0000000088c00000| Untracked 
| 111|0x0000000088d00000, 0x0000000088d00000, 0x0000000088e00000|  0%| F|  |TAMS 0x0000000088d00000| PB 0x0000000088d00000| Untracked 
| 112|0x0000000088e00000, 0x0000000088e00000, 0x0000000088f00000|  0%| F|  |TAMS 0x0000000088e00000| PB 0x0000000088e00000| Untracked 
| 113|0x0000000088f00000, 0x0000000089000000, 0x0000000089000000|100%| S|CS|TAMS 0x0000000088f00000| PB 0x0000000088f00000| Complete 
| 114|0x0000000089000000, 0x0000000089100000, 0x0000000089100000|100%| S|CS|TAMS 0x0000000089000000| PB 0x0000000089000000| Complete 
| 115|0x0000000089100000, 0x0000000089100000, 0x0000000089200000|  0%| F|  |TAMS 0x0000000089100000| PB 0x0000000089100000| Untracked 
| 116|0x0000000089200000, 0x0000000089200000, 0x0000000089300000|  0%| F|  |TAMS 0x0000000089200000| PB 0x0000000089200000| Untracked 
| 117|0x0000000089300000, 0x0000000089300000, 0x0000000089400000|  0%| F|  |TAMS 0x0000000089300000| PB 0x0000000089300000| Untracked 
| 118|0x0000000089400000, 0x0000000089400000, 0x0000000089500000|  0%| F|  |TAMS 0x0000000089400000| PB 0x0000000089400000| Untracked 
| 119|0x0000000089500000, 0x0000000089500000, 0x0000000089600000|  0%| F|  |TAMS 0x0000000089500000| PB 0x0000000089500000| Untracked 
| 120|0x0000000089600000, 0x0000000089600000, 0x0000000089700000|  0%| F|  |TAMS 0x0000000089600000| PB 0x0000000089600000| Untracked 
| 121|0x0000000089700000, 0x0000000089700000, 0x0000000089800000|  0%| F|  |TAMS 0x0000000089700000| PB 0x0000000089700000| Untracked 
| 122|0x0000000089800000, 0x0000000089800000, 0x0000000089900000|  0%| F|  |TAMS 0x0000000089800000| PB 0x0000000089800000| Untracked 
| 123|0x0000000089900000, 0x0000000089900000, 0x0000000089a00000|  0%| F|  |TAMS 0x0000000089900000| PB 0x0000000089900000| Untracked 
| 124|0x0000000089a00000, 0x0000000089a00000, 0x0000000089b00000|  0%| F|  |TAMS 0x0000000089a00000| PB 0x0000000089a00000| Untracked 
| 125|0x0000000089b00000, 0x0000000089b9bf08, 0x0000000089c00000| 60%| E|  |TAMS 0x0000000089b00000| PB 0x0000000089b00000| Complete 
| 126|0x0000000089c00000, 0x0000000089d00000, 0x0000000089d00000|100%| E|CS|TAMS 0x0000000089c00000| PB 0x0000000089c00000| Complete 
| 127|0x0000000089d00000, 0x0000000089e00000, 0x0000000089e00000|100%| E|CS|TAMS 0x0000000089d00000| PB 0x0000000089d00000| Complete 

Card table byte_map: [0x000002c29c480000,0x000002c29c880000] _byte_map_base: 0x000002c29c071000

Marking Bits: (CMBitMap*) 0x000002c28321a090
 Bits: [0x000002c29cc80000, 0x000002c29ec08000)

Polling page: 0x000002c282fb0000

Metaspace:

Usage:
  Non-class:     11.52 MB used.
      Class:      1.50 MB used.
       Both:     13.02 MB used.

Virtual space:
  Non-class space:       64.00 MB reserved,      11.62 MB ( 18%) committed,  1 nodes.
      Class space:        1.00 GB reserved,       1.56 MB ( <1%) committed,  1 nodes.
             Both:        1.06 GB reserved,      13.19 MB (  1%) committed. 

Chunk freelists:
   Non-Class:  400.00 KB
       Class:  2.25 MB
        Both:  2.64 MB

MaxMetaspaceSize: unlimited
CompressedClassSpaceSize: 1.00 GB
Initial GC threshold: 21.00 MB
Current GC threshold: 21.00 MB
CDS: on
MetaspaceReclaimPolicy: balanced
 - commit_granule_bytes: 65536.
 - commit_granule_words: 8192.
 - virtual_space_node_default_size: 8388608.
 - enlarge_chunks_in_place: 1.
 - new_chunks_are_fully_committed: 0.
 - uncommit_free_chunks: 1.
 - use_allocation_guard: 0.


Internal statistics:

num_allocs_failed_limit: 0.
num_arena_births: 154.
num_arena_deaths: 0.
num_vsnodes_births: 2.
num_vsnodes_deaths: 0.
num_space_committed: 211.
num_space_uncommitted: 0.
num_chunks_returned_to_freelist: 0.
num_chunks_taken_from_freelist: 294.
num_chunk_merges: 0.
num_chunk_splits: 185.
num_chunks_enlarged: 112.
num_inconsistent_stats: 0.

CodeHeap 'non-profiled nmethods': size=120000Kb used=404Kb max_used=404Kb free=119595Kb
 bounds [0x000002c294530000, 0x000002c2947a0000, 0x000002c29ba60000]
CodeHeap 'profiled nmethods': size=120000Kb used=1910Kb max_used=1910Kb free=118089Kb
 bounds [0x000002c28ca60000, 0x000002c28ccd0000, 0x000002c293f90000]
CodeHeap 'non-nmethods': size=5760Kb used=1604Kb max_used=1618Kb free=4155Kb
 bounds [0x000002c293f90000, 0x000002c294200000, 0x000002c294530000]
 total_blobs=1839 nmethods=1226 adapters=524
 compilation: enabled
              stopped_count=0, restarted_count=0
 full_count=0

Compilation events (20 events):
Event: 1.688 Thread 0x000002c2a124c530 nmethod 1218 0x000002c28cc3a310 code [0x000002c28cc3a4e0, 0x000002c28cc3a908]
Event: 1.688 Thread 0x000002c2a124c530 1219       3       java.util.ArrayList$ArrayListSpliterator::getFence (35 bytes)
Event: 1.688 Thread 0x000002c2a124c530 nmethod 1219 0x000002c28cc3ab10 code [0x000002c28cc3aca0, 0x000002c28cc3ae00]
Event: 1.688 Thread 0x000002c2a124c530 1220       3       java.util.ArrayList$ArrayListSpliterator::tryAdvance (79 bytes)
Event: 1.689 Thread 0x000002c2a124c530 nmethod 1220 0x000002c28cc3ae90 code [0x000002c28cc3b080, 0x000002c28cc3b588]
Event: 1.689 Thread 0x000002c2a124c530 1221       3       java.lang.String::contains (19 bytes)
Event: 1.689 Thread 0x000002c2a124c530 nmethod 1221 0x000002c28cc3b790 code [0x000002c28cc3b940, 0x000002c28cc3bba8]
Event: 1.689 Thread 0x000002c2a124c530 1222       3       java.util.stream.AbstractPipeline::isParallel (8 bytes)
Event: 1.689 Thread 0x000002c2a124c530 nmethod 1222 0x000002c28cc3bc90 code [0x000002c28cc3be20, 0x000002c28cc3bf38]
Event: 1.690 Thread 0x000002c2a124c530 1223       3       java.util.EnumSet::of (16 bytes)
Event: 1.691 Thread 0x000002c2a124c530 nmethod 1223 0x000002c28cc3c010 code [0x000002c28cc3c1e0, 0x000002c28cc3c4d8]
Event: 1.691 Thread 0x000002c2a124c530 1224       3       sun.security.ssl.SSLAlgorithmConstraints::permits (96 bytes)
Event: 1.692 Thread 0x000002c2a124c530 nmethod 1224 0x000002c28cc3c690 code [0x000002c28cc3c860, 0x000002c28cc3cd58]
Event: 1.692 Thread 0x000002c2a124c530 1225       3       sun.security.ssl.CipherSuite::isAvailable (52 bytes)
Event: 1.693 Thread 0x000002c2a124c530 nmethod 1225 0x000002c28cc3ce90 code [0x000002c28cc3d040, 0x000002c28cc3d3c8]
Event: 1.693 Thread 0x000002c2a124c530 1226       3       java.lang.Byte::<init> (10 bytes)
Event: 1.694 Thread 0x000002c2a124c530 nmethod 1226 0x000002c28cc3d510 code [0x000002c28cc3d6a0, 0x000002c28cc3d870]
Event: 1.703 Thread 0x000002c2a5ee4ff0 1227       4       java.lang.AbstractStringBuilder::<init> (39 bytes)
Event: 1.707 Thread 0x000002c2a5ee4ff0 nmethod 1227 0x000002c294594e10 code [0x000002c294594f80, 0x000002c2945951d0]
Event: 1.708 Thread 0x000002c2a124c530 1228       3       sun.security.provider.ByteArrayAccess::b2iBig64 (231 bytes)

GC Heap History (2 events):
Event: 1.385 GC heap before
{Heap before GC invocations=0 (full 0):
 garbage-first heap   total 131072K, used 12288K [0x0000000081e00000, 0x0000000100000000)
  region size 1024K, 13 young (13312K), 0 survivors (0K)
 Metaspace       used 10103K, committed 10368K, reserved 1114112K
  class space    used 1174K, committed 1280K, reserved 1048576K
}
Event: 1.395 GC heap after
{Heap after GC invocations=1 (full 0):
 garbage-first heap   total 131072K, used 3384K [0x0000000081e00000, 0x0000000100000000)
  region size 1024K, 2 young (2048K), 2 survivors (2048K)
 Metaspace       used 10103K, committed 10368K, reserved 1114112K
  class space    used 1174K, committed 1280K, reserved 1048576K
}

Dll operation events (9 events):
Event: 0.014 Loaded shared library C:\Program Files\Java\jdk-20\bin\java.dll
Event: 0.030 Loaded shared library C:\Program Files\Java\jdk-20\bin\jsvml.dll
Event: 0.131 Loaded shared library C:\Program Files\Java\jdk-20\bin\net.dll
Event: 0.135 Loaded shared library C:\Program Files\Java\jdk-20\bin\nio.dll
Event: 0.187 Loaded shared library C:\Program Files\Java\jdk-20\bin\zip.dll
Event: 0.213 Loaded shared library C:\Program Files\Java\jdk-20\bin\jimage.dll
Event: 0.247 Loaded shared library C:\Program Files\Java\jdk-20\bin\awt.dll
Event: 1.144 Loaded shared library C:\Program Files\Java\jdk-20\bin\extnet.dll
Event: 1.345 Loaded shared library C:\Program Files\Java\jdk-20\bin\sunmscapi.dll

Deoptimization events (20 events):
Event: 1.368 Thread 0x000002c2830bd800 Uncommon trap: trap_request=0xffffffde fr.pc=0x000002c29457d56c relative=0x0000000000000a6c
Event: 1.368 Thread 0x000002c2830bd800 Uncommon trap: reason=class_check action=maybe_recompile pc=0x000002c29457d56c method=java.util.HashMap.putVal(ILjava/lang/Object;Ljava/lang/Object;ZZ)Ljava/lang/Object; @ 203 c2
Event: 1.368 Thread 0x000002c2830bd800 DEOPT PACKING pc=0x000002c29457d56c sp=0x000000e5ad2fcec0
Event: 1.368 Thread 0x000002c2830bd800 DEOPT UNPACKING pc=0x000002c293ff9d22 sp=0x000000e5ad2fcdf8 mode 2
Event: 1.372 Thread 0x000002c2830bd800 Uncommon trap: trap_request=0xffffffde fr.pc=0x000002c29457d56c relative=0x0000000000000a6c
Event: 1.372 Thread 0x000002c2830bd800 Uncommon trap: reason=class_check action=maybe_recompile pc=0x000002c29457d56c method=java.util.HashMap.putVal(ILjava/lang/Object;Ljava/lang/Object;ZZ)Ljava/lang/Object; @ 203 c2
Event: 1.372 Thread 0x000002c2830bd800 DEOPT PACKING pc=0x000002c29457d56c sp=0x000000e5ad2fcec0
Event: 1.372 Thread 0x000002c2830bd800 DEOPT UNPACKING pc=0x000002c293ff9d22 sp=0x000000e5ad2fcdf8 mode 2
Event: 1.395 Thread 0x000002c2a123d530 Uncommon trap: trap_request=0xffffff45 fr.pc=0x000002c294577340 relative=0x0000000000000040
Event: 1.395 Thread 0x000002c2a123d530 Uncommon trap: reason=unstable_if action=reinterpret pc=0x000002c294577340 method=java.util.concurrent.locks.AbstractQueuedSynchronizer.signalNext(Ljava/util/concurrent/locks/AbstractQueuedSynchronizer$Node;)V @ 1 c2
Event: 1.395 Thread 0x000002c2a123d530 DEOPT PACKING pc=0x000002c294577340 sp=0x000000e5ad9ff560
Event: 1.395 Thread 0x000002c2a123d530 DEOPT UNPACKING pc=0x000002c293ff9d22 sp=0x000000e5ad9ff4f0 mode 2
Event: 1.396 Thread 0x000002c2a123d530 Uncommon trap: trap_request=0xffffff45 fr.pc=0x000002c294577744 relative=0x0000000000000144
Event: 1.396 Thread 0x000002c2a123d530 Uncommon trap: reason=unstable_if action=reinterpret pc=0x000002c294577744 method=java.util.concurrent.locks.ReentrantLock$NonfairSync.initialTryLock()Z @ 10 c2
Event: 1.396 Thread 0x000002c2a123d530 DEOPT PACKING pc=0x000002c294577744 sp=0x000000e5ad9ff540
Event: 1.396 Thread 0x000002c2a123d530 DEOPT UNPACKING pc=0x000002c293ff9d22 sp=0x000000e5ad9ff4e8 mode 2
Event: 1.652 Thread 0x000002c2830bd800 Uncommon trap: trap_request=0xffffff45 fr.pc=0x000002c29458ce8c relative=0x000000000000026c
Event: 1.652 Thread 0x000002c2830bd800 Uncommon trap: reason=unstable_if action=reinterpret pc=0x000002c29458ce8c method=java.util.HashMap.putVal(ILjava/lang/Object;Ljava/lang/Object;ZZ)Ljava/lang/Object; @ 162 c2
Event: 1.652 Thread 0x000002c2830bd800 DEOPT PACKING pc=0x000002c29458ce8c sp=0x000000e5ad2fc0e0
Event: 1.652 Thread 0x000002c2830bd800 DEOPT UNPACKING pc=0x000002c293ff9d22 sp=0x000000e5ad2fc018 mode 2

Classes loaded (20 events):
Event: 1.713 Loading class sun/security/ssl/CookieExtension$HRRCookieReproducer
Event: 1.713 Loading class sun/security/ssl/CookieExtension$HRRCookieReproducer done
Event: 1.713 Loading class sun/security/ssl/CookieExtension$CookieStringizer
Event: 1.713 Loading class sun/security/ssl/CookieExtension$CookieStringizer done
Event: 1.713 Loading class sun/security/ssl/PskKeyExchangeModesExtension
Event: 1.713 Loading class sun/security/ssl/PskKeyExchangeModesExtension done
Event: 1.713 Loading class sun/security/ssl/PskKeyExchangeModesExtension$PskKeyExchangeModesProducer
Event: 1.713 Loading class sun/security/ssl/PskKeyExchangeModesExtension$PskKeyExchangeModesProducer done
Event: 1.714 Loading class sun/security/ssl/PskKeyExchangeModesExtension$PskKeyExchangeModesConsumer
Event: 1.714 Loading class sun/security/ssl/PskKeyExchangeModesExtension$PskKeyExchangeModesConsumer done
Event: 1.714 Loading class sun/security/ssl/PskKeyExchangeModesExtension$PskKeyExchangeModesOnLoadAbsence
Event: 1.714 Loading class sun/security/ssl/PskKeyExchangeModesExtension$PskKeyExchangeModesOnLoadAbsence done
Event: 1.714 Loading class sun/security/ssl/PskKeyExchangeModesExtension$PskKeyExchangeModesOnTradeAbsence
Event: 1.714 Loading class sun/security/ssl/PskKeyExchangeModesExtension$PskKeyExchangeModesOnTradeAbsence done
Event: 1.714 Loading class sun/security/ssl/PskKeyExchangeModesExtension$PskKeyExchangeModesStringizer
Event: 1.714 Loading class sun/security/ssl/PskKeyExchangeModesExtension$PskKeyExchangeModesStringizer done
Event: 1.714 Loading class sun/security/ssl/CertificateAuthoritiesExtension
Event: 1.714 Loading class sun/security/ssl/CertificateAuthoritiesExtension done
Event: 1.714 Loading class sun/security/ssl/CertificateAuthoritiesExtension$CHCertificateAuthoritiesProducer
Event: 1.715 Loading class sun/security/ssl/CertificateAuthoritiesExtension$CHCertificateAuthoritiesProducer done

Classes unloaded (0 events):
No events

Classes redefined (0 events):
No events

Internal exceptions (20 events):
Event: 0.141 Thread 0x000002c2830bd800 Exception <a 'sun/nio/fs/WindowsException'{0x0000000089c42168}> (0x0000000089c42168) 
thrown [s\open\src\hotspot\share\prims\jni.cpp, line 519]
Event: 0.141 Thread 0x000002c2830bd800 Exception <a 'sun/nio/fs/WindowsException'{0x0000000089c42c70}> (0x0000000089c42c70) 
thrown [s\open\src\hotspot\share\prims\jni.cpp, line 519]
Event: 0.142 Thread 0x000002c2830bd800 Exception <a 'sun/nio/fs/WindowsException'{0x0000000089c86438}> (0x0000000089c86438) 
thrown [s\open\src\hotspot\share\prims\jni.cpp, line 519]
Event: 0.228 Thread 0x000002c2830bd800 Exception <a 'java/lang/ClassNotFoundException'{0x0000000089b4bda0}: sun/awt/resources/spi/awtProvider> (0x0000000089b4bda0) 
thrown [s\open\src\hotspot\share\classfile\systemDictionary.cpp, line 305]
Event: 0.272 Thread 0x000002c2830bd800 Exception <a 'java/io/FileNotFoundException'{0x0000000089ba2700}> (0x0000000089ba2700) 
thrown [s\open\src\hotspot\share\prims\jni.cpp, line 519]
Event: 0.294 Thread 0x000002c2830bd800 Exception <a 'java/io/FileNotFoundException'{0x0000000089bcc950}> (0x0000000089bcc950) 
thrown [s\open\src\hotspot\share\prims\jni.cpp, line 519]
Event: 0.509 Thread 0x000002c2830bd800 Exception <a 'java/lang/NoSuchMethodError'{0x0000000089ae6e78}: 'void java.lang.invoke.DirectMethodHandle$Holder.invokeSpecial(java.lang.Object, java.lang.Object, java.lang.Object)'> (0x0000000089ae6e78) 
thrown [s\open\src\hotspot\share\interpreter\linkResolver.cpp, line 773]
Event: 0.534 Thread 0x000002c2830bd800 Exception <a 'java/lang/NoSuchMethodError'{0x0000000089911c90}: 'java.lang.Object java.lang.invoke.DirectMethodHandle$Holder.newInvokeSpecial(java.lang.Object, java.lang.Object, java.lang.Object, java.lang.Object, java.lang.Object)'> (0x0000000089911c90) 
thrown [s\open\src\hotspot\share\interpreter\linkResolver.cpp, line 773]
Event: 0.553 Thread 0x000002c2830bd800 Exception <a 'java/lang/NoSuchMethodError'{0x0000000089942538}: 'java.lang.Object java.lang.invoke.DirectMethodHandle$Holder.invokeStatic(java.lang.Object, int, java.lang.Object)'> (0x0000000089942538) 
thrown [s\open\src\hotspot\share\interpreter\linkResolver.cpp, line 773]
Event: 0.629 Thread 0x000002c2830bd800 Exception <a 'java/lang/ClassNotFoundException'{0x00000000898356e8}: com/sun/swing/internal/plaf/metal/resources/spi/metalProvider> (0x00000000898356e8) 
thrown [s\open\src\hotspot\share\classfile\systemDictionary.cpp, line 305]
Event: 0.631 Thread 0x000002c2830bd800 Exception <a 'java/lang/ClassNotFoundException'{0x0000000089839698}: com/sun/swing/internal/plaf/basic/resources/spi/basicProvider> (0x0000000089839698) 
thrown [s\open\src\hotspot\share\classfile\systemDictionary.cpp, line 305]
Event: 0.652 Thread 0x000002c2830bd800 Exception <a 'java/lang/NoSuchMethodError'{0x0000000089858ad8}: 'int java.lang.invoke.Invokers$Holder.invokeExact_MT(java.lang.Object, java.lang.Object)'> (0x0000000089858ad8) 
thrown [s\open\src\hotspot\share\interpreter\linkResolver.cpp, line 773]
Event: 0.914 Thread 0x000002c2830bd800 Exception <a 'java/lang/NoSuchMethodError'{0x00000000897fae80}: 'java.lang.Object java.lang.invoke.DirectMethodHandle$Holder.invokeInterface(java.lang.Object, java.lang.Object)'> (0x00000000897fae80) 
thrown [s\open\src\hotspot\share\interpreter\linkResolver.cpp, line 773]
Event: 0.974 Thread 0x000002c2830bd800 Exception <a 'java/lang/NoSuchMethodError'{0x0000000089677dd0}: 'void java.lang.invoke.DirectMethodHandle$Holder.invokeStatic(java.lang.Object, java.lang.Object, java.lang.Object)'> (0x0000000089677dd0) 
thrown [s\open\src\hotspot\share\interpreter\linkResolver.cpp, line 773]
Event: 0.978 Thread 0x000002c2830bd800 Exception <a 'java/lang/NoSuchMethodError'{0x00000000896818e0}: 'java.lang.Object java.lang.invoke.DirectMethodHandle$Holder.invokeVirtual(java.lang.Object, java.lang.Object, java.lang.Object)'> (0x00000000896818e0) 
thrown [s\open\src\hotspot\share\interpreter\linkResolver.cpp, line 773]
Event: 1.146 Thread 0x000002c2830bd800 Exception <a 'java/lang/NoSuchMethodError'{0x0000000089377408}: 'void java.lang.invoke.DirectMethodHandle$Holder.invokeStatic(java.lang.Object, java.lang.Object)'> (0x0000000089377408) 
thrown [s\open\src\hotspot\share\interpreter\linkResolver.cpp, line 773]
Event: 1.295 Thread 0x000002c2830bd800 Exception <a 'java/lang/NoSuchMethodError'{0x0000000089136950}: 'void java.lang.invoke.DirectMethodHandle$Holder.invokeStaticInit(java.lang.Object, java.lang.Object)'> (0x0000000089136950) 
thrown [s\open\src\hotspot\share\interpreter\linkResolver.cpp, line 773]
Event: 1.447 Thread 0x000002c2830bd800 Exception <a 'sun/nio/fs/WindowsException'{0x0000000089db92b8}> (0x0000000089db92b8) 
thrown [s\open\src\hotspot\share\prims\jni.cpp, line 519]
Event: 1.533 Thread 0x000002c2830bd800 Exception <a 'java/lang/NoSuchMethodError'{0x0000000089c88e20}: 'java.lang.Object java.lang.invoke.DirectMethodHandle$Holder.invokeStaticInit(java.lang.Object, int, int, int, int)'> (0x0000000089c88e20) 
thrown [s\open\src\hotspot\share\interpreter\linkResolver.cpp, line 773]
Event: 1.614 Thread 0x000002c2830bd800 Exception <a 'java/lang/NoSuchMethodError'{0x0000000089b043a8}: 'java.lang.Object java.lang.invoke.DirectMethodHandle$Holder.invokeStaticInit(java.lang.Object, java.lang.Object, int, int, int, int)'> (0x0000000089b043a8) 
thrown [s\open\src\hotspot\share\interpreter\linkResolver.cpp, line 773]

VM Operations (14 events):
Event: 0.144 Executing VM operation: HandshakeAllThreads
Event: 0.144 Executing VM operation: HandshakeAllThreads done
Event: 0.317 Executing VM operation: HandshakeAllThreads
Event: 0.317 Executing VM operation: HandshakeAllThreads done
Event: 0.665 Executing VM operation: HandshakeAllThreads
Event: 0.665 Executing VM operation: HandshakeAllThreads done
Event: 0.888 Executing VM operation: HandshakeAllThreads
Event: 0.888 Executing VM operation: HandshakeAllThreads done
Event: 1.120 Executing VM operation: HandshakeAllThreads
Event: 1.120 Executing VM operation: HandshakeAllThreads done
Event: 1.120 Executing VM operation: Cleanup
Event: 1.120 Executing VM operation: Cleanup done
Event: 1.385 Executing VM operation: G1CollectForAllocation
Event: 1.395 Executing VM operation: G1CollectForAllocation done

Events (17 events):
Event: 0.031 Thread 0x000002c2830bd800 Thread added: 0x000002c2830bd800
Event: 0.057 Thread 0x000002c2a123d530 Thread added: 0x000002c2a123d530
Event: 0.058 Thread 0x000002c2a123e130 Thread added: 0x000002c2a123e130
Event: 0.058 Thread 0x000002c2a1241fe0 Thread added: 0x000002c2a1241fe0
Event: 0.059 Thread 0x000002c2a1243930 Thread added: 0x000002c2a1243930
Event: 0.059 Thread 0x000002c2a1244a10 Thread added: 0x000002c2a1244a10
Event: 0.059 Thread 0x000002c2a1246b00 Thread added: 0x000002c2a1246b00
Event: 0.059 Thread 0x000002c2a124b410 Thread added: 0x000002c2a124b410
Event: 0.059 Thread 0x000002c2a124c530 Thread added: 0x000002c2a124c530
Event: 0.108 Thread 0x000002c2a5471db0 Thread added: 0x000002c2a5471db0
Event: 0.173 Thread 0x000002c2a5542650 Thread added: 0x000002c2a5542650
Event: 0.413 Thread 0x000002c2a5727ef0 Thread added: 0x000002c2a5727ef0
Event: 0.420 Thread 0x000002c2a5728440 Thread added: 0x000002c2a5728440
Event: 0.424 Thread 0x000002c2a5728e60 Thread added: 0x000002c2a5728e60
Event: 0.762 Thread 0x000002c2a57fe370 Thread added: 0x000002c2a57fe370
Event: 0.864 Thread 0x000002c2a57c12a0 Thread added: 0x000002c2a57c12a0
Event: 1.038 Thread 0x000002c2a5ee4ff0 Thread added: 0x000002c2a5ee4ff0


Dynamic libraries:
0x00007ff79cc30000 - 0x00007ff79cc40000 	C:\Program Files\Java\jdk-20\bin\java.exe
0x00007ffb2ba30000 - 0x00007ffb2bc28000 	C:\Windows\SYSTEM32\ntdll.dll
0x00007ffb2a4d0000 - 0x00007ffb2a58f000 	C:\Windows\System32\KERNEL32.DLL
0x00007ffb297b0000 - 0x00007ffb29a8a000 	C:\Windows\System32\KERNELBASE.dll
0x00007ffb292f0000 - 0x00007ffb293f0000 	C:\Windows\System32\ucrtbase.dll
0x00007ffb02530000 - 0x00007ffb0254b000 	C:\Program Files\Java\jdk-20\bin\VCRUNTIME140.dll
0x00007ffb13900000 - 0x00007ffb13919000 	C:\Program Files\Java\jdk-20\bin\jli.dll
0x00007ffb2b0f0000 - 0x00007ffb2b19e000 	C:\Windows\System32\ADVAPI32.dll
0x00007ffb29c20000 - 0x00007ffb29cbe000 	C:\Windows\System32\msvcrt.dll
0x00007ffb2b1a0000 - 0x00007ffb2b23c000 	C:\Windows\System32\sechost.dll
0x00007ffb2b4d0000 - 0x00007ffb2b5f6000 	C:\Windows\System32\RPCRT4.dll
0x00007ffb2a890000 - 0x00007ffb2aa2d000 	C:\Windows\System32\USER32.dll
0x00007ffb16740000 - 0x00007ffb169da000 	C:\Windows\WinSxS\amd64_microsoft.windows.common-controls_6595b64144ccf1df_6.0.19041.1110_none_60b5254171f9507e\COMCTL32.dll
0x00007ffb293f0000 - 0x00007ffb29412000 	C:\Windows\System32\win32u.dll
0x00007ffb29bd0000 - 0x00007ffb29bfb000 	C:\Windows\System32\GDI32.dll
0x00007ffb291e0000 - 0x00007ffb292f0000 	C:\Windows\System32\gdi32full.dll
0x00007ffb29140000 - 0x00007ffb291dd000 	C:\Windows\System32\msvcp_win.dll
0x00007ffb18b40000 - 0x00007ffb18b4a000 	C:\Windows\SYSTEM32\VERSION.dll
0x00007ffb2b9c0000 - 0x00007ffb2b9f0000 	C:\Windows\System32\IMM32.DLL
0x00007ffb18be0000 - 0x00007ffb18bec000 	C:\Program Files\Java\jdk-20\bin\vcruntime140_1.dll
0x00007ffb01270000 - 0x00007ffb012fe000 	C:\Program Files\Java\jdk-20\bin\msvcp140.dll
0x00007ffafd0a0000 - 0x00007ffafdd37000 	C:\Program Files\Java\jdk-20\bin\server\jvm.dll
0x00007ffb1a680000 - 0x00007ffb1a689000 	C:\Windows\SYSTEM32\WSOCK32.dll
0x00007ffb14b00000 - 0x00007ffb14b27000 	C:\Windows\SYSTEM32\WINMM.dll
0x00007ffb2b2d0000 - 0x00007ffb2b33b000 	C:\Windows\System32\WS2_32.dll
0x00007ffb27000000 - 0x00007ffb27012000 	C:\Windows\SYSTEM32\kernel.appcore.dll
0x00007ffb17850000 - 0x00007ffb1785a000 	C:\Program Files\Java\jdk-20\bin\jimage.dll
0x00007ffb17fc0000 - 0x00007ffb181a4000 	C:\Windows\SYSTEM32\DBGHELP.DLL
0x00007ffb17ed0000 - 0x00007ffb17f04000 	C:\Windows\SYSTEM32\dbgcore.DLL
0x00007ffb296f0000 - 0x00007ffb29772000 	C:\Windows\System32\bcryptPrimitives.dll
0x00007ffb02500000 - 0x00007ffb02526000 	C:\Program Files\Java\jdk-20\bin\java.dll
0x00007ffb01530000 - 0x00007ffb01607000 	C:\Program Files\Java\jdk-20\bin\jsvml.dll
0x00007ffb29cc0000 - 0x00007ffb2a404000 	C:\Windows\System32\SHELL32.dll
0x00007ffb27200000 - 0x00007ffb27993000 	C:\Windows\SYSTEM32\windows.storage.dll
0x00007ffb2b600000 - 0x00007ffb2b954000 	C:\Windows\System32\combase.dll
0x00007ffb28ac0000 - 0x00007ffb28aee000 	C:\Windows\SYSTEM32\Wldp.dll
0x00007ffb2b340000 - 0x00007ffb2b3ed000 	C:\Windows\System32\SHCORE.dll
0x00007ffb2a410000 - 0x00007ffb2a465000 	C:\Windows\System32\shlwapi.dll
0x00007ffb29080000 - 0x00007ffb2909f000 	C:\Windows\SYSTEM32\profapi.dll
0x00007ffb02120000 - 0x00007ffb02133000 	C:\Program Files\Java\jdk-20\bin\net.dll
0x00007ffb1bf20000 - 0x00007ffb1c02a000 	C:\Windows\SYSTEM32\WINHTTP.dll
0x00007ffb28820000 - 0x00007ffb2888a000 	C:\Windows\system32\mswsock.dll
0x00007ffb014c0000 - 0x00007ffb014d6000 	C:\Program Files\Java\jdk-20\bin\nio.dll
0x00007ffb014a0000 - 0x00007ffb014b8000 	C:\Program Files\Java\jdk-20\bin\zip.dll
0x00007ffb01300000 - 0x00007ffb01491000 	C:\Program Files\Java\jdk-20\bin\awt.dll
0x00007ffb2a590000 - 0x00007ffb2a65d000 	C:\Windows\System32\OLEAUT32.dll
0x00007ffb26940000 - 0x00007ffb269d0000 	C:\Windows\SYSTEM32\apphelp.dll
0x00007ffb26d10000 - 0x00007ffb26d3f000 	C:\Windows\system32\DWMAPI.DLL
0x00007ffb26af0000 - 0x00007ffb26b8e000 	C:\Windows\system32\uxtheme.dll
0x00007ffb0cd20000 - 0x00007ffb0ce45000 	C:\Windows\system32\opengl32.dll
0x00007ffb13bd0000 - 0x00007ffb13bfc000 	C:\Windows\SYSTEM32\GLU32.dll
0x00007ffb2a6c0000 - 0x00007ffb2a7d4000 	C:\Windows\System32\MSCTF.dll
0x00007ffb29a90000 - 0x00007ffb29bba000 	C:\Windows\System32\ole32.dll
0x00007ffb28550000 - 0x00007ffb2861b000 	C:\Windows\SYSTEM32\DNSAPI.dll
0x00007ffb28510000 - 0x00007ffb2854c000 	C:\Windows\SYSTEM32\IPHLPAPI.DLL
0x00007ffb2b0e0000 - 0x00007ffb2b0e8000 	C:\Windows\System32\NSI.dll
0x00007ffb1a320000 - 0x00007ffb1a32a000 	C:\Windows\System32\rasadhlp.dll
0x00007ffb1ac80000 - 0x00007ffb1ad00000 	C:\Windows\System32\fwpuclnt.dll
0x00007ffb29780000 - 0x00007ffb297a7000 	C:\Windows\System32\bcrypt.dll
0x00007ffb16340000 - 0x00007ffb16347000 	C:\Program Files\Java\jdk-20\bin\extnet.dll
0x00007ffb23460000 - 0x00007ffb2346e000 	C:\Program Files\Java\jdk-20\bin\sunmscapi.dll
0x00007ffb29540000 - 0x00007ffb29696000 	C:\Windows\System32\CRYPT32.dll
0x00007ffb28b30000 - 0x00007ffb28b58000 	C:\Windows\SYSTEM32\ncrypt.dll
0x00007ffb28af0000 - 0x00007ffb28b2b000 	C:\Windows\SYSTEM32\NTASN1.dll
0x00007ffb28a10000 - 0x00007ffb28a28000 	C:\Windows\SYSTEM32\CRYPTSP.dll
0x00007ffb28140000 - 0x00007ffb28174000 	C:\Windows\system32\rsaenh.dll
0x00007ffb29040000 - 0x00007ffb2906e000 	C:\Windows\SYSTEM32\USERENV.dll
0x00007ffb28a30000 - 0x00007ffb28a3c000 	C:\Windows\SYSTEM32\CRYPTBASE.dll
0x00007ffb1c560000 - 0x00007ffb1c577000 	C:\Windows\SYSTEM32\dhcpcsvc6.DLL
0x00007ffb1dc40000 - 0x00007ffb1dc5d000 	C:\Windows\SYSTEM32\dhcpcsvc.DLL

dbghelp: loaded successfully - version: 4.0.5 - missing functions: none
symbol engine: initialized successfully - sym options: 0x614 - pdb path: (cannot be retrieved)

VM Arguments:
jvm_args: -Dfile.encoding=UTF-8 --module-path=C:\Users\DELL\Documents\NetBeansProjects\Hotel Management System\build\classes 
java_command: hotel.management.system.AddCustomer
java_class_path (initial): C:\Users\DELL\Downloads\mysql-connector-java-8.0.28.jar;C:\Users\DELL\Downloads\rs2xml.jar;C:\Users\DELL\Documents\NetBeansProjects\Hotel Management System\build\classes
Launcher Type: SUN_STANDARD

[Global flags]
     intx CICompilerCount                          = 3                                         {product} {ergonomic}
     uint ConcGCThreads                            = 1                                         {product} {ergonomic}
     uint G1ConcRefinementThreads                  = 4                                         {product} {ergonomic}
   size_t G1HeapRegionSize                         = 1048576                                   {product} {ergonomic}
    uintx GCDrainStackTargetSize                   = 64                                        {product} {ergonomic}
   size_t InitialHeapSize                          = 134217728                                 {product} {ergonomic}
   size_t MarkStackSize                            = 4194304                                   {product} {ergonomic}
   size_t MaxHeapSize                              = 2116026368                                {product} {ergonomic}
   size_t MaxNewSize                               = 1268776960                                {product} {ergonomic}
   size_t MinHeapDeltaBytes                        = 1048576                                   {product} {ergonomic}
   size_t MinHeapSize                              = 8388608                                   {product} {ergonomic}
    uintx NonNMethodCodeHeapSize                   = 5832780                                {pd product} {ergonomic}
    uintx NonProfiledCodeHeapSize                  = 122912730                              {pd product} {ergonomic}
    uintx ProfiledCodeHeapSize                     = 122912730                              {pd product} {ergonomic}
    uintx ReservedCodeCacheSize                    = 251658240                              {pd product} {ergonomic}
     bool SegmentedCodeCache                       = true                                      {product} {ergonomic}
   size_t SoftMaxHeapSize                          = 2116026368                             {manageable} {ergonomic}
     bool UseCompressedClassPointers               = true                           {product lp64_product} {ergonomic}
     bool UseCompressedOops                        = true                           {product lp64_product} {ergonomic}
     bool UseG1GC                                  = true                                      {product} {ergonomic}
     bool UseLargePagesIndividualAllocation        = false                                  {pd product} {ergonomic}

Logging:
Log output configuration:
 #0: stdout all=warning uptime,level,tags foldmultilines=false
 #1: stderr all=off uptime,level,tags foldmultilines=false

Environment Variables:
PATH=C:\Program Files\Common Files\Oracle\Java\javapath;C:\Windows\system32;C:\Windows;C:\Windows\System32\Wbem;C:\Windows\System32\WindowsPowerShell\v1.0\;C:\Windows\System32\OpenSSH\;C:\Program Files\Java\jdk-20\bin;C:\Users\DELL\AppData\Local\Microsoft\WindowsApps;C:\Program Files\Bandizip\;D:\IntelliJ IDEA 2023.2\bin;
USERNAME=DELL
OS=Windows_NT
PROCESSOR_IDENTIFIER=Intel64 Family 6 Model 58 Stepping 9, GenuineIntel
TMP=C:\Users\DELL\AppData\Local\Temp
TEMP=C:\Users\DELL\AppData\Local\Temp




---------------  S Y S T E M  ---------------

OS:
 Windows 10 , 64 bit Build 19041 (10.0.19041.2788)
OS uptime: 1 days 0:15 hours

CPU: total 4 (initial active 4) (2 cores per cpu, 2 threads per core) family 6 model 58 stepping 9 microcode 0x21, cx8, cmov, fxsr, ht, mmx, sse, sse2, sse3, ssse3, sse4.1, sse4.2, popcnt, tsc, tscinvbit, avx, erms, clmul, vzeroupper, clflush, rdtscp, f16c

Memory: 4k page, system-wide physical 8067M (1667M free)
TotalPageFile size 20926M (AvailPageFile size 5M)
current process WorkingSet (physical memory assigned to process): 78M, peak: 78M
current process commit charge ("private bytes"): 223M, peak: 223M

vm_info: Java HotSpot(TM) 64-Bit Server VM (20.0.1+9-29) for windows-amd64 JRE (20.0.1+9-29), built on 2023-03-07T13:56:11Z by "mach5one" with MS VC++ 17.1 (VS2022)

END.
