#
# There is insufficient memory for the Java Runtime Environment to continue.
# Native memory allocation (malloc) failed to allocate 1073792 bytes for Chunk::new
# Possible reasons:
#   The system is out of physical RAM or swap space
#   The process is running with CompressedOops enabled, and the Java Heap may be blocking the growth of the native heap
# Possible solutions:
#   Reduce memory load on the system
#   Increase physical memory or swap space
#   Check if swap backing store is full
#   Decrease Java heap size (-Xmx/-Xms)
#   Decrease number of Java threads
#   Decrease Java thread stack sizes (-Xss)
#   Set larger code cache with -XX:ReservedCodeCacheSize=
#   JVM is running with Unscaled Compressed Oops mode in which the Java heap is
#     placed in the first 4GB address space. The Java Heap base address is the
#     maximum limit for the native heap growth. Please use -XX:HeapBaseMinAddress
#     to set the Java Heap base and to place the Java Heap above 4GB virtual address.
# This output file may be truncated or incomplete.
#
#  Out of Memory Error (arena.cpp:184), pid=17696, tid=17972
#
# JRE version: Java(TM) SE Runtime Environment (20.0.1+9) (build 20.0.1+9-29)
# Java VM: Java HotSpot(TM) 64-Bit Server VM (20.0.1+9-29, mixed mode, sharing, tiered, compressed oops, compressed class ptrs, g1 gc, windows-amd64)
# No core dump will be written. Minidumps are not enabled by default on client versions of Windows
#

---------------  S U M M A R Y ------------

Command Line: -Dfile.encoding=UTF-8 --module-path=C:\Users\DELL\Documents\NetBeansProjects\Hotel Management System\build\classes hotel.management.system.Department

Host: Intel(R) Core(TM) i3-3217U CPU @ 1.80GHz, 4 cores, 7G,  Windows 10 , 64 bit Build 19041 (10.0.19041.2788)
Time: Sat Sep 23 23:54:34 2023 Pacific Daylight Time elapsed time: 2.162621 seconds (0d 0h 0m 2s)

---------------  T H R E A D  ---------------

Current thread (0x0000015c41462170):  JavaThread "C2 CompilerThread0" daemon [_thread_in_native, id=17972, stack(0x00000058e3800000,0x00000058e3900000)]


Current CompileTask:
C2:   2162 1296       4       sun.security.ec.ECOperations::setDouble (463 bytes)

Stack: [0x00000058e3800000,0x00000058e3900000]
Native frames: (J=compiled Java code, j=interpreted, Vv=VM code, C=native code)
V  [jvm.dll+0x6bb95a]
V  [jvm.dll+0x8485fa]
V  [jvm.dll+0x84a1f5]
V  [jvm.dll+0x84a8f3]
V  [jvm.dll+0x280b0f]
V  [jvm.dll+0xc2b11]
V  [jvm.dll+0xc2e35]
V  [jvm.dll+0x3bb17c]
V  [jvm.dll+0x1e6e39]
V  [jvm.dll+0x24b3ab]
V  [jvm.dll+0x24a651]
V  [jvm.dll+0x1ce491]
V  [jvm.dll+0x259e1b]
V  [jvm.dll+0x2584f0]
V  [jvm.dll+0x3f2895]
V  [jvm.dll+0x7f4b56]
V  [jvm.dll+0x6ba5cb]
C  [ucrtbase.dll+0x21bb2]
C  [KERNEL32.DLL+0x17604]
C  [ntdll.dll+0x526a1]


---------------  P R O C E S S  ---------------

Threads class SMR info:
_java_thread_list=0x0000015c4738aed0, length=17, elements={
0x0000015c2533a330, 0x0000015c41449cf0, 0x0000015c41452720, 0x0000015c414553c0,
0x0000015c41458930, 0x0000015c41458e80, 0x0000015c4145a3e0, 0x0000015c41462170,
0x0000015c4146cb20, 0x0000015c458720c0, 0x0000015c4593a960, 0x0000015c45b39080,
0x0000015c45b3f6d0, 0x0000015c45b865e0, 0x0000015c4621f3e0, 0x0000015c466ce000,
0x0000015c466ce550
}

Java Threads: ( => current thread )
  0x0000015c2533a330 JavaThread "main" [_thread_in_vm, id=12920, stack(0x00000058e2b00000,0x00000058e2c00000)]
  0x0000015c41449cf0 JavaThread "Reference Handler" daemon [_thread_blocked, id=16600, stack(0x00000058e3200000,0x00000058e3300000)]
  0x0000015c41452720 JavaThread "Finalizer" daemon [_thread_blocked, id=17924, stack(0x00000058e3300000,0x00000058e3400000)]
  0x0000015c414553c0 JavaThread "Signal Dispatcher" daemon [_thread_blocked, id=17712, stack(0x00000058e3400000,0x00000058e3500000)]
  0x0000015c41458930 JavaThread "Attach Listener" daemon [_thread_blocked, id=18148, stack(0x00000058e3500000,0x00000058e3600000)]
  0x0000015c41458e80 JavaThread "Service Thread" daemon [_thread_blocked, id=7480, stack(0x00000058e3600000,0x00000058e3700000)]
  0x0000015c4145a3e0 JavaThread "Monitor Deflation Thread" daemon [_thread_blocked, id=18304, stack(0x00000058e3700000,0x00000058e3800000)]
=>0x0000015c41462170 JavaThread "C2 CompilerThread0" daemon [_thread_in_native, id=17972, stack(0x00000058e3800000,0x00000058e3900000)]
  0x0000015c4146cb20 JavaThread "C1 CompilerThread0" daemon [_thread_blocked, id=14028, stack(0x00000058e3900000,0x00000058e3a00000)]
  0x0000015c458720c0 JavaThread "Common-Cleaner" daemon [_thread_blocked, id=18224, stack(0x00000058e3a00000,0x00000058e3b00000)]
  0x0000015c4593a960 JavaThread "Notification Thread" daemon [_thread_blocked, id=17896, stack(0x00000058e3b00000,0x00000058e3c00000)]
  0x0000015c45b39080 JavaThread "Java2D Disposer" daemon [_thread_blocked, id=17460, stack(0x00000058e3e00000,0x00000058e3f00000)]
  0x0000015c45b3f6d0 JavaThread "AWT-Windows" daemon [_thread_in_native, id=6332, stack(0x00000058e4000000,0x00000058e4100000)]
  0x0000015c45b865e0 JavaThread "mysql-cj-abandoned-connection-cleanup" daemon [_thread_blocked, id=4904, stack(0x00000058e3d00000,0x00000058e3e00000)]
  0x0000015c4621f3e0 JavaThread "C2 CompilerThread1" daemon [_thread_blocked, id=6516, stack(0x00000058e4100000,0x00000058e4200000)]
  0x0000015c466ce000 JavaThread "AWT-Shutdown" [_thread_blocked, id=12596, stack(0x00000058e3f00000,0x00000058e4000000)]
  0x0000015c466ce550 JavaThread "AWT-EventQueue-0" [_thread_blocked, id=11200, stack(0x00000058e4500000,0x00000058e4600000)]

Other Threads:
  0x0000015c41430340 VMThread "VM Thread" [stack: 0x00000058e3100000,0x00000058e3200000] [id=17548]
  0x0000015c4593c000 WatcherThread "VM Periodic Task Thread" [stack: 0x00000058e3c00000,0x00000058e3d00000] [id=9580]
  0x0000015c25397ee0 WorkerThread "GC Thread#0" [stack: 0x00000058e2c00000,0x00000058e2d00000] [id=18016]
  0x0000015c46248c40 WorkerThread "GC Thread#1" [stack: 0x00000058e4200000,0x00000058e4300000] [id=16512]
  0x0000015c464e03c0 WorkerThread "GC Thread#2" [stack: 0x00000058e4300000,0x00000058e4400000] [id=9992]
  0x0000015c464e0690 WorkerThread "GC Thread#3" [stack: 0x00000058e4400000,0x00000058e4500000] [id=8848]
  0x0000015c253a8bd0 ConcurrentGCThread "G1 Main Marker" [stack: 0x00000058e2d00000,0x00000058e2e00000] [id=18220]
  0x0000015c253a9da0 WorkerThread "G1 Conc#0" [stack: 0x00000058e2e00000,0x00000058e2f00000] [id=18340]
  0x0000015c254098d0 ConcurrentGCThread "G1 Refine#0" [stack: 0x00000058e2f00000,0x00000058e3000000] [id=11672]
  0x0000015c412e2400 ConcurrentGCThread "G1 Service" [stack: 0x00000058e3000000,0x00000058e3100000] [id=15292]

Threads with active compile tasks:
C2 CompilerThread0     2205 1296       4       sun.security.ec.ECOperations::setDouble (463 bytes)

VM state: not at safepoint (normal execution)

VM Mutex/Monitor currently owned by a thread:  ([mutex/lock_event])
[0x0000015c25322730] Metaspace_lock - owner thread: 0x0000015c2533a330

Heap address: 0x0000000081e00000, size: 2018 MB, Compressed Oops mode: 32-bit

CDS archive(s) mapped at: [0x0000000800000000-0x0000000800c60000-0x0000000800c60000), size 12976128, SharedBaseAddress: 0x0000000800000000, ArchiveRelocationMode: 0.
Compressed class space mapped at: 0x0000000801000000-0x0000000841000000, reserved size: 1073741824
Narrow klass base: 0x0000000800000000, Narrow klass shift: 0, Narrow klass range: 0x100000000

GC Precious Log:
 CardTable entry size: 512
 Card Set container configuration: InlinePtr #cards 5 size 8 Array Of Cards #cards 12 size 40 Howl #buckets 4 coarsen threshold 1843 Howl Bitmap #cards 512 size 80 coarsen threshold 460 Card regions per heap region 1 cards per card region 2048
 CPUs: 4 total, 4 available
 Memory: 8067M
 Large Page Support: Disabled
 NUMA Support: Disabled
 Compressed Oops: Enabled (32-bit)
 Heap Region Size: 1M
 Heap Min Capacity: 8M
 Heap Initial Capacity: 128M
 Heap Max Capacity: 2018M
 Pre-touch: Disabled
 Parallel Workers: 4
 Concurrent Workers: 1
 Concurrent Refinement Workers: 4
 Periodic GC: Disabled

Heap:
 garbage-first heap   total 131072K, used 9605K [0x0000000081e00000, 0x0000000100000000)
  region size 1024K, 9 young (9216K), 2 survivors (2048K)
 Metaspace       used 15050K, committed 15232K, reserved 1114112K
  class space    used 1646K, committed 1728K, reserved 1048576K

Heap Regions: E=young(eden), S=young(survivor), O=old, HS=humongous(starts), HC=humongous(continues), CS=collection set, F=free, OA=open archive, CA=closed archive, TAMS=top-at-mark-start, PB=parsable bottom
|   0|0x0000000081e00000, 0x0000000081f00000, 0x0000000081f00000|100%| O|  |TAMS 0x0000000081e00000| PB 0x0000000081e00000| Untracked 
|   1|0x0000000081f00000, 0x0000000081f61400, 0x0000000082000000| 37%| O|  |TAMS 0x0000000081f00000| PB 0x0000000081f00000| Untracked 
|   2|0x0000000082000000, 0x0000000082000000, 0x0000000082100000|  0%| F|  |TAMS 0x0000000082000000| PB 0x0000000082000000| Untracked 
|   3|0x0000000082100000, 0x0000000082100000, 0x0000000082200000|  0%| F|  |TAMS 0x0000000082100000| PB 0x0000000082100000| Untracked 
|   4|0x0000000082200000, 0x0000000082200000, 0x0000000082300000|  0%| F|  |TAMS 0x0000000082200000| PB 0x0000000082200000| Untracked 
|   5|0x0000000082300000, 0x0000000082300000, 0x0000000082400000|  0%| F|  |TAMS 0x0000000082300000| PB 0x0000000082300000| Untracked 
|   6|0x0000000082400000, 0x0000000082400000, 0x0000000082500000|  0%| F|  |TAMS 0x0000000082400000| PB 0x0000000082400000| Untracked 
|   7|0x0000000082500000, 0x0000000082500000, 0x0000000082600000|  0%| F|  |TAMS 0x0000000082500000| PB 0x0000000082500000| Untracked 
|   8|0x0000000082600000, 0x0000000082600000, 0x0000000082700000|  0%| F|  |TAMS 0x0000000082600000| PB 0x0000000082600000| Untracked 
|   9|0x0000000082700000, 0x0000000082700000, 0x0000000082800000|  0%| F|  |TAMS 0x0000000082700000| PB 0x0000000082700000| Untracked 
|  10|0x0000000082800000, 0x0000000082800000, 0x0000000082900000|  0%| F|  |TAMS 0x0000000082800000| PB 0x0000000082800000| Untracked 
|  11|0x0000000082900000, 0x0000000082900000, 0x0000000082a00000|  0%| F|  |TAMS 0x0000000082900000| PB 0x0000000082900000| Untracked 
|  12|0x0000000082a00000, 0x0000000082a00000, 0x0000000082b00000|  0%| F|  |TAMS 0x0000000082a00000| PB 0x0000000082a00000| Untracked 
|  13|0x0000000082b00000, 0x0000000082b00000, 0x0000000082c00000|  0%| F|  |TAMS 0x0000000082b00000| PB 0x0000000082b00000| Untracked 
|  14|0x0000000082c00000, 0x0000000082c00000, 0x0000000082d00000|  0%| F|  |TAMS 0x0000000082c00000| PB 0x0000000082c00000| Untracked 
|  15|0x0000000082d00000, 0x0000000082d00000, 0x0000000082e00000|  0%| F|  |TAMS 0x0000000082d00000| PB 0x0000000082d00000| Untracked 
|  16|0x0000000082e00000, 0x0000000082e00000, 0x0000000082f00000|  0%| F|  |TAMS 0x0000000082e00000| PB 0x0000000082e00000| Untracked 
|  17|0x0000000082f00000, 0x0000000082f00000, 0x0000000083000000|  0%| F|  |TAMS 0x0000000082f00000| PB 0x0000000082f00000| Untracked 
|  18|0x0000000083000000, 0x0000000083000000, 0x0000000083100000|  0%| F|  |TAMS 0x0000000083000000| PB 0x0000000083000000| Untracked 
|  19|0x0000000083100000, 0x0000000083100000, 0x0000000083200000|  0%| F|  |TAMS 0x0000000083100000| PB 0x0000000083100000| Untracked 
|  20|0x0000000083200000, 0x0000000083200000, 0x0000000083300000|  0%| F|  |TAMS 0x0000000083200000| PB 0x0000000083200000| Untracked 
|  21|0x0000000083300000, 0x0000000083300000, 0x0000000083400000|  0%| F|  |TAMS 0x0000000083300000| PB 0x0000000083300000| Untracked 
|  22|0x0000000083400000, 0x0000000083400000, 0x0000000083500000|  0%| F|  |TAMS 0x0000000083400000| PB 0x0000000083400000| Untracked 
|  23|0x0000000083500000, 0x0000000083500000, 0x0000000083600000|  0%| F|  |TAMS 0x0000000083500000| PB 0x0000000083500000| Untracked 
|  24|0x0000000083600000, 0x0000000083600000, 0x0000000083700000|  0%| F|  |TAMS 0x0000000083600000| PB 0x0000000083600000| Untracked 
|  25|0x0000000083700000, 0x0000000083700000, 0x0000000083800000|  0%| F|  |TAMS 0x0000000083700000| PB 0x0000000083700000| Untracked 
|  26|0x0000000083800000, 0x0000000083800000, 0x0000000083900000|  0%| F|  |TAMS 0x0000000083800000| PB 0x0000000083800000| Untracked 
|  27|0x0000000083900000, 0x0000000083900000, 0x0000000083a00000|  0%| F|  |TAMS 0x0000000083900000| PB 0x0000000083900000| Untracked 
|  28|0x0000000083a00000, 0x0000000083a00000, 0x0000000083b00000|  0%| F|  |TAMS 0x0000000083a00000| PB 0x0000000083a00000| Untracked 
|  29|0x0000000083b00000, 0x0000000083b00000, 0x0000000083c00000|  0%| F|  |TAMS 0x0000000083b00000| PB 0x0000000083b00000| Untracked 
|  30|0x0000000083c00000, 0x0000000083c00000, 0x0000000083d00000|  0%| F|  |TAMS 0x0000000083c00000| PB 0x0000000083c00000| Untracked 
|  31|0x0000000083d00000, 0x0000000083d00000, 0x0000000083e00000|  0%| F|  |TAMS 0x0000000083d00000| PB 0x0000000083d00000| Untracked 
|  32|0x0000000083e00000, 0x0000000083e00000, 0x0000000083f00000|  0%| F|  |TAMS 0x0000000083e00000| PB 0x0000000083e00000| Untracked 
|  33|0x0000000083f00000, 0x0000000083f00000, 0x0000000084000000|  0%| F|  |TAMS 0x0000000083f00000| PB 0x0000000083f00000| Untracked 
|  34|0x0000000084000000, 0x0000000084000000, 0x0000000084100000|  0%| F|  |TAMS 0x0000000084000000| PB 0x0000000084000000| Untracked 
|  35|0x0000000084100000, 0x0000000084100000, 0x0000000084200000|  0%| F|  |TAMS 0x0000000084100000| PB 0x0000000084100000| Untracked 
|  36|0x0000000084200000, 0x0000000084200000, 0x0000000084300000|  0%| F|  |TAMS 0x0000000084200000| PB 0x0000000084200000| Untracked 
|  37|0x0000000084300000, 0x0000000084300000, 0x0000000084400000|  0%| F|  |TAMS 0x0000000084300000| PB 0x0000000084300000| Untracked 
|  38|0x0000000084400000, 0x0000000084400000, 0x0000000084500000|  0%| F|  |TAMS 0x0000000084400000| PB 0x0000000084400000| Untracked 
|  39|0x0000000084500000, 0x0000000084500000, 0x0000000084600000|  0%| F|  |TAMS 0x0000000084500000| PB 0x0000000084500000| Untracked 
|  40|0x0000000084600000, 0x0000000084600000, 0x0000000084700000|  0%| F|  |TAMS 0x0000000084600000| PB 0x0000000084600000| Untracked 
|  41|0x0000000084700000, 0x0000000084700000, 0x0000000084800000|  0%| F|  |TAMS 0x0000000084700000| PB 0x0000000084700000| Untracked 
|  42|0x0000000084800000, 0x0000000084800000, 0x0000000084900000|  0%| F|  |TAMS 0x0000000084800000| PB 0x0000000084800000| Untracked 
|  43|0x0000000084900000, 0x0000000084900000, 0x0000000084a00000|  0%| F|  |TAMS 0x0000000084900000| PB 0x0000000084900000| Untracked 
|  44|0x0000000084a00000, 0x0000000084a00000, 0x0000000084b00000|  0%| F|  |TAMS 0x0000000084a00000| PB 0x0000000084a00000| Untracked 
|  45|0x0000000084b00000, 0x0000000084b00000, 0x0000000084c00000|  0%| F|  |TAMS 0x0000000084b00000| PB 0x0000000084b00000| Untracked 
|  46|0x0000000084c00000, 0x0000000084c00000, 0x0000000084d00000|  0%| F|  |TAMS 0x0000000084c00000| PB 0x0000000084c00000| Untracked 
|  47|0x0000000084d00000, 0x0000000084d00000, 0x0000000084e00000|  0%| F|  |TAMS 0x0000000084d00000| PB 0x0000000084d00000| Untracked 
|  48|0x0000000084e00000, 0x0000000084e00000, 0x0000000084f00000|  0%| F|  |TAMS 0x0000000084e00000| PB 0x0000000084e00000| Untracked 
|  49|0x0000000084f00000, 0x0000000084f00000, 0x0000000085000000|  0%| F|  |TAMS 0x0000000084f00000| PB 0x0000000084f00000| Untracked 
|  50|0x0000000085000000, 0x0000000085000000, 0x0000000085100000|  0%| F|  |TAMS 0x0000000085000000| PB 0x0000000085000000| Untracked 
|  51|0x0000000085100000, 0x0000000085100000, 0x0000000085200000|  0%| F|  |TAMS 0x0000000085100000| PB 0x0000000085100000| Untracked 
|  52|0x0000000085200000, 0x0000000085200000, 0x0000000085300000|  0%| F|  |TAMS 0x0000000085200000| PB 0x0000000085200000| Untracked 
|  53|0x0000000085300000, 0x0000000085300000, 0x0000000085400000|  0%| F|  |TAMS 0x0000000085300000| PB 0x0000000085300000| Untracked 
|  54|0x0000000085400000, 0x0000000085400000, 0x0000000085500000|  0%| F|  |TAMS 0x0000000085400000| PB 0x0000000085400000| Untracked 
|  55|0x0000000085500000, 0x0000000085500000, 0x0000000085600000|  0%| F|  |TAMS 0x0000000085500000| PB 0x0000000085500000| Untracked 
|  56|0x0000000085600000, 0x0000000085600000, 0x0000000085700000|  0%| F|  |TAMS 0x0000000085600000| PB 0x0000000085600000| Untracked 
|  57|0x0000000085700000, 0x0000000085700000, 0x0000000085800000|  0%| F|  |TAMS 0x0000000085700000| PB 0x0000000085700000| Untracked 
|  58|0x0000000085800000, 0x0000000085800000, 0x0000000085900000|  0%| F|  |TAMS 0x0000000085800000| PB 0x0000000085800000| Untracked 
|  59|0x0000000085900000, 0x0000000085900000, 0x0000000085a00000|  0%| F|  |TAMS 0x0000000085900000| PB 0x0000000085900000| Untracked 
|  60|0x0000000085a00000, 0x0000000085a00000, 0x0000000085b00000|  0%| F|  |TAMS 0x0000000085a00000| PB 0x0000000085a00000| Untracked 
|  61|0x0000000085b00000, 0x0000000085b00000, 0x0000000085c00000|  0%| F|  |TAMS 0x0000000085b00000| PB 0x0000000085b00000| Untracked 
|  62|0x0000000085c00000, 0x0000000085c00000, 0x0000000085d00000|  0%| F|  |TAMS 0x0000000085c00000| PB 0x0000000085c00000| Untracked 
|  63|0x0000000085d00000, 0x0000000085d00000, 0x0000000085e00000|  0%| F|  |TAMS 0x0000000085d00000| PB 0x0000000085d00000| Untracked 
|  64|0x0000000085e00000, 0x0000000085e00000, 0x0000000085f00000|  0%| F|  |TAMS 0x0000000085e00000| PB 0x0000000085e00000| Untracked 
|  65|0x0000000085f00000, 0x0000000085f00000, 0x0000000086000000|  0%| F|  |TAMS 0x0000000085f00000| PB 0x0000000085f00000| Untracked 
|  66|0x0000000086000000, 0x0000000086000000, 0x0000000086100000|  0%| F|  |TAMS 0x0000000086000000| PB 0x0000000086000000| Untracked 
|  67|0x0000000086100000, 0x0000000086100000, 0x0000000086200000|  0%| F|  |TAMS 0x0000000086100000| PB 0x0000000086100000| Untracked 
|  68|0x0000000086200000, 0x0000000086200000, 0x0000000086300000|  0%| F|  |TAMS 0x0000000086200000| PB 0x0000000086200000| Untracked 
|  69|0x0000000086300000, 0x0000000086300000, 0x0000000086400000|  0%| F|  |TAMS 0x0000000086300000| PB 0x0000000086300000| Untracked 
|  70|0x0000000086400000, 0x0000000086400000, 0x0000000086500000|  0%| F|  |TAMS 0x0000000086400000| PB 0x0000000086400000| Untracked 
|  71|0x0000000086500000, 0x0000000086500000, 0x0000000086600000|  0%| F|  |TAMS 0x0000000086500000| PB 0x0000000086500000| Untracked 
|  72|0x0000000086600000, 0x0000000086600000, 0x0000000086700000|  0%| F|  |TAMS 0x0000000086600000| PB 0x0000000086600000| Untracked 
|  73|0x0000000086700000, 0x0000000086700000, 0x0000000086800000|  0%| F|  |TAMS 0x0000000086700000| PB 0x0000000086700000| Untracked 
|  74|0x0000000086800000, 0x0000000086800000, 0x0000000086900000|  0%| F|  |TAMS 0x0000000086800000| PB 0x0000000086800000| Untracked 
|  75|0x0000000086900000, 0x0000000086900000, 0x0000000086a00000|  0%| F|  |TAMS 0x0000000086900000| PB 0x0000000086900000| Untracked 
|  76|0x0000000086a00000, 0x0000000086a00000, 0x0000000086b00000|  0%| F|  |TAMS 0x0000000086a00000| PB 0x0000000086a00000| Untracked 
|  77|0x0000000086b00000, 0x0000000086b00000, 0x0000000086c00000|  0%| F|  |TAMS 0x0000000086b00000| PB 0x0000000086b00000| Untracked 
|  78|0x0000000086c00000, 0x0000000086c00000, 0x0000000086d00000|  0%| F|  |TAMS 0x0000000086c00000| PB 0x0000000086c00000| Untracked 
|  79|0x0000000086d00000, 0x0000000086d00000, 0x0000000086e00000|  0%| F|  |TAMS 0x0000000086d00000| PB 0x0000000086d00000| Untracked 
|  80|0x0000000086e00000, 0x0000000086e00000, 0x0000000086f00000|  0%| F|  |TAMS 0x0000000086e00000| PB 0x0000000086e00000| Untracked 
|  81|0x0000000086f00000, 0x0000000086f00000, 0x0000000087000000|  0%| F|  |TAMS 0x0000000086f00000| PB 0x0000000086f00000| Untracked 
|  82|0x0000000087000000, 0x0000000087000000, 0x0000000087100000|  0%| F|  |TAMS 0x0000000087000000| PB 0x0000000087000000| Untracked 
|  83|0x0000000087100000, 0x0000000087100000, 0x0000000087200000|  0%| F|  |TAMS 0x0000000087100000| PB 0x0000000087100000| Untracked 
|  84|0x0000000087200000, 0x0000000087200000, 0x0000000087300000|  0%| F|  |TAMS 0x0000000087200000| PB 0x0000000087200000| Untracked 
|  85|0x0000000087300000, 0x0000000087300000, 0x0000000087400000|  0%| F|  |TAMS 0x0000000087300000| PB 0x0000000087300000| Untracked 
|  86|0x0000000087400000, 0x0000000087400000, 0x0000000087500000|  0%| F|  |TAMS 0x0000000087400000| PB 0x0000000087400000| Untracked 
|  87|0x0000000087500000, 0x0000000087500000, 0x0000000087600000|  0%| F|  |TAMS 0x0000000087500000| PB 0x0000000087500000| Untracked 
|  88|0x0000000087600000, 0x0000000087600000, 0x0000000087700000|  0%| F|  |TAMS 0x0000000087600000| PB 0x0000000087600000| Untracked 
|  89|0x0000000087700000, 0x0000000087700000, 0x0000000087800000|  0%| F|  |TAMS 0x0000000087700000| PB 0x0000000087700000| Untracked 
|  90|0x0000000087800000, 0x0000000087800000, 0x0000000087900000|  0%| F|  |TAMS 0x0000000087800000| PB 0x0000000087800000| Untracked 
|  91|0x0000000087900000, 0x0000000087900000, 0x0000000087a00000|  0%| F|  |TAMS 0x0000000087900000| PB 0x0000000087900000| Untracked 
|  92|0x0000000087a00000, 0x0000000087a00000, 0x0000000087b00000|  0%| F|  |TAMS 0x0000000087a00000| PB 0x0000000087a00000| Untracked 
|  93|0x0000000087b00000, 0x0000000087b00000, 0x0000000087c00000|  0%| F|  |TAMS 0x0000000087b00000| PB 0x0000000087b00000| Untracked 
|  94|0x0000000087c00000, 0x0000000087c00000, 0x0000000087d00000|  0%| F|  |TAMS 0x0000000087c00000| PB 0x0000000087c00000| Untracked 
|  95|0x0000000087d00000, 0x0000000087d00000, 0x0000000087e00000|  0%| F|  |TAMS 0x0000000087d00000| PB 0x0000000087d00000| Untracked 
|  96|0x0000000087e00000, 0x0000000087e00000, 0x0000000087f00000|  0%| F|  |TAMS 0x0000000087e00000| PB 0x0000000087e00000| Untracked 
|  97|0x0000000087f00000, 0x0000000087f00000, 0x0000000088000000|  0%| F|  |TAMS 0x0000000087f00000| PB 0x0000000087f00000| Untracked 
|  98|0x0000000088000000, 0x0000000088000000, 0x0000000088100000|  0%| F|  |TAMS 0x0000000088000000| PB 0x0000000088000000| Untracked 
|  99|0x0000000088100000, 0x0000000088100000, 0x0000000088200000|  0%| F|  |TAMS 0x0000000088100000| PB 0x0000000088100000| Untracked 
| 100|0x0000000088200000, 0x0000000088200000, 0x0000000088300000|  0%| F|  |TAMS 0x0000000088200000| PB 0x0000000088200000| Untracked 
| 101|0x0000000088300000, 0x0000000088300000, 0x0000000088400000|  0%| F|  |TAMS 0x0000000088300000| PB 0x0000000088300000| Untracked 
| 102|0x0000000088400000, 0x0000000088400000, 0x0000000088500000|  0%| F|  |TAMS 0x0000000088400000| PB 0x0000000088400000| Untracked 
| 103|0x0000000088500000, 0x0000000088500000, 0x0000000088600000|  0%| F|  |TAMS 0x0000000088500000| PB 0x0000000088500000| Untracked 
| 104|0x0000000088600000, 0x0000000088600000, 0x0000000088700000|  0%| F|  |TAMS 0x0000000088600000| PB 0x0000000088600000| Untracked 
| 105|0x0000000088700000, 0x0000000088700000, 0x0000000088800000|  0%| F|  |TAMS 0x0000000088700000| PB 0x0000000088700000| Untracked 
| 106|0x0000000088800000, 0x0000000088800000, 0x0000000088900000|  0%| F|  |TAMS 0x0000000088800000| PB 0x0000000088800000| Untracked 
| 107|0x0000000088900000, 0x0000000088900000, 0x0000000088a00000|  0%| F|  |TAMS 0x0000000088900000| PB 0x0000000088900000| Untracked 
| 108|0x0000000088a00000, 0x0000000088a00000, 0x0000000088b00000|  0%| F|  |TAMS 0x0000000088a00000| PB 0x0000000088a00000| Untracked 
| 109|0x0000000088b00000, 0x0000000088b00000, 0x0000000088c00000|  0%| F|  |TAMS 0x0000000088b00000| PB 0x0000000088b00000| Untracked 
| 110|0x0000000088c00000, 0x0000000088c00000, 0x0000000088d00000|  0%| F|  |TAMS 0x0000000088c00000| PB 0x0000000088c00000| Untracked 
| 111|0x0000000088d00000, 0x0000000088d00000, 0x0000000088e00000|  0%| F|  |TAMS 0x0000000088d00000| PB 0x0000000088d00000| Untracked 
| 112|0x0000000088e00000, 0x0000000088e00000, 0x0000000088f00000|  0%| F|  |TAMS 0x0000000088e00000| PB 0x0000000088e00000| Untracked 
| 113|0x0000000088f00000, 0x0000000089000000, 0x0000000089000000|100%| S|CS|TAMS 0x0000000088f00000| PB 0x0000000088f00000| Complete 
| 114|0x0000000089000000, 0x0000000089100000, 0x0000000089100000|100%| S|CS|TAMS 0x0000000089000000| PB 0x0000000089000000| Complete 
| 115|0x0000000089100000, 0x0000000089100000, 0x0000000089200000|  0%| F|  |TAMS 0x0000000089100000| PB 0x0000000089100000| Untracked 
| 116|0x0000000089200000, 0x0000000089200000, 0x0000000089300000|  0%| F|  |TAMS 0x0000000089200000| PB 0x0000000089200000| Untracked 
| 117|0x0000000089300000, 0x0000000089300000, 0x0000000089400000|  0%| F|  |TAMS 0x0000000089300000| PB 0x0000000089300000| Untracked 
| 118|0x0000000089400000, 0x0000000089400000, 0x0000000089500000|  0%| F|  |TAMS 0x0000000089400000| PB 0x0000000089400000| Untracked 
| 119|0x0000000089500000, 0x0000000089500000, 0x0000000089600000|  0%| F|  |TAMS 0x0000000089500000| PB 0x0000000089500000| Untracked 
| 120|0x0000000089600000, 0x0000000089600000, 0x0000000089700000|  0%| F|  |TAMS 0x0000000089600000| PB 0x0000000089600000| Untracked 
| 121|0x0000000089700000, 0x0000000089734e48, 0x0000000089800000| 20%| E|  |TAMS 0x0000000089700000| PB 0x0000000089700000| Complete 
| 122|0x0000000089800000, 0x0000000089900000, 0x0000000089900000|100%| E|CS|TAMS 0x0000000089800000| PB 0x0000000089800000| Complete 
| 123|0x0000000089900000, 0x0000000089a00000, 0x0000000089a00000|100%| E|CS|TAMS 0x0000000089900000| PB 0x0000000089900000| Complete 
| 124|0x0000000089a00000, 0x0000000089b00000, 0x0000000089b00000|100%| E|CS|TAMS 0x0000000089a00000| PB 0x0000000089a00000| Complete 
| 125|0x0000000089b00000, 0x0000000089c00000, 0x0000000089c00000|100%| E|CS|TAMS 0x0000000089b00000| PB 0x0000000089b00000| Complete 
| 126|0x0000000089c00000, 0x0000000089d00000, 0x0000000089d00000|100%| E|CS|TAMS 0x0000000089c00000| PB 0x0000000089c00000| Complete 
| 127|0x0000000089d00000, 0x0000000089e00000, 0x0000000089e00000|100%| E|CS|TAMS 0x0000000089d00000| PB 0x0000000089d00000| Complete 

Card table byte_map: [0x0000015c3c800000,0x0000015c3cc00000] _byte_map_base: 0x0000015c3c3f1000

Marking Bits: (CMBitMap*) 0x0000015c25398510
 Bits: [0x0000015c3d000000, 0x0000015c3ef88000)

Polling page: 0x0000015c230b0000

Metaspace:

Usage:
  Non-class:     13.09 MB used.
      Class:      1.61 MB used.
       Both:     14.70 MB used.

Virtual space:
  Non-class space:       64.00 MB reserved,      13.19 MB ( 21%) committed,  1 nodes.
      Class space:        1.00 GB reserved,       1.69 MB ( <1%) committed,  1 nodes.
             Both:        1.06 GB reserved,      14.88 MB (  1%) committed. 

Chunk freelists:
   Non-Class:  2.65 MB
       Class:  2.20 MB
        Both:  4.86 MB

MaxMetaspaceSize: unlimited
CompressedClassSpaceSize: 1.00 GB
Initial GC threshold: 21.00 MB
Current GC threshold: 21.00 MB
CDS: on
MetaspaceReclaimPolicy: balanced
 - commit_granule_bytes: 65536.
 - commit_granule_words: 8192.
 - virtual_space_node_default_size: 8388608.
 - enlarge_chunks_in_place: 1.
 - new_chunks_are_fully_committed: 0.
 - uncommit_free_chunks: 1.
 - use_allocation_guard: 0.


Internal statistics:

num_allocs_failed_limit: 0.
num_arena_births: 158.
num_arena_deaths: 0.
num_vsnodes_births: 2.
num_vsnodes_deaths: 0.
num_space_committed: 238.
num_space_uncommitted: 0.
num_chunks_returned_to_freelist: 0.
num_chunks_taken_from_freelist: 339.
num_chunk_merges: 0.
num_chunk_splits: 209.
num_chunks_enlarged: 128.
num_inconsistent_stats: 0.

CodeHeap 'non-profiled nmethods': size=120000Kb used=528Kb max_used=528Kb free=119471Kb
 bounds [0x0000015c34ed0000, 0x0000015c35140000, 0x0000015c3c400000]
CodeHeap 'profiled nmethods': size=120000Kb used=2651Kb max_used=2651Kb free=117348Kb
 bounds [0x0000015c2d400000, 0x0000015c2d6a0000, 0x0000015c34930000]
CodeHeap 'non-nmethods': size=5760Kb used=1662Kb max_used=1667Kb free=4097Kb
 bounds [0x0000015c34930000, 0x0000015c34ba0000, 0x0000015c34ed0000]
 total_blobs=2211 nmethods=1554 adapters=568
 compilation: enabled
              stopped_count=0, restarted_count=0
 full_count=0

Compilation events (20 events):
Event: 2.110 Thread 0x0000015c4146cb20 nmethod 1525 0x0000015c2d688890 code [0x0000015c2d688a40, 0x0000015c2d688c28]
Event: 2.110 Thread 0x0000015c4146cb20 1526       3       java.lang.ClassLoader::preDefineClass (118 bytes)
Event: 2.112 Thread 0x0000015c4146cb20 nmethod 1526 0x0000015c2d688d10 code [0x0000015c2d689040, 0x0000015c2d68a1c8]
Event: 2.113 Thread 0x0000015c4146cb20 1527   !   3       java.lang.ClassLoader::addClass (27 bytes)
Event: 2.114 Thread 0x0000015c4146cb20 nmethod 1527 0x0000015c2d68a910 code [0x0000015c2d68aae0, 0x0000015c2d68b0a8]
Event: 2.115 Thread 0x0000015c4146cb20 1528       1       com.mysql.cj.result.DefaultColumnDefinition::getFields (5 bytes)
Event: 2.115 Thread 0x0000015c4146cb20 nmethod 1528 0x0000015c34f4e790 code [0x0000015c34f4e900, 0x0000015c34f4e9c8]
Event: 2.121 Thread 0x0000015c4621f3e0 nmethod 1445 0x0000015c34f4ea90 code [0x0000015c34f4ece0, 0x0000015c34f50110]
Event: 2.121 Thread 0x0000015c4621f3e0 1444       4       java.util.regex.Pattern$BmpCharPropertyGreedy::match (89 bytes)
Event: 2.123 Thread 0x0000015c4146cb20 1529       1       java.beans.PropertyChangeEvent::getOldValue (5 bytes)
Event: 2.123 Thread 0x0000015c4146cb20 nmethod 1529 0x0000015c34f51290 code [0x0000015c34f51400, 0x0000015c34f514c8]
Event: 2.123 Thread 0x0000015c4146cb20 1530       1       java.beans.PropertyChangeEvent::getNewValue (5 bytes)
Event: 2.123 Thread 0x0000015c4146cb20 nmethod 1530 0x0000015c34f51590 code [0x0000015c34f51700, 0x0000015c34f517c8]
Event: 2.128 Thread 0x0000015c4146cb20 1531   !   3       javax.swing.UIDefaults::getFromHashtable (239 bytes)
Event: 2.130 Thread 0x0000015c4146cb20 nmethod 1531 0x0000015c2d68b410 code [0x0000015c2d68b700, 0x0000015c2d68cc00]
Event: 2.131 Thread 0x0000015c4146cb20 1532       3       javax.swing.UIDefaults::get (21 bytes)
Event: 2.131 Thread 0x0000015c4146cb20 nmethod 1532 0x0000015c2d68d190 code [0x0000015c2d68d340, 0x0000015c2d68d540]
Event: 2.132 Thread 0x0000015c4621f3e0 nmethod 1444 0x0000015c34f51890 code [0x0000015c34f51a40, 0x0000015c34f51e98]
Event: 2.133 Thread 0x0000015c4621f3e0 1461       4       java.util.Collections::emptyList (4 bytes)
Event: 2.133 Thread 0x0000015c4621f3e0 nmethod 1461 0x0000015c34f52290 code [0x0000015c34f52400, 0x0000015c34f52470]

GC Heap History (2 events):
Event: 1.243 GC heap before
{Heap before GC invocations=0 (full 0):
 garbage-first heap   total 131072K, used 13312K [0x0000000081e00000, 0x0000000100000000)
  region size 1024K, 13 young (13312K), 0 survivors (0K)
 Metaspace       used 8876K, committed 9024K, reserved 1114112K
  class space    used 947K, committed 1024K, reserved 1048576K
}
Event: 1.256 GC heap after
{Heap after GC invocations=1 (full 0):
 garbage-first heap   total 131072K, used 3461K [0x0000000081e00000, 0x0000000100000000)
  region size 1024K, 2 young (2048K), 2 survivors (2048K)
 Metaspace       used 8876K, committed 9024K, reserved 1114112K
  class space    used 947K, committed 1024K, reserved 1048576K
}

Dll operation events (9 events):
Event: 0.011 Loaded shared library C:\Program Files\Java\jdk-20\bin\java.dll
Event: 0.027 Loaded shared library C:\Program Files\Java\jdk-20\bin\jsvml.dll
Event: 0.127 Loaded shared library C:\Program Files\Java\jdk-20\bin\net.dll
Event: 0.130 Loaded shared library C:\Program Files\Java\jdk-20\bin\nio.dll
Event: 0.188 Loaded shared library C:\Program Files\Java\jdk-20\bin\zip.dll
Event: 0.216 Loaded shared library C:\Program Files\Java\jdk-20\bin\jimage.dll
Event: 0.251 Loaded shared library C:\Program Files\Java\jdk-20\bin\awt.dll
Event: 0.975 Loaded shared library C:\Program Files\Java\jdk-20\bin\extnet.dll
Event: 1.476 Loaded shared library C:\Program Files\Java\jdk-20\bin\sunmscapi.dll

Deoptimization events (20 events):
Event: 1.489 Thread 0x0000015c2533a330 Uncommon trap: trap_request=0xffffff45 fr.pc=0x0000015c34f2a08c relative=0x000000000000026c
Event: 1.489 Thread 0x0000015c2533a330 Uncommon trap: reason=unstable_if action=reinterpret pc=0x0000015c34f2a08c method=java.util.HashMap.putVal(ILjava/lang/Object;Ljava/lang/Object;ZZ)Ljava/lang/Object; @ 162 c2
Event: 1.489 Thread 0x0000015c2533a330 DEOPT PACKING pc=0x0000015c34f2a08c sp=0x00000058e2bfc3c0
Event: 1.489 Thread 0x0000015c2533a330 DEOPT UNPACKING pc=0x0000015c34999d22 sp=0x00000058e2bfc2f8 mode 2
Event: 1.808 Thread 0x0000015c2533a330 Uncommon trap: trap_request=0xffffff45 fr.pc=0x0000015c34f14c44 relative=0x0000000000000144
Event: 1.808 Thread 0x0000015c2533a330 Uncommon trap: reason=unstable_if action=reinterpret pc=0x0000015c34f14c44 method=java.util.concurrent.locks.ReentrantLock$NonfairSync.initialTryLock()Z @ 10 c2
Event: 1.808 Thread 0x0000015c2533a330 DEOPT PACKING pc=0x0000015c34f14c44 sp=0x00000058e2bfe360
Event: 1.808 Thread 0x0000015c2533a330 DEOPT UNPACKING pc=0x0000015c34999d22 sp=0x00000058e2bfe308 mode 2
Event: 1.808 Thread 0x0000015c2533a330 Uncommon trap: trap_request=0xffffff45 fr.pc=0x0000015c34f1274c relative=0x00000000000000cc
Event: 1.808 Thread 0x0000015c2533a330 Uncommon trap: reason=unstable_if action=reinterpret pc=0x0000015c34f1274c method=java.util.concurrent.locks.ReentrantLock$Sync.tryRelease(I)Z @ 26 c2
Event: 1.808 Thread 0x0000015c2533a330 DEOPT PACKING pc=0x0000015c34f1274c sp=0x00000058e2bfe360
Event: 1.808 Thread 0x0000015c2533a330 DEOPT UNPACKING pc=0x0000015c34999d22 sp=0x00000058e2bfe300 mode 2
Event: 1.916 Thread 0x0000015c2533a330 Uncommon trap: trap_request=0xffffffde fr.pc=0x0000015c34f2bc78 relative=0x00000000000009f8
Event: 1.916 Thread 0x0000015c2533a330 Uncommon trap: reason=class_check action=maybe_recompile pc=0x0000015c34f2bc78 method=java.util.HashMap.putVal(ILjava/lang/Object;Ljava/lang/Object;ZZ)Ljava/lang/Object; @ 253 c2
Event: 1.916 Thread 0x0000015c2533a330 DEOPT PACKING pc=0x0000015c34f2bc78 sp=0x00000058e2bfe170
Event: 1.916 Thread 0x0000015c2533a330 DEOPT UNPACKING pc=0x0000015c34999d22 sp=0x00000058e2bfe110 mode 2
Event: 1.918 Thread 0x0000015c2533a330 Uncommon trap: trap_request=0xffffffde fr.pc=0x0000015c34f2bc78 relative=0x00000000000009f8
Event: 1.918 Thread 0x0000015c2533a330 Uncommon trap: reason=class_check action=maybe_recompile pc=0x0000015c34f2bc78 method=java.util.HashMap.putVal(ILjava/lang/Object;Ljava/lang/Object;ZZ)Ljava/lang/Object; @ 253 c2
Event: 1.918 Thread 0x0000015c2533a330 DEOPT PACKING pc=0x0000015c34f2bc78 sp=0x00000058e2bfe170
Event: 1.918 Thread 0x0000015c2533a330 DEOPT UNPACKING pc=0x0000015c34999d22 sp=0x00000058e2bfe110 mode 2

Classes loaded (20 events):
Event: 2.156 Loading class sun/java2d/loops/DrawGlyphList
Event: 2.156 Loading class sun/java2d/loops/DrawGlyphList done
Event: 2.156 Loading class sun/java2d/loops/DrawGlyphListAA
Event: 2.157 Loading class sun/java2d/loops/DrawGlyphListAA done
Event: 2.157 Loading class sun/java2d/loops/DrawGlyphListLCD
Event: 2.157 Loading class sun/java2d/loops/DrawGlyphListLCD done
Event: 2.157 Loading class sun/java2d/loops/TransformHelper
Event: 2.157 Loading class sun/java2d/loops/TransformHelper done
Event: 2.158 Loading class java/awt/BasicStroke
Event: 2.158 Loading class java/awt/Stroke
Event: 2.158 Loading class java/awt/Stroke done
Event: 2.158 Loading class java/awt/BasicStroke done
Event: 2.158 Loading class sun/java2d/pipe/ValidatePipe
Event: 2.158 Loading class sun/java2d/pipe/ValidatePipe done
Event: 2.159 Loading class sun/java2d/loops/CustomComponent
Event: 2.159 Loading class sun/java2d/loops/CustomComponent done
Event: 2.159 Loading class sun/java2d/loops/GraphicsPrimitiveProxy
Event: 2.159 Loading class sun/java2d/loops/GraphicsPrimitiveProxy done
Event: 2.159 Loading class sun/java2d/loops/GeneralRenderer
Event: 2.159 Loading class sun/java2d/loops/GeneralRenderer done

Classes unloaded (0 events):
No events

Classes redefined (0 events):
No events

Internal exceptions (20 events):
Event: 0.137 Thread 0x0000015c2533a330 Exception <a 'sun/nio/fs/WindowsException'{0x0000000089c42c70}> (0x0000000089c42c70) 
thrown [s\open\src\hotspot\share\prims\jni.cpp, line 519]
Event: 0.137 Thread 0x0000015c2533a330 Exception <a 'sun/nio/fs/WindowsException'{0x0000000089c86438}> (0x0000000089c86438) 
thrown [s\open\src\hotspot\share\prims\jni.cpp, line 519]
Event: 0.230 Thread 0x0000015c2533a330 Exception <a 'java/lang/ClassNotFoundException'{0x0000000089b49a50}: sun/awt/resources/spi/awtProvider> (0x0000000089b49a50) 
thrown [s\open\src\hotspot\share\classfile\systemDictionary.cpp, line 305]
Event: 0.276 Thread 0x0000015c2533a330 Exception <a 'java/io/FileNotFoundException'{0x0000000089ba0698}> (0x0000000089ba0698) 
thrown [s\open\src\hotspot\share\prims\jni.cpp, line 519]
Event: 0.290 Thread 0x0000015c2533a330 Exception <a 'java/io/FileNotFoundException'{0x0000000089bca8e0}> (0x0000000089bca8e0) 
thrown [s\open\src\hotspot\share\prims\jni.cpp, line 519]
Event: 0.469 Thread 0x0000015c2533a330 Exception <a 'java/lang/NoSuchMethodError'{0x0000000089ae4ff8}: 'void java.lang.invoke.DirectMethodHandle$Holder.invokeSpecial(java.lang.Object, java.lang.Object, java.lang.Object)'> (0x0000000089ae4ff8) 
thrown [s\open\src\hotspot\share\interpreter\linkResolver.cpp, line 773]
Event: 0.491 Thread 0x0000015c2533a330 Exception <a 'java/lang/NoSuchMethodError'{0x000000008990fc30}: 'java.lang.Object java.lang.invoke.DirectMethodHandle$Holder.newInvokeSpecial(java.lang.Object, java.lang.Object, java.lang.Object, java.lang.Object, java.lang.Object)'> (0x000000008990fc30) 
thrown [s\open\src\hotspot\share\interpreter\linkResolver.cpp, line 773]
Event: 0.507 Thread 0x0000015c2533a330 Exception <a 'java/lang/NoSuchMethodError'{0x00000000899404d8}: 'java.lang.Object java.lang.invoke.DirectMethodHandle$Holder.invokeStatic(java.lang.Object, int, java.lang.Object)'> (0x00000000899404d8) 
thrown [s\open\src\hotspot\share\interpreter\linkResolver.cpp, line 773]
Event: 0.575 Thread 0x0000015c2533a330 Exception <a 'java/lang/ClassNotFoundException'{0x00000000899fba88}: com/sun/swing/internal/plaf/metal/resources/spi/metalProvider> (0x00000000899fba88) 
thrown [s\open\src\hotspot\share\classfile\systemDictionary.cpp, line 305]
Event: 0.578 Thread 0x0000015c2533a330 Exception <a 'java/lang/ClassNotFoundException'{0x00000000899ffa38}: com/sun/swing/internal/plaf/basic/resources/spi/basicProvider> (0x00000000899ffa38) 
thrown [s\open\src\hotspot\share\classfile\systemDictionary.cpp, line 305]
Event: 0.604 Thread 0x0000015c2533a330 Exception <a 'java/lang/NoSuchMethodError'{0x000000008981f5d8}: 'int java.lang.invoke.Invokers$Holder.invokeExact_MT(java.lang.Object, java.lang.Object)'> (0x000000008981f5d8) 
thrown [s\open\src\hotspot\share\interpreter\linkResolver.cpp, line 773]
Event: 0.738 Thread 0x0000015c2533a330 Exception <a 'java/lang/NoSuchMethodError'{0x0000000089763e48}: 'java.lang.Object java.lang.invoke.DirectMethodHandle$Holder.invokeInterface(java.lang.Object, java.lang.Object)'> (0x0000000089763e48) 
thrown [s\open\src\hotspot\share\interpreter\linkResolver.cpp, line 773]
Event: 0.808 Thread 0x0000015c2533a330 Exception <a 'java/lang/NoSuchMethodError'{0x00000000897dc4c0}: 'void java.lang.invoke.DirectMethodHandle$Holder.invokeStatic(java.lang.Object, java.lang.Object, java.lang.Object)'> (0x00000000897dc4c0) 
thrown [s\open\src\hotspot\share\interpreter\linkResolver.cpp, line 773]
Event: 0.813 Thread 0x0000015c2533a330 Exception <a 'java/lang/NoSuchMethodError'{0x00000000897e5fd0}: 'java.lang.Object java.lang.invoke.DirectMethodHandle$Holder.invokeVirtual(java.lang.Object, java.lang.Object, java.lang.Object)'> (0x00000000897e5fd0) 
thrown [s\open\src\hotspot\share\interpreter\linkResolver.cpp, line 773]
Event: 0.977 Thread 0x0000015c2533a330 Exception <a 'java/lang/NoSuchMethodError'{0x000000008931f1c8}: 'void java.lang.invoke.DirectMethodHandle$Holder.invokeStatic(java.lang.Object, java.lang.Object)'> (0x000000008931f1c8) 
thrown [s\open\src\hotspot\share\interpreter\linkResolver.cpp, line 773]
Event: 1.132 Thread 0x0000015c2533a330 Exception <a 'java/lang/NoSuchMethodError'{0x00000000892de240}: 'void java.lang.invoke.DirectMethodHandle$Holder.invokeStaticInit(java.lang.Object, java.lang.Object)'> (0x00000000892de240) 
thrown [s\open\src\hotspot\share\interpreter\linkResolver.cpp, line 773]
Event: 1.266 Thread 0x0000015c2533a330 Exception <a 'sun/nio/fs/WindowsException'{0x0000000089d40ba8}> (0x0000000089d40ba8) 
thrown [s\open\src\hotspot\share\prims\jni.cpp, line 519]
Event: 1.351 Thread 0x0000015c2533a330 Exception <a 'java/lang/NoSuchMethodError'{0x0000000089df4060}: 'java.lang.Object java.lang.invoke.DirectMethodHandle$Holder.invokeStaticInit(java.lang.Object, int, int, int, int)'> (0x0000000089df4060) 
thrown [s\open\src\hotspot\share\interpreter\linkResolver.cpp, line 773]
Event: 1.437 Thread 0x0000015c2533a330 Exception <a 'java/lang/NoSuchMethodError'{0x0000000089ca8310}: 'java.lang.Object java.lang.invoke.DirectMethodHandle$Holder.invokeStaticInit(java.lang.Object, java.lang.Object, int, int, int, int)'> (0x0000000089ca8310) 
thrown [s\open\src\hotspot\share\interpreter\linkResolver.cpp, line 773]
Event: 1.791 Thread 0x0000015c2533a330 Exception <a 'java/lang/NoSuchMethodError'{0x0000000089a2ea00}: 'void java.lang.invoke.DirectMethodHandle$Holder.invokeVirtual(java.lang.Object, java.lang.Object)'> (0x0000000089a2ea00) 
thrown [s\open\src\hotspot\share\interpreter\linkResolver.cpp, line 773]

VM Operations (14 events):
Event: 0.140 Executing VM operation: HandshakeAllThreads
Event: 0.140 Executing VM operation: HandshakeAllThreads done
Event: 0.305 Executing VM operation: HandshakeAllThreads
Event: 0.305 Executing VM operation: HandshakeAllThreads done
Event: 0.638 Executing VM operation: HandshakeAllThreads
Event: 0.638 Executing VM operation: HandshakeAllThreads done
Event: 0.707 Executing VM operation: HandshakeAllThreads
Event: 0.707 Executing VM operation: HandshakeAllThreads done
Event: 0.951 Executing VM operation: HandshakeAllThreads
Event: 0.951 Executing VM operation: HandshakeAllThreads done
Event: 1.243 Executing VM operation: G1CollectForAllocation
Event: 1.256 Executing VM operation: G1CollectForAllocation done
Event: 1.822 Executing VM operation: HandshakeAllThreads
Event: 1.822 Executing VM operation: HandshakeAllThreads done

Events (20 events):
Event: 0.051 Thread 0x0000015c41449cf0 Thread added: 0x0000015c41449cf0
Event: 0.052 Thread 0x0000015c41452720 Thread added: 0x0000015c41452720
Event: 0.052 Thread 0x0000015c414553c0 Thread added: 0x0000015c414553c0
Event: 0.053 Thread 0x0000015c41458930 Thread added: 0x0000015c41458930
Event: 0.053 Thread 0x0000015c41458e80 Thread added: 0x0000015c41458e80
Event: 0.053 Thread 0x0000015c4145a3e0 Thread added: 0x0000015c4145a3e0
Event: 0.053 Thread 0x0000015c41462170 Thread added: 0x0000015c41462170
Event: 0.053 Thread 0x0000015c4146cb20 Thread added: 0x0000015c4146cb20
Event: 0.104 Thread 0x0000015c458720c0 Thread added: 0x0000015c458720c0
Event: 0.172 Thread 0x0000015c4593a960 Thread added: 0x0000015c4593a960
Event: 0.185 Thread 0x0000015c2533b220 Thread added: 0x0000015c2533b220
Event: 0.384 Thread 0x0000015c45b39080 Thread added: 0x0000015c45b39080
Event: 0.387 Thread 0x0000015c45b3c090 Thread added: 0x0000015c45b3c090
Event: 0.389 Thread 0x0000015c45b3f6d0 Thread added: 0x0000015c45b3f6d0
Event: 0.436 Thread 0x0000015c2533b220 Thread exited: 0x0000015c2533b220
Event: 0.682 Thread 0x0000015c45b865e0 Thread added: 0x0000015c45b865e0
Event: 0.784 Thread 0x0000015c4621f3e0 Thread added: 0x0000015c4621f3e0
Event: 1.416 Thread 0x0000015c45b3c090 Thread exited: 0x0000015c45b3c090
Event: 2.122 Thread 0x0000015c466ce000 Thread added: 0x0000015c466ce000
Event: 2.123 Thread 0x0000015c466ce550 Thread added: 0x0000015c466ce550


Dynamic libraries:
0x00007ff79cc30000 - 0x00007ff79cc40000 	C:\Program Files\Java\jdk-20\bin\java.exe
0x00007ffb2ba30000 - 0x00007ffb2bc28000 	C:\Windows\SYSTEM32\ntdll.dll
0x00007ffb2a4d0000 - 0x00007ffb2a58f000 	C:\Windows\System32\KERNEL32.DLL
0x00007ffb297b0000 - 0x00007ffb29a8a000 	C:\Windows\System32\KERNELBASE.dll
0x00007ffb292f0000 - 0x00007ffb293f0000 	C:\Windows\System32\ucrtbase.dll
0x00007ffb13900000 - 0x00007ffb13919000 	C:\Program Files\Java\jdk-20\bin\jli.dll
0x00007ffb02530000 - 0x00007ffb0254b000 	C:\Program Files\Java\jdk-20\bin\VCRUNTIME140.dll
0x00007ffb2b0f0000 - 0x00007ffb2b19e000 	C:\Windows\System32\ADVAPI32.dll
0x00007ffb29c20000 - 0x00007ffb29cbe000 	C:\Windows\System32\msvcrt.dll
0x00007ffb2b1a0000 - 0x00007ffb2b23c000 	C:\Windows\System32\sechost.dll
0x00007ffb2b4d0000 - 0x00007ffb2b5f6000 	C:\Windows\System32\RPCRT4.dll
0x00007ffb2a890000 - 0x00007ffb2aa2d000 	C:\Windows\System32\USER32.dll
0x00007ffb16740000 - 0x00007ffb169da000 	C:\Windows\WinSxS\amd64_microsoft.windows.common-controls_6595b64144ccf1df_6.0.19041.1110_none_60b5254171f9507e\COMCTL32.dll
0x00007ffb293f0000 - 0x00007ffb29412000 	C:\Windows\System32\win32u.dll
0x00007ffb29bd0000 - 0x00007ffb29bfb000 	C:\Windows\System32\GDI32.dll
0x00007ffb291e0000 - 0x00007ffb292f0000 	C:\Windows\System32\gdi32full.dll
0x00007ffb29140000 - 0x00007ffb291dd000 	C:\Windows\System32\msvcp_win.dll
0x00007ffb18b40000 - 0x00007ffb18b4a000 	C:\Windows\SYSTEM32\VERSION.dll
0x00007ffb2b9c0000 - 0x00007ffb2b9f0000 	C:\Windows\System32\IMM32.DLL
0x00007ffb18be0000 - 0x00007ffb18bec000 	C:\Program Files\Java\jdk-20\bin\vcruntime140_1.dll
0x00007ffb01270000 - 0x00007ffb012fe000 	C:\Program Files\Java\jdk-20\bin\msvcp140.dll
0x00007ffafd0a0000 - 0x00007ffafdd37000 	C:\Program Files\Java\jdk-20\bin\server\jvm.dll
0x00007ffb1a680000 - 0x00007ffb1a689000 	C:\Windows\SYSTEM32\WSOCK32.dll
0x00007ffb14b00000 - 0x00007ffb14b27000 	C:\Windows\SYSTEM32\WINMM.dll
0x00007ffb2b2d0000 - 0x00007ffb2b33b000 	C:\Windows\System32\WS2_32.dll
0x00007ffb27000000 - 0x00007ffb27012000 	C:\Windows\SYSTEM32\kernel.appcore.dll
0x00007ffb17850000 - 0x00007ffb1785a000 	C:\Program Files\Java\jdk-20\bin\jimage.dll
0x00007ffb17fc0000 - 0x00007ffb181a4000 	C:\Windows\SYSTEM32\DBGHELP.DLL
0x00007ffb17ed0000 - 0x00007ffb17f04000 	C:\Windows\SYSTEM32\dbgcore.DLL
0x00007ffb296f0000 - 0x00007ffb29772000 	C:\Windows\System32\bcryptPrimitives.dll
0x00007ffb02500000 - 0x00007ffb02526000 	C:\Program Files\Java\jdk-20\bin\java.dll
0x00007ffb01530000 - 0x00007ffb01607000 	C:\Program Files\Java\jdk-20\bin\jsvml.dll
0x00007ffb29cc0000 - 0x00007ffb2a404000 	C:\Windows\System32\SHELL32.dll
0x00007ffb27200000 - 0x00007ffb27993000 	C:\Windows\SYSTEM32\windows.storage.dll
0x00007ffb2b600000 - 0x00007ffb2b954000 	C:\Windows\System32\combase.dll
0x00007ffb28ac0000 - 0x00007ffb28aee000 	C:\Windows\SYSTEM32\Wldp.dll
0x00007ffb2b340000 - 0x00007ffb2b3ed000 	C:\Windows\System32\SHCORE.dll
0x00007ffb2a410000 - 0x00007ffb2a465000 	C:\Windows\System32\shlwapi.dll
0x00007ffb29080000 - 0x00007ffb2909f000 	C:\Windows\SYSTEM32\profapi.dll
0x00007ffb02120000 - 0x00007ffb02133000 	C:\Program Files\Java\jdk-20\bin\net.dll
0x00007ffb1bf20000 - 0x00007ffb1c02a000 	C:\Windows\SYSTEM32\WINHTTP.dll
0x00007ffb28820000 - 0x00007ffb2888a000 	C:\Windows\system32\mswsock.dll
0x00007ffb014c0000 - 0x00007ffb014d6000 	C:\Program Files\Java\jdk-20\bin\nio.dll
0x00007ffb014a0000 - 0x00007ffb014b8000 	C:\Program Files\Java\jdk-20\bin\zip.dll
0x00007ffb01300000 - 0x00007ffb01491000 	C:\Program Files\Java\jdk-20\bin\awt.dll
0x00007ffb2a590000 - 0x00007ffb2a65d000 	C:\Windows\System32\OLEAUT32.dll
0x00007ffb26940000 - 0x00007ffb269d0000 	C:\Windows\SYSTEM32\apphelp.dll
0x00007ffb26d10000 - 0x00007ffb26d3f000 	C:\Windows\system32\DWMAPI.DLL
0x00007ffb26af0000 - 0x00007ffb26b8e000 	C:\Windows\system32\uxtheme.dll
0x00007ffb0cd20000 - 0x00007ffb0ce45000 	C:\Windows\system32\opengl32.dll
0x00007ffb13bd0000 - 0x00007ffb13bfc000 	C:\Windows\SYSTEM32\GLU32.dll
0x00007ffb2a6c0000 - 0x00007ffb2a7d4000 	C:\Windows\System32\MSCTF.dll
0x00007ffb29a90000 - 0x00007ffb29bba000 	C:\Windows\System32\ole32.dll
0x00007ffb28550000 - 0x00007ffb2861b000 	C:\Windows\SYSTEM32\DNSAPI.dll
0x00007ffb28510000 - 0x00007ffb2854c000 	C:\Windows\SYSTEM32\IPHLPAPI.DLL
0x00007ffb2b0e0000 - 0x00007ffb2b0e8000 	C:\Windows\System32\NSI.dll
0x00007ffb1a320000 - 0x00007ffb1a32a000 	C:\Windows\System32\rasadhlp.dll
0x00007ffb1ac80000 - 0x00007ffb1ad00000 	C:\Windows\System32\fwpuclnt.dll
0x00007ffb29780000 - 0x00007ffb297a7000 	C:\Windows\System32\bcrypt.dll
0x00007ffb16340000 - 0x00007ffb16347000 	C:\Program Files\Java\jdk-20\bin\extnet.dll
0x00007ffb28a10000 - 0x00007ffb28a28000 	C:\Windows\SYSTEM32\CRYPTSP.dll
0x00007ffb28140000 - 0x00007ffb28174000 	C:\Windows\system32\rsaenh.dll
0x00007ffb29040000 - 0x00007ffb2906e000 	C:\Windows\SYSTEM32\USERENV.dll
0x00007ffb28a30000 - 0x00007ffb28a3c000 	C:\Windows\SYSTEM32\CRYPTBASE.dll
0x00007ffb1c560000 - 0x00007ffb1c577000 	C:\Windows\SYSTEM32\dhcpcsvc6.DLL
0x00007ffb1dc40000 - 0x00007ffb1dc5d000 	C:\Windows\SYSTEM32\dhcpcsvc.DLL
0x00007ffb23460000 - 0x00007ffb2346e000 	C:\Program Files\Java\jdk-20\bin\sunmscapi.dll
0x00007ffb29540000 - 0x00007ffb29696000 	C:\Windows\System32\CRYPT32.dll
0x00007ffb28b30000 - 0x00007ffb28b58000 	C:\Windows\SYSTEM32\ncrypt.dll
0x00007ffb28af0000 - 0x00007ffb28b2b000 	C:\Windows\SYSTEM32\NTASN1.dll
0x00007ffb011e0000 - 0x00007ffb01266000 	C:\Program Files\Java\jdk-20\bin\freetype.dll
0x00007ffb01110000 - 0x00007ffb011d6000 	C:\Program Files\Java\jdk-20\bin\fontmanager.dll

dbghelp: loaded successfully - version: 4.0.5 - missing functions: none
symbol engine: initialized successfully - sym options: 0x614 - pdb path: .;C:\Program Files\Java\jdk-20\bin;C:\Windows\SYSTEM32;C:\Windows\WinSxS\amd64_microsoft.windows.common-controls_6595b64144ccf1df_6.0.19041.1110_none_60b5254171f9507e;C:\Program Files\Java\jdk-20\bin\server

VM Arguments:
jvm_args: -Dfile.encoding=UTF-8 --module-path=C:\Users\DELL\Documents\NetBeansProjects\Hotel Management System\build\classes 
java_command: hotel.management.system.Department
java_class_path (initial): C:\Users\DELL\Downloads\mysql-connector-java-8.0.28.jar;C:\Users\DELL\Downloads\rs2xml.jar;C:\Users\DELL\Documents\NetBeansProjects\Hotel Management System\build\classes
Launcher Type: SUN_STANDARD

[Global flags]
     intx CICompilerCount                          = 3                                         {product} {ergonomic}
     uint ConcGCThreads                            = 1                                         {product} {ergonomic}
     uint G1ConcRefinementThreads                  = 4                                         {product} {ergonomic}
   size_t G1HeapRegionSize                         = 1048576                                   {product} {ergonomic}
    uintx GCDrainStackTargetSize                   = 64                                        {product} {ergonomic}
   size_t InitialHeapSize                          = 134217728                                 {product} {ergonomic}
   size_t MarkStackSize                            = 4194304                                   {product} {ergonomic}
   size_t MaxHeapSize                              = 2116026368                                {product} {ergonomic}
   size_t MaxNewSize                               = 1268776960                                {product} {ergonomic}
   size_t MinHeapDeltaBytes                        = 1048576                                   {product} {ergonomic}
   size_t MinHeapSize                              = 8388608                                   {product} {ergonomic}
    uintx NonNMethodCodeHeapSize                   = 5832780                                {pd product} {ergonomic}
    uintx NonProfiledCodeHeapSize                  = 122912730                              {pd product} {ergonomic}
    uintx ProfiledCodeHeapSize                     = 122912730                              {pd product} {ergonomic}
    uintx ReservedCodeCacheSize                    = 251658240                              {pd product} {ergonomic}
     bool SegmentedCodeCache                       = true                                      {product} {ergonomic}
   size_t SoftMaxHeapSize                          = 2116026368                             {manageable} {ergonomic}
     bool UseCompressedClassPointers               = true                           {product lp64_product} {ergonomic}
     bool UseCompressedOops                        = true                           {product lp64_product} {ergonomic}
     bool UseG1GC                                  = true                                      {product} {ergonomic}
     bool UseLargePagesIndividualAllocation        = false                                  {pd product} {ergonomic}

Logging:
Log output configuration:
 #0: stdout all=warning uptime,level,tags foldmultilines=false
 #1: stderr all=off uptime,level,tags foldmultilines=false

Environment Variables:
PATH=C:\Program Files\Common Files\Oracle\Java\javapath;C:\Windows\system32;C:\Windows;C:\Windows\System32\Wbem;C:\Windows\System32\WindowsPowerShell\v1.0\;C:\Windows\System32\OpenSSH\;C:\Program Files\Java\jdk-20\bin;C:\Users\DELL\AppData\Local\Microsoft\WindowsApps;C:\Program Files\Bandizip\;D:\IntelliJ IDEA 2023.2\bin;
USERNAME=DELL
OS=Windows_NT
PROCESSOR_IDENTIFIER=Intel64 Family 6 Model 58 Stepping 9, GenuineIntel
TMP=C:\Users\DELL\AppData\Local\Temp
TEMP=C:\Users\DELL\AppData\Local\Temp




---------------  S Y S T E M  ---------------

OS:
 Windows 10 , 64 bit Build 19041 (10.0.19041.2788)
OS uptime: 1 days 0:16 hours

CPU: total 4 (initial active 4) (2 cores per cpu, 2 threads per core) family 6 model 58 stepping 9 microcode 0x21, cx8, cmov, fxsr, ht, mmx, sse, sse2, sse3, ssse3, sse4.1, sse4.2, popcnt, tsc, tscinvbit, avx, erms, clmul, vzeroupper, clflush, rdtscp, f16c

Memory: 4k page, system-wide physical 8067M (1663M free)
TotalPageFile size 20926M (AvailPageFile size 5M)
current process WorkingSet (physical memory assigned to process): 93M, peak: 93M
current process commit charge ("private bytes"): 238M, peak: 238M

vm_info: Java HotSpot(TM) 64-Bit Server VM (20.0.1+9-29) for windows-amd64 JRE (20.0.1+9-29), built on 2023-03-07T13:56:11Z by "mach5one" with MS VC++ 17.1 (VS2022)

END.
