#
# There is insufficient memory for the Java Runtime Environment to continue.
# Native memory allocation (mmap) failed to map 65536 bytes for Failed to commit metaspace.
# Possible reasons:
#   The system is out of physical RAM or swap space
#   The process is running with CompressedOops enabled, and the Java Heap may be blocking the growth of the native heap
# Possible solutions:
#   Reduce memory load on the system
#   Increase physical memory or swap space
#   Check if swap backing store is full
#   Decrease Java heap size (-Xmx/-Xms)
#   Decrease number of Java threads
#   Decrease Java thread stack sizes (-Xss)
#   Set larger code cache with -XX:ReservedCodeCacheSize=
#   JVM is running with Unscaled Compressed Oops mode in which the Java heap is
#     placed in the first 4GB address space. The Java Heap base address is the
#     maximum limit for the native heap growth. Please use -XX:HeapBaseMinAddress
#     to set the Java Heap base and to place the Java Heap above 4GB virtual address.
# This output file may be truncated or incomplete.
#
#  Out of Memory Error (virtualSpaceNode.cpp:110), pid=11200, tid=2240
#
# JRE version: Java(TM) SE Runtime Environment (20.0.1+9) (build 20.0.1+9-29)
# Java VM: Java HotSpot(TM) 64-Bit Server VM (20.0.1+9-29, mixed mode, sharing, tiered, compressed oops, compressed class ptrs, g1 gc, windows-amd64)
# No core dump will be written. Minidumps are not enabled by default on client versions of Windows
#

---------------  S U M M A R Y ------------

Command Line: -Dfile.encoding=UTF-8 --module-path=C:\Users\DELL\Documents\NetBeansProjects\Hotel Management System\build\classes hotel.management.system.Department

Host: Intel(R) Core(TM) i3-3217U CPU @ 1.80GHz, 4 cores, 7G,  Windows 10 , 64 bit Build 19041 (10.0.19041.2788)
Time: Sat Sep 23 23:39:13 2023 Pacific Daylight Time elapsed time: 1.109770 seconds (0d 0h 0m 1s)

---------------  T H R E A D  ---------------

Current thread (0x0000012a241296f0):  JavaThread "main" [_thread_in_vm, id=2240, stack(0x000000068de00000,0x000000068df00000)]

Stack: [0x000000068de00000,0x000000068df00000]
Native frames: (J=compiled Java code, j=interpreted, Vv=VM code, C=native code)
V  [jvm.dll+0x6bb95a]
V  [jvm.dll+0x8485fa]
V  [jvm.dll+0x84a1f5]
V  [jvm.dll+0x84a8f3]
V  [jvm.dll+0x280b0f]
V  [jvm.dll+0x84453b]
V  [jvm.dll+0x65fd86]
V  [jvm.dll+0x65fdea]
V  [jvm.dll+0x6626c3]
V  [jvm.dll+0x66258e]
V  [jvm.dll+0x66079e]
V  [jvm.dll+0x66ae17]
V  [jvm.dll+0x21b442]
V  [jvm.dll+0x21b975]
V  [jvm.dll+0x21c361]
V  [jvm.dll+0x211780]
V  [jvm.dll+0x59c26c]
V  [jvm.dll+0x222d6a]
V  [jvm.dll+0x7c2cb4]
V  [jvm.dll+0x7c3dff]
V  [jvm.dll+0x7c43af]
V  [jvm.dll+0x7c4058]
V  [jvm.dll+0x27024b]
V  [jvm.dll+0x3d84fe]
C  0x0000012a3374f7df

Java frames: (J=compiled Java code, j=interpreted, Vv=VM code)
j  sun.nio.ch.Util$1.initialValue()Lsun/nio/ch/Util$BufferCache;+0 java.base@20.0.1
j  sun.nio.ch.Util$1.initialValue()Ljava/lang/Object;+1 java.base@20.0.1
j  java.lang.ThreadLocal.setInitialValue(Ljava/lang/Thread;)Ljava/lang/Object;+1 java.base@20.0.1
j  java.lang.ThreadLocal.get(Ljava/lang/Thread;)Ljava/lang/Object;+43 java.base@20.0.1
j  java.lang.ThreadLocal.getCarrierThreadLocal()Ljava/lang/Object;+25 java.base@20.0.1
j  java.lang.System$2.getCarrierThreadLocal(Ljdk/internal/misc/CarrierThreadLocal;)Ljava/lang/Object;+1 java.base@20.0.1
j  jdk.internal.misc.CarrierThreadLocal.get()Ljava/lang/Object;+4 java.base@20.0.1
j  sun.nio.ch.Util.getTemporaryDirectBuffer(I)Ljava/nio/ByteBuffer;+15 java.base@20.0.1
j  sun.nio.ch.NioSocketImpl.tryRead(Ljava/io/FileDescriptor;[BII)I+2 java.base@20.0.1
j  sun.nio.ch.NioSocketImpl.implRead([BII)I+109 java.base@20.0.1
j  sun.nio.ch.NioSocketImpl.read([BII)I+54 java.base@20.0.1
j  sun.nio.ch.NioSocketImpl$1.read([BII)I+7 java.base@20.0.1
j  java.net.Socket$SocketInputStream.read([BII)I+7 java.base@20.0.1
j  com.mysql.cj.protocol.ReadAheadInputStream.fill(I)V+262
j  com.mysql.cj.protocol.ReadAheadInputStream.readFromUnderlyingStreamIfNecessary([BII)I+179
j  com.mysql.cj.protocol.ReadAheadInputStream.read([BII)I+48
j  java.io.FilterInputStream.read([BII)I+7 java.base@20.0.1
j  com.mysql.cj.protocol.FullReadInputStream.readFully([BII)I+31
j  com.mysql.cj.protocol.a.SimplePacketReader.readHeaderLocal()Lcom/mysql/cj/protocol/a/NativePacketHeader;+26
j  com.mysql.cj.protocol.a.SimplePacketReader.readHeader()Lcom/mysql/cj/protocol/a/NativePacketHeader;+8
j  com.mysql.cj.protocol.a.SimplePacketReader.readHeader()Lcom/mysql/cj/protocol/MessageHeader;+1
j  com.mysql.cj.protocol.a.NativeProtocol.readMessage(Lcom/mysql/cj/protocol/a/NativePacketPayload;)Lcom/mysql/cj/protocol/a/NativePacketPayload;+4
j  com.mysql.cj.protocol.a.NativeProtocol.readServerCapabilities()Lcom/mysql/cj/protocol/a/NativeCapabilities;+2
j  com.mysql.cj.protocol.a.NativeProtocol.beforeHandshake()V+50
j  com.mysql.cj.protocol.a.NativeProtocol.connect(Ljava/lang/String;Ljava/lang/String;Ljava/lang/String;)V+1
j  com.mysql.cj.NativeSession.connect(Lcom/mysql/cj/conf/HostInfo;Ljava/lang/String;Ljava/lang/String;Ljava/lang/String;ILcom/mysql/cj/TransactionEventHandler;)V+110
j  com.mysql.cj.jdbc.ConnectionImpl.connectOneTryOnly(Z)V+32
j  com.mysql.cj.jdbc.ConnectionImpl.createNewIO(Z)V+27
j  com.mysql.cj.jdbc.ConnectionImpl.<init>(Lcom/mysql/cj/conf/HostInfo;)V+753
j  com.mysql.cj.jdbc.ConnectionImpl.getInstance(Lcom/mysql/cj/conf/HostInfo;)Lcom/mysql/cj/jdbc/JdbcConnection;+5
j  com.mysql.cj.jdbc.NonRegisteringDriver.connect(Ljava/lang/String;Ljava/util/Properties;)Ljava/sql/Connection;+72
j  java.sql.DriverManager.getConnection(Ljava/lang/String;Ljava/util/Properties;Ljava/lang/Class;)Ljava/sql/Connection;+133 java.sql@20.0.1
j  java.sql.DriverManager.getConnection(Ljava/lang/String;Ljava/lang/String;Ljava/lang/String;)Ljava/sql/Connection;+37 java.sql@20.0.1
j  hotel.management.system.Conn.<init>()V+17
j  hotel.management.system.Department.<init>()V+117
j  hotel.management.system.Department.main([Ljava/lang/String;)V+4
v  ~StubRoutines::call_stub 0x0000012a3372100d

---------------  P R O C E S S  ---------------

Threads class SMR info:
_java_thread_list=0x0000012a447be300, length=16, elements={
0x0000012a241296f0, 0x0000012a4023f4c0, 0x0000012a40240460, 0x0000012a40241680,
0x0000012a40244fe0, 0x0000012a40245c60, 0x0000012a40246740, 0x0000012a4024aa50,
0x0000012a4024b570, 0x0000012a4020b890, 0x0000012a445461c0, 0x0000012a4472cfb0,
0x0000012a4472d500, 0x0000012a4476a7d0, 0x0000012a447fe120, 0x0000012a44f08a80
}

Java Threads: ( => current thread )
=>0x0000012a241296f0 JavaThread "main" [_thread_in_vm, id=2240, stack(0x000000068de00000,0x000000068df00000)]
  0x0000012a4023f4c0 JavaThread "Reference Handler" daemon [_thread_blocked, id=17620, stack(0x000000068e500000,0x000000068e600000)]
  0x0000012a40240460 JavaThread "Finalizer" daemon [_thread_blocked, id=17584, stack(0x000000068e600000,0x000000068e700000)]
  0x0000012a40241680 JavaThread "Signal Dispatcher" daemon [_thread_blocked, id=17560, stack(0x000000068e700000,0x000000068e800000)]
  0x0000012a40244fe0 JavaThread "Attach Listener" daemon [_thread_blocked, id=17556, stack(0x000000068e800000,0x000000068e900000)]
  0x0000012a40245c60 JavaThread "Service Thread" daemon [_thread_blocked, id=17592, stack(0x000000068e900000,0x000000068ea00000)]
  0x0000012a40246740 JavaThread "Monitor Deflation Thread" daemon [_thread_blocked, id=17596, stack(0x000000068ea00000,0x000000068eb00000)]
  0x0000012a4024aa50 JavaThread "C2 CompilerThread0" daemon [_thread_blocked, id=17588, stack(0x000000068eb00000,0x000000068ec00000)]
  0x0000012a4024b570 JavaThread "C1 CompilerThread0" daemon [_thread_blocked, id=17564, stack(0x000000068ec00000,0x000000068ed00000)]
  0x0000012a4020b890 JavaThread "Common-Cleaner" daemon [_thread_blocked, id=16780, stack(0x000000068ed00000,0x000000068ee00000)]
  0x0000012a445461c0 JavaThread "Notification Thread" daemon [_thread_blocked, id=16508, stack(0x000000068ee00000,0x000000068ef00000)]
  0x0000012a4472cfb0 JavaThread "Java2D Disposer" daemon [_thread_blocked, id=9600, stack(0x000000068f000000,0x000000068f100000)]
  0x0000012a4472d500 JavaThread "AWT-Shutdown" [_thread_blocked, id=4372, stack(0x000000068f100000,0x000000068f200000)]
  0x0000012a4476a7d0 JavaThread "AWT-Windows" daemon [_thread_in_native, id=12584, stack(0x000000068f200000,0x000000068f300000)]
  0x0000012a447fe120 JavaThread "mysql-cj-abandoned-connection-cleanup" daemon [_thread_blocked, id=17628, stack(0x000000068f300000,0x000000068f400000)]
  0x0000012a44f08a80 JavaThread "C2 CompilerThread1" daemon [_thread_blocked, id=3332, stack(0x000000068f400000,0x000000068f500000)]

Other Threads:
  0x0000012a40221a10 VMThread "VM Thread" [stack: 0x000000068e400000,0x000000068e500000] [id=17616]
  0x0000012a44546710 WatcherThread "VM Periodic Task Thread" [stack: 0x000000068ef00000,0x000000068f000000] [id=15588]
  0x0000012a2418a470 WorkerThread "GC Thread#0" [stack: 0x000000068df00000,0x000000068e000000] [id=17624]
  0x0000012a2419b070 ConcurrentGCThread "G1 Main Marker" [stack: 0x000000068e000000,0x000000068e100000] [id=17612]
  0x0000012a2419d160 WorkerThread "G1 Conc#0" [stack: 0x000000068e100000,0x000000068e200000] [id=17608]
  0x0000012a400d20b0 ConcurrentGCThread "G1 Refine#0" [stack: 0x000000068e200000,0x000000068e300000] [id=17604]
  0x0000012a400d2a60 ConcurrentGCThread "G1 Service" [stack: 0x000000068e300000,0x000000068e400000] [id=17600]

Threads with active compile tasks:

VM state: not at safepoint (normal execution)

VM Mutex/Monitor currently owned by a thread:  ([mutex/lock_event])
[0x0000012a21ef9230] Metaspace_lock - owner thread: 0x0000012a241296f0

Heap address: 0x0000000081e00000, size: 2018 MB, Compressed Oops mode: 32-bit

CDS archive(s) mapped at: [0x0000000800000000-0x0000000800c60000-0x0000000800c60000), size 12976128, SharedBaseAddress: 0x0000000800000000, ArchiveRelocationMode: 0.
Compressed class space mapped at: 0x0000000801000000-0x0000000841000000, reserved size: 1073741824
Narrow klass base: 0x0000000800000000, Narrow klass shift: 0, Narrow klass range: 0x100000000

GC Precious Log:
 CardTable entry size: 512
 Card Set container configuration: InlinePtr #cards 5 size 8 Array Of Cards #cards 12 size 40 Howl #buckets 4 coarsen threshold 1843 Howl Bitmap #cards 512 size 80 coarsen threshold 460 Card regions per heap region 1 cards per card region 2048
 CPUs: 4 total, 4 available
 Memory: 8067M
 Large Page Support: Disabled
 NUMA Support: Disabled
 Compressed Oops: Enabled (32-bit)
 Heap Region Size: 1M
 Heap Min Capacity: 8M
 Heap Initial Capacity: 128M
 Heap Max Capacity: 2018M
 Pre-touch: Disabled
 Parallel Workers: 4
 Concurrent Workers: 1
 Concurrent Refinement Workers: 4
 Periodic GC: Disabled

Heap:
 garbage-first heap   total 131072K, used 11264K [0x0000000081e00000, 0x0000000100000000)
  region size 1024K, 12 young (12288K), 0 survivors (0K)
 Metaspace       used 7929K, committed 8064K, reserved 1114112K
  class space    used 831K, committed 896K, reserved 1048576K

Heap Regions: E=young(eden), S=young(survivor), O=old, HS=humongous(starts), HC=humongous(continues), CS=collection set, F=free, OA=open archive, CA=closed archive, TAMS=top-at-mark-start, PB=parsable bottom
|   0|0x0000000081e00000, 0x0000000081e00000, 0x0000000081f00000|  0%| F|  |TAMS 0x0000000081e00000| PB 0x0000000081e00000| Untracked 
|   1|0x0000000081f00000, 0x0000000081f00000, 0x0000000082000000|  0%| F|  |TAMS 0x0000000081f00000| PB 0x0000000081f00000| Untracked 
|   2|0x0000000082000000, 0x0000000082000000, 0x0000000082100000|  0%| F|  |TAMS 0x0000000082000000| PB 0x0000000082000000| Untracked 
|   3|0x0000000082100000, 0x0000000082100000, 0x0000000082200000|  0%| F|  |TAMS 0x0000000082100000| PB 0x0000000082100000| Untracked 
|   4|0x0000000082200000, 0x0000000082200000, 0x0000000082300000|  0%| F|  |TAMS 0x0000000082200000| PB 0x0000000082200000| Untracked 
|   5|0x0000000082300000, 0x0000000082300000, 0x0000000082400000|  0%| F|  |TAMS 0x0000000082300000| PB 0x0000000082300000| Untracked 
|   6|0x0000000082400000, 0x0000000082400000, 0x0000000082500000|  0%| F|  |TAMS 0x0000000082400000| PB 0x0000000082400000| Untracked 
|   7|0x0000000082500000, 0x0000000082500000, 0x0000000082600000|  0%| F|  |TAMS 0x0000000082500000| PB 0x0000000082500000| Untracked 
|   8|0x0000000082600000, 0x0000000082600000, 0x0000000082700000|  0%| F|  |TAMS 0x0000000082600000| PB 0x0000000082600000| Untracked 
|   9|0x0000000082700000, 0x0000000082700000, 0x0000000082800000|  0%| F|  |TAMS 0x0000000082700000| PB 0x0000000082700000| Untracked 
|  10|0x0000000082800000, 0x0000000082800000, 0x0000000082900000|  0%| F|  |TAMS 0x0000000082800000| PB 0x0000000082800000| Untracked 
|  11|0x0000000082900000, 0x0000000082900000, 0x0000000082a00000|  0%| F|  |TAMS 0x0000000082900000| PB 0x0000000082900000| Untracked 
|  12|0x0000000082a00000, 0x0000000082a00000, 0x0000000082b00000|  0%| F|  |TAMS 0x0000000082a00000| PB 0x0000000082a00000| Untracked 
|  13|0x0000000082b00000, 0x0000000082b00000, 0x0000000082c00000|  0%| F|  |TAMS 0x0000000082b00000| PB 0x0000000082b00000| Untracked 
|  14|0x0000000082c00000, 0x0000000082c00000, 0x0000000082d00000|  0%| F|  |TAMS 0x0000000082c00000| PB 0x0000000082c00000| Untracked 
|  15|0x0000000082d00000, 0x0000000082d00000, 0x0000000082e00000|  0%| F|  |TAMS 0x0000000082d00000| PB 0x0000000082d00000| Untracked 
|  16|0x0000000082e00000, 0x0000000082e00000, 0x0000000082f00000|  0%| F|  |TAMS 0x0000000082e00000| PB 0x0000000082e00000| Untracked 
|  17|0x0000000082f00000, 0x0000000082f00000, 0x0000000083000000|  0%| F|  |TAMS 0x0000000082f00000| PB 0x0000000082f00000| Untracked 
|  18|0x0000000083000000, 0x0000000083000000, 0x0000000083100000|  0%| F|  |TAMS 0x0000000083000000| PB 0x0000000083000000| Untracked 
|  19|0x0000000083100000, 0x0000000083100000, 0x0000000083200000|  0%| F|  |TAMS 0x0000000083100000| PB 0x0000000083100000| Untracked 
|  20|0x0000000083200000, 0x0000000083200000, 0x0000000083300000|  0%| F|  |TAMS 0x0000000083200000| PB 0x0000000083200000| Untracked 
|  21|0x0000000083300000, 0x0000000083300000, 0x0000000083400000|  0%| F|  |TAMS 0x0000000083300000| PB 0x0000000083300000| Untracked 
|  22|0x0000000083400000, 0x0000000083400000, 0x0000000083500000|  0%| F|  |TAMS 0x0000000083400000| PB 0x0000000083400000| Untracked 
|  23|0x0000000083500000, 0x0000000083500000, 0x0000000083600000|  0%| F|  |TAMS 0x0000000083500000| PB 0x0000000083500000| Untracked 
|  24|0x0000000083600000, 0x0000000083600000, 0x0000000083700000|  0%| F|  |TAMS 0x0000000083600000| PB 0x0000000083600000| Untracked 
|  25|0x0000000083700000, 0x0000000083700000, 0x0000000083800000|  0%| F|  |TAMS 0x0000000083700000| PB 0x0000000083700000| Untracked 
|  26|0x0000000083800000, 0x0000000083800000, 0x0000000083900000|  0%| F|  |TAMS 0x0000000083800000| PB 0x0000000083800000| Untracked 
|  27|0x0000000083900000, 0x0000000083900000, 0x0000000083a00000|  0%| F|  |TAMS 0x0000000083900000| PB 0x0000000083900000| Untracked 
|  28|0x0000000083a00000, 0x0000000083a00000, 0x0000000083b00000|  0%| F|  |TAMS 0x0000000083a00000| PB 0x0000000083a00000| Untracked 
|  29|0x0000000083b00000, 0x0000000083b00000, 0x0000000083c00000|  0%| F|  |TAMS 0x0000000083b00000| PB 0x0000000083b00000| Untracked 
|  30|0x0000000083c00000, 0x0000000083c00000, 0x0000000083d00000|  0%| F|  |TAMS 0x0000000083c00000| PB 0x0000000083c00000| Untracked 
|  31|0x0000000083d00000, 0x0000000083d00000, 0x0000000083e00000|  0%| F|  |TAMS 0x0000000083d00000| PB 0x0000000083d00000| Untracked 
|  32|0x0000000083e00000, 0x0000000083e00000, 0x0000000083f00000|  0%| F|  |TAMS 0x0000000083e00000| PB 0x0000000083e00000| Untracked 
|  33|0x0000000083f00000, 0x0000000083f00000, 0x0000000084000000|  0%| F|  |TAMS 0x0000000083f00000| PB 0x0000000083f00000| Untracked 
|  34|0x0000000084000000, 0x0000000084000000, 0x0000000084100000|  0%| F|  |TAMS 0x0000000084000000| PB 0x0000000084000000| Untracked 
|  35|0x0000000084100000, 0x0000000084100000, 0x0000000084200000|  0%| F|  |TAMS 0x0000000084100000| PB 0x0000000084100000| Untracked 
|  36|0x0000000084200000, 0x0000000084200000, 0x0000000084300000|  0%| F|  |TAMS 0x0000000084200000| PB 0x0000000084200000| Untracked 
|  37|0x0000000084300000, 0x0000000084300000, 0x0000000084400000|  0%| F|  |TAMS 0x0000000084300000| PB 0x0000000084300000| Untracked 
|  38|0x0000000084400000, 0x0000000084400000, 0x0000000084500000|  0%| F|  |TAMS 0x0000000084400000| PB 0x0000000084400000| Untracked 
|  39|0x0000000084500000, 0x0000000084500000, 0x0000000084600000|  0%| F|  |TAMS 0x0000000084500000| PB 0x0000000084500000| Untracked 
|  40|0x0000000084600000, 0x0000000084600000, 0x0000000084700000|  0%| F|  |TAMS 0x0000000084600000| PB 0x0000000084600000| Untracked 
|  41|0x0000000084700000, 0x0000000084700000, 0x0000000084800000|  0%| F|  |TAMS 0x0000000084700000| PB 0x0000000084700000| Untracked 
|  42|0x0000000084800000, 0x0000000084800000, 0x0000000084900000|  0%| F|  |TAMS 0x0000000084800000| PB 0x0000000084800000| Untracked 
|  43|0x0000000084900000, 0x0000000084900000, 0x0000000084a00000|  0%| F|  |TAMS 0x0000000084900000| PB 0x0000000084900000| Untracked 
|  44|0x0000000084a00000, 0x0000000084a00000, 0x0000000084b00000|  0%| F|  |TAMS 0x0000000084a00000| PB 0x0000000084a00000| Untracked 
|  45|0x0000000084b00000, 0x0000000084b00000, 0x0000000084c00000|  0%| F|  |TAMS 0x0000000084b00000| PB 0x0000000084b00000| Untracked 
|  46|0x0000000084c00000, 0x0000000084c00000, 0x0000000084d00000|  0%| F|  |TAMS 0x0000000084c00000| PB 0x0000000084c00000| Untracked 
|  47|0x0000000084d00000, 0x0000000084d00000, 0x0000000084e00000|  0%| F|  |TAMS 0x0000000084d00000| PB 0x0000000084d00000| Untracked 
|  48|0x0000000084e00000, 0x0000000084e00000, 0x0000000084f00000|  0%| F|  |TAMS 0x0000000084e00000| PB 0x0000000084e00000| Untracked 
|  49|0x0000000084f00000, 0x0000000084f00000, 0x0000000085000000|  0%| F|  |TAMS 0x0000000084f00000| PB 0x0000000084f00000| Untracked 
|  50|0x0000000085000000, 0x0000000085000000, 0x0000000085100000|  0%| F|  |TAMS 0x0000000085000000| PB 0x0000000085000000| Untracked 
|  51|0x0000000085100000, 0x0000000085100000, 0x0000000085200000|  0%| F|  |TAMS 0x0000000085100000| PB 0x0000000085100000| Untracked 
|  52|0x0000000085200000, 0x0000000085200000, 0x0000000085300000|  0%| F|  |TAMS 0x0000000085200000| PB 0x0000000085200000| Untracked 
|  53|0x0000000085300000, 0x0000000085300000, 0x0000000085400000|  0%| F|  |TAMS 0x0000000085300000| PB 0x0000000085300000| Untracked 
|  54|0x0000000085400000, 0x0000000085400000, 0x0000000085500000|  0%| F|  |TAMS 0x0000000085400000| PB 0x0000000085400000| Untracked 
|  55|0x0000000085500000, 0x0000000085500000, 0x0000000085600000|  0%| F|  |TAMS 0x0000000085500000| PB 0x0000000085500000| Untracked 
|  56|0x0000000085600000, 0x0000000085600000, 0x0000000085700000|  0%| F|  |TAMS 0x0000000085600000| PB 0x0000000085600000| Untracked 
|  57|0x0000000085700000, 0x0000000085700000, 0x0000000085800000|  0%| F|  |TAMS 0x0000000085700000| PB 0x0000000085700000| Untracked 
|  58|0x0000000085800000, 0x0000000085800000, 0x0000000085900000|  0%| F|  |TAMS 0x0000000085800000| PB 0x0000000085800000| Untracked 
|  59|0x0000000085900000, 0x0000000085900000, 0x0000000085a00000|  0%| F|  |TAMS 0x0000000085900000| PB 0x0000000085900000| Untracked 
|  60|0x0000000085a00000, 0x0000000085a00000, 0x0000000085b00000|  0%| F|  |TAMS 0x0000000085a00000| PB 0x0000000085a00000| Untracked 
|  61|0x0000000085b00000, 0x0000000085b00000, 0x0000000085c00000|  0%| F|  |TAMS 0x0000000085b00000| PB 0x0000000085b00000| Untracked 
|  62|0x0000000085c00000, 0x0000000085c00000, 0x0000000085d00000|  0%| F|  |TAMS 0x0000000085c00000| PB 0x0000000085c00000| Untracked 
|  63|0x0000000085d00000, 0x0000000085d00000, 0x0000000085e00000|  0%| F|  |TAMS 0x0000000085d00000| PB 0x0000000085d00000| Untracked 
|  64|0x0000000085e00000, 0x0000000085e00000, 0x0000000085f00000|  0%| F|  |TAMS 0x0000000085e00000| PB 0x0000000085e00000| Untracked 
|  65|0x0000000085f00000, 0x0000000085f00000, 0x0000000086000000|  0%| F|  |TAMS 0x0000000085f00000| PB 0x0000000085f00000| Untracked 
|  66|0x0000000086000000, 0x0000000086000000, 0x0000000086100000|  0%| F|  |TAMS 0x0000000086000000| PB 0x0000000086000000| Untracked 
|  67|0x0000000086100000, 0x0000000086100000, 0x0000000086200000|  0%| F|  |TAMS 0x0000000086100000| PB 0x0000000086100000| Untracked 
|  68|0x0000000086200000, 0x0000000086200000, 0x0000000086300000|  0%| F|  |TAMS 0x0000000086200000| PB 0x0000000086200000| Untracked 
|  69|0x0000000086300000, 0x0000000086300000, 0x0000000086400000|  0%| F|  |TAMS 0x0000000086300000| PB 0x0000000086300000| Untracked 
|  70|0x0000000086400000, 0x0000000086400000, 0x0000000086500000|  0%| F|  |TAMS 0x0000000086400000| PB 0x0000000086400000| Untracked 
|  71|0x0000000086500000, 0x0000000086500000, 0x0000000086600000|  0%| F|  |TAMS 0x0000000086500000| PB 0x0000000086500000| Untracked 
|  72|0x0000000086600000, 0x0000000086600000, 0x0000000086700000|  0%| F|  |TAMS 0x0000000086600000| PB 0x0000000086600000| Untracked 
|  73|0x0000000086700000, 0x0000000086700000, 0x0000000086800000|  0%| F|  |TAMS 0x0000000086700000| PB 0x0000000086700000| Untracked 
|  74|0x0000000086800000, 0x0000000086800000, 0x0000000086900000|  0%| F|  |TAMS 0x0000000086800000| PB 0x0000000086800000| Untracked 
|  75|0x0000000086900000, 0x0000000086900000, 0x0000000086a00000|  0%| F|  |TAMS 0x0000000086900000| PB 0x0000000086900000| Untracked 
|  76|0x0000000086a00000, 0x0000000086a00000, 0x0000000086b00000|  0%| F|  |TAMS 0x0000000086a00000| PB 0x0000000086a00000| Untracked 
|  77|0x0000000086b00000, 0x0000000086b00000, 0x0000000086c00000|  0%| F|  |TAMS 0x0000000086b00000| PB 0x0000000086b00000| Untracked 
|  78|0x0000000086c00000, 0x0000000086c00000, 0x0000000086d00000|  0%| F|  |TAMS 0x0000000086c00000| PB 0x0000000086c00000| Untracked 
|  79|0x0000000086d00000, 0x0000000086d00000, 0x0000000086e00000|  0%| F|  |TAMS 0x0000000086d00000| PB 0x0000000086d00000| Untracked 
|  80|0x0000000086e00000, 0x0000000086e00000, 0x0000000086f00000|  0%| F|  |TAMS 0x0000000086e00000| PB 0x0000000086e00000| Untracked 
|  81|0x0000000086f00000, 0x0000000086f00000, 0x0000000087000000|  0%| F|  |TAMS 0x0000000086f00000| PB 0x0000000086f00000| Untracked 
|  82|0x0000000087000000, 0x0000000087000000, 0x0000000087100000|  0%| F|  |TAMS 0x0000000087000000| PB 0x0000000087000000| Untracked 
|  83|0x0000000087100000, 0x0000000087100000, 0x0000000087200000|  0%| F|  |TAMS 0x0000000087100000| PB 0x0000000087100000| Untracked 
|  84|0x0000000087200000, 0x0000000087200000, 0x0000000087300000|  0%| F|  |TAMS 0x0000000087200000| PB 0x0000000087200000| Untracked 
|  85|0x0000000087300000, 0x0000000087300000, 0x0000000087400000|  0%| F|  |TAMS 0x0000000087300000| PB 0x0000000087300000| Untracked 
|  86|0x0000000087400000, 0x0000000087400000, 0x0000000087500000|  0%| F|  |TAMS 0x0000000087400000| PB 0x0000000087400000| Untracked 
|  87|0x0000000087500000, 0x0000000087500000, 0x0000000087600000|  0%| F|  |TAMS 0x0000000087500000| PB 0x0000000087500000| Untracked 
|  88|0x0000000087600000, 0x0000000087600000, 0x0000000087700000|  0%| F|  |TAMS 0x0000000087600000| PB 0x0000000087600000| Untracked 
|  89|0x0000000087700000, 0x0000000087700000, 0x0000000087800000|  0%| F|  |TAMS 0x0000000087700000| PB 0x0000000087700000| Untracked 
|  90|0x0000000087800000, 0x0000000087800000, 0x0000000087900000|  0%| F|  |TAMS 0x0000000087800000| PB 0x0000000087800000| Untracked 
|  91|0x0000000087900000, 0x0000000087900000, 0x0000000087a00000|  0%| F|  |TAMS 0x0000000087900000| PB 0x0000000087900000| Untracked 
|  92|0x0000000087a00000, 0x0000000087a00000, 0x0000000087b00000|  0%| F|  |TAMS 0x0000000087a00000| PB 0x0000000087a00000| Untracked 
|  93|0x0000000087b00000, 0x0000000087b00000, 0x0000000087c00000|  0%| F|  |TAMS 0x0000000087b00000| PB 0x0000000087b00000| Untracked 
|  94|0x0000000087c00000, 0x0000000087c00000, 0x0000000087d00000|  0%| F|  |TAMS 0x0000000087c00000| PB 0x0000000087c00000| Untracked 
|  95|0x0000000087d00000, 0x0000000087d00000, 0x0000000087e00000|  0%| F|  |TAMS 0x0000000087d00000| PB 0x0000000087d00000| Untracked 
|  96|0x0000000087e00000, 0x0000000087e00000, 0x0000000087f00000|  0%| F|  |TAMS 0x0000000087e00000| PB 0x0000000087e00000| Untracked 
|  97|0x0000000087f00000, 0x0000000087f00000, 0x0000000088000000|  0%| F|  |TAMS 0x0000000087f00000| PB 0x0000000087f00000| Untracked 
|  98|0x0000000088000000, 0x0000000088000000, 0x0000000088100000|  0%| F|  |TAMS 0x0000000088000000| PB 0x0000000088000000| Untracked 
|  99|0x0000000088100000, 0x0000000088100000, 0x0000000088200000|  0%| F|  |TAMS 0x0000000088100000| PB 0x0000000088100000| Untracked 
| 100|0x0000000088200000, 0x0000000088200000, 0x0000000088300000|  0%| F|  |TAMS 0x0000000088200000| PB 0x0000000088200000| Untracked 
| 101|0x0000000088300000, 0x0000000088300000, 0x0000000088400000|  0%| F|  |TAMS 0x0000000088300000| PB 0x0000000088300000| Untracked 
| 102|0x0000000088400000, 0x0000000088400000, 0x0000000088500000|  0%| F|  |TAMS 0x0000000088400000| PB 0x0000000088400000| Untracked 
| 103|0x0000000088500000, 0x0000000088500000, 0x0000000088600000|  0%| F|  |TAMS 0x0000000088500000| PB 0x0000000088500000| Untracked 
| 104|0x0000000088600000, 0x0000000088600000, 0x0000000088700000|  0%| F|  |TAMS 0x0000000088600000| PB 0x0000000088600000| Untracked 
| 105|0x0000000088700000, 0x0000000088700000, 0x0000000088800000|  0%| F|  |TAMS 0x0000000088700000| PB 0x0000000088700000| Untracked 
| 106|0x0000000088800000, 0x0000000088800000, 0x0000000088900000|  0%| F|  |TAMS 0x0000000088800000| PB 0x0000000088800000| Untracked 
| 107|0x0000000088900000, 0x0000000088900000, 0x0000000088a00000|  0%| F|  |TAMS 0x0000000088900000| PB 0x0000000088900000| Untracked 
| 108|0x0000000088a00000, 0x0000000088a00000, 0x0000000088b00000|  0%| F|  |TAMS 0x0000000088a00000| PB 0x0000000088a00000| Untracked 
| 109|0x0000000088b00000, 0x0000000088b00000, 0x0000000088c00000|  0%| F|  |TAMS 0x0000000088b00000| PB 0x0000000088b00000| Untracked 
| 110|0x0000000088c00000, 0x0000000088c00000, 0x0000000088d00000|  0%| F|  |TAMS 0x0000000088c00000| PB 0x0000000088c00000| Untracked 
| 111|0x0000000088d00000, 0x0000000088d00000, 0x0000000088e00000|  0%| F|  |TAMS 0x0000000088d00000| PB 0x0000000088d00000| Untracked 
| 112|0x0000000088e00000, 0x0000000088e00000, 0x0000000088f00000|  0%| F|  |TAMS 0x0000000088e00000| PB 0x0000000088e00000| Untracked 
| 113|0x0000000088f00000, 0x0000000088f00000, 0x0000000089000000|  0%| F|  |TAMS 0x0000000088f00000| PB 0x0000000088f00000| Untracked 
| 114|0x0000000089000000, 0x0000000089000000, 0x0000000089100000|  0%| F|  |TAMS 0x0000000089000000| PB 0x0000000089000000| Untracked 
| 115|0x0000000089100000, 0x0000000089100000, 0x0000000089200000|  0%| F|  |TAMS 0x0000000089100000| PB 0x0000000089100000| Untracked 
| 116|0x0000000089200000, 0x00000000892c8d28, 0x0000000089300000| 78%| E|  |TAMS 0x0000000089200000| PB 0x0000000089200000| Complete 
| 117|0x0000000089300000, 0x0000000089400000, 0x0000000089400000|100%| E|CS|TAMS 0x0000000089300000| PB 0x0000000089300000| Complete 
| 118|0x0000000089400000, 0x0000000089500000, 0x0000000089500000|100%| E|CS|TAMS 0x0000000089400000| PB 0x0000000089400000| Complete 
| 119|0x0000000089500000, 0x0000000089600000, 0x0000000089600000|100%| E|CS|TAMS 0x0000000089500000| PB 0x0000000089500000| Complete 
| 120|0x0000000089600000, 0x0000000089700000, 0x0000000089700000|100%| E|CS|TAMS 0x0000000089600000| PB 0x0000000089600000| Complete 
| 121|0x0000000089700000, 0x0000000089800000, 0x0000000089800000|100%| E|CS|TAMS 0x0000000089700000| PB 0x0000000089700000| Complete 
| 122|0x0000000089800000, 0x0000000089900000, 0x0000000089900000|100%| E|CS|TAMS 0x0000000089800000| PB 0x0000000089800000| Complete 
| 123|0x0000000089900000, 0x0000000089a00000, 0x0000000089a00000|100%| E|CS|TAMS 0x0000000089900000| PB 0x0000000089900000| Complete 
| 124|0x0000000089a00000, 0x0000000089b00000, 0x0000000089b00000|100%| E|CS|TAMS 0x0000000089a00000| PB 0x0000000089a00000| Complete 
| 125|0x0000000089b00000, 0x0000000089c00000, 0x0000000089c00000|100%| E|CS|TAMS 0x0000000089b00000| PB 0x0000000089b00000| Complete 
| 126|0x0000000089c00000, 0x0000000089d00000, 0x0000000089d00000|100%| E|CS|TAMS 0x0000000089c00000| PB 0x0000000089c00000| Complete 
| 127|0x0000000089d00000, 0x0000000089e00000, 0x0000000089e00000|100%| E|CS|TAMS 0x0000000089d00000| PB 0x0000000089d00000| Complete 

Card table byte_map: [0x0000012a3b5f0000,0x0000012a3b9f0000] _byte_map_base: 0x0000012a3b1e1000

Marking Bits: (CMBitMap*) 0x0000012a2418a9b0
 Bits: [0x0000012a3bdf0000, 0x0000012a3dd78000)

Polling page: 0x0000012a22130000

Metaspace:

Usage:
  Non-class:      6.93 MB used.
      Class:    831.23 KB used.
       Both:      7.74 MB used.

Virtual space:
  Non-class space:       64.00 MB reserved,       7.00 MB ( 11%) committed,  1 nodes.
      Class space:        1.00 GB reserved,     896.00 KB ( <1%) committed,  1 nodes.
             Both:        1.06 GB reserved,       7.88 MB ( <1%) committed. 

Chunk freelists:
   Non-Class:  192.00 KB
       Class:  3.06 MB
        Both:  3.25 MB

MaxMetaspaceSize: unlimited
CompressedClassSpaceSize: 1.00 GB
Initial GC threshold: 21.00 MB
Current GC threshold: 21.00 MB
CDS: on
MetaspaceReclaimPolicy: balanced
 - commit_granule_bytes: 65536.
 - commit_granule_words: 8192.
 - virtual_space_node_default_size: 8388608.
 - enlarge_chunks_in_place: 1.
 - new_chunks_are_fully_committed: 0.
 - uncommit_free_chunks: 1.
 - use_allocation_guard: 0.


Internal statistics:

num_allocs_failed_limit: 0.
num_arena_births: 144.
num_arena_deaths: 0.
num_vsnodes_births: 2.
num_vsnodes_deaths: 0.
num_space_committed: 126.
num_space_uncommitted: 0.
num_chunks_returned_to_freelist: 0.
num_chunks_taken_from_freelist: 258.
num_chunk_merges: 0.
num_chunk_splits: 163.
num_chunks_enlarged: 95.
num_inconsistent_stats: 0.

CodeHeap 'non-profiled nmethods': size=120000Kb used=299Kb max_used=299Kb free=119700Kb
 bounds [0x0000012a33cc0000, 0x0000012a33f30000, 0x0000012a3b1f0000]
CodeHeap 'profiled nmethods': size=120000Kb used=1349Kb max_used=1349Kb free=118650Kb
 bounds [0x0000012a2c1f0000, 0x0000012a2c460000, 0x0000012a33720000]
CodeHeap 'non-nmethods': size=5760Kb used=1539Kb max_used=1569Kb free=4220Kb
 bounds [0x0000012a33720000, 0x0000012a33990000, 0x0000012a33cc0000]
 total_blobs=1479 nmethods=917 adapters=473
 compilation: enabled
              stopped_count=0, restarted_count=0
 full_count=0

Compilation events (20 events):
Event: 1.097 Thread 0x0000012a4024b570  908       3       java.lang.Integer::compareTo (9 bytes)
Event: 1.098 Thread 0x0000012a4024b570 nmethod 908 0x0000012a2c33e690 code [0x0000012a2c33e840, 0x0000012a2c33ebf8]
Event: 1.098 Thread 0x0000012a4024b570  909       3       java.lang.Integer::compareTo (12 bytes)
Event: 1.098 Thread 0x0000012a4024b570 nmethod 909 0x0000012a2c33ed10 code [0x0000012a2c33eec0, 0x0000012a2c33f128]
Event: 1.098 Thread 0x0000012a4024b570  910       3       java.lang.Integer::compare (20 bytes)
Event: 1.099 Thread 0x0000012a4024b570 nmethod 910 0x0000012a2c33f210 code [0x0000012a2c33f3a0, 0x0000012a2c33f580]
Event: 1.099 Thread 0x0000012a4024b570  911       3       java.util.TreeMap::put (8 bytes)
Event: 1.099 Thread 0x0000012a4024b570 nmethod 911 0x0000012a2c33f610 code [0x0000012a2c33f7a0, 0x0000012a2c33f8d8]
Event: 1.099 Thread 0x0000012a4024b570  912       3       java.util.TreeMap::getEntry (77 bytes)
Event: 1.100 Thread 0x0000012a4024b570 nmethod 912 0x0000012a2c33f990 code [0x0000012a2c33fb80, 0x0000012a2c340208]
Event: 1.101 Thread 0x0000012a4024b570  914       3       java.util.TreeMap::get (19 bytes)
Event: 1.102 Thread 0x0000012a4024b570 nmethod 914 0x0000012a2c340410 code [0x0000012a2c3405c0, 0x0000012a2c340780]
Event: 1.102 Thread 0x0000012a4024b570  915       3       java.util.TreeMap::containsKey (14 bytes)
Event: 1.102 Thread 0x0000012a4024b570 nmethod 915 0x0000012a2c340890 code [0x0000012a2c340a20, 0x0000012a2c340bb8]
Event: 1.103 Thread 0x0000012a44f08a80 nmethod 902 0x0000012a33d08f10 code [0x0000012a33d090c0, 0x0000012a33d09400]
Event: 1.103 Thread 0x0000012a44f08a80  913       4       java.lang.StringLatin1::compareTo (52 bytes)
Event: 1.103 Thread 0x0000012a4024b570  916       3       jdk.internal.loader.BuiltinClassLoader::loadClass (22 bytes)
Event: 1.104 Thread 0x0000012a4024b570 nmethod 916 0x0000012a2c340c90 code [0x0000012a2c340e40, 0x0000012a2c3410f0]
Event: 1.104 Thread 0x0000012a4024b570  917       3       sun.net.util.IPAddressUtil::earlyURLParsing (12 bytes)
Event: 1.104 Thread 0x0000012a4024b570 nmethod 917 0x0000012a2c341210 code [0x0000012a2c3413a0, 0x0000012a2c3414b0]

GC Heap History (0 events):
No events

Dll operation events (8 events):
Event: 0.011 Loaded shared library C:\Program Files\Java\jdk-20\bin\java.dll
Event: 0.027 Loaded shared library C:\Program Files\Java\jdk-20\bin\jsvml.dll
Event: 0.139 Loaded shared library C:\Program Files\Java\jdk-20\bin\net.dll
Event: 0.143 Loaded shared library C:\Program Files\Java\jdk-20\bin\nio.dll
Event: 0.203 Loaded shared library C:\Program Files\Java\jdk-20\bin\zip.dll
Event: 0.230 Loaded shared library C:\Program Files\Java\jdk-20\bin\jimage.dll
Event: 0.261 Loaded shared library C:\Program Files\Java\jdk-20\bin\awt.dll
Event: 0.952 Loaded shared library C:\Program Files\Java\jdk-20\bin\extnet.dll

Deoptimization events (8 events):
Event: 0.472 Thread 0x0000012a241296f0 Uncommon trap: trap_request=0xffffff45 fr.pc=0x0000012a33cd00f8 relative=0x00000000000009f8
Event: 0.472 Thread 0x0000012a241296f0 Uncommon trap: reason=unstable_if action=reinterpret pc=0x0000012a33cd00f8 method=java.util.HashMap.putVal(ILjava/lang/Object;Ljava/lang/Object;ZZ)Ljava/lang/Object; @ 81 c2
Event: 0.472 Thread 0x0000012a241296f0 DEOPT PACKING pc=0x0000012a33cd00f8 sp=0x000000068defe1b0
Event: 0.472 Thread 0x0000012a241296f0 DEOPT UNPACKING pc=0x0000012a33789d22 sp=0x000000068defe160 mode 2
Event: 0.809 Thread 0x0000012a241296f0 DEOPT PACKING pc=0x0000012a2c209dd7 sp=0x000000068def8fb0
Event: 0.809 Thread 0x0000012a241296f0 DEOPT UNPACKING pc=0x0000012a3378a4c2 sp=0x000000068def83d0 mode 0
Event: 0.875 Thread 0x0000012a241296f0 DEOPT PACKING pc=0x0000012a2c1f89c1 sp=0x000000068defc770
Event: 0.875 Thread 0x0000012a241296f0 DEOPT UNPACKING pc=0x0000012a3378a4c2 sp=0x000000068defbbe8 mode 0

Classes loaded (20 events):
Event: 1.082 Loading class sun/nio/cs/IBM866 done
Event: 1.085 Loading class sun/nio/cs/KOI8_R
Event: 1.085 Loading class sun/nio/cs/KOI8_R done
Event: 1.086 Loading class sun/nio/cs/MS1250
Event: 1.087 Loading class sun/nio/cs/MS1250 done
Event: 1.087 Loading class sun/nio/cs/MS1251
Event: 1.087 Loading class sun/nio/cs/MS1251 done
Event: 1.088 Loading class sun/nio/cs/MS1256
Event: 1.088 Loading class sun/nio/cs/MS1256 done
Event: 1.088 Loading class sun/nio/cs/MS1257
Event: 1.089 Loading class sun/nio/cs/MS1257 done
Event: 1.091 Loading class sun/nio/cs/UTF_32
Event: 1.092 Loading class sun/nio/cs/UTF_32 done
Event: 1.102 Loading class sun/nio/cs/UTF_8$Encoder
Event: 1.102 Loading class sun/nio/cs/UTF_8$Encoder done
Event: 1.104 Loading class sun/nio/ch/Util
Event: 1.105 Loading class sun/nio/ch/Util done
Event: 1.105 Loading class sun/nio/ch/Util$1
Event: 1.105 Loading class sun/nio/ch/Util$1 done
Event: 1.105 Loading class sun/nio/ch/Util$BufferCache

Classes unloaded (0 events):
No events

Classes redefined (0 events):
No events

Internal exceptions (18 events):
Event: 0.146 Thread 0x0000012a241296f0 Exception <a 'sun/nio/fs/WindowsException'{0x0000000089c3f0f0}> (0x0000000089c3f0f0) 
thrown [s\open\src\hotspot\share\prims\jni.cpp, line 519]
Event: 0.150 Thread 0x0000012a241296f0 Exception <a 'sun/nio/fs/WindowsException'{0x0000000089c41620}> (0x0000000089c41620) 
thrown [s\open\src\hotspot\share\prims\jni.cpp, line 519]
Event: 0.151 Thread 0x0000012a241296f0 Exception <a 'sun/nio/fs/WindowsException'{0x0000000089c42168}> (0x0000000089c42168) 
thrown [s\open\src\hotspot\share\prims\jni.cpp, line 519]
Event: 0.151 Thread 0x0000012a241296f0 Exception <a 'sun/nio/fs/WindowsException'{0x0000000089c42c70}> (0x0000000089c42c70) 
thrown [s\open\src\hotspot\share\prims\jni.cpp, line 519]
Event: 0.152 Thread 0x0000012a241296f0 Exception <a 'sun/nio/fs/WindowsException'{0x0000000089c86438}> (0x0000000089c86438) 
thrown [s\open\src\hotspot\share\prims\jni.cpp, line 519]
Event: 0.241 Thread 0x0000012a241296f0 Exception <a 'java/lang/ClassNotFoundException'{0x0000000089b49a50}: sun/awt/resources/spi/awtProvider> (0x0000000089b49a50) 
thrown [s\open\src\hotspot\share\classfile\systemDictionary.cpp, line 305]
Event: 0.284 Thread 0x0000012a241296f0 Exception <a 'java/io/FileNotFoundException'{0x0000000089ba0698}> (0x0000000089ba0698) 
thrown [s\open\src\hotspot\share\prims\jni.cpp, line 519]
Event: 0.302 Thread 0x0000012a241296f0 Exception <a 'java/io/FileNotFoundException'{0x0000000089bca8e0}> (0x0000000089bca8e0) 
thrown [s\open\src\hotspot\share\prims\jni.cpp, line 519]
Event: 0.475 Thread 0x0000012a241296f0 Exception <a 'java/lang/NoSuchMethodError'{0x0000000089ae4ff8}: 'void java.lang.invoke.DirectMethodHandle$Holder.invokeSpecial(java.lang.Object, java.lang.Object, java.lang.Object)'> (0x0000000089ae4ff8) 
thrown [s\open\src\hotspot\share\interpreter\linkResolver.cpp, line 773]
Event: 0.495 Thread 0x0000012a241296f0 Exception <a 'java/lang/NoSuchMethodError'{0x000000008990fc30}: 'java.lang.Object java.lang.invoke.DirectMethodHandle$Holder.newInvokeSpecial(java.lang.Object, java.lang.Object, java.lang.Object, java.lang.Object, java.lang.Object)'> (0x000000008990fc30) 
thrown [s\open\src\hotspot\share\interpreter\linkResolver.cpp, line 773]
Event: 0.511 Thread 0x0000012a241296f0 Exception <a 'java/lang/NoSuchMethodError'{0x00000000899404d8}: 'java.lang.Object java.lang.invoke.DirectMethodHandle$Holder.invokeStatic(java.lang.Object, int, java.lang.Object)'> (0x00000000899404d8) 
thrown [s\open\src\hotspot\share\interpreter\linkResolver.cpp, line 773]
Event: 0.588 Thread 0x0000012a241296f0 Exception <a 'java/lang/ClassNotFoundException'{0x00000000899fba88}: com/sun/swing/internal/plaf/metal/resources/spi/metalProvider> (0x00000000899fba88) 
thrown [s\open\src\hotspot\share\classfile\systemDictionary.cpp, line 305]
Event: 0.590 Thread 0x0000012a241296f0 Exception <a 'java/lang/ClassNotFoundException'{0x00000000899ffa38}: com/sun/swing/internal/plaf/basic/resources/spi/basicProvider> (0x00000000899ffa38) 
thrown [s\open\src\hotspot\share\classfile\systemDictionary.cpp, line 305]
Event: 0.609 Thread 0x0000012a241296f0 Exception <a 'java/lang/NoSuchMethodError'{0x000000008981f5d8}: 'int java.lang.invoke.Invokers$Holder.invokeExact_MT(java.lang.Object, java.lang.Object)'> (0x000000008981f5d8) 
thrown [s\open\src\hotspot\share\interpreter\linkResolver.cpp, line 773]
Event: 0.721 Thread 0x0000012a241296f0 Exception <a 'java/lang/NoSuchMethodError'{0x0000000089763e48}: 'java.lang.Object java.lang.invoke.DirectMethodHandle$Holder.invokeInterface(java.lang.Object, java.lang.Object)'> (0x0000000089763e48) 
thrown [s\open\src\hotspot\share\interpreter\linkResolver.cpp, line 773]
Event: 0.779 Thread 0x0000012a241296f0 Exception <a 'java/lang/NoSuchMethodError'{0x00000000897dc470}: 'void java.lang.invoke.DirectMethodHandle$Holder.invokeStatic(java.lang.Object, java.lang.Object, java.lang.Object)'> (0x00000000897dc470) 
thrown [s\open\src\hotspot\share\interpreter\linkResolver.cpp, line 773]
Event: 0.785 Thread 0x0000012a241296f0 Exception <a 'java/lang/NoSuchMethodError'{0x00000000897e5f80}: 'java.lang.Object java.lang.invoke.DirectMethodHandle$Holder.invokeVirtual(java.lang.Object, java.lang.Object, java.lang.Object)'> (0x00000000897e5f80) 
thrown [s\open\src\hotspot\share\interpreter\linkResolver.cpp, line 773]
Event: 0.955 Thread 0x0000012a241296f0 Exception <a 'java/lang/NoSuchMethodError'{0x000000008931ebd0}: 'void java.lang.invoke.DirectMethodHandle$Holder.invokeStatic(java.lang.Object, java.lang.Object)'> (0x000000008931ebd0) 
thrown [s\open\src\hotspot\share\interpreter\linkResolver.cpp, line 773]

VM Operations (10 events):
Event: 0.154 Executing VM operation: HandshakeAllThreads
Event: 0.154 Executing VM operation: HandshakeAllThreads done
Event: 0.318 Executing VM operation: HandshakeAllThreads
Event: 0.318 Executing VM operation: HandshakeAllThreads done
Event: 0.630 Executing VM operation: HandshakeAllThreads
Event: 0.630 Executing VM operation: HandshakeAllThreads done
Event: 0.690 Executing VM operation: HandshakeAllThreads
Event: 0.690 Executing VM operation: HandshakeAllThreads done
Event: 0.930 Executing VM operation: HandshakeAllThreads
Event: 0.930 Executing VM operation: HandshakeAllThreads done

Events (16 events):
Event: 0.027 Thread 0x0000012a241296f0 Thread added: 0x0000012a241296f0
Event: 0.053 Thread 0x0000012a4023f4c0 Thread added: 0x0000012a4023f4c0
Event: 0.053 Thread 0x0000012a40240460 Thread added: 0x0000012a40240460
Event: 0.054 Thread 0x0000012a40241680 Thread added: 0x0000012a40241680
Event: 0.054 Thread 0x0000012a40244fe0 Thread added: 0x0000012a40244fe0
Event: 0.054 Thread 0x0000012a40245c60 Thread added: 0x0000012a40245c60
Event: 0.054 Thread 0x0000012a40246740 Thread added: 0x0000012a40246740
Event: 0.054 Thread 0x0000012a4024aa50 Thread added: 0x0000012a4024aa50
Event: 0.054 Thread 0x0000012a4024b570 Thread added: 0x0000012a4024b570
Event: 0.104 Thread 0x0000012a4020b890 Thread added: 0x0000012a4020b890
Event: 0.187 Thread 0x0000012a445461c0 Thread added: 0x0000012a445461c0
Event: 0.388 Thread 0x0000012a4472cfb0 Thread added: 0x0000012a4472cfb0
Event: 0.392 Thread 0x0000012a4472d500 Thread added: 0x0000012a4472d500
Event: 0.396 Thread 0x0000012a4476a7d0 Thread added: 0x0000012a4476a7d0
Event: 0.666 Thread 0x0000012a447fe120 Thread added: 0x0000012a447fe120
Event: 0.748 Thread 0x0000012a44f08a80 Thread added: 0x0000012a44f08a80


Dynamic libraries:
0x00007ff79cc30000 - 0x00007ff79cc40000 	C:\Program Files\Java\jdk-20\bin\java.exe
0x00007ffb2ba30000 - 0x00007ffb2bc28000 	C:\Windows\SYSTEM32\ntdll.dll
0x00007ffb2a4d0000 - 0x00007ffb2a58f000 	C:\Windows\System32\KERNEL32.DLL
0x00007ffb297b0000 - 0x00007ffb29a8a000 	C:\Windows\System32\KERNELBASE.dll
0x00007ffb292f0000 - 0x00007ffb293f0000 	C:\Windows\System32\ucrtbase.dll
0x00007ffb02530000 - 0x00007ffb0254b000 	C:\Program Files\Java\jdk-20\bin\VCRUNTIME140.dll
0x00007ffb13900000 - 0x00007ffb13919000 	C:\Program Files\Java\jdk-20\bin\jli.dll
0x00007ffb2b0f0000 - 0x00007ffb2b19e000 	C:\Windows\System32\ADVAPI32.dll
0x00007ffb29c20000 - 0x00007ffb29cbe000 	C:\Windows\System32\msvcrt.dll
0x00007ffb2b1a0000 - 0x00007ffb2b23c000 	C:\Windows\System32\sechost.dll
0x00007ffb2b4d0000 - 0x00007ffb2b5f6000 	C:\Windows\System32\RPCRT4.dll
0x00007ffb2a890000 - 0x00007ffb2aa2d000 	C:\Windows\System32\USER32.dll
0x00007ffb293f0000 - 0x00007ffb29412000 	C:\Windows\System32\win32u.dll
0x00007ffb29bd0000 - 0x00007ffb29bfb000 	C:\Windows\System32\GDI32.dll
0x00007ffb16740000 - 0x00007ffb169da000 	C:\Windows\WinSxS\amd64_microsoft.windows.common-controls_6595b64144ccf1df_6.0.19041.1110_none_60b5254171f9507e\COMCTL32.dll
0x00007ffb291e0000 - 0x00007ffb292f0000 	C:\Windows\System32\gdi32full.dll
0x00007ffb29140000 - 0x00007ffb291dd000 	C:\Windows\System32\msvcp_win.dll
0x00007ffb18b40000 - 0x00007ffb18b4a000 	C:\Windows\SYSTEM32\VERSION.dll
0x00007ffb2b9c0000 - 0x00007ffb2b9f0000 	C:\Windows\System32\IMM32.DLL
0x00007ffb18be0000 - 0x00007ffb18bec000 	C:\Program Files\Java\jdk-20\bin\vcruntime140_1.dll
0x00007ffb01270000 - 0x00007ffb012fe000 	C:\Program Files\Java\jdk-20\bin\msvcp140.dll
0x00007ffafd0a0000 - 0x00007ffafdd37000 	C:\Program Files\Java\jdk-20\bin\server\jvm.dll
0x00007ffb1a680000 - 0x00007ffb1a689000 	C:\Windows\SYSTEM32\WSOCK32.dll
0x00007ffb14b00000 - 0x00007ffb14b27000 	C:\Windows\SYSTEM32\WINMM.dll
0x00007ffb2b2d0000 - 0x00007ffb2b33b000 	C:\Windows\System32\WS2_32.dll
0x00007ffb27000000 - 0x00007ffb27012000 	C:\Windows\SYSTEM32\kernel.appcore.dll
0x00007ffb17850000 - 0x00007ffb1785a000 	C:\Program Files\Java\jdk-20\bin\jimage.dll
0x00007ffb17fc0000 - 0x00007ffb181a4000 	C:\Windows\SYSTEM32\DBGHELP.DLL
0x00007ffb17ed0000 - 0x00007ffb17f04000 	C:\Windows\SYSTEM32\dbgcore.DLL
0x00007ffb296f0000 - 0x00007ffb29772000 	C:\Windows\System32\bcryptPrimitives.dll
0x00007ffb02500000 - 0x00007ffb02526000 	C:\Program Files\Java\jdk-20\bin\java.dll
0x00007ffb01530000 - 0x00007ffb01607000 	C:\Program Files\Java\jdk-20\bin\jsvml.dll
0x00007ffb29cc0000 - 0x00007ffb2a404000 	C:\Windows\System32\SHELL32.dll
0x00007ffb27200000 - 0x00007ffb27993000 	C:\Windows\SYSTEM32\windows.storage.dll
0x00007ffb2b600000 - 0x00007ffb2b954000 	C:\Windows\System32\combase.dll
0x00007ffb28ac0000 - 0x00007ffb28aee000 	C:\Windows\SYSTEM32\Wldp.dll
0x00007ffb2b340000 - 0x00007ffb2b3ed000 	C:\Windows\System32\SHCORE.dll
0x00007ffb2a410000 - 0x00007ffb2a465000 	C:\Windows\System32\shlwapi.dll
0x00007ffb29080000 - 0x00007ffb2909f000 	C:\Windows\SYSTEM32\profapi.dll
0x00007ffb02120000 - 0x00007ffb02133000 	C:\Program Files\Java\jdk-20\bin\net.dll
0x00007ffb1bf20000 - 0x00007ffb1c02a000 	C:\Windows\SYSTEM32\WINHTTP.dll
0x00007ffb28820000 - 0x00007ffb2888a000 	C:\Windows\system32\mswsock.dll
0x00007ffb014c0000 - 0x00007ffb014d6000 	C:\Program Files\Java\jdk-20\bin\nio.dll
0x00007ffb014a0000 - 0x00007ffb014b8000 	C:\Program Files\Java\jdk-20\bin\zip.dll
0x00007ffb01300000 - 0x00007ffb01491000 	C:\Program Files\Java\jdk-20\bin\awt.dll
0x00007ffb2a590000 - 0x00007ffb2a65d000 	C:\Windows\System32\OLEAUT32.dll
0x00007ffb26940000 - 0x00007ffb269d0000 	C:\Windows\SYSTEM32\apphelp.dll
0x00007ffb26d10000 - 0x00007ffb26d3f000 	C:\Windows\system32\DWMAPI.DLL
0x00007ffb26af0000 - 0x00007ffb26b8e000 	C:\Windows\system32\uxtheme.dll
0x00007ffb0cd20000 - 0x00007ffb0ce45000 	C:\Windows\system32\opengl32.dll
0x00007ffb13bd0000 - 0x00007ffb13bfc000 	C:\Windows\SYSTEM32\GLU32.dll
0x00007ffb2a6c0000 - 0x00007ffb2a7d4000 	C:\Windows\System32\MSCTF.dll
0x00007ffb29a90000 - 0x00007ffb29bba000 	C:\Windows\System32\ole32.dll
0x00007ffb28550000 - 0x00007ffb2861b000 	C:\Windows\SYSTEM32\DNSAPI.dll
0x00007ffb28510000 - 0x00007ffb2854c000 	C:\Windows\SYSTEM32\IPHLPAPI.DLL
0x00007ffb2b0e0000 - 0x00007ffb2b0e8000 	C:\Windows\System32\NSI.dll
0x00007ffb1a320000 - 0x00007ffb1a32a000 	C:\Windows\System32\rasadhlp.dll
0x00007ffb1ac80000 - 0x00007ffb1ad00000 	C:\Windows\System32\fwpuclnt.dll
0x00007ffb29780000 - 0x00007ffb297a7000 	C:\Windows\System32\bcrypt.dll
0x00007ffb16340000 - 0x00007ffb16347000 	C:\Program Files\Java\jdk-20\bin\extnet.dll

dbghelp: loaded successfully - version: 4.0.5 - missing functions: none
symbol engine: initialized successfully - sym options: 0x614 - pdb path: .;C:\Program Files\Java\jdk-20\bin;C:\Windows\SYSTEM32;C:\Windows\WinSxS\amd64_microsoft.windows.common-controls_6595b64144ccf1df_6.0.19041.1110_none_60b5254171f9507e;C:\Program Files\Java\jdk-20\bin\server

VM Arguments:
jvm_args: -Dfile.encoding=UTF-8 --module-path=C:\Users\DELL\Documents\NetBeansProjects\Hotel Management System\build\classes 
java_command: hotel.management.system.Department
java_class_path (initial): C:\Users\DELL\Downloads\mysql-connector-java-8.0.28.jar;C:\Users\DELL\Downloads\rs2xml.jar;C:\Users\DELL\Documents\NetBeansProjects\Hotel Management System\build\classes
Launcher Type: SUN_STANDARD

[Global flags]
     intx CICompilerCount                          = 3                                         {product} {ergonomic}
     uint ConcGCThreads                            = 1                                         {product} {ergonomic}
     uint G1ConcRefinementThreads                  = 4                                         {product} {ergonomic}
   size_t G1HeapRegionSize                         = 1048576                                   {product} {ergonomic}
    uintx GCDrainStackTargetSize                   = 64                                        {product} {ergonomic}
   size_t InitialHeapSize                          = 134217728                                 {product} {ergonomic}
   size_t MarkStackSize                            = 4194304                                   {product} {ergonomic}
   size_t MaxHeapSize                              = 2116026368                                {product} {ergonomic}
   size_t MaxNewSize                               = 1268776960                                {product} {ergonomic}
   size_t MinHeapDeltaBytes                        = 1048576                                   {product} {ergonomic}
   size_t MinHeapSize                              = 8388608                                   {product} {ergonomic}
    uintx NonNMethodCodeHeapSize                   = 5832780                                {pd product} {ergonomic}
    uintx NonProfiledCodeHeapSize                  = 122912730                              {pd product} {ergonomic}
    uintx ProfiledCodeHeapSize                     = 122912730                              {pd product} {ergonomic}
    uintx ReservedCodeCacheSize                    = 251658240                              {pd product} {ergonomic}
     bool SegmentedCodeCache                       = true                                      {product} {ergonomic}
   size_t SoftMaxHeapSize                          = 2116026368                             {manageable} {ergonomic}
     bool UseCompressedClassPointers               = true                           {product lp64_product} {ergonomic}
     bool UseCompressedOops                        = true                           {product lp64_product} {ergonomic}
     bool UseG1GC                                  = true                                      {product} {ergonomic}
     bool UseLargePagesIndividualAllocation        = false                                  {pd product} {ergonomic}

Logging:
Log output configuration:
 #0: stdout all=warning uptime,level,tags foldmultilines=false
 #1: stderr all=off uptime,level,tags foldmultilines=false

Environment Variables:
PATH=C:\Program Files\Common Files\Oracle\Java\javapath;C:\Windows\system32;C:\Windows;C:\Windows\System32\Wbem;C:\Windows\System32\WindowsPowerShell\v1.0\;C:\Windows\System32\OpenSSH\;C:\Program Files\Java\jdk-20\bin;C:\Users\DELL\AppData\Local\Microsoft\WindowsApps;C:\Program Files\Bandizip\;D:\IntelliJ IDEA 2023.2\bin;
USERNAME=DELL
OS=Windows_NT
PROCESSOR_IDENTIFIER=Intel64 Family 6 Model 58 Stepping 9, GenuineIntel
TMP=C:\Users\DELL\AppData\Local\Temp
TEMP=C:\Users\DELL\AppData\Local\Temp




---------------  S Y S T E M  ---------------

OS:
 Windows 10 , 64 bit Build 19041 (10.0.19041.2788)
OS uptime: 1 days 0:01 hours

CPU: total 4 (initial active 4) (2 cores per cpu, 2 threads per core) family 6 model 58 stepping 9 microcode 0x21, cx8, cmov, fxsr, ht, mmx, sse, sse2, sse3, ssse3, sse4.1, sse4.2, popcnt, tsc, tscinvbit, avx, erms, clmul, vzeroupper, clflush, rdtscp, f16c

Memory: 4k page, system-wide physical 8067M (1504M free)
TotalPageFile size 20926M (AvailPageFile size 2M)
current process WorkingSet (physical memory assigned to process): 63M, peak: 63M
current process commit charge ("private bytes"): 216M, peak: 216M

vm_info: Java HotSpot(TM) 64-Bit Server VM (20.0.1+9-29) for windows-amd64 JRE (20.0.1+9-29), built on 2023-03-07T13:56:11Z by "mach5one" with MS VC++ 17.1 (VS2022)

END.
